Best trial: 246. Best value: 244.315:  74%|███████▍  | 740/1000 [4:32:58<1:32:26, 21.33s/it]Best trial: 246. Best value: 244.315:  74%|███████▍  | 740/1000 [4:32:58<1:32:26, 21.33s/it]Best trial: 246. Best value: 244.315:  74%|███████▍  | 741/1000 [4:32:58<1:59:27, 27.67s/it]                                                                                            Best trial: 246. Best value: 244.315:  74%|███████▍  | 741/1000 [4:33:40<1:59:27, 27.67s/it]Best trial: 246. Best value: 244.315:  74%|███████▍  | 741/1000 [4:33:40<1:59:27, 27.67s/it]Best trial: 246. Best value: 244.315:  74%|███████▍  | 742/1000 [4:33:40<2:17:21, 31.94s/it]                                                                                            Best trial: 246. Best value: 244.315:  74%|███████▍  | 742/1000 [4:34:03<2:17:21, 31.94s/it]Best trial: 246. Best value: 244.315:  74%|███████▍  | 742/1000 [4:34:03<2:17:21, 31.94s/it]Best trial: 246. Best value: 244.315:  74%|███████▍  | 743/1000 [4:34:03<2:04:53, 29.16s/it]                                                                                            Best trial: 246. Best value: 244.315:  74%|███████▍  | 743/1000 [4:34:41<2:04:53, 29.16s/it]Best trial: 246. Best value: 244.315:  74%|███████▍  | 743/1000 [4:34:41<2:04:53, 29.16s/it]Best trial: 246. Best value: 244.315:  74%|███████▍  | 744/1000 [4:34:41<2:15:29, 31.75s/it]                                                                                            Best trial: 246. Best value: 244.315:  74%|███████▍  | 744/1000 [4:34:54<2:15:29, 31.75s/it]Best trial: 246. Best value: 244.315:  74%|███████▍  | 744/1000 [4:34:54<2:15:29, 31.75s/it]Best trial: 246. Best value: 244.315:  74%|███████▍  | 745/1000 [4:34:54<1:51:34, 26.25s/it]                                                                                            Best trial: 246. Best value: 244.315:  74%|███████▍  | 745/1000 [4:35:31<1:51:34, 26.25s/it]Best trial: 246. Best value: 244.315:  74%|███████▍  | 745/1000 [4:35:31<1:51:34, 26.25s/it]Best trial: 246. Best value: 244.315:  75%|███████▍  | 746/1000 [4:35:31<2:05:02, 29.54s/it]                                                                                            Best trial: 246. Best value: 244.315:  75%|███████▍  | 746/1000 [4:35:45<2:05:02, 29.54s/it]Best trial: 246. Best value: 244.315:  75%|███████▍  | 746/1000 [4:35:45<2:05:02, 29.54s/it]Best trial: 246. Best value: 244.315:  75%|███████▍  | 747/1000 [4:35:45<1:45:03, 24.91s/it]                                                                                            Best trial: 246. Best value: 244.315:  75%|███████▍  | 747/1000 [4:36:26<1:45:03, 24.91s/it]Best trial: 246. Best value: 244.315:  75%|███████▍  | 747/1000 [4:36:26<1:45:03, 24.91s/it]Best trial: 246. Best value: 244.315:  75%|███████▍  | 748/1000 [4:36:26<2:04:27, 29.63s/it]                                                                                            Best trial: 246. Best value: 244.315:  75%|███████▍  | 748/1000 [4:36:34<2:04:27, 29.63s/it]Best trial: 246. Best value: 244.315:  75%|███████▍  | 748/1000 [4:36:34<2:04:27, 29.63s/it]Best trial: 246. Best value: 244.315:  75%|███████▍  | 749/1000 [4:36:34<1:36:21, 23.03s/it]                                                                                            Best trial: 246. Best value: 244.315:  75%|███████▍  | 749/1000 [4:36:48<1:36:21, 23.03s/it]Best trial: 246. Best value: 244.315:  75%|███████▍  | 749/1000 [4:36:48<1:36:21, 23.03s/it]Best trial: 246. Best value: 244.315:  75%|███████▌  | 750/1000 [4:36:48<1:25:23, 20.49s/it]                                                                                            Best trial: 246. Best value: 244.315:  75%|███████▌  | 750/1000 [4:37:27<1:25:23, 20.49s/it]Best trial: 246. Best value: 244.315:  75%|███████▌  | 750/1000 [4:37:27<1:25:23, 20.49s/it]Best trial: 246. Best value: 244.315:  75%|███████▌  | 751/1000 [4:37:27<1:47:11, 25.83s/it]                                                                                            Best trial: 246. Best value: 244.315:  75%|███████▌  | 751/1000 [4:38:06<1:47:11, 25.83s/it]Best trial: 246. Best value: 244.315:  75%|███████▌  | 751/1000 [4:38:06<1:47:11, 25.83s/it]Best trial: 246. Best value: 244.315:  75%|███████▌  | 752/1000 [4:38:06<2:03:42, 29.93s/it]                                                                                            Best trial: 246. Best value: 244.315:  75%|███████▌  | 752/1000 [4:38:14<2:03:42, 29.93s/it]Best trial: 246. Best value: 244.315:  75%|███████▌  | 752/1000 [4:38:14<2:03:42, 29.93s/it]Best trial: 246. Best value: 244.315:  75%|███████▌  | 753/1000 [4:38:14<1:35:55, 23.30s/it]                                                                                            Best trial: 246. Best value: 244.315:  75%|███████▌  | 753/1000 [4:38:28<1:35:55, 23.30s/it]Best trial: 246. Best value: 244.315:  75%|███████▌  | 753/1000 [4:38:28<1:35:55, 23.30s/it]Best trial: 246. Best value: 244.315:  75%|███████▌  | 754/1000 [4:38:28<1:24:08, 20.52s/it]                                                                                            Best trial: 246. Best value: 244.315:  75%|███████▌  | 754/1000 [4:38:36<1:24:08, 20.52s/it]Best trial: 246. Best value: 244.315:  75%|███████▌  | 754/1000 [4:38:36<1:24:08, 20.52s/it]Best trial: 246. Best value: 244.315:  76%|███████▌  | 755/1000 [4:38:36<1:08:01, 16.66s/it]                                                                                            Best trial: 246. Best value: 244.315:  76%|███████▌  | 755/1000 [4:38:59<1:08:01, 16.66s/it]Best trial: 246. Best value: 244.315:  76%|███████▌  | 755/1000 [4:38:59<1:08:01, 16.66s/it]Best trial: 246. Best value: 244.315:  76%|███████▌  | 756/1000 [4:38:59<1:15:32, 18.57s/it]                                                                                            Best trial: 246. Best value: 244.315:  76%|███████▌  | 756/1000 [4:39:36<1:15:32, 18.57s/it]Best trial: 246. Best value: 244.315:  76%|███████▌  | 756/1000 [4:39:36<1:15:32, 18.57s/it]Best trial: 246. Best value: 244.315:  76%|███████▌  | 757/1000 [4:39:36<1:37:54, 24.17s/it]                                                                                            Best trial: 246. Best value: 244.315:  76%|███████▌  | 757/1000 [4:39:51<1:37:54, 24.17s/it]Best trial: 246. Best value: 244.315:  76%|███████▌  | 757/1000 [4:39:51<1:37:54, 24.17s/it]Best trial: 246. Best value: 244.315:  76%|███████▌  | 758/1000 [4:39:51<1:26:49, 21.53s/it]                                                                                            Best trial: 246. Best value: 244.315:  76%|███████▌  | 758/1000 [4:40:16<1:26:49, 21.53s/it]Best trial: 246. Best value: 244.315:  76%|███████▌  | 758/1000 [4:40:16<1:26:49, 21.53s/it]Best trial: 246. Best value: 244.315:  76%|███████▌  | 759/1000 [4:40:16<1:31:02, 22.67s/it]                                                                                            Best trial: 246. Best value: 244.315:  76%|███████▌  | 759/1000 [4:40:57<1:31:02, 22.67s/it]Best trial: 246. Best value: 244.315:  76%|███████▌  | 759/1000 [4:40:57<1:31:02, 22.67s/it]Best trial: 246. Best value: 244.315:  76%|███████▌  | 760/1000 [4:40:57<1:52:17, 28.07s/it]                                                                                            Best trial: 246. Best value: 244.315:  76%|███████▌  | 760/1000 [4:41:05<1:52:17, 28.07s/it]Best trial: 246. Best value: 244.315:  76%|███████▌  | 760/1000 [4:41:05<1:52:17, 28.07s/it]Best trial: 246. Best value: 244.315:  76%|███████▌  | 761/1000 [4:41:05<1:27:39, 22.01s/it]                                                                                            Best trial: 246. Best value: 244.315:  76%|███████▌  | 761/1000 [4:41:13<1:27:39, 22.01s/it]Best trial: 246. Best value: 244.315:  76%|███████▌  | 761/1000 [4:41:13<1:27:39, 22.01s/it]Best trial: 246. Best value: 244.315:  76%|███████▌  | 762/1000 [4:41:13<1:10:23, 17.74s/it]                                                                                            Best trial: 246. Best value: 244.315:  76%|███████▌  | 762/1000 [4:41:37<1:10:23, 17.74s/it]Best trial: 246. Best value: 244.315:  76%|███████▌  | 762/1000 [4:41:37<1:10:23, 17.74s/it]Best trial: 246. Best value: 244.315:  76%|███████▋  | 763/1000 [4:41:37<1:17:33, 19.63s/it]                                                                                            Best trial: 246. Best value: 244.315:  76%|███████▋  | 763/1000 [4:41:51<1:17:33, 19.63s/it]Best trial: 246. Best value: 244.315:  76%|███████▋  | 763/1000 [4:41:51<1:17:33, 19.63s/it]Best trial: 246. Best value: 244.315:  76%|███████▋  | 764/1000 [4:41:51<1:10:16, 17.87s/it]                                                                                            Best trial: 246. Best value: 244.315:  76%|███████▋  | 764/1000 [4:41:58<1:10:16, 17.87s/it]Best trial: 246. Best value: 244.315:  76%|███████▋  | 764/1000 [4:41:58<1:10:16, 17.87s/it]Best trial: 246. Best value: 244.315:  76%|███████▋  | 765/1000 [4:41:58<57:59, 14.81s/it]                                                                                            Best trial: 246. Best value: 244.315:  76%|███████▋  | 765/1000 [4:42:21<57:59, 14.81s/it]Best trial: 246. Best value: 244.315:  76%|███████▋  | 765/1000 [4:42:21<57:59, 14.81s/it]Best trial: 246. Best value: 244.315:  77%|███████▋  | 766/1000 [4:42:21<1:06:45, 17.12s/it]                                                                                            Best trial: 246. Best value: 244.315:  77%|███████▋  | 766/1000 [4:42:44<1:06:45, 17.12s/it]Best trial: 246. Best value: 244.315:  77%|███████▋  | 766/1000 [4:42:44<1:06:45, 17.12s/it]Best trial: 246. Best value: 244.315:  77%|███████▋  | 767/1000 [4:42:44<1:13:10, 18.84s/it]                                                                                            Best trial: 246. Best value: 244.315:  77%|███████▋  | 767/1000 [4:43:21<1:13:10, 18.84s/it]Best trial: 246. Best value: 244.315:  77%|███████▋  | 767/1000 [4:43:21<1:13:10, 18.84s/it]Best trial: 246. Best value: 244.315:  77%|███████▋  | 768/1000 [4:43:21<1:34:24, 24.41s/it]                                                                                            [32m[I 2023-05-15 04:05:41,886][0m Trial 740 finished with value: 2841.506271027488 and parameters: {'c1': 0.11585435201296856, 'c2': 0.18269461737703985, 'eps': 0.5151802207296536, 'horizon': 5, 'discount': 0.996360296754292}. Best is trial 246 with value: 244.31507276371707.[0m
[32m[I 2023-05-15 04:06:23,788][0m Trial 741 finished with value: 545.4760980863083 and parameters: {'c1': 2.5194473966294724, 'c2': 0.3398829991684673, 'eps': 0.12575276219128842, 'horizon': 5, 'discount': 0.965676148553279}. Best is trial 246 with value: 244.31507276371707.[0m
[32m[I 2023-05-15 04:06:46,447][0m Trial 742 finished with value: 324.9346821803963 and parameters: {'c1': 1.5027219429707068, 'c2': 0.06999154867914947, 'eps': 1.1067698437425042, 'horizon': 4, 'discount': 0.7223156178163928}. Best is trial 246 with value: 244.31507276371707.[0m
[32m[I 2023-05-15 04:07:24,260][0m Trial 743 finished with value: 1552.7625065384664 and parameters: {'c1': 0.8614078508237075, 'c2': 1.595860896200535, 'eps': 1.390638862143399, 'horizon': 5, 'discount': 0.9214450914485077}. Best is trial 246 with value: 244.31507276371707.[0m
[32m[I 2023-05-15 04:07:37,680][0m Trial 744 finished with value: 1542.7095997147774 and parameters: {'c1': 0.8987559207776561, 'c2': 0.8495047592153645, 'eps': 2.9053703037513268, 'horizon': 3, 'discount': 0.8706864363205133}. Best is trial 246 with value: 244.31507276371707.[0m
[32m[I 2023-05-15 04:08:14,873][0m Trial 745 finished with value: 1346.4082233418703 and parameters: {'c1': 2.913790505666007, 'c2': 0.6827653201960748, 'eps': 0.5959246854002896, 'horizon': 5, 'discount': 0.6388157223158099}. Best is trial 246 with value: 244.31507276371707.[0m
[32m[I 2023-05-15 04:08:29,001][0m Trial 746 finished with value: 1106.7433705690569 and parameters: {'c1': 0.11425338115816452, 'c2': 2.1433945686655465, 'eps': 1.1234721848535487, 'horizon': 3, 'discount': 0.6797945261156495}. Best is trial 246 with value: 244.31507276371707.[0m
[32m[I 2023-05-15 04:09:09,642][0m Trial 747 finished with value: 866.2250056741451 and parameters: {'c1': 0.29401462647138765, 'c2': 2.4779199876610494, 'eps': 1.3920246106360137, 'horizon': 5, 'discount': 0.9616281382555041}. Best is trial 246 with value: 244.31507276371707.[0m
[32m[I 2023-05-15 04:09:17,282][0m Trial 748 finished with value: 907.9594607654992 and parameters: {'c1': 0.9543817013887426, 'c2': 2.429115213825776, 'eps': 2.112720171800579, 'horizon': 2, 'discount': 0.9517398951769809}. Best is trial 246 with value: 244.31507276371707.[0m
[32m[I 2023-05-15 04:09:31,851][0m Trial 749 finished with value: 658.0454287987759 and parameters: {'c1': 0.6645150051330708, 'c2': 1.1573839994600321, 'eps': 0.19856147452418493, 'horizon': 3, 'discount': 0.7484261144495219}. Best is trial 246 with value: 244.31507276371707.[0m
[32m[I 2023-05-15 04:10:10,132][0m Trial 750 finished with value: 312.1348373079436 and parameters: {'c1': 0.5210035595921653, 'c2': 0.19878382063638222, 'eps': 0.6700650834722284, 'horizon': 5, 'discount': 0.6149070140831217}. Best is trial 246 with value: 244.31507276371707.[0m
[32m[I 2023-05-15 04:10:49,623][0m Trial 751 finished with value: 695.3697405739972 and parameters: {'c1': 1.2832178388589282, 'c2': 1.5106783351688495, 'eps': 2.495999071322041, 'horizon': 5, 'discount': 0.6950923686613105}. Best is trial 246 with value: 244.31507276371707.[0m
[32m[I 2023-05-15 04:10:57,465][0m Trial 752 finished with value: 689.0711993398793 and parameters: {'c1': 2.7982034730058123, 'c2': 1.8225454978711884, 'eps': 1.6566893007922128, 'horizon': 2, 'discount': 0.7707041192911734}. Best is trial 246 with value: 244.31507276371707.[0m
[32m[I 2023-05-15 04:11:11,500][0m Trial 753 finished with value: 991.832794951517 and parameters: {'c1': 2.0553051665920004, 'c2': 1.822840087005231, 'eps': 0.6748544033656837, 'horizon': 3, 'discount': 0.7176604629733415}. Best is trial 246 with value: 244.31507276371707.[0m
[32m[I 2023-05-15 04:11:19,146][0m Trial 754 finished with value: 1329.3588547238137 and parameters: {'c1': 2.2195064495222967, 'c2': 1.512559289034322, 'eps': 0.6934979917365751, 'horizon': 2, 'discount': 0.8941284447110365}. Best is trial 246 with value: 244.31507276371707.[0m
[32m[I 2023-05-15 04:11:42,189][0m Trial 755 finished with value: 793.4878220912216 and parameters: {'c1': 1.466294217826749, 'c2': 1.2915755372876982, 'eps': 0.35810778788335496, 'horizon': 4, 'discount': 0.8333693023413365}. Best is trial 246 with value: 244.31507276371707.[0m
[32m[I 2023-05-15 04:12:19,432][0m Trial 756 finished with value: 769.242502162195 and parameters: {'c1': 2.0726942687095016, 'c2': 1.048081971216043, 'eps': 1.093757032382358, 'horizon': 5, 'discount': 0.8731294526966832}. Best is trial 246 with value: 244.31507276371707.[0m
[32m[I 2023-05-15 04:12:34,774][0m Trial 757 finished with value: 862.1200705039797 and parameters: {'c1': 0.7656913851983955, 'c2': 2.959646739164892, 'eps': 1.6105260965989188, 'horizon': 3, 'discount': 0.9309879739697992}. Best is trial 246 with value: 244.31507276371707.[0m
[32m[I 2023-05-15 04:13:00,106][0m Trial 758 finished with value: 1525.0748261193141 and parameters: {'c1': 2.2152654243146177, 'c2': 1.4194891211814642, 'eps': 2.79953905549711, 'horizon': 4, 'discount': 0.8580706275130607}. Best is trial 246 with value: 244.31507276371707.[0m
[32m[I 2023-05-15 04:13:40,791][0m Trial 759 finished with value: 469.25948445555815 and parameters: {'c1': 2.4459402980359117, 'c2': 0.3297290511861737, 'eps': 0.8515522030543101, 'horizon': 5, 'discount': 0.8835351409148993}. Best is trial 246 with value: 244.31507276371707.[0m
[32m[I 2023-05-15 04:13:48,640][0m Trial 760 finished with value: 1093.2148170512698 and parameters: {'c1': 1.4784615095520017, 'c2': 2.257389305032283, 'eps': 0.42097301666622156, 'horizon': 2, 'discount': 0.6855611103485353}. Best is trial 246 with value: 244.31507276371707.[0m
[32m[I 2023-05-15 04:13:56,439][0m Trial 761 finished with value: 1688.3310449343553 and parameters: {'c1': 0.993922289448933, 'c2': 2.092063673896388, 'eps': 2.3899659691388058, 'horizon': 2, 'discount': 0.9900323520001151}. Best is trial 246 with value: 244.31507276371707.[0m
[32m[I 2023-05-15 04:14:20,486][0m Trial 762 finished with value: 598.5251373693754 and parameters: {'c1': 1.3669117930850243, 'c2': 0.8386182690549964, 'eps': 0.4044284738278471, 'horizon': 4, 'discount': 0.8953546481281386}. Best is trial 246 with value: 244.31507276371707.[0m
[32m[I 2023-05-15 04:14:34,225][0m Trial 763 finished with value: 1723.5490910213516 and parameters: {'c1': 2.6465455316981283, 'c2': 0.186176549656211, 'eps': 1.305720104854523, 'horizon': 3, 'discount': 0.8379429562522516}. Best is trial 246 with value: 244.31507276371707.[0m
[32m[I 2023-05-15 04:14:41,896][0m Trial 764 finished with value: 1326.568416033993 and parameters: {'c1': 0.9505763133711119, 'c2': 2.6189529589934493, 'eps': 2.9283987147687123, 'horizon': 2, 'discount': 0.8367997814167396}. Best is trial 246 with value: 244.31507276371707.[0m
[32m[I 2023-05-15 04:15:04,408][0m Trial 765 finished with value: 1174.934043348726 and parameters: {'c1': 0.6007465491812847, 'c2': 0.6816853054104667, 'eps': 1.1143729184029805, 'horizon': 4, 'discount': 0.717872230535936}. Best is trial 246 with value: 244.31507276371707.[0m
[32m[I 2023-05-15 04:15:27,275][0m Trial 766 finished with value: 1345.381695407799 and parameters: {'c1': 1.223896073188591, 'c2': 1.776892547897928, 'eps': 2.369559134365887, 'horizon': 4, 'discount': 0.7404866736092965}. Best is trial 246 with value: 244.31507276371707.[0m
[32m[I 2023-05-15 04:16:04,689][0m Trial 767 finished with value: 303.01494230503533 and parameters: {'c1': 1.6542641270381617, 'c2': 0.770873360207655, 'eps': 1.5240996121508463, 'horizon': 5, 'discount': 0.9221688909976746}. Best is trial 246 with value: 244.31507276371707.[0m
