Best trial: 246. Best value: 244.315:  43%|████▎     | 430/1000 [2:39:25<2:13:27, 14.05s/it]Best trial: 246. Best value: 244.315:  43%|████▎     | 430/1000 [2:39:25<2:13:27, 14.05s/it]Best trial: 246. Best value: 244.315:  43%|████▎     | 431/1000 [2:39:25<2:12:37, 13.99s/it]                                                                                            Best trial: 246. Best value: 244.315:  43%|████▎     | 431/1000 [2:39:40<2:12:37, 13.99s/it]Best trial: 246. Best value: 244.315:  43%|████▎     | 431/1000 [2:39:40<2:12:37, 13.99s/it]Best trial: 246. Best value: 244.315:  43%|████▎     | 432/1000 [2:39:40<2:14:10, 14.17s/it]                                                                                            Best trial: 246. Best value: 244.315:  43%|████▎     | 432/1000 [2:39:55<2:14:10, 14.17s/it]Best trial: 246. Best value: 244.315:  43%|████▎     | 432/1000 [2:39:55<2:14:10, 14.17s/it]Best trial: 246. Best value: 244.315:  43%|████▎     | 433/1000 [2:39:55<2:16:07, 14.41s/it]                                                                                            Best trial: 246. Best value: 244.315:  43%|████▎     | 433/1000 [2:40:03<2:16:07, 14.41s/it]Best trial: 246. Best value: 244.315:  43%|████▎     | 433/1000 [2:40:03<2:16:07, 14.41s/it]Best trial: 246. Best value: 244.315:  43%|████▎     | 434/1000 [2:40:03<1:58:12, 12.53s/it]                                                                                            Best trial: 246. Best value: 244.315:  43%|████▎     | 434/1000 [2:40:10<1:58:12, 12.53s/it]Best trial: 246. Best value: 244.315:  43%|████▎     | 434/1000 [2:40:10<1:58:12, 12.53s/it]Best trial: 246. Best value: 244.315:  44%|████▎     | 435/1000 [2:40:10<1:43:44, 11.02s/it]                                                                                            Best trial: 246. Best value: 244.315:  44%|████▎     | 435/1000 [2:40:51<1:43:44, 11.02s/it]Best trial: 246. Best value: 244.315:  44%|████▎     | 435/1000 [2:40:51<1:43:44, 11.02s/it]Best trial: 246. Best value: 244.315:  44%|████▎     | 436/1000 [2:40:51<3:07:33, 19.95s/it]                                                                                            Best trial: 246. Best value: 244.315:  44%|████▎     | 436/1000 [2:41:15<3:07:33, 19.95s/it]Best trial: 246. Best value: 244.315:  44%|████▎     | 436/1000 [2:41:15<3:07:33, 19.95s/it]Best trial: 246. Best value: 244.315:  44%|████▎     | 437/1000 [2:41:15<3:18:30, 21.16s/it]                                                                                            Best trial: 246. Best value: 244.315:  44%|████▎     | 437/1000 [2:41:37<3:18:30, 21.16s/it]Best trial: 246. Best value: 244.315:  44%|████▎     | 437/1000 [2:41:37<3:18:30, 21.16s/it]Best trial: 246. Best value: 244.315:  44%|████▍     | 438/1000 [2:41:37<3:21:29, 21.51s/it]                                                                                            Best trial: 246. Best value: 244.315:  44%|████▍     | 438/1000 [2:42:15<3:21:29, 21.51s/it]Best trial: 246. Best value: 244.315:  44%|████▍     | 438/1000 [2:42:15<3:21:29, 21.51s/it]Best trial: 246. Best value: 244.315:  44%|████▍     | 439/1000 [2:42:15<4:05:33, 26.26s/it]                                                                                            Best trial: 246. Best value: 244.315:  44%|████▍     | 439/1000 [2:42:30<4:05:33, 26.26s/it]Best trial: 246. Best value: 244.315:  44%|████▍     | 439/1000 [2:42:30<4:05:33, 26.26s/it]Best trial: 246. Best value: 244.315:  44%|████▍     | 440/1000 [2:42:30<3:32:59, 22.82s/it]                                                                                            Best trial: 246. Best value: 244.315:  44%|████▍     | 440/1000 [2:43:11<3:32:59, 22.82s/it]Best trial: 246. Best value: 244.315:  44%|████▍     | 440/1000 [2:43:11<3:32:59, 22.82s/it]Best trial: 246. Best value: 244.315:  44%|████▍     | 441/1000 [2:43:11<4:24:21, 28.37s/it]                                                                                            Best trial: 246. Best value: 244.315:  44%|████▍     | 441/1000 [2:43:53<4:24:21, 28.37s/it]Best trial: 246. Best value: 244.315:  44%|████▍     | 441/1000 [2:43:53<4:24:21, 28.37s/it]Best trial: 246. Best value: 244.315:  44%|████▍     | 442/1000 [2:43:53<5:01:27, 32.41s/it]                                                                                            Best trial: 246. Best value: 244.315:  44%|████▍     | 442/1000 [2:44:00<5:01:27, 32.41s/it]Best trial: 246. Best value: 244.315:  44%|████▍     | 442/1000 [2:44:00<5:01:27, 32.41s/it]Best trial: 246. Best value: 244.315:  44%|████▍     | 443/1000 [2:44:00<3:50:19, 24.81s/it]                                                                                            Best trial: 246. Best value: 244.315:  44%|████▍     | 443/1000 [2:44:08<3:50:19, 24.81s/it]Best trial: 246. Best value: 244.315:  44%|████▍     | 443/1000 [2:44:08<3:50:19, 24.81s/it]Best trial: 246. Best value: 244.315:  44%|████▍     | 444/1000 [2:44:08<3:03:20, 19.78s/it]                                                                                            Best trial: 246. Best value: 244.315:  44%|████▍     | 444/1000 [2:44:47<3:03:20, 19.78s/it]Best trial: 246. Best value: 244.315:  44%|████▍     | 444/1000 [2:44:47<3:03:20, 19.78s/it]Best trial: 246. Best value: 244.315:  44%|████▍     | 445/1000 [2:44:47<3:57:15, 25.65s/it]                                                                                            Best trial: 246. Best value: 244.315:  44%|████▍     | 445/1000 [2:45:29<3:57:15, 25.65s/it]Best trial: 246. Best value: 244.315:  44%|████▍     | 445/1000 [2:45:29<3:57:15, 25.65s/it]Best trial: 246. Best value: 244.315:  45%|████▍     | 446/1000 [2:45:29<4:41:47, 30.52s/it]                                                                                            Best trial: 246. Best value: 244.315:  45%|████▍     | 446/1000 [2:45:38<4:41:47, 30.52s/it]Best trial: 246. Best value: 244.315:  45%|████▍     | 446/1000 [2:45:38<4:41:47, 30.52s/it]Best trial: 246. Best value: 244.315:  45%|████▍     | 447/1000 [2:45:38<3:40:09, 23.89s/it]                                                                                            Best trial: 246. Best value: 244.315:  45%|████▍     | 447/1000 [2:45:51<3:40:09, 23.89s/it]Best trial: 246. Best value: 244.315:  45%|████▍     | 447/1000 [2:45:51<3:40:09, 23.89s/it]Best trial: 246. Best value: 244.315:  45%|████▍     | 448/1000 [2:45:51<3:11:56, 20.86s/it]                                                                                            Best trial: 246. Best value: 244.315:  45%|████▍     | 448/1000 [2:45:59<3:11:56, 20.86s/it]Best trial: 246. Best value: 244.315:  45%|████▍     | 448/1000 [2:45:59<3:11:56, 20.86s/it]Best trial: 246. Best value: 244.315:  45%|████▍     | 449/1000 [2:45:59<2:35:31, 16.93s/it]                                                                                            Best trial: 246. Best value: 244.315:  45%|████▍     | 449/1000 [2:46:39<2:35:31, 16.93s/it]Best trial: 246. Best value: 244.315:  45%|████▍     | 449/1000 [2:46:39<2:35:31, 16.93s/it]Best trial: 246. Best value: 244.315:  45%|████▌     | 450/1000 [2:46:39<3:38:56, 23.88s/it]                                                                                            Best trial: 246. Best value: 244.315:  45%|████▌     | 450/1000 [2:46:52<3:38:56, 23.88s/it]Best trial: 246. Best value: 244.315:  45%|████▌     | 450/1000 [2:46:52<3:38:56, 23.88s/it]Best trial: 246. Best value: 244.315:  45%|████▌     | 451/1000 [2:46:52<3:09:01, 20.66s/it]                                                                                            Best trial: 246. Best value: 244.315:  45%|████▌     | 451/1000 [2:47:30<3:09:01, 20.66s/it]Best trial: 246. Best value: 244.315:  45%|████▌     | 451/1000 [2:47:30<3:09:01, 20.66s/it]Best trial: 246. Best value: 244.315:  45%|████▌     | 452/1000 [2:47:30<3:55:21, 25.77s/it]                                                                                            Best trial: 246. Best value: 244.315:  45%|████▌     | 452/1000 [2:48:12<3:55:21, 25.77s/it]Best trial: 246. Best value: 244.315:  45%|████▌     | 452/1000 [2:48:12<3:55:21, 25.77s/it]Best trial: 246. Best value: 244.315:  45%|████▌     | 453/1000 [2:48:12<4:38:31, 30.55s/it]                                                                                            Best trial: 246. Best value: 244.315:  45%|████▌     | 453/1000 [2:48:20<4:38:31, 30.55s/it]Best trial: 246. Best value: 244.315:  45%|████▌     | 453/1000 [2:48:20<4:38:31, 30.55s/it]Best trial: 246. Best value: 244.315:  45%|████▌     | 454/1000 [2:48:20<3:36:00, 23.74s/it]                                                                                            Best trial: 246. Best value: 244.315:  45%|████▌     | 454/1000 [2:49:01<3:36:00, 23.74s/it]Best trial: 246. Best value: 244.315:  45%|████▌     | 454/1000 [2:49:01<3:36:00, 23.74s/it]Best trial: 246. Best value: 244.315:  46%|████▌     | 455/1000 [2:49:01<4:23:34, 29.02s/it]                                                                                            Best trial: 246. Best value: 244.315:  46%|████▌     | 455/1000 [2:49:15<4:23:34, 29.02s/it]Best trial: 246. Best value: 244.315:  46%|████▌     | 455/1000 [2:49:15<4:23:34, 29.02s/it]Best trial: 246. Best value: 244.315:  46%|████▌     | 456/1000 [2:49:15<3:43:12, 24.62s/it]                                                                                            Best trial: 246. Best value: 244.315:  46%|████▌     | 456/1000 [2:49:59<3:43:12, 24.62s/it]Best trial: 246. Best value: 244.315:  46%|████▌     | 456/1000 [2:49:59<3:43:12, 24.62s/it]Best trial: 246. Best value: 244.315:  46%|████▌     | 457/1000 [2:49:59<4:35:10, 30.41s/it]                                                                                            Best trial: 246. Best value: 244.315:  46%|████▌     | 457/1000 [2:50:14<4:35:10, 30.41s/it]Best trial: 246. Best value: 244.315:  46%|████▌     | 457/1000 [2:50:14<4:35:10, 30.41s/it]Best trial: 246. Best value: 244.315:  46%|████▌     | 458/1000 [2:50:14<3:51:08, 25.59s/it]                                                                                            [32m[I 2023-05-15 02:12:08,793][0m Trial 430 finished with value: 345.8104269556695 and parameters: {'c1': 2.7867718815499254, 'c2': 0.6527166988261739, 'eps': 1.8017596979137955, 'horizon': 3, 'discount': 0.8579653184693765}. Best is trial 246 with value: 244.31507276371707.[0m
[32m[I 2023-05-15 02:12:23,405][0m Trial 431 finished with value: 1123.5965485762345 and parameters: {'c1': 2.568797364249181, 'c2': 2.9236517172138523, 'eps': 2.2769856627044596, 'horizon': 3, 'discount': 0.7010286688211943}. Best is trial 246 with value: 244.31507276371707.[0m
[32m[I 2023-05-15 02:12:38,352][0m Trial 432 finished with value: 722.5763569714004 and parameters: {'c1': 1.9178905692676347, 'c2': 2.484556296475806, 'eps': 1.8226136993122841, 'horizon': 3, 'discount': 0.9995477033116705}. Best is trial 246 with value: 244.31507276371707.[0m
[32m[I 2023-05-15 02:12:46,509][0m Trial 433 finished with value: 1308.1620154315772 and parameters: {'c1': 1.7348677573089903, 'c2': 2.5673404922382046, 'eps': 2.502599393138572, 'horizon': 2, 'discount': 0.6927458553666213}. Best is trial 246 with value: 244.31507276371707.[0m
[32m[I 2023-05-15 02:12:53,992][0m Trial 434 finished with value: 913.700345757826 and parameters: {'c1': 2.704677535553555, 'c2': 1.5150935341736507, 'eps': 0.7272057637989667, 'horizon': 2, 'discount': 0.6988347896787228}. Best is trial 246 with value: 244.31507276371707.[0m
[32m[I 2023-05-15 02:13:34,796][0m Trial 435 finished with value: 1237.7984206012263 and parameters: {'c1': 0.10653163054050707, 'c2': 1.2227514408812223, 'eps': 0.7272913089463918, 'horizon': 5, 'discount': 0.6248614800962803}. Best is trial 246 with value: 244.31507276371707.[0m
[32m[I 2023-05-15 02:13:58,759][0m Trial 436 finished with value: 312.0828112434025 and parameters: {'c1': 1.8048588707089448, 'c2': 0.319230491001268, 'eps': 0.8881681384602234, 'horizon': 4, 'discount': 0.8059596891744801}. Best is trial 246 with value: 244.31507276371707.[0m
[32m[I 2023-05-15 02:14:21,101][0m Trial 437 finished with value: 1432.2408613556772 and parameters: {'c1': 0.6724928403663966, 'c2': 0.9073354145046488, 'eps': 2.8403390852778285, 'horizon': 4, 'discount': 0.9013171206916704}. Best is trial 246 with value: 244.31507276371707.[0m
[32m[I 2023-05-15 02:14:58,448][0m Trial 438 finished with value: 613.5013484153849 and parameters: {'c1': 0.8082618663330041, 'c2': 0.5383224577423148, 'eps': 2.514443641611312, 'horizon': 5, 'discount': 0.730476975670744}. Best is trial 246 with value: 244.31507276371707.[0m
[32m[I 2023-05-15 02:15:13,240][0m Trial 439 finished with value: 844.3857196366079 and parameters: {'c1': 2.2746367897932362, 'c2': 2.747887758789393, 'eps': 2.1495449699692406, 'horizon': 3, 'discount': 0.7591896507200088}. Best is trial 246 with value: 244.31507276371707.[0m
[32m[I 2023-05-15 02:15:54,571][0m Trial 440 finished with value: 1435.455696117309 and parameters: {'c1': 0.6161919164928278, 'c2': 0.888156604310885, 'eps': 1.4780104037608643, 'horizon': 5, 'discount': 0.9592733846455407}. Best is trial 246 with value: 244.31507276371707.[0m
[32m[I 2023-05-15 02:16:36,414][0m Trial 441 finished with value: 1284.8889351073544 and parameters: {'c1': 0.21330975945044595, 'c2': 2.245815656487892, 'eps': 0.135233366006659, 'horizon': 5, 'discount': 0.8083898036349859}. Best is trial 246 with value: 244.31507276371707.[0m
[32m[I 2023-05-15 02:16:43,481][0m Trial 442 finished with value: 1180.9831337633811 and parameters: {'c1': 0.9868877510144594, 'c2': 0.543481770472311, 'eps': 2.154151560898376, 'horizon': 2, 'discount': 0.7903417016118734}. Best is trial 246 with value: 244.31507276371707.[0m
[32m[I 2023-05-15 02:16:51,539][0m Trial 443 finished with value: 376.27132992690196 and parameters: {'c1': 0.9642976216782408, 'c2': 2.057121741823888, 'eps': 0.38419158161108136, 'horizon': 2, 'discount': 0.7598401328761293}. Best is trial 246 with value: 244.31507276371707.[0m
[32m[I 2023-05-15 02:17:30,875][0m Trial 444 finished with value: 388.0643643585186 and parameters: {'c1': 0.44056301964002886, 'c2': 2.0759362795143277, 'eps': 2.4344229765691385, 'horizon': 5, 'discount': 0.6994558973896137}. Best is trial 246 with value: 244.31507276371707.[0m
[32m[I 2023-05-15 02:18:12,756][0m Trial 445 finished with value: 1244.040900973514 and parameters: {'c1': 1.0134874272382466, 'c2': 2.864357572597556, 'eps': 1.5135193817411015, 'horizon': 5, 'discount': 0.6413003031162247}. Best is trial 246 with value: 244.31507276371707.[0m
[32m[I 2023-05-15 02:18:21,168][0m Trial 446 finished with value: 562.2532015631325 and parameters: {'c1': 1.7491808971384812, 'c2': 1.5550993322982793, 'eps': 2.122994600211877, 'horizon': 2, 'discount': 0.9791282900987265}. Best is trial 246 with value: 244.31507276371707.[0m
[32m[I 2023-05-15 02:18:34,974][0m Trial 447 finished with value: 1187.3869293669525 and parameters: {'c1': 0.4797888044356775, 'c2': 2.3337791585256222, 'eps': 1.5210792417190748, 'horizon': 3, 'discount': 0.8009642555281254}. Best is trial 246 with value: 244.31507276371707.[0m
[32m[I 2023-05-15 02:18:42,742][0m Trial 448 finished with value: 475.3069053851618 and parameters: {'c1': 0.8474663216852323, 'c2': 2.8369764037339262, 'eps': 0.9477566583874386, 'horizon': 2, 'discount': 0.7122828056540331}. Best is trial 246 with value: 244.31507276371707.[0m
[32m[I 2023-05-15 02:19:22,843][0m Trial 449 finished with value: 543.1016135250057 and parameters: {'c1': 0.9311190129105094, 'c2': 1.3215942716053886, 'eps': 1.2455359921001112, 'horizon': 5, 'discount': 0.757496750721693}. Best is trial 246 with value: 244.31507276371707.[0m
[32m[I 2023-05-15 02:19:35,974][0m Trial 450 finished with value: 294.35927223866173 and parameters: {'c1': 1.1451533828175648, 'c2': 0.3698965404455463, 'eps': 1.0990503728236471, 'horizon': 3, 'discount': 0.7252903780803597}. Best is trial 246 with value: 244.31507276371707.[0m
[32m[I 2023-05-15 02:20:13,668][0m Trial 451 finished with value: 1295.4520651148662 and parameters: {'c1': 0.06454604941818454, 'c2': 2.3416157818232977, 'eps': 2.784513338362704, 'horizon': 5, 'discount': 0.9473914363122252}. Best is trial 246 with value: 244.31507276371707.[0m
[32m[I 2023-05-15 02:20:55,379][0m Trial 452 finished with value: 1039.4526923639314 and parameters: {'c1': 1.7177149713391993, 'c2': 2.7989154172164925, 'eps': 2.5438397499680954, 'horizon': 5, 'discount': 0.6444221772950262}. Best is trial 246 with value: 244.31507276371707.[0m
[32m[I 2023-05-15 02:21:03,215][0m Trial 453 finished with value: 1410.0040251205528 and parameters: {'c1': 1.982634090167541, 'c2': 1.6548136800956246, 'eps': 1.292058370779612, 'horizon': 2, 'discount': 0.8908269444334989}. Best is trial 246 with value: 244.31507276371707.[0m
[32m[I 2023-05-15 02:21:44,557][0m Trial 454 finished with value: 1043.6600980191083 and parameters: {'c1': 0.5012226354691092, 'c2': 1.2799352486402849, 'eps': 2.098979520781938, 'horizon': 5, 'discount': 0.8215900756189967}. Best is trial 246 with value: 244.31507276371707.[0m
[32m[I 2023-05-15 02:21:58,910][0m Trial 455 finished with value: 720.5995869936374 and parameters: {'c1': 1.814937641012254, 'c2': 0.689145329599478, 'eps': 0.18610754843597233, 'horizon': 3, 'discount': 0.9711390900703452}. Best is trial 246 with value: 244.31507276371707.[0m
[32m[I 2023-05-15 02:22:42,822][0m Trial 456 finished with value: 678.622098545125 and parameters: {'c1': 2.057687211228501, 'c2': 1.5871900818730795, 'eps': 0.8550477898705262, 'horizon': 5, 'discount': 0.8458782506346834}. Best is trial 246 with value: 244.31507276371707.[0m
[32m[I 2023-05-15 02:22:57,163][0m Trial 457 finished with value: 1190.3869163170261 and parameters: {'c1': 2.717162025950075, 'c2': 1.1403711132276375, 'eps': 0.7090864734251756, 'horizon': 3, 'discount': 0.8771859818771484}. Best is trial 246 with value: 244.31507276371707.[0m
