Best trial: 246. Best value: 244.315:  77%|███████▋  | 768/1000 [4:43:47<1:34:24, 24.41s/it]Best trial: 246. Best value: 244.315:  77%|███████▋  | 768/1000 [4:43:47<1:34:24, 24.41s/it]Best trial: 246. Best value: 244.315:  77%|███████▋  | 769/1000 [4:43:47<1:35:18, 24.75s/it]                                                                                            Best trial: 246. Best value: 244.315:  77%|███████▋  | 769/1000 [4:43:55<1:35:18, 24.75s/it]Best trial: 246. Best value: 244.315:  77%|███████▋  | 769/1000 [4:43:55<1:35:18, 24.75s/it]Best trial: 246. Best value: 244.315:  77%|███████▋  | 770/1000 [4:43:55<1:15:35, 19.72s/it]                                                                                            Best trial: 246. Best value: 244.315:  77%|███████▋  | 770/1000 [4:44:03<1:15:35, 19.72s/it]Best trial: 246. Best value: 244.315:  77%|███████▋  | 770/1000 [4:44:03<1:15:35, 19.72s/it]Best trial: 246. Best value: 244.315:  77%|███████▋  | 771/1000 [4:44:03<1:01:50, 16.21s/it]                                                                                            Best trial: 246. Best value: 244.315:  77%|███████▋  | 771/1000 [4:44:44<1:01:50, 16.21s/it]Best trial: 246. Best value: 244.315:  77%|███████▋  | 771/1000 [4:44:44<1:01:50, 16.21s/it]Best trial: 246. Best value: 244.315:  77%|███████▋  | 772/1000 [4:44:44<1:30:01, 23.69s/it]                                                                                            Best trial: 246. Best value: 244.315:  77%|███████▋  | 772/1000 [4:45:22<1:30:01, 23.69s/it]Best trial: 246. Best value: 244.315:  77%|███████▋  | 772/1000 [4:45:22<1:30:01, 23.69s/it]Best trial: 246. Best value: 244.315:  77%|███████▋  | 773/1000 [4:45:22<1:46:28, 28.14s/it]                                                                                            Best trial: 246. Best value: 244.315:  77%|███████▋  | 773/1000 [4:45:46<1:46:28, 28.14s/it]Best trial: 246. Best value: 244.315:  77%|███████▋  | 773/1000 [4:45:46<1:46:28, 28.14s/it]Best trial: 246. Best value: 244.315:  77%|███████▋  | 774/1000 [4:45:46<1:41:19, 26.90s/it]                                                                                            Best trial: 246. Best value: 244.315:  77%|███████▋  | 774/1000 [4:46:29<1:41:19, 26.90s/it]Best trial: 246. Best value: 244.315:  77%|███████▋  | 774/1000 [4:46:29<1:41:19, 26.90s/it]Best trial: 246. Best value: 244.315:  78%|███████▊  | 775/1000 [4:46:29<1:59:02, 31.74s/it]                                                                                            Best trial: 246. Best value: 244.315:  78%|███████▊  | 775/1000 [4:46:44<1:59:02, 31.74s/it]Best trial: 246. Best value: 244.315:  78%|███████▊  | 775/1000 [4:46:44<1:59:02, 31.74s/it]Best trial: 246. Best value: 244.315:  78%|███████▊  | 776/1000 [4:46:44<1:39:55, 26.77s/it]                                                                                            Best trial: 246. Best value: 244.315:  78%|███████▊  | 776/1000 [4:47:27<1:39:55, 26.77s/it]Best trial: 246. Best value: 244.315:  78%|███████▊  | 776/1000 [4:47:27<1:39:55, 26.77s/it]Best trial: 246. Best value: 244.315:  78%|███████▊  | 777/1000 [4:47:27<1:57:13, 31.54s/it]                                                                                            Best trial: 246. Best value: 244.315:  78%|███████▊  | 777/1000 [4:47:41<1:57:13, 31.54s/it]Best trial: 246. Best value: 244.315:  78%|███████▊  | 777/1000 [4:47:41<1:57:13, 31.54s/it]Best trial: 246. Best value: 244.315:  78%|███████▊  | 778/1000 [4:47:41<1:37:25, 26.33s/it]                                                                                            Best trial: 246. Best value: 244.315:  78%|███████▊  | 778/1000 [4:48:20<1:37:25, 26.33s/it]Best trial: 246. Best value: 244.315:  78%|███████▊  | 778/1000 [4:48:20<1:37:25, 26.33s/it]Best trial: 246. Best value: 244.315:  78%|███████▊  | 779/1000 [4:48:20<1:50:56, 30.12s/it]                                                                                            Best trial: 246. Best value: 244.315:  78%|███████▊  | 779/1000 [4:48:44<1:50:56, 30.12s/it]Best trial: 246. Best value: 244.315:  78%|███████▊  | 779/1000 [4:48:44<1:50:56, 30.12s/it]Best trial: 246. Best value: 244.315:  78%|███████▊  | 780/1000 [4:48:44<1:43:00, 28.09s/it]                                                                                            Best trial: 246. Best value: 244.315:  78%|███████▊  | 780/1000 [4:49:24<1:43:00, 28.09s/it]Best trial: 246. Best value: 244.315:  78%|███████▊  | 780/1000 [4:49:24<1:43:00, 28.09s/it]Best trial: 246. Best value: 244.315:  78%|███████▊  | 781/1000 [4:49:24<1:55:51, 31.74s/it]                                                                                            Best trial: 246. Best value: 244.315:  78%|███████▊  | 781/1000 [4:49:39<1:55:51, 31.74s/it]Best trial: 246. Best value: 244.315:  78%|███████▊  | 781/1000 [4:49:39<1:55:51, 31.74s/it]Best trial: 246. Best value: 244.315:  78%|███████▊  | 782/1000 [4:49:39<1:36:39, 26.61s/it]                                                                                            Best trial: 246. Best value: 244.315:  78%|███████▊  | 782/1000 [4:49:53<1:36:39, 26.61s/it]Best trial: 246. Best value: 244.315:  78%|███████▊  | 782/1000 [4:49:53<1:36:39, 26.61s/it]Best trial: 246. Best value: 244.315:  78%|███████▊  | 783/1000 [4:49:53<1:23:16, 23.02s/it]                                                                                            Best trial: 246. Best value: 244.315:  78%|███████▊  | 783/1000 [4:50:16<1:23:16, 23.02s/it]Best trial: 246. Best value: 244.315:  78%|███████▊  | 783/1000 [4:50:16<1:23:16, 23.02s/it]Best trial: 246. Best value: 244.315:  78%|███████▊  | 784/1000 [4:50:16<1:22:41, 22.97s/it]                                                                                            Best trial: 246. Best value: 244.315:  78%|███████▊  | 784/1000 [4:50:38<1:22:41, 22.97s/it]Best trial: 246. Best value: 244.315:  78%|███████▊  | 784/1000 [4:50:38<1:22:41, 22.97s/it]Best trial: 246. Best value: 244.315:  78%|███████▊  | 785/1000 [4:50:38<1:21:14, 22.67s/it]                                                                                            Best trial: 246. Best value: 244.315:  78%|███████▊  | 785/1000 [4:50:53<1:21:14, 22.67s/it]Best trial: 246. Best value: 244.315:  78%|███████▊  | 785/1000 [4:50:53<1:21:14, 22.67s/it]Best trial: 246. Best value: 244.315:  79%|███████▊  | 786/1000 [4:50:53<1:12:48, 20.41s/it]                                                                                            Best trial: 246. Best value: 244.315:  79%|███████▊  | 786/1000 [4:51:18<1:12:48, 20.41s/it]Best trial: 246. Best value: 244.315:  79%|███████▊  | 786/1000 [4:51:18<1:12:48, 20.41s/it]Best trial: 246. Best value: 244.315:  79%|███████▊  | 787/1000 [4:51:18<1:17:03, 21.70s/it]                                                                                            Best trial: 246. Best value: 244.315:  79%|███████▊  | 787/1000 [4:51:26<1:17:03, 21.70s/it]Best trial: 246. Best value: 244.315:  79%|███████▊  | 787/1000 [4:51:26<1:17:03, 21.70s/it]Best trial: 246. Best value: 244.315:  79%|███████▉  | 788/1000 [4:51:26<1:02:20, 17.64s/it]                                                                                            Best trial: 246. Best value: 244.315:  79%|███████▉  | 788/1000 [4:51:33<1:02:20, 17.64s/it]Best trial: 246. Best value: 244.315:  79%|███████▉  | 788/1000 [4:51:33<1:02:20, 17.64s/it]Best trial: 246. Best value: 244.315:  79%|███████▉  | 789/1000 [4:51:33<51:16, 14.58s/it]                                                                                            Best trial: 246. Best value: 244.315:  79%|███████▉  | 789/1000 [4:52:16<51:16, 14.58s/it]Best trial: 246. Best value: 244.315:  79%|███████▉  | 789/1000 [4:52:16<51:16, 14.58s/it]Best trial: 246. Best value: 244.315:  79%|███████▉  | 790/1000 [4:52:16<1:20:42, 23.06s/it]                                                                                            Best trial: 246. Best value: 244.315:  79%|███████▉  | 790/1000 [4:52:59<1:20:42, 23.06s/it]Best trial: 246. Best value: 244.315:  79%|███████▉  | 790/1000 [4:52:59<1:20:42, 23.06s/it]Best trial: 246. Best value: 244.315:  79%|███████▉  | 791/1000 [4:52:59<1:40:46, 28.93s/it]                                                                                            Best trial: 246. Best value: 244.315:  79%|███████▉  | 791/1000 [4:53:23<1:40:46, 28.93s/it]Best trial: 246. Best value: 244.315:  79%|███████▉  | 791/1000 [4:53:23<1:40:46, 28.93s/it]Best trial: 246. Best value: 244.315:  79%|███████▉  | 792/1000 [4:53:23<1:35:16, 27.49s/it]                                                                                            Best trial: 246. Best value: 244.315:  79%|███████▉  | 792/1000 [4:53:37<1:35:16, 27.49s/it]Best trial: 246. Best value: 244.315:  79%|███████▉  | 792/1000 [4:53:37<1:35:16, 27.49s/it]Best trial: 246. Best value: 244.315:  79%|███████▉  | 793/1000 [4:53:37<1:20:29, 23.33s/it]                                                                                            Best trial: 246. Best value: 244.315:  79%|███████▉  | 793/1000 [4:54:02<1:20:29, 23.33s/it]Best trial: 246. Best value: 244.315:  79%|███████▉  | 793/1000 [4:54:02<1:20:29, 23.33s/it]Best trial: 246. Best value: 244.315:  79%|███████▉  | 794/1000 [4:54:02<1:21:45, 23.82s/it]                                                                                            Best trial: 246. Best value: 244.315:  79%|███████▉  | 794/1000 [4:54:16<1:21:45, 23.82s/it]Best trial: 246. Best value: 244.315:  79%|███████▉  | 794/1000 [4:54:16<1:21:45, 23.82s/it]Best trial: 246. Best value: 244.315:  80%|███████▉  | 795/1000 [4:54:16<1:11:26, 20.91s/it]                                                                                            Best trial: 246. Best value: 244.315:  80%|███████▉  | 795/1000 [4:54:23<1:11:26, 20.91s/it]Best trial: 246. Best value: 244.315:  80%|███████▉  | 795/1000 [4:54:23<1:11:26, 20.91s/it]Best trial: 246. Best value: 244.315:  80%|███████▉  | 796/1000 [4:54:23<56:39, 16.66s/it]                                                                                            [32m[I 2023-05-15 04:16:30,239][0m Trial 768 finished with value: 1368.4220109468838 and parameters: {'c1': 2.1224277655762003, 'c2': 2.3729602973451014, 'eps': 1.7716383155974569, 'horizon': 4, 'discount': 0.8438494101738916}. Best is trial 246 with value: 244.31507276371707.[0m
[32m[I 2023-05-15 04:16:38,211][0m Trial 769 finished with value: 270.8785369728584 and parameters: {'c1': 1.9084348016816848, 'c2': 1.9642369745263182, 'eps': 1.8473241871633577, 'horizon': 2, 'discount': 0.9944390610068546}. Best is trial 246 with value: 244.31507276371707.[0m
[32m[I 2023-05-15 04:16:46,214][0m Trial 770 finished with value: 625.9214250383684 and parameters: {'c1': 1.2746647403133404, 'c2': 2.2418744307963254, 'eps': 1.479770387494309, 'horizon': 2, 'discount': 0.8085559602773768}. Best is trial 246 with value: 244.31507276371707.[0m
[32m[I 2023-05-15 04:17:27,371][0m Trial 771 finished with value: 1124.2013243146741 and parameters: {'c1': 0.3567644478730839, 'c2': 2.9238282540573253, 'eps': 2.5820812981484838, 'horizon': 5, 'discount': 0.8288078291928317}. Best is trial 246 with value: 244.31507276371707.[0m
[32m[I 2023-05-15 04:18:05,907][0m Trial 772 finished with value: 1183.0314013355596 and parameters: {'c1': 0.42735007607923814, 'c2': 2.0683540944802803, 'eps': 0.673032517696473, 'horizon': 5, 'discount': 0.7416160320872698}. Best is trial 246 with value: 244.31507276371707.[0m
[32m[I 2023-05-15 04:18:29,910][0m Trial 773 finished with value: 1219.3365056176053 and parameters: {'c1': 0.7920577733131589, 'c2': 2.3859174687228624, 'eps': 0.12283217708863504, 'horizon': 4, 'discount': 0.601864608093589}. Best is trial 246 with value: 244.31507276371707.[0m
[32m[I 2023-05-15 04:19:12,953][0m Trial 774 finished with value: 1006.6980876048401 and parameters: {'c1': 1.1798959497095503, 'c2': 1.2946927964908523, 'eps': 2.8468877574668996, 'horizon': 5, 'discount': 0.9203188332517744}. Best is trial 246 with value: 244.31507276371707.[0m
[32m[I 2023-05-15 04:19:28,101][0m Trial 775 finished with value: 1169.1461745828585 and parameters: {'c1': 2.545828945263651, 'c2': 1.9297283874470668, 'eps': 1.1090734168813852, 'horizon': 3, 'discount': 0.7874994268844304}. Best is trial 246 with value: 244.31507276371707.[0m
[32m[I 2023-05-15 04:20:10,782][0m Trial 776 finished with value: 358.05605400243667 and parameters: {'c1': 0.8003647228334791, 'c2': 1.0839179685590246, 'eps': 2.2279598522085293, 'horizon': 5, 'discount': 0.7967479091874498}. Best is trial 246 with value: 244.31507276371707.[0m
[32m[I 2023-05-15 04:20:24,960][0m Trial 777 finished with value: 1178.9215639151137 and parameters: {'c1': 1.415219879573376, 'c2': 0.8952046083781787, 'eps': 0.7689678056834024, 'horizon': 3, 'discount': 0.7817793719656778}. Best is trial 246 with value: 244.31507276371707.[0m
[32m[I 2023-05-15 04:21:03,913][0m Trial 778 finished with value: 645.2646604124068 and parameters: {'c1': 0.10927591995346353, 'c2': 1.0751599767018991, 'eps': 1.5288260437478025, 'horizon': 5, 'discount': 0.6786831197659544}. Best is trial 246 with value: 244.31507276371707.[0m
[32m[I 2023-05-15 04:21:27,278][0m Trial 779 finished with value: 890.3208502159852 and parameters: {'c1': 2.2172834551768634, 'c2': 0.7763473250722724, 'eps': 0.17076964689054275, 'horizon': 4, 'discount': 0.8375809216167931}. Best is trial 246 with value: 244.31507276371707.[0m
[32m[I 2023-05-15 04:22:07,533][0m Trial 780 finished with value: 1529.6902344537789 and parameters: {'c1': 1.0569074815906547, 'c2': 2.444891255779287, 'eps': 0.7553007003015296, 'horizon': 5, 'discount': 0.9342119541001191}. Best is trial 246 with value: 244.31507276371707.[0m
[32m[I 2023-05-15 04:22:22,156][0m Trial 781 finished with value: 1191.5757076331652 and parameters: {'c1': 2.7317209640784945, 'c2': 2.44830433673616, 'eps': 2.0605704495359483, 'horizon': 3, 'discount': 0.6048440651050451}. Best is trial 246 with value: 244.31507276371707.[0m
[32m[I 2023-05-15 04:22:36,826][0m Trial 782 finished with value: 1562.2501185652363 and parameters: {'c1': 2.0372735334282916, 'c2': 2.3727979960710885, 'eps': 1.3823197065350226, 'horizon': 3, 'discount': 0.7353322911201612}. Best is trial 246 with value: 244.31507276371707.[0m
[32m[I 2023-05-15 04:22:59,663][0m Trial 783 finished with value: 302.2362587317384 and parameters: {'c1': 1.824025166224056, 'c2': 0.26875167945214107, 'eps': 1.329301451301421, 'horizon': 4, 'discount': 0.7016109634574587}. Best is trial 246 with value: 244.31507276371707.[0m
[32m[I 2023-05-15 04:23:21,641][0m Trial 784 finished with value: 347.7874383437614 and parameters: {'c1': 2.3273274046235977, 'c2': 0.021402911033767014, 'eps': 1.0885382182898833, 'horizon': 4, 'discount': 0.658728623742843}. Best is trial 246 with value: 244.31507276371707.[0m
[32m[I 2023-05-15 04:23:36,784][0m Trial 785 finished with value: 1213.8252005133604 and parameters: {'c1': 0.0382484671114347, 'c2': 2.9751985491991157, 'eps': 2.195354534906635, 'horizon': 3, 'discount': 0.6738205732985472}. Best is trial 246 with value: 244.31507276371707.[0m
[32m[I 2023-05-15 04:24:01,502][0m Trial 786 finished with value: 949.8548440376985 and parameters: {'c1': 0.027945624001437075, 'c2': 2.65961981760964, 'eps': 2.4251720776653545, 'horizon': 4, 'discount': 0.7140659313304386}. Best is trial 246 with value: 244.31507276371707.[0m
[32m[I 2023-05-15 04:24:09,665][0m Trial 787 finished with value: 1403.6470569948547 and parameters: {'c1': 2.5436250994145144, 'c2': 2.726281780997008, 'eps': 0.43492882263236055, 'horizon': 2, 'discount': 0.8824874622130507}. Best is trial 246 with value: 244.31507276371707.[0m
[32m[I 2023-05-15 04:24:17,099][0m Trial 788 finished with value: 1221.2244198671633 and parameters: {'c1': 1.5622417663737633, 'c2': 0.8219683002822773, 'eps': 0.20309903764912202, 'horizon': 2, 'discount': 0.6713640238462576}. Best is trial 246 with value: 244.31507276371707.[0m
[32m[I 2023-05-15 04:24:59,939][0m Trial 789 finished with value: 1008.4009114165694 and parameters: {'c1': 1.5512532755950772, 'c2': 2.6015680676479773, 'eps': 2.5624883868856183, 'horizon': 5, 'discount': 0.6225304249545202}. Best is trial 246 with value: 244.31507276371707.[0m
[32m[I 2023-05-15 04:25:42,571][0m Trial 790 finished with value: 384.69375465329523 and parameters: {'c1': 2.062633783177091, 'c2': 0.08219552559432397, 'eps': 0.400528680126062, 'horizon': 5, 'discount': 0.6347845825480162}. Best is trial 246 with value: 244.31507276371707.[0m
[32m[I 2023-05-15 04:26:06,684][0m Trial 791 finished with value: 1172.9421657089922 and parameters: {'c1': 1.2786408076706373, 'c2': 1.6768283061832472, 'eps': 1.635270804227719, 'horizon': 4, 'discount': 0.8775784028567981}. Best is trial 246 with value: 244.31507276371707.[0m
[32m[I 2023-05-15 04:26:20,319][0m Trial 792 finished with value: 734.833813825157 and parameters: {'c1': 0.7885696357256908, 'c2': 0.8119599944035986, 'eps': 0.4698304464574484, 'horizon': 3, 'discount': 0.8260223625239356}. Best is trial 246 with value: 244.31507276371707.[0m
[32m[I 2023-05-15 04:26:45,267][0m Trial 793 finished with value: 1475.1345091293128 and parameters: {'c1': 2.1855287947853244, 'c2': 2.7730367622328136, 'eps': 1.543586864982845, 'horizon': 4, 'discount': 0.9330401890995174}. Best is trial 246 with value: 244.31507276371707.[0m
[32m[I 2023-05-15 04:26:59,398][0m Trial 794 finished with value: 544.3517119850552 and parameters: {'c1': 0.07371183410146198, 'c2': 2.5691695852573027, 'eps': 0.4699667174877168, 'horizon': 3, 'discount': 0.8573958251078915}. Best is trial 246 with value: 244.31507276371707.[0m
[32m[I 2023-05-15 04:27:06,154][0m Trial 795 finished with value: 259.679664014414 and parameters: {'c1': 0.6692865301421341, 'c2': 0.07410563337956366, 'eps': 0.7739304263439707, 'horizon': 2, 'discount': 0.7208690308127522}. Best is trial 246 with value: 244.31507276371707.[0m
