Best trial: 55. Best value: 244.484:   9%|▊         | 87/1000 [30:28<6:25:29, 25.33s/it]Best trial: 55. Best value: 244.484:   9%|▊         | 87/1000 [30:28<6:25:29, 25.33s/it]Best trial: 55. Best value: 244.484:   9%|▉         | 88/1000 [30:28<5:05:11, 20.08s/it]                                                                                        Best trial: 55. Best value: 244.484:   9%|▉         | 88/1000 [31:09<5:05:11, 20.08s/it]Best trial: 55. Best value: 244.484:   9%|▉         | 88/1000 [31:09<5:05:11, 20.08s/it]Best trial: 55. Best value: 244.484:   9%|▉         | 89/1000 [31:09<6:39:03, 26.28s/it]                                                                                        Best trial: 55. Best value: 244.484:   9%|▉         | 89/1000 [31:52<6:39:03, 26.28s/it]Best trial: 55. Best value: 244.484:   9%|▉         | 89/1000 [31:52<6:39:03, 26.28s/it]Best trial: 55. Best value: 244.484:   9%|▉         | 90/1000 [31:52<7:55:35, 31.36s/it]                                                                                        Best trial: 55. Best value: 244.484:   9%|▉         | 90/1000 [32:17<7:55:35, 31.36s/it]Best trial: 55. Best value: 244.484:   9%|▉         | 90/1000 [32:17<7:55:35, 31.36s/it]Best trial: 55. Best value: 244.484:   9%|▉         | 91/1000 [32:17<7:25:20, 29.40s/it]                                                                                        Best trial: 55. Best value: 244.484:   9%|▉         | 91/1000 [32:30<7:25:20, 29.40s/it]Best trial: 55. Best value: 244.484:   9%|▉         | 91/1000 [32:30<7:25:20, 29.40s/it]Best trial: 55. Best value: 244.484:   9%|▉         | 92/1000 [32:30<6:11:58, 24.58s/it]                                                                                        Best trial: 55. Best value: 244.484:   9%|▉         | 92/1000 [32:56<6:11:58, 24.58s/it]Best trial: 55. Best value: 244.484:   9%|▉         | 92/1000 [32:56<6:11:58, 24.58s/it]Best trial: 55. Best value: 244.484:   9%|▉         | 93/1000 [32:56<6:18:34, 25.04s/it]                                                                                        Best trial: 55. Best value: 244.484:   9%|▉         | 93/1000 [33:09<6:18:34, 25.04s/it]Best trial: 55. Best value: 244.484:   9%|▉         | 93/1000 [33:09<6:18:34, 25.04s/it]Best trial: 55. Best value: 244.484:   9%|▉         | 94/1000 [33:09<5:23:11, 21.40s/it]                                                                                        Best trial: 55. Best value: 244.484:   9%|▉         | 94/1000 [33:23<5:23:11, 21.40s/it]Best trial: 55. Best value: 244.484:   9%|▉         | 94/1000 [33:23<5:23:11, 21.40s/it]Best trial: 55. Best value: 244.484:  10%|▉         | 95/1000 [33:23<4:48:28, 19.13s/it]                                                                                        Best trial: 55. Best value: 244.484:  10%|▉         | 95/1000 [33:47<4:48:28, 19.13s/it]Best trial: 55. Best value: 244.484:  10%|▉         | 95/1000 [33:47<4:48:28, 19.13s/it]Best trial: 55. Best value: 244.484:  10%|▉         | 96/1000 [33:47<5:11:22, 20.67s/it]                                                                                        Best trial: 55. Best value: 244.484:  10%|▉         | 96/1000 [33:56<5:11:22, 20.67s/it]Best trial: 55. Best value: 244.484:  10%|▉         | 96/1000 [33:56<5:11:22, 20.67s/it]Best trial: 55. Best value: 244.484:  10%|▉         | 97/1000 [33:56<4:14:43, 16.92s/it]                                                                                        Best trial: 55. Best value: 244.484:  10%|▉         | 97/1000 [34:03<4:14:43, 16.92s/it]Best trial: 55. Best value: 244.484:  10%|▉         | 97/1000 [34:03<4:14:43, 16.92s/it]Best trial: 55. Best value: 244.484:  10%|▉         | 98/1000 [34:03<3:32:26, 14.13s/it]                                                                                        Best trial: 55. Best value: 244.484:  10%|▉         | 98/1000 [34:26<3:32:26, 14.13s/it]Best trial: 55. Best value: 244.484:  10%|▉         | 98/1000 [34:26<3:32:26, 14.13s/it]Best trial: 55. Best value: 244.484:  10%|▉         | 99/1000 [34:26<4:12:29, 16.81s/it]                                                                                        Best trial: 55. Best value: 244.484:  10%|▉         | 99/1000 [35:07<4:12:29, 16.81s/it]Best trial: 55. Best value: 244.484:  10%|▉         | 99/1000 [35:07<4:12:29, 16.81s/it]Best trial: 55. Best value: 244.484:  10%|█         | 100/1000 [35:07<6:01:05, 24.07s/it]                                                                                         Best trial: 55. Best value: 244.484:  10%|█         | 100/1000 [35:16<6:01:05, 24.07s/it]Best trial: 55. Best value: 244.484:  10%|█         | 100/1000 [35:16<6:01:05, 24.07s/it]Best trial: 55. Best value: 244.484:  10%|█         | 101/1000 [35:16<4:49:44, 19.34s/it]                                                                                         Best trial: 55. Best value: 244.484:  10%|█         | 101/1000 [35:58<4:49:44, 19.34s/it]Best trial: 55. Best value: 244.484:  10%|█         | 101/1000 [35:58<4:49:44, 19.34s/it]Best trial: 55. Best value: 244.484:  10%|█         | 102/1000 [35:58<6:33:50, 26.31s/it]                                                                                         Best trial: 55. Best value: 244.484:  10%|█         | 102/1000 [36:32<6:33:50, 26.31s/it]Best trial: 55. Best value: 244.484:  10%|█         | 102/1000 [36:32<6:33:50, 26.31s/it]Best trial: 55. Best value: 244.484:  10%|█         | 103/1000 [36:32<7:06:08, 28.50s/it]                                                                                         Best trial: 55. Best value: 244.484:  10%|█         | 103/1000 [36:46<7:06:08, 28.50s/it]Best trial: 55. Best value: 244.484:  10%|█         | 103/1000 [36:46<7:06:08, 28.50s/it]Best trial: 55. Best value: 244.484:  10%|█         | 104/1000 [36:46<6:00:53, 24.17s/it]                                                                                         Best trial: 55. Best value: 244.484:  10%|█         | 104/1000 [37:24<6:00:53, 24.17s/it]Best trial: 55. Best value: 244.484:  10%|█         | 104/1000 [37:24<6:00:53, 24.17s/it]Best trial: 55. Best value: 244.484:  10%|█         | 105/1000 [37:24<7:04:59, 28.49s/it]                                                                                         Best trial: 55. Best value: 244.484:  10%|█         | 105/1000 [37:39<7:04:59, 28.49s/it]Best trial: 55. Best value: 244.484:  10%|█         | 105/1000 [37:39<7:04:59, 28.49s/it]Best trial: 55. Best value: 244.484:  11%|█         | 106/1000 [37:39<6:00:40, 24.21s/it]                                                                                         Best trial: 55. Best value: 244.484:  11%|█         | 106/1000 [37:52<6:00:40, 24.21s/it]Best trial: 55. Best value: 244.484:  11%|█         | 106/1000 [37:52<6:00:40, 24.21s/it]Best trial: 55. Best value: 244.484:  11%|█         | 107/1000 [37:52<5:11:09, 20.91s/it]                                                                                         Best trial: 55. Best value: 244.484:  11%|█         | 107/1000 [38:06<5:11:09, 20.91s/it]Best trial: 55. Best value: 244.484:  11%|█         | 107/1000 [38:06<5:11:09, 20.91s/it]Best trial: 55. Best value: 244.484:  11%|█         | 108/1000 [38:06<4:39:54, 18.83s/it]                                                                                         Best trial: 55. Best value: 244.484:  11%|█         | 108/1000 [38:20<4:39:54, 18.83s/it]Best trial: 55. Best value: 244.484:  11%|█         | 108/1000 [38:20<4:39:54, 18.83s/it]Best trial: 55. Best value: 244.484:  11%|█         | 109/1000 [38:20<4:16:36, 17.28s/it]                                                                                         Best trial: 55. Best value: 244.484:  11%|█         | 109/1000 [38:27<4:16:36, 17.28s/it]Best trial: 55. Best value: 244.484:  11%|█         | 109/1000 [38:27<4:16:36, 17.28s/it]Best trial: 55. Best value: 244.484:  11%|█         | 110/1000 [38:27<3:31:59, 14.29s/it]                                                                                         Best trial: 55. Best value: 244.484:  11%|█         | 110/1000 [39:09<3:31:59, 14.29s/it]Best trial: 55. Best value: 244.484:  11%|█         | 110/1000 [39:09<3:31:59, 14.29s/it]Best trial: 55. Best value: 244.484:  11%|█         | 111/1000 [39:09<5:34:47, 22.60s/it]                                                                                         Best trial: 55. Best value: 244.484:  11%|█         | 111/1000 [39:50<5:34:47, 22.60s/it]Best trial: 55. Best value: 244.484:  11%|█         | 111/1000 [39:50<5:34:47, 22.60s/it]Best trial: 55. Best value: 244.484:  11%|█         | 112/1000 [39:50<6:57:41, 28.22s/it]                                                                                         Best trial: 55. Best value: 244.484:  11%|█         | 112/1000 [40:03<6:57:41, 28.22s/it]Best trial: 55. Best value: 244.484:  11%|█         | 112/1000 [40:03<6:57:41, 28.22s/it]Best trial: 55. Best value: 244.484:  11%|█▏        | 113/1000 [40:03<5:51:11, 23.76s/it]                                                                                         Best trial: 55. Best value: 244.484:  11%|█▏        | 113/1000 [40:12<5:51:11, 23.76s/it]Best trial: 55. Best value: 244.484:  11%|█▏        | 113/1000 [40:12<5:51:11, 23.76s/it]Best trial: 55. Best value: 244.484:  11%|█▏        | 114/1000 [40:12<4:42:39, 19.14s/it]                                                                                         Best trial: 55. Best value: 244.484:  11%|█▏        | 114/1000 [40:19<4:42:39, 19.14s/it]Best trial: 55. Best value: 244.484:  11%|█▏        | 114/1000 [40:19<4:42:39, 19.14s/it]Best trial: 55. Best value: 244.484:  12%|█▏        | 115/1000 [40:19<3:47:58, 15.46s/it]                                                                                         Best trial: 55. Best value: 244.484:  12%|█▏        | 115/1000 [40:33<3:47:58, 15.46s/it]Best trial: 55. Best value: 244.484:  12%|█▏        | 115/1000 [40:33<3:47:58, 15.46s/it]Best trial: 55. Best value: 244.484:  12%|█▏        | 116/1000 [40:33<3:43:58, 15.20s/it]                                                                                         [32m[I 2023-05-15 00:03:11,845][0m Trial 87 finished with value: 1274.271536655022 and parameters: {'c1': 0.8097747023319357, 'c2': 2.0176803530633243, 'eps': 0.6029838512050406, 'horizon': 2, 'discount': 0.9278370294856092}. Best is trial 55 with value: 244.48419672566837.[0m
[32m[I 2023-05-15 00:03:52,601][0m Trial 88 finished with value: 711.7612198879214 and parameters: {'c1': 1.3106351720278293, 'c2': 2.5569073255965953, 'eps': 1.420019408089981, 'horizon': 5, 'discount': 0.6733803472125557}. Best is trial 55 with value: 244.48419672566837.[0m
[32m[I 2023-05-15 00:04:35,801][0m Trial 89 finished with value: 1248.7145660483307 and parameters: {'c1': 2.7818792009835347, 'c2': 1.1684211986773028, 'eps': 2.2546515034953485, 'horizon': 5, 'discount': 0.6827063834421503}. Best is trial 55 with value: 244.48419672566837.[0m
[32m[I 2023-05-15 00:05:00,619][0m Trial 90 finished with value: 1114.186583123108 and parameters: {'c1': 0.059609039769306205, 'c2': 1.1278201597307451, 'eps': 1.8744815231901748, 'horizon': 4, 'discount': 0.8097851020529885}. Best is trial 55 with value: 244.48419672566837.[0m
[32m[I 2023-05-15 00:05:13,964][0m Trial 91 finished with value: 721.5139366578911 and parameters: {'c1': 2.3605407209146243, 'c2': 0.16533705534744458, 'eps': 1.2724240668172213, 'horizon': 3, 'discount': 0.6027557125648003}. Best is trial 55 with value: 244.48419672566837.[0m
[32m[I 2023-05-15 00:05:40,088][0m Trial 92 finished with value: 1686.3738705230928 and parameters: {'c1': 0.13614504874316813, 'c2': 2.5941104594293125, 'eps': 2.9835117368796498, 'horizon': 4, 'discount': 0.993703344931443}. Best is trial 55 with value: 244.48419672566837.[0m
[32m[I 2023-05-15 00:05:52,999][0m Trial 93 finished with value: 578.3175526457521 and parameters: {'c1': 0.28232337028174637, 'c2': 0.8937087333678194, 'eps': 1.4422785115230836, 'horizon': 3, 'discount': 0.9944519722687183}. Best is trial 55 with value: 244.48419672566837.[0m
[32m[I 2023-05-15 00:06:06,807][0m Trial 94 finished with value: 522.0281313720036 and parameters: {'c1': 0.1511268951706506, 'c2': 1.3034572573420178, 'eps': 2.6741001754491074, 'horizon': 3, 'discount': 0.8807294261545928}. Best is trial 55 with value: 244.48419672566837.[0m
[32m[I 2023-05-15 00:06:31,070][0m Trial 95 finished with value: 275.4988151712874 and parameters: {'c1': 0.6920208303150769, 'c2': 0.2973133829312301, 'eps': 2.6096118842926894, 'horizon': 4, 'discount': 0.8155607926256729}. Best is trial 55 with value: 244.48419672566837.[0m
[32m[I 2023-05-15 00:06:39,262][0m Trial 96 finished with value: 405.42920949327436 and parameters: {'c1': 2.9920907267256838, 'c2': 1.7437275135043744, 'eps': 2.302375677889611, 'horizon': 2, 'discount': 0.9662646004301944}. Best is trial 55 with value: 244.48419672566837.[0m
[32m[I 2023-05-15 00:06:46,880][0m Trial 97 finished with value: 861.1539951688701 and parameters: {'c1': 0.22350276314096007, 'c2': 0.9900839818767581, 'eps': 0.6193385238842487, 'horizon': 2, 'discount': 0.8371049157383519}. Best is trial 55 with value: 244.48419672566837.[0m
[32m[I 2023-05-15 00:07:09,948][0m Trial 98 finished with value: 984.2999317338163 and parameters: {'c1': 2.328798258214551, 'c2': 0.8445120575186861, 'eps': 0.8904621914391794, 'horizon': 4, 'discount': 0.7564423868441934}. Best is trial 55 with value: 244.48419672566837.[0m
[32m[I 2023-05-15 00:07:50,960][0m Trial 99 finished with value: 1480.5604253661413 and parameters: {'c1': 0.7903515877269002, 'c2': 1.228056369314372, 'eps': 0.5506706299284214, 'horizon': 5, 'discount': 0.7849285098081276}. Best is trial 55 with value: 244.48419672566837.[0m
[32m[I 2023-05-15 00:07:59,250][0m Trial 100 finished with value: 405.552570003254 and parameters: {'c1': 1.3792417975470639, 'c2': 2.8432725580382527, 'eps': 1.7046078803855391, 'horizon': 2, 'discount': 0.7799385794335478}. Best is trial 55 with value: 244.48419672566837.[0m
[32m[I 2023-05-15 00:08:41,844][0m Trial 101 finished with value: 276.5248897077531 and parameters: {'c1': 2.3615053795606613, 'c2': 0.0883285585768333, 'eps': 1.5816891423077826, 'horizon': 5, 'discount': 0.9763554482194012}. Best is trial 55 with value: 244.48419672566837.[0m
[32m[I 2023-05-15 00:09:15,458][0m Trial 102 finished with value: 1391.2951695132615 and parameters: {'c1': 0.059843321520600234, 'c2': 0.13157609618939825, 'eps': 1.375766489949913, 'horizon': 4, 'discount': 0.6771825033530451}. Best is trial 55 with value: 244.48419672566837.[0m
[32m[I 2023-05-15 00:09:29,504][0m Trial 103 finished with value: 1104.5576169498004 and parameters: {'c1': 2.266898309824288, 'c2': 1.4832343184008456, 'eps': 1.9439579240038036, 'horizon': 3, 'discount': 0.9090996814372801}. Best is trial 55 with value: 244.48419672566837.[0m
[32m[I 2023-05-15 00:10:08,086][0m Trial 104 finished with value: 555.1199936564947 and parameters: {'c1': 2.616756712792453, 'c2': 0.13316958718225247, 'eps': 2.54016393502919, 'horizon': 5, 'discount': 0.654940898599199}. Best is trial 55 with value: 244.48419672566837.[0m
[32m[I 2023-05-15 00:10:22,294][0m Trial 105 finished with value: 472.3642109127203 and parameters: {'c1': 1.105666041062287, 'c2': 2.1400318960894387, 'eps': 1.0099735018016027, 'horizon': 3, 'discount': 0.9670447521642311}. Best is trial 55 with value: 244.48419672566837.[0m
[32m[I 2023-05-15 00:10:35,500][0m Trial 106 finished with value: 483.19506534686275 and parameters: {'c1': 2.3777444169480617, 'c2': 0.09847169016883883, 'eps': 1.3360372522596842, 'horizon': 3, 'discount': 0.7487638614155727}. Best is trial 55 with value: 244.48419672566837.[0m
[32m[I 2023-05-15 00:10:49,478][0m Trial 107 finished with value: 1174.228194638281 and parameters: {'c1': 1.1364959004258743, 'c2': 0.8994104368089529, 'eps': 0.601782220173694, 'horizon': 3, 'discount': 0.9719617191172479}. Best is trial 55 with value: 244.48419672566837.[0m
[32m[I 2023-05-15 00:11:03,144][0m Trial 108 finished with value: 1164.88209376641 and parameters: {'c1': 0.2924695105819831, 'c2': 0.7771185992450774, 'eps': 0.3650750393111494, 'horizon': 3, 'discount': 0.7307148683027407}. Best is trial 55 with value: 244.48419672566837.[0m
[32m[I 2023-05-15 00:11:10,464][0m Trial 109 finished with value: 1218.920984926823 and parameters: {'c1': 0.1321894095620505, 'c2': 1.277446168199859, 'eps': 0.13661552688731607, 'horizon': 2, 'discount': 0.6609876216355308}. Best is trial 55 with value: 244.48419672566837.[0m
[32m[I 2023-05-15 00:11:52,435][0m Trial 110 finished with value: 572.1527084981658 and parameters: {'c1': 0.8952211512824868, 'c2': 2.1308661867536163, 'eps': 2.609086910196965, 'horizon': 5, 'discount': 0.9909143606327382}. Best is trial 55 with value: 244.48419672566837.[0m
[32m[I 2023-05-15 00:12:33,787][0m Trial 111 finished with value: 674.4662099460921 and parameters: {'c1': 0.9078281111281259, 'c2': 1.5871192206864955, 'eps': 2.4761565640217387, 'horizon': 5, 'discount': 0.8013354027149566}. Best is trial 55 with value: 244.48419672566837.[0m
[32m[I 2023-05-15 00:12:47,120][0m Trial 112 finished with value: 314.58101895678396 and parameters: {'c1': 1.31173512706473, 'c2': 0.5926041367974166, 'eps': 0.6397846847689443, 'horizon': 3, 'discount': 0.6521875954088857}. Best is trial 55 with value: 244.48419672566837.[0m
[32m[I 2023-05-15 00:12:55,495][0m Trial 113 finished with value: 635.5460018005576 and parameters: {'c1': 0.7419303154929882, 'c2': 2.425651395365525, 'eps': 1.1036637417074504, 'horizon': 2, 'discount': 0.8281135707530753}. Best is trial 55 with value: 244.48419672566837.[0m
[32m[I 2023-05-15 00:13:02,349][0m Trial 114 finished with value: 611.7723491544273 and parameters: {'c1': 2.230437006239007, 'c2': 0.5004182663378112, 'eps': 0.18990017468951342, 'horizon': 2, 'discount': 0.8833037723421471}. Best is trial 55 with value: 244.48419672566837.[0m
[32m[I 2023-05-15 00:13:16,963][0m Trial 115 finished with value: 1307.6467868196867 and parameters: {'c1': 2.2123010290110137, 'c2': 1.9550693025718169, 'eps': 2.1672667882321135, 'horizon': 3, 'discount': 0.6070518528195971}. Best is trial 55 with value: 244.48419672566837.[0m
