Best trial: 246. Best value: 244.315:  26%|██▌       | 261/1000 [1:35:00<6:07:08, 29.81s/it]Best trial: 246. Best value: 244.315:  26%|██▌       | 261/1000 [1:35:00<6:07:08, 29.81s/it]Best trial: 246. Best value: 244.315:  26%|██▌       | 262/1000 [1:35:00<5:47:34, 28.26s/it]                                                                                            Best trial: 246. Best value: 244.315:  26%|██▌       | 262/1000 [1:35:07<5:47:34, 28.26s/it]Best trial: 246. Best value: 244.315:  26%|██▌       | 262/1000 [1:35:07<5:47:34, 28.26s/it]Best trial: 246. Best value: 244.315:  26%|██▋       | 263/1000 [1:35:07<4:29:04, 21.91s/it]                                                                                            Best trial: 246. Best value: 244.315:  26%|██▋       | 263/1000 [1:35:48<4:29:04, 21.91s/it]Best trial: 246. Best value: 244.315:  26%|██▋       | 263/1000 [1:35:48<4:29:04, 21.91s/it]Best trial: 246. Best value: 244.315:  26%|██▋       | 264/1000 [1:35:48<5:39:46, 27.70s/it]                                                                                            Best trial: 246. Best value: 244.315:  26%|██▋       | 264/1000 [1:36:02<5:39:46, 27.70s/it]Best trial: 246. Best value: 244.315:  26%|██▋       | 264/1000 [1:36:02<5:39:46, 27.70s/it]Best trial: 246. Best value: 244.315:  26%|██▋       | 265/1000 [1:36:02<4:48:44, 23.57s/it]                                                                                            Best trial: 246. Best value: 244.315:  26%|██▋       | 265/1000 [1:36:43<4:48:44, 23.57s/it]Best trial: 246. Best value: 244.315:  26%|██▋       | 265/1000 [1:36:43<4:48:44, 23.57s/it]Best trial: 246. Best value: 244.315:  27%|██▋       | 266/1000 [1:36:43<5:52:08, 28.79s/it]                                                                                            Best trial: 246. Best value: 244.315:  27%|██▋       | 266/1000 [1:37:08<5:52:08, 28.79s/it]Best trial: 246. Best value: 244.315:  27%|██▋       | 266/1000 [1:37:08<5:52:08, 28.79s/it]Best trial: 246. Best value: 244.315:  27%|██▋       | 267/1000 [1:37:08<5:38:09, 27.68s/it]                                                                                            Best trial: 246. Best value: 244.315:  27%|██▋       | 267/1000 [1:37:17<5:38:09, 27.68s/it]Best trial: 246. Best value: 244.315:  27%|██▋       | 267/1000 [1:37:17<5:38:09, 27.68s/it]Best trial: 246. Best value: 244.315:  27%|██▋       | 268/1000 [1:37:17<4:26:31, 21.85s/it]                                                                                            Best trial: 246. Best value: 244.315:  27%|██▋       | 268/1000 [1:37:31<4:26:31, 21.85s/it]Best trial: 246. Best value: 244.315:  27%|██▋       | 268/1000 [1:37:31<4:26:31, 21.85s/it]Best trial: 246. Best value: 244.315:  27%|██▋       | 269/1000 [1:37:31<3:59:34, 19.66s/it]                                                                                            Best trial: 246. Best value: 244.315:  27%|██▋       | 269/1000 [1:38:12<3:59:34, 19.66s/it]Best trial: 246. Best value: 244.315:  27%|██▋       | 269/1000 [1:38:12<3:59:34, 19.66s/it]Best trial: 246. Best value: 244.315:  27%|██▋       | 270/1000 [1:38:12<5:15:53, 25.96s/it]                                                                                            Best trial: 246. Best value: 244.315:  27%|██▋       | 270/1000 [1:38:50<5:15:53, 25.96s/it]Best trial: 246. Best value: 244.315:  27%|██▋       | 270/1000 [1:38:50<5:15:53, 25.96s/it]Best trial: 246. Best value: 244.315:  27%|██▋       | 271/1000 [1:38:50<5:58:38, 29.52s/it]                                                                                            Best trial: 246. Best value: 244.315:  27%|██▋       | 271/1000 [1:38:57<5:58:38, 29.52s/it]Best trial: 246. Best value: 244.315:  27%|██▋       | 271/1000 [1:38:57<5:58:38, 29.52s/it]Best trial: 246. Best value: 244.315:  27%|██▋       | 272/1000 [1:38:57<4:37:54, 22.90s/it]                                                                                            Best trial: 246. Best value: 244.315:  27%|██▋       | 272/1000 [1:39:22<4:37:54, 22.90s/it]Best trial: 246. Best value: 244.315:  27%|██▋       | 272/1000 [1:39:22<4:37:54, 22.90s/it]Best trial: 246. Best value: 244.315:  27%|██▋       | 273/1000 [1:39:22<4:44:29, 23.48s/it]                                                                                            Best trial: 246. Best value: 244.315:  27%|██▋       | 273/1000 [1:39:46<4:44:29, 23.48s/it]Best trial: 246. Best value: 244.315:  27%|██▋       | 273/1000 [1:39:46<4:44:29, 23.48s/it]Best trial: 246. Best value: 244.315:  27%|██▋       | 274/1000 [1:39:46<4:45:00, 23.55s/it]                                                                                            Best trial: 246. Best value: 244.315:  27%|██▋       | 274/1000 [1:40:27<4:45:00, 23.55s/it]Best trial: 246. Best value: 244.315:  27%|██▋       | 274/1000 [1:40:27<4:45:00, 23.55s/it]Best trial: 246. Best value: 244.315:  28%|██▊       | 275/1000 [1:40:27<5:50:40, 29.02s/it]                                                                                            Best trial: 246. Best value: 244.315:  28%|██▊       | 275/1000 [1:40:52<5:50:40, 29.02s/it]Best trial: 246. Best value: 244.315:  28%|██▊       | 275/1000 [1:40:52<5:50:40, 29.02s/it]Best trial: 246. Best value: 244.315:  28%|██▊       | 276/1000 [1:40:52<5:33:50, 27.67s/it]                                                                                            Best trial: 246. Best value: 244.315:  28%|██▊       | 276/1000 [1:41:35<5:33:50, 27.67s/it]Best trial: 246. Best value: 244.315:  28%|██▊       | 276/1000 [1:41:35<5:33:50, 27.67s/it]Best trial: 246. Best value: 244.315:  28%|██▊       | 277/1000 [1:41:35<6:29:16, 32.31s/it]                                                                                            Best trial: 246. Best value: 244.315:  28%|██▊       | 277/1000 [1:42:17<6:29:16, 32.31s/it]Best trial: 246. Best value: 244.315:  28%|██▊       | 277/1000 [1:42:17<6:29:16, 32.31s/it]Best trial: 246. Best value: 244.315:  28%|██▊       | 278/1000 [1:42:17<7:05:06, 35.33s/it]                                                                                            Best trial: 246. Best value: 244.315:  28%|██▊       | 278/1000 [1:42:25<7:05:06, 35.33s/it]Best trial: 246. Best value: 244.315:  28%|██▊       | 278/1000 [1:42:25<7:05:06, 35.33s/it]Best trial: 246. Best value: 244.315:  28%|██▊       | 279/1000 [1:42:25<5:25:08, 27.06s/it]                                                                                            Best trial: 246. Best value: 244.315:  28%|██▊       | 279/1000 [1:42:50<5:25:08, 27.06s/it]Best trial: 246. Best value: 244.315:  28%|██▊       | 279/1000 [1:42:50<5:25:08, 27.06s/it]Best trial: 246. Best value: 244.315:  28%|██▊       | 280/1000 [1:42:50<5:17:11, 26.43s/it]                                                                                            Best trial: 246. Best value: 244.315:  28%|██▊       | 280/1000 [1:43:15<5:17:11, 26.43s/it]Best trial: 246. Best value: 244.315:  28%|██▊       | 280/1000 [1:43:15<5:17:11, 26.43s/it]Best trial: 246. Best value: 244.315:  28%|██▊       | 281/1000 [1:43:15<5:10:34, 25.92s/it]                                                                                            Best trial: 246. Best value: 244.315:  28%|██▊       | 281/1000 [1:43:29<5:10:34, 25.92s/it]Best trial: 246. Best value: 244.315:  28%|██▊       | 281/1000 [1:43:29<5:10:34, 25.92s/it]Best trial: 246. Best value: 244.315:  28%|██▊       | 282/1000 [1:43:29<4:28:28, 22.44s/it]                                                                                            Best trial: 246. Best value: 244.315:  28%|██▊       | 282/1000 [1:43:52<4:28:28, 22.44s/it]Best trial: 246. Best value: 244.315:  28%|██▊       | 282/1000 [1:43:52<4:28:28, 22.44s/it]Best trial: 246. Best value: 244.315:  28%|██▊       | 283/1000 [1:43:52<4:28:28, 22.47s/it]                                                                                            Best trial: 246. Best value: 244.315:  28%|██▊       | 283/1000 [1:43:59<4:28:28, 22.47s/it]Best trial: 246. Best value: 244.315:  28%|██▊       | 283/1000 [1:43:59<4:28:28, 22.47s/it]Best trial: 246. Best value: 244.315:  28%|██▊       | 284/1000 [1:43:59<3:34:21, 17.96s/it]                                                                                            Best trial: 246. Best value: 244.315:  28%|██▊       | 284/1000 [1:44:43<3:34:21, 17.96s/it]Best trial: 246. Best value: 244.315:  28%|██▊       | 284/1000 [1:44:43<3:34:21, 17.96s/it]Best trial: 246. Best value: 244.315:  28%|██▊       | 285/1000 [1:44:43<5:07:06, 25.77s/it]                                                                                            Best trial: 246. Best value: 244.315:  28%|██▊       | 285/1000 [1:45:23<5:07:06, 25.77s/it]Best trial: 246. Best value: 244.315:  28%|██▊       | 285/1000 [1:45:23<5:07:06, 25.77s/it]Best trial: 246. Best value: 244.315:  29%|██▊       | 286/1000 [1:45:23<5:58:24, 30.12s/it]                                                                                            Best trial: 246. Best value: 244.315:  29%|██▊       | 286/1000 [1:46:05<5:58:24, 30.12s/it]Best trial: 246. Best value: 244.315:  29%|██▊       | 286/1000 [1:46:05<5:58:24, 30.12s/it]Best trial: 246. Best value: 244.315:  29%|██▊       | 287/1000 [1:46:05<6:39:54, 33.65s/it]                                                                                            Best trial: 246. Best value: 244.315:  29%|██▊       | 287/1000 [1:46:50<6:39:54, 33.65s/it]Best trial: 246. Best value: 244.315:  29%|██▊       | 287/1000 [1:46:50<6:39:54, 33.65s/it]Best trial: 246. Best value: 244.315:  29%|██▉       | 288/1000 [1:46:50<7:16:47, 36.81s/it]                                                                                            Best trial: 246. Best value: 244.315:  29%|██▉       | 288/1000 [1:47:04<7:16:47, 36.81s/it]Best trial: 246. Best value: 244.315:  29%|██▉       | 288/1000 [1:47:04<7:16:47, 36.81s/it]Best trial: 246. Best value: 244.315:  29%|██▉       | 289/1000 [1:47:04<5:57:10, 30.14s/it]                                                                                            [32m[I 2023-05-15 01:07:43,704][0m Trial 261 finished with value: 1390.4410504284865 and parameters: {'c1': 2.805959650428882, 'c2': 0.05739716811207951, 'eps': 2.101320731452462, 'horizon': 4, 'discount': 0.8157428401977251}. Best is trial 246 with value: 244.31507276371707.[0m
[32m[I 2023-05-15 01:07:50,786][0m Trial 262 finished with value: 411.8340752457475 and parameters: {'c1': 2.976790305368522, 'c2': 0.5082839714694348, 'eps': 1.7156107733696375, 'horizon': 2, 'discount': 0.8057198439146042}. Best is trial 246 with value: 244.31507276371707.[0m
[32m[I 2023-05-15 01:08:32,004][0m Trial 263 finished with value: 360.57147185558523 and parameters: {'c1': 2.521631528327455, 'c2': 1.1676448528219512, 'eps': 1.5801553549088323, 'horizon': 5, 'discount': 0.7728185150216573}. Best is trial 246 with value: 244.31507276371707.[0m
[32m[I 2023-05-15 01:08:45,943][0m Trial 264 finished with value: 1360.743497353612 and parameters: {'c1': 0.9484550804977909, 'c2': 0.6859557196968972, 'eps': 2.6650874033850696, 'horizon': 3, 'discount': 0.867482627461118}. Best is trial 246 with value: 244.31507276371707.[0m
[32m[I 2023-05-15 01:09:26,895][0m Trial 265 finished with value: 938.4827535291222 and parameters: {'c1': 1.4890837906030672, 'c2': 1.7456609089564785, 'eps': 0.8562257090995283, 'horizon': 5, 'discount': 0.6198921396595322}. Best is trial 246 with value: 244.31507276371707.[0m
[32m[I 2023-05-15 01:09:51,996][0m Trial 266 finished with value: 569.8208488480232 and parameters: {'c1': 0.9811914767632435, 'c2': 0.9316788738597994, 'eps': 1.6418082333230333, 'horizon': 4, 'discount': 0.7017996760032452}. Best is trial 246 with value: 244.31507276371707.[0m
[32m[I 2023-05-15 01:10:00,232][0m Trial 267 finished with value: 1204.6948517038834 and parameters: {'c1': 2.9648455049299782, 'c2': 2.9566549702663725, 'eps': 1.1136530134494447, 'horizon': 2, 'discount': 0.8343981211743551}. Best is trial 246 with value: 244.31507276371707.[0m
[32m[I 2023-05-15 01:10:14,801][0m Trial 268 finished with value: 1047.8794582780033 and parameters: {'c1': 2.1436980307458584, 'c2': 0.37138154215774377, 'eps': 1.9768921586321142, 'horizon': 3, 'discount': 0.9158498338747433}. Best is trial 246 with value: 244.31507276371707.[0m
[32m[I 2023-05-15 01:10:55,466][0m Trial 269 finished with value: 1576.059549671702 and parameters: {'c1': 1.2690268988483835, 'c2': 1.9868970729562294, 'eps': 1.4329389616300934, 'horizon': 5, 'discount': 0.9131201962502915}. Best is trial 246 with value: 244.31507276371707.[0m
[32m[I 2023-05-15 01:11:33,274][0m Trial 270 finished with value: 708.2893833194437 and parameters: {'c1': 0.12727239508176602, 'c2': 0.6781429497181926, 'eps': 2.4822063166313586, 'horizon': 5, 'discount': 0.650721946162795}. Best is trial 246 with value: 244.31507276371707.[0m
[32m[I 2023-05-15 01:11:40,748][0m Trial 271 finished with value: 1186.0176157247938 and parameters: {'c1': 1.7851624994531388, 'c2': 1.0584463737433227, 'eps': 0.5102959431672494, 'horizon': 2, 'discount': 0.77255863017244}. Best is trial 246 with value: 244.31507276371707.[0m
[32m[I 2023-05-15 01:12:05,568][0m Trial 272 finished with value: 814.5593295633244 and parameters: {'c1': 1.698108446332229, 'c2': 1.953833528416414, 'eps': 1.6357501531556784, 'horizon': 4, 'discount': 0.87454413436056}. Best is trial 246 with value: 244.31507276371707.[0m
[32m[I 2023-05-15 01:12:29,296][0m Trial 273 finished with value: 588.8195694884663 and parameters: {'c1': 0.1790005955962266, 'c2': 1.5028037844401232, 'eps': 0.4529004734901402, 'horizon': 4, 'discount': 0.9077322516652772}. Best is trial 246 with value: 244.31507276371707.[0m
[32m[I 2023-05-15 01:13:11,076][0m Trial 274 finished with value: 1451.83920368864 and parameters: {'c1': 0.06017838578389112, 'c2': 2.778659782289361, 'eps': 2.8482365055862418, 'horizon': 5, 'discount': 0.7713541817849834}. Best is trial 246 with value: 244.31507276371707.[0m
[32m[I 2023-05-15 01:13:35,582][0m Trial 275 finished with value: 1216.8593186003268 and parameters: {'c1': 2.0177797640613817, 'c2': 1.975976501359844, 'eps': 0.9086982658724441, 'horizon': 4, 'discount': 0.7045302809543179}. Best is trial 246 with value: 244.31507276371707.[0m
[32m[I 2023-05-15 01:14:18,710][0m Trial 276 finished with value: 1081.863691071755 and parameters: {'c1': 1.4146534756176399, 'c2': 2.3594018239096832, 'eps': 1.633047296960497, 'horizon': 5, 'discount': 0.7426723461074483}. Best is trial 246 with value: 244.31507276371707.[0m
[32m[I 2023-05-15 01:15:01,089][0m Trial 277 finished with value: 1209.3003047973154 and parameters: {'c1': 1.7525182769529897, 'c2': 1.9552268858402142, 'eps': 1.2857938422183923, 'horizon': 5, 'discount': 0.6661878736594081}. Best is trial 246 with value: 244.31507276371707.[0m
[32m[I 2023-05-15 01:15:08,849][0m Trial 278 finished with value: 1088.1908558332484 and parameters: {'c1': 0.5851508860785634, 'c2': 1.3361738403189714, 'eps': 1.0697292418998683, 'horizon': 2, 'discount': 0.6643544313250699}. Best is trial 246 with value: 244.31507276371707.[0m
[32m[I 2023-05-15 01:15:33,825][0m Trial 279 finished with value: 481.97651856332476 and parameters: {'c1': 2.8062843870954897, 'c2': 0.5398223041991241, 'eps': 0.5947420877198818, 'horizon': 4, 'discount': 0.8554729598364279}. Best is trial 246 with value: 244.31507276371707.[0m
[32m[I 2023-05-15 01:15:58,541][0m Trial 280 finished with value: 1596.939171901034 and parameters: {'c1': 1.7500767197837956, 'c2': 1.5889532115156073, 'eps': 1.570522882064459, 'horizon': 4, 'discount': 0.7619728350766742}. Best is trial 246 with value: 244.31507276371707.[0m
[32m[I 2023-05-15 01:16:12,850][0m Trial 281 finished with value: 952.0493884967552 and parameters: {'c1': 0.7657095592993081, 'c2': 2.502256722533427, 'eps': 2.652887887099251, 'horizon': 3, 'discount': 0.8314129935733776}. Best is trial 246 with value: 244.31507276371707.[0m
[32m[I 2023-05-15 01:16:35,391][0m Trial 282 finished with value: 1394.407325191255 and parameters: {'c1': 2.0422121640558992, 'c2': 0.41422860176834575, 'eps': 0.556216183616267, 'horizon': 4, 'discount': 0.9699609896287059}. Best is trial 246 with value: 244.31507276371707.[0m
[32m[I 2023-05-15 01:16:42,842][0m Trial 283 finished with value: 884.1138814903617 and parameters: {'c1': 2.630942883818231, 'c2': 0.9749981391862125, 'eps': 0.22058532192019548, 'horizon': 2, 'discount': 0.8928495165076851}. Best is trial 246 with value: 244.31507276371707.[0m
[32m[I 2023-05-15 01:17:26,833][0m Trial 284 finished with value: 490.832200509099 and parameters: {'c1': 2.8369160608582034, 'c2': 0.568031208160329, 'eps': 1.9602040646624255, 'horizon': 5, 'discount': 0.8756028004232621}. Best is trial 246 with value: 244.31507276371707.[0m
[32m[I 2023-05-15 01:18:07,096][0m Trial 285 finished with value: 1198.9781995551791 and parameters: {'c1': 1.2997946967611393, 'c2': 1.9238360174848603, 'eps': 2.3449966159281113, 'horizon': 5, 'discount': 0.6982804209862952}. Best is trial 246 with value: 244.31507276371707.[0m
[32m[I 2023-05-15 01:18:48,997][0m Trial 286 finished with value: 1441.0088644909424 and parameters: {'c1': 1.5686974793570183, 'c2': 2.507907105704221, 'eps': 1.1179563418301213, 'horizon': 5, 'discount': 0.7199728833829082}. Best is trial 246 with value: 244.31507276371707.[0m
[32m[I 2023-05-15 01:19:33,166][0m Trial 287 finished with value: 1314.433435835294 and parameters: {'c1': 2.1076604107394488, 'c2': 2.7152824409251735, 'eps': 2.2994096329203098, 'horizon': 5, 'discount': 0.8018738626442188}. Best is trial 246 with value: 244.31507276371707.[0m
[32m[I 2023-05-15 01:19:47,754][0m Trial 288 finished with value: 1186.0030979041674 and parameters: {'c1': 0.6602860287967353, 'c2': 2.8876455785984194, 'eps': 2.5966100614985934, 'horizon': 3, 'discount': 0.6301173619717134}. Best is trial 246 with value: 244.31507276371707.[0m
