Best trial: 55. Best value: 244.484:  17%|█▋        | 174/1000 [1:04:29<3:49:38, 16.68s/it]Best trial: 55. Best value: 244.484:  17%|█▋        | 174/1000 [1:04:29<3:49:38, 16.68s/it]Best trial: 55. Best value: 244.484:  18%|█▊        | 175/1000 [1:04:29<3:41:01, 16.07s/it]                                                                                           Best trial: 55. Best value: 244.484:  18%|█▊        | 175/1000 [1:04:42<3:41:01, 16.07s/it]Best trial: 55. Best value: 244.484:  18%|█▊        | 175/1000 [1:04:42<3:41:01, 16.07s/it]Best trial: 55. Best value: 244.484:  18%|█▊        | 176/1000 [1:04:42<3:29:20, 15.24s/it]                                                                                           Best trial: 55. Best value: 244.484:  18%|█▊        | 176/1000 [1:04:58<3:29:20, 15.24s/it]Best trial: 55. Best value: 244.484:  18%|█▊        | 176/1000 [1:04:58<3:29:20, 15.24s/it]Best trial: 55. Best value: 244.484:  18%|█▊        | 177/1000 [1:04:58<3:29:02, 15.24s/it]                                                                                           Best trial: 55. Best value: 244.484:  18%|█▊        | 177/1000 [1:05:39<3:29:02, 15.24s/it]Best trial: 55. Best value: 244.484:  18%|█▊        | 177/1000 [1:05:39<3:29:02, 15.24s/it]Best trial: 55. Best value: 244.484:  18%|█▊        | 178/1000 [1:05:39<5:17:45, 23.19s/it]                                                                                           Best trial: 55. Best value: 244.484:  18%|█▊        | 178/1000 [1:05:47<5:17:45, 23.19s/it]Best trial: 55. Best value: 244.484:  18%|█▊        | 178/1000 [1:05:47<5:17:45, 23.19s/it]Best trial: 55. Best value: 244.484:  18%|█▊        | 179/1000 [1:05:47<4:12:27, 18.45s/it]                                                                                           Best trial: 55. Best value: 244.484:  18%|█▊        | 179/1000 [1:06:28<4:12:27, 18.45s/it]Best trial: 55. Best value: 244.484:  18%|█▊        | 179/1000 [1:06:28<4:12:27, 18.45s/it]Best trial: 55. Best value: 244.484:  18%|█▊        | 180/1000 [1:06:28<5:44:25, 25.20s/it]                                                                                           Best trial: 55. Best value: 244.484:  18%|█▊        | 180/1000 [1:06:51<5:44:25, 25.20s/it]Best trial: 55. Best value: 244.484:  18%|█▊        | 180/1000 [1:06:51<5:44:25, 25.20s/it]Best trial: 55. Best value: 244.484:  18%|█▊        | 181/1000 [1:06:51<5:35:50, 24.60s/it]                                                                                           Best trial: 55. Best value: 244.484:  18%|█▊        | 181/1000 [1:07:14<5:35:50, 24.60s/it]Best trial: 55. Best value: 244.484:  18%|█▊        | 181/1000 [1:07:14<5:35:50, 24.60s/it]Best trial: 55. Best value: 244.484:  18%|█▊        | 182/1000 [1:07:14<5:29:49, 24.19s/it]                                                                                           Best trial: 55. Best value: 244.484:  18%|█▊        | 182/1000 [1:07:39<5:29:49, 24.19s/it]Best trial: 55. Best value: 244.484:  18%|█▊        | 182/1000 [1:07:39<5:29:49, 24.19s/it]Best trial: 55. Best value: 244.484:  18%|█▊        | 183/1000 [1:07:39<5:31:20, 24.33s/it]                                                                                           Best trial: 55. Best value: 244.484:  18%|█▊        | 183/1000 [1:08:20<5:31:20, 24.33s/it]Best trial: 55. Best value: 244.484:  18%|█▊        | 183/1000 [1:08:20<5:31:20, 24.33s/it]Best trial: 55. Best value: 244.484:  18%|█▊        | 184/1000 [1:08:20<6:37:53, 29.26s/it]                                                                                           Best trial: 55. Best value: 244.484:  18%|█▊        | 184/1000 [1:08:27<6:37:53, 29.26s/it]Best trial: 55. Best value: 244.484:  18%|█▊        | 184/1000 [1:08:27<6:37:53, 29.26s/it]Best trial: 55. Best value: 244.484:  18%|█▊        | 185/1000 [1:08:27<5:08:24, 22.70s/it]                                                                                           Best trial: 55. Best value: 244.484:  18%|█▊        | 185/1000 [1:08:34<5:08:24, 22.70s/it]Best trial: 55. Best value: 244.484:  18%|█▊        | 185/1000 [1:08:34<5:08:24, 22.70s/it]Best trial: 55. Best value: 244.484:  19%|█▊        | 186/1000 [1:08:34<4:03:41, 17.96s/it]                                                                                           Best trial: 55. Best value: 244.484:  19%|█▊        | 186/1000 [1:08:47<4:03:41, 17.96s/it]Best trial: 55. Best value: 244.484:  19%|█▊        | 186/1000 [1:08:47<4:03:41, 17.96s/it]Best trial: 55. Best value: 244.484:  19%|█▊        | 187/1000 [1:08:47<3:45:45, 16.66s/it]                                                                                           Best trial: 55. Best value: 244.484:  19%|█▊        | 187/1000 [1:09:27<3:45:45, 16.66s/it]Best trial: 55. Best value: 244.484:  19%|█▊        | 187/1000 [1:09:27<3:45:45, 16.66s/it]Best trial: 55. Best value: 244.484:  19%|█▉        | 188/1000 [1:09:27<5:20:20, 23.67s/it]                                                                                           Best trial: 55. Best value: 244.484:  19%|█▉        | 188/1000 [1:09:51<5:20:20, 23.67s/it]Best trial: 55. Best value: 244.484:  19%|█▉        | 188/1000 [1:09:51<5:20:20, 23.67s/it]Best trial: 55. Best value: 244.484:  19%|█▉        | 189/1000 [1:09:51<5:17:57, 23.52s/it]                                                                                           Best trial: 55. Best value: 244.484:  19%|█▉        | 189/1000 [1:10:03<5:17:57, 23.52s/it]Best trial: 55. Best value: 244.484:  19%|█▉        | 189/1000 [1:10:03<5:17:57, 23.52s/it]Best trial: 55. Best value: 244.484:  19%|█▉        | 190/1000 [1:10:03<4:31:15, 20.09s/it]                                                                                           Best trial: 55. Best value: 244.484:  19%|█▉        | 190/1000 [1:10:17<4:31:15, 20.09s/it]Best trial: 55. Best value: 244.484:  19%|█▉        | 190/1000 [1:10:17<4:31:15, 20.09s/it]Best trial: 55. Best value: 244.484:  19%|█▉        | 191/1000 [1:10:17<4:06:28, 18.28s/it]                                                                                           Best trial: 55. Best value: 244.484:  19%|█▉        | 191/1000 [1:10:25<4:06:28, 18.28s/it]Best trial: 55. Best value: 244.484:  19%|█▉        | 191/1000 [1:10:25<4:06:28, 18.28s/it]Best trial: 55. Best value: 244.484:  19%|█▉        | 192/1000 [1:10:25<3:24:13, 15.17s/it]                                                                                           Best trial: 55. Best value: 244.484:  19%|█▉        | 192/1000 [1:10:39<3:24:13, 15.17s/it]Best trial: 55. Best value: 244.484:  19%|█▉        | 192/1000 [1:10:39<3:24:13, 15.17s/it]Best trial: 55. Best value: 244.484:  19%|█▉        | 193/1000 [1:10:39<3:19:53, 14.86s/it]                                                                                           Best trial: 55. Best value: 244.484:  19%|█▉        | 193/1000 [1:11:03<3:19:53, 14.86s/it]Best trial: 55. Best value: 244.484:  19%|█▉        | 193/1000 [1:11:03<3:19:53, 14.86s/it]Best trial: 55. Best value: 244.484:  19%|█▉        | 194/1000 [1:11:03<3:57:11, 17.66s/it]                                                                                           Best trial: 55. Best value: 244.484:  19%|█▉        | 194/1000 [1:11:11<3:57:11, 17.66s/it]Best trial: 55. Best value: 244.484:  19%|█▉        | 194/1000 [1:11:11<3:57:11, 17.66s/it]Best trial: 55. Best value: 244.484:  20%|█▉        | 195/1000 [1:11:11<3:17:31, 14.72s/it]                                                                                           Best trial: 55. Best value: 244.484:  20%|█▉        | 195/1000 [1:11:48<3:17:31, 14.72s/it]Best trial: 55. Best value: 244.484:  20%|█▉        | 195/1000 [1:11:48<3:17:31, 14.72s/it]Best trial: 55. Best value: 244.484:  20%|█▉        | 196/1000 [1:11:48<4:48:35, 21.54s/it]                                                                                           Best trial: 55. Best value: 244.484:  20%|█▉        | 196/1000 [1:11:56<4:48:35, 21.54s/it]Best trial: 55. Best value: 244.484:  20%|█▉        | 196/1000 [1:11:56<4:48:35, 21.54s/it]Best trial: 55. Best value: 244.484:  20%|█▉        | 197/1000 [1:11:56<3:52:57, 17.41s/it]                                                                                           Best trial: 55. Best value: 244.484:  20%|█▉        | 197/1000 [1:12:03<3:52:57, 17.41s/it]Best trial: 55. Best value: 244.484:  20%|█▉        | 197/1000 [1:12:03<3:52:57, 17.41s/it]Best trial: 55. Best value: 244.484:  20%|█▉        | 198/1000 [1:12:03<3:12:15, 14.38s/it]                                                                                           Best trial: 55. Best value: 244.484:  20%|█▉        | 198/1000 [1:12:18<3:12:15, 14.38s/it]Best trial: 55. Best value: 244.484:  20%|█▉        | 198/1000 [1:12:18<3:12:15, 14.38s/it]Best trial: 55. Best value: 244.484:  20%|█▉        | 199/1000 [1:12:18<3:10:43, 14.29s/it]                                                                                           Best trial: 55. Best value: 244.484:  20%|█▉        | 199/1000 [1:12:59<3:10:43, 14.29s/it]Best trial: 55. Best value: 244.484:  20%|█▉        | 199/1000 [1:12:59<3:10:43, 14.29s/it]Best trial: 55. Best value: 244.484:  20%|██        | 200/1000 [1:12:59<4:59:07, 22.43s/it]                                                                                           Best trial: 55. Best value: 244.484:  20%|██        | 200/1000 [1:13:14<4:59:07, 22.43s/it]Best trial: 55. Best value: 244.484:  20%|██        | 200/1000 [1:13:14<4:59:07, 22.43s/it]Best trial: 55. Best value: 244.484:  20%|██        | 201/1000 [1:13:14<4:29:39, 20.25s/it]                                                                                           Best trial: 55. Best value: 244.484:  20%|██        | 201/1000 [1:13:22<4:29:39, 20.25s/it]Best trial: 55. Best value: 244.484:  20%|██        | 201/1000 [1:13:22<4:29:39, 20.25s/it]Best trial: 55. Best value: 244.484:  20%|██        | 202/1000 [1:13:22<3:41:35, 16.66s/it]                                                                                           Best trial: 55. Best value: 244.484:  20%|██        | 202/1000 [1:13:36<3:41:35, 16.66s/it]Best trial: 55. Best value: 244.484:  20%|██        | 202/1000 [1:13:36<3:41:35, 16.66s/it]Best trial: 55. Best value: 244.484:  20%|██        | 203/1000 [1:13:36<3:27:35, 15.63s/it]                                                                                           [32m[I 2023-05-15 00:37:12,680][0m Trial 174 finished with value: 706.9840465967519 and parameters: {'c1': 2.0469997108843785, 'c2': 2.8460256525547365, 'eps': 0.22047623769222696, 'horizon': 3, 'discount': 0.7246736252646453}. Best is trial 55 with value: 244.48419672566837.[0m
[32m[I 2023-05-15 00:37:25,980][0m Trial 175 finished with value: 268.5142654032032 and parameters: {'c1': 2.403413019647189, 'c2': 0.4302695916542978, 'eps': 1.7497632505790086, 'horizon': 3, 'discount': 0.6761768687345611}. Best is trial 55 with value: 244.48419672566837.[0m
[32m[I 2023-05-15 00:37:41,213][0m Trial 176 finished with value: 582.4468191732406 and parameters: {'c1': 0.14322364352985784, 'c2': 2.985226540773826, 'eps': 0.23352201897821587, 'horizon': 3, 'discount': 0.9337094188775095}. Best is trial 55 with value: 244.48419672566837.[0m
[32m[I 2023-05-15 00:38:22,967][0m Trial 177 finished with value: 1096.5087545997396 and parameters: {'c1': 1.6931938409781122, 'c2': 1.6464403902417994, 'eps': 1.0989303896268205, 'horizon': 5, 'discount': 0.8444920851689098}. Best is trial 55 with value: 244.48419672566837.[0m
[32m[I 2023-05-15 00:38:30,348][0m Trial 178 finished with value: 1925.8305460197257 and parameters: {'c1': 1.3346782622341218, 'c2': 2.216174237940003, 'eps': 1.3946291609390713, 'horizon': 2, 'discount': 0.7390998846443585}. Best is trial 55 with value: 244.48419672566837.[0m
[32m[I 2023-05-15 00:39:11,304][0m Trial 179 finished with value: 1323.1527973800594 and parameters: {'c1': 0.2905158012752469, 'c2': 0.8784723993202854, 'eps': 0.8757517266693593, 'horizon': 5, 'discount': 0.765553805019599}. Best is trial 55 with value: 244.48419672566837.[0m
[32m[I 2023-05-15 00:39:34,513][0m Trial 180 finished with value: 801.5048658622777 and parameters: {'c1': 0.03694992227897864, 'c2': 1.7526920223787381, 'eps': 2.78127384249194, 'horizon': 4, 'discount': 0.7639087116373421}. Best is trial 55 with value: 244.48419672566837.[0m
[32m[I 2023-05-15 00:39:57,744][0m Trial 181 finished with value: 373.9695376178249 and parameters: {'c1': 1.141495752415129, 'c2': 0.44795129134013745, 'eps': 0.48447671132663583, 'horizon': 4, 'discount': 0.9352628701160722}. Best is trial 55 with value: 244.48419672566837.[0m
[32m[I 2023-05-15 00:40:22,409][0m Trial 182 finished with value: 1292.3470863225534 and parameters: {'c1': 0.40356152602801587, 'c2': 2.315038996728789, 'eps': 1.5051273751494212, 'horizon': 4, 'discount': 0.8547141471845232}. Best is trial 55 with value: 244.48419672566837.[0m
[32m[I 2023-05-15 00:41:03,152][0m Trial 183 finished with value: 719.7943131276497 and parameters: {'c1': 2.377609800768407, 'c2': 0.14796491879076146, 'eps': 1.985049396504376, 'horizon': 5, 'discount': 0.971196984800703}. Best is trial 55 with value: 244.48419672566837.[0m
[32m[I 2023-05-15 00:41:10,569][0m Trial 184 finished with value: 1285.1386784710862 and parameters: {'c1': 0.8790487430792476, 'c2': 2.1479016886355238, 'eps': 1.5879040394624293, 'horizon': 2, 'discount': 0.9557761492882084}. Best is trial 55 with value: 244.48419672566837.[0m
[32m[I 2023-05-15 00:41:17,467][0m Trial 185 finished with value: 754.0962741756892 and parameters: {'c1': 0.25421425309728873, 'c2': 1.5569294049459852, 'eps': 1.4234089656191293, 'horizon': 2, 'discount': 0.8886594440997505}. Best is trial 55 with value: 244.48419672566837.[0m
[32m[I 2023-05-15 00:41:31,092][0m Trial 186 finished with value: 1750.6440029994315 and parameters: {'c1': 2.7749142050833346, 'c2': 0.5074241025938958, 'eps': 1.919429590619984, 'horizon': 3, 'discount': 0.86498812481142}. Best is trial 55 with value: 244.48419672566837.[0m
[32m[I 2023-05-15 00:42:11,118][0m Trial 187 finished with value: 810.5608261408161 and parameters: {'c1': 2.5398160882012464, 'c2': 0.40592052945976376, 'eps': 2.165264601598315, 'horizon': 5, 'discount': 0.7223003080357995}. Best is trial 55 with value: 244.48419672566837.[0m
[32m[I 2023-05-15 00:42:34,297][0m Trial 188 finished with value: 811.1540523621072 and parameters: {'c1': 0.38887470539439406, 'c2': 1.2863217565107425, 'eps': 0.192920536951432, 'horizon': 4, 'discount': 0.9432728763820941}. Best is trial 55 with value: 244.48419672566837.[0m
[32m[I 2023-05-15 00:42:46,385][0m Trial 189 finished with value: 311.90080605111297 and parameters: {'c1': 0.26106423436508286, 'c2': 0.2113894295827209, 'eps': 0.5689059946779247, 'horizon': 3, 'discount': 0.6975435111279937}. Best is trial 55 with value: 244.48419672566837.[0m
[32m[I 2023-05-15 00:43:00,435][0m Trial 190 finished with value: 1860.8140784913376 and parameters: {'c1': 0.5510420543347785, 'c2': 1.8766444443049262, 'eps': 0.3831129807732212, 'horizon': 3, 'discount': 0.9003235141266726}. Best is trial 55 with value: 244.48419672566837.[0m
[32m[I 2023-05-15 00:43:08,333][0m Trial 191 finished with value: 1273.0672002202075 and parameters: {'c1': 1.1003127128833272, 'c2': 2.454879538633589, 'eps': 2.3405034440046055, 'horizon': 2, 'discount': 0.7195728368809531}. Best is trial 55 with value: 244.48419672566837.[0m
[32m[I 2023-05-15 00:43:22,488][0m Trial 192 finished with value: 661.4273654881273 and parameters: {'c1': 2.7221477907126186, 'c2': 0.9635056226667607, 'eps': 2.8986704523273445, 'horizon': 3, 'discount': 0.9089247706628732}. Best is trial 55 with value: 244.48419672566837.[0m
[32m[I 2023-05-15 00:43:46,666][0m Trial 193 finished with value: 1013.6382958230074 and parameters: {'c1': 0.9981505680704583, 'c2': 1.3876972373402274, 'eps': 2.01812885974064, 'horizon': 4, 'discount': 0.7904730882411661}. Best is trial 55 with value: 244.48419672566837.[0m
[32m[I 2023-05-15 00:43:54,541][0m Trial 194 finished with value: 568.2510531525785 and parameters: {'c1': 1.435183097315472, 'c2': 1.3311281982095462, 'eps': 1.7092779640890878, 'horizon': 2, 'discount': 0.9329649989617661}. Best is trial 55 with value: 244.48419672566837.[0m
[32m[I 2023-05-15 00:44:31,978][0m Trial 195 finished with value: 539.2969221115716 and parameters: {'c1': 2.630825700611896, 'c2': 0.14006130625615754, 'eps': 0.11681503852292383, 'horizon': 5, 'discount': 0.6166264172485182}. Best is trial 55 with value: 244.48419672566837.[0m
[32m[I 2023-05-15 00:44:39,746][0m Trial 196 finished with value: 1185.3142123492544 and parameters: {'c1': 2.8243612581942386, 'c2': 1.1550579346043166, 'eps': 1.9333943088299537, 'horizon': 2, 'discount': 0.6459623926304718}. Best is trial 55 with value: 244.48419672566837.[0m
[32m[I 2023-05-15 00:44:47,077][0m Trial 197 finished with value: 337.32088069937186 and parameters: {'c1': 2.6788498644802674, 'c2': 0.19655789740665663, 'eps': 2.4818008970839642, 'horizon': 2, 'discount': 0.8808088237148618}. Best is trial 55 with value: 244.48419672566837.[0m
[32m[I 2023-05-15 00:45:01,139][0m Trial 198 finished with value: 592.7604498167059 and parameters: {'c1': 1.5038292202367267, 'c2': 0.31964140557018794, 'eps': 2.0932561214127148, 'horizon': 3, 'discount': 0.965134559758428}. Best is trial 55 with value: 244.48419672566837.[0m
[32m[I 2023-05-15 00:45:42,583][0m Trial 199 finished with value: 432.9634358021527 and parameters: {'c1': 0.3345158365300055, 'c2': 2.927429524606967, 'eps': 2.635910266210938, 'horizon': 5, 'discount': 0.902028481760151}. Best is trial 55 with value: 244.48419672566837.[0m
[32m[I 2023-05-15 00:45:57,736][0m Trial 200 finished with value: 1247.335772677186 and parameters: {'c1': 1.3765020770064618, 'c2': 2.9931213492260595, 'eps': 0.5981399289930145, 'horizon': 3, 'discount': 0.8474256646744389}. Best is trial 55 with value: 244.48419672566837.[0m
[32m[I 2023-05-15 00:46:06,022][0m Trial 201 finished with value: 1191.6924521179901 and parameters: {'c1': 2.1913798217344413, 'c2': 0.3932004483771211, 'eps': 2.260454486677754, 'horizon': 2, 'discount': 0.6970275607391047}. Best is trial 55 with value: 244.48419672566837.[0m
[32m[I 2023-05-15 00:46:19,242][0m Trial 202 finished with value: 1361.61901964453 and parameters: {'c1': 1.3311089303625314, 'c2': 0.6116090139096316, 'eps': 2.350002856453499, 'horizon': 3, 'discount': 0.8081324064578491}. Best is trial 55 with value: 244.48419672566837.[0m
