Best trial: 246. Best value: 244.315:  40%|████      | 402/1000 [2:29:41<3:53:02, 23.38s/it]Best trial: 246. Best value: 244.315:  40%|████      | 402/1000 [2:29:41<3:53:02, 23.38s/it]Best trial: 246. Best value: 244.315:  40%|████      | 403/1000 [2:29:41<3:53:04, 23.43s/it]                                                                                            Best trial: 246. Best value: 244.315:  40%|████      | 403/1000 [2:30:25<3:53:04, 23.43s/it]Best trial: 246. Best value: 244.315:  40%|████      | 403/1000 [2:30:25<3:53:04, 23.43s/it]Best trial: 246. Best value: 244.315:  40%|████      | 404/1000 [2:30:25<4:54:32, 29.65s/it]                                                                                            Best trial: 246. Best value: 244.315:  40%|████      | 404/1000 [2:30:48<4:54:32, 29.65s/it]Best trial: 246. Best value: 244.315:  40%|████      | 404/1000 [2:30:48<4:54:32, 29.65s/it]Best trial: 246. Best value: 244.315:  40%|████      | 405/1000 [2:30:48<4:35:42, 27.80s/it]                                                                                            Best trial: 246. Best value: 244.315:  40%|████      | 405/1000 [2:31:27<4:35:42, 27.80s/it]Best trial: 246. Best value: 244.315:  40%|████      | 405/1000 [2:31:27<4:35:42, 27.80s/it]Best trial: 246. Best value: 244.315:  41%|████      | 406/1000 [2:31:27<5:07:28, 31.06s/it]                                                                                            Best trial: 246. Best value: 244.315:  41%|████      | 406/1000 [2:31:35<5:07:28, 31.06s/it]Best trial: 246. Best value: 244.315:  41%|████      | 406/1000 [2:31:35<5:07:28, 31.06s/it]Best trial: 246. Best value: 244.315:  41%|████      | 407/1000 [2:31:35<3:57:41, 24.05s/it]                                                                                            Best trial: 246. Best value: 244.315:  41%|████      | 407/1000 [2:32:17<3:57:41, 24.05s/it]Best trial: 246. Best value: 244.315:  41%|████      | 407/1000 [2:32:17<3:57:41, 24.05s/it]Best trial: 246. Best value: 244.315:  41%|████      | 408/1000 [2:32:17<4:50:53, 29.48s/it]                                                                                            Best trial: 246. Best value: 244.315:  41%|████      | 408/1000 [2:32:43<4:50:53, 29.48s/it]Best trial: 246. Best value: 244.315:  41%|████      | 408/1000 [2:32:43<4:50:53, 29.48s/it]Best trial: 246. Best value: 244.315:  41%|████      | 409/1000 [2:32:43<4:39:39, 28.39s/it]                                                                                            Best trial: 246. Best value: 244.315:  41%|████      | 409/1000 [2:33:24<4:39:39, 28.39s/it]Best trial: 246. Best value: 244.315:  41%|████      | 409/1000 [2:33:24<4:39:39, 28.39s/it]Best trial: 246. Best value: 244.315:  41%|████      | 410/1000 [2:33:24<5:18:47, 32.42s/it]                                                                                            Best trial: 246. Best value: 244.315:  41%|████      | 410/1000 [2:33:50<5:18:47, 32.42s/it]Best trial: 246. Best value: 244.315:  41%|████      | 410/1000 [2:33:50<5:18:47, 32.42s/it]Best trial: 246. Best value: 244.315:  41%|████      | 411/1000 [2:33:50<4:56:49, 30.24s/it]                                                                                            Best trial: 246. Best value: 244.315:  41%|████      | 411/1000 [2:34:14<4:56:49, 30.24s/it]Best trial: 246. Best value: 244.315:  41%|████      | 411/1000 [2:34:14<4:56:49, 30.24s/it]Best trial: 246. Best value: 244.315:  41%|████      | 412/1000 [2:34:14<4:39:33, 28.53s/it]                                                                                            Best trial: 246. Best value: 244.315:  41%|████      | 412/1000 [2:34:28<4:39:33, 28.53s/it]Best trial: 246. Best value: 244.315:  41%|████      | 412/1000 [2:34:28<4:39:33, 28.53s/it]Best trial: 246. Best value: 244.315:  41%|████▏     | 413/1000 [2:34:28<3:57:07, 24.24s/it]                                                                                            Best trial: 246. Best value: 244.315:  41%|████▏     | 413/1000 [2:34:52<3:57:07, 24.24s/it]Best trial: 246. Best value: 244.315:  41%|████▏     | 413/1000 [2:34:52<3:57:07, 24.24s/it]Best trial: 246. Best value: 244.315:  41%|████▏     | 414/1000 [2:34:52<3:55:32, 24.12s/it]                                                                                            Best trial: 246. Best value: 244.315:  41%|████▏     | 414/1000 [2:35:18<3:55:32, 24.12s/it]Best trial: 246. Best value: 244.315:  41%|████▏     | 414/1000 [2:35:18<3:55:32, 24.12s/it]Best trial: 246. Best value: 244.315:  42%|████▏     | 415/1000 [2:35:18<3:59:01, 24.52s/it]                                                                                            Best trial: 246. Best value: 244.315:  42%|████▏     | 415/1000 [2:35:31<3:59:01, 24.52s/it]Best trial: 246. Best value: 244.315:  42%|████▏     | 415/1000 [2:35:31<3:59:01, 24.52s/it]Best trial: 246. Best value: 244.315:  42%|████▏     | 416/1000 [2:35:31<3:27:30, 21.32s/it]                                                                                            Best trial: 246. Best value: 244.315:  42%|████▏     | 416/1000 [2:36:11<3:27:30, 21.32s/it]Best trial: 246. Best value: 244.315:  42%|████▏     | 416/1000 [2:36:11<3:27:30, 21.32s/it]Best trial: 246. Best value: 244.315:  42%|████▏     | 417/1000 [2:36:11<4:21:22, 26.90s/it]                                                                                            Best trial: 246. Best value: 244.315:  42%|████▏     | 417/1000 [2:36:26<4:21:22, 26.90s/it]Best trial: 246. Best value: 244.315:  42%|████▏     | 417/1000 [2:36:26<4:21:22, 26.90s/it]Best trial: 246. Best value: 244.315:  42%|████▏     | 418/1000 [2:36:26<3:46:00, 23.30s/it]                                                                                            Best trial: 246. Best value: 244.315:  42%|████▏     | 418/1000 [2:36:41<3:46:00, 23.30s/it]Best trial: 246. Best value: 244.315:  42%|████▏     | 418/1000 [2:36:41<3:46:00, 23.30s/it]Best trial: 246. Best value: 244.315:  42%|████▏     | 419/1000 [2:36:41<3:21:15, 20.78s/it]                                                                                            Best trial: 246. Best value: 244.315:  42%|████▏     | 419/1000 [2:36:55<3:21:15, 20.78s/it]Best trial: 246. Best value: 244.315:  42%|████▏     | 419/1000 [2:36:55<3:21:15, 20.78s/it]Best trial: 246. Best value: 244.315:  42%|████▏     | 420/1000 [2:36:55<3:01:37, 18.79s/it]                                                                                            Best trial: 246. Best value: 244.315:  42%|████▏     | 420/1000 [2:37:08<3:01:37, 18.79s/it]Best trial: 246. Best value: 244.315:  42%|████▏     | 420/1000 [2:37:08<3:01:37, 18.79s/it]Best trial: 246. Best value: 244.315:  42%|████▏     | 421/1000 [2:37:08<2:44:18, 17.03s/it]                                                                                            Best trial: 246. Best value: 244.315:  42%|████▏     | 421/1000 [2:37:22<2:44:18, 17.03s/it]Best trial: 246. Best value: 244.315:  42%|████▏     | 421/1000 [2:37:22<2:44:18, 17.03s/it]Best trial: 246. Best value: 244.315:  42%|████▏     | 422/1000 [2:37:22<2:33:28, 15.93s/it]                                                                                            Best trial: 246. Best value: 244.315:  42%|████▏     | 422/1000 [2:37:44<2:33:28, 15.93s/it]Best trial: 246. Best value: 244.315:  42%|████▏     | 422/1000 [2:37:45<2:33:28, 15.93s/it]Best trial: 246. Best value: 244.315:  42%|████▏     | 423/1000 [2:37:45<2:53:13, 18.01s/it]                                                                                            Best trial: 246. Best value: 244.315:  42%|████▏     | 423/1000 [2:38:10<2:53:13, 18.01s/it]Best trial: 246. Best value: 244.315:  42%|████▏     | 423/1000 [2:38:10<2:53:13, 18.01s/it]Best trial: 246. Best value: 244.315:  42%|████▏     | 424/1000 [2:38:10<3:14:01, 20.21s/it]                                                                                            Best trial: 246. Best value: 244.315:  42%|████▏     | 424/1000 [2:38:18<3:14:01, 20.21s/it]Best trial: 246. Best value: 244.315:  42%|████▏     | 424/1000 [2:38:18<3:14:01, 20.21s/it]Best trial: 246. Best value: 244.315:  42%|████▎     | 425/1000 [2:38:18<2:37:54, 16.48s/it]                                                                                            Best trial: 246. Best value: 244.315:  42%|████▎     | 425/1000 [2:38:25<2:37:54, 16.48s/it]Best trial: 246. Best value: 244.315:  42%|████▎     | 425/1000 [2:38:25<2:37:54, 16.48s/it]Best trial: 246. Best value: 244.315:  43%|████▎     | 426/1000 [2:38:25<2:10:29, 13.64s/it]                                                                                            Best trial: 246. Best value: 244.315:  43%|████▎     | 426/1000 [2:38:32<2:10:29, 13.64s/it]Best trial: 246. Best value: 244.315:  43%|████▎     | 426/1000 [2:38:32<2:10:29, 13.64s/it]Best trial: 246. Best value: 244.315:  43%|████▎     | 427/1000 [2:38:32<1:52:23, 11.77s/it]                                                                                            Best trial: 246. Best value: 244.315:  43%|████▎     | 427/1000 [2:38:39<1:52:23, 11.77s/it]Best trial: 246. Best value: 244.315:  43%|████▎     | 427/1000 [2:38:39<1:52:23, 11.77s/it]Best trial: 246. Best value: 244.315:  43%|████▎     | 428/1000 [2:38:39<1:38:58, 10.38s/it]                                                                                            Best trial: 246. Best value: 244.315:  43%|████▎     | 428/1000 [2:38:47<1:38:58, 10.38s/it]Best trial: 246. Best value: 244.315:  43%|████▎     | 428/1000 [2:38:47<1:38:58, 10.38s/it]Best trial: 246. Best value: 244.315:  43%|████▎     | 429/1000 [2:38:47<1:30:53,  9.55s/it]                                                                                            Best trial: 246. Best value: 244.315:  43%|████▎     | 429/1000 [2:39:11<1:30:53,  9.55s/it]Best trial: 246. Best value: 244.315:  43%|████▎     | 429/1000 [2:39:11<1:30:53,  9.55s/it]Best trial: 246. Best value: 244.315:  43%|████▎     | 430/1000 [2:39:11<2:13:27, 14.05s/it]                                                                                            [32m[I 2023-05-15 02:02:24,204][0m Trial 402 finished with value: 1188.6900366098844 and parameters: {'c1': 1.2875961575359345, 'c2': 1.4891305823660888, 'eps': 0.7666872826608196, 'horizon': 4, 'discount': 0.8377853340613212}. Best is trial 246 with value: 244.31507276371707.[0m
[32m[I 2023-05-15 02:03:08,380][0m Trial 403 finished with value: 742.8574627895289 and parameters: {'c1': 2.1546325994838385, 'c2': 2.3459825937377476, 'eps': 1.2735173944362288, 'horizon': 5, 'discount': 0.9831825895080993}. Best is trial 246 with value: 244.31507276371707.[0m
[32m[I 2023-05-15 02:03:31,874][0m Trial 404 finished with value: 1424.264159309638 and parameters: {'c1': 2.230956242896609, 'c2': 0.9211137841212599, 'eps': 1.0221079110333866, 'horizon': 4, 'discount': 0.6830324004229791}. Best is trial 246 with value: 244.31507276371707.[0m
[32m[I 2023-05-15 02:04:10,524][0m Trial 405 finished with value: 934.9839050068174 and parameters: {'c1': 0.11122950667072518, 'c2': 1.57378205479739, 'eps': 2.4067991707814396, 'horizon': 5, 'discount': 0.9999298994062482}. Best is trial 246 with value: 244.31507276371707.[0m
[32m[I 2023-05-15 02:04:18,222][0m Trial 406 finished with value: 1324.217963908332 and parameters: {'c1': 0.5476117544092116, 'c2': 2.3702632869598474, 'eps': 0.20725574394130108, 'horizon': 2, 'discount': 0.9747127014948834}. Best is trial 246 with value: 244.31507276371707.[0m
[32m[I 2023-05-15 02:05:00,380][0m Trial 407 finished with value: 664.4652038819152 and parameters: {'c1': 2.9874311283689887, 'c2': 1.9776268133099337, 'eps': 0.6687445791526477, 'horizon': 5, 'discount': 0.809678066705422}. Best is trial 246 with value: 244.31507276371707.[0m
[32m[I 2023-05-15 02:05:26,228][0m Trial 408 finished with value: 1555.2871221579642 and parameters: {'c1': 0.9025961391748106, 'c2': 2.4488902259954366, 'eps': 1.721676211932892, 'horizon': 4, 'discount': 0.7795470974151821}. Best is trial 246 with value: 244.31507276371707.[0m
[32m[I 2023-05-15 02:06:08,047][0m Trial 409 finished with value: 946.6211564575143 and parameters: {'c1': 0.7729848874732035, 'c2': 1.6493520943085946, 'eps': 0.5773010603894702, 'horizon': 5, 'discount': 0.8472831538920509}. Best is trial 246 with value: 244.31507276371707.[0m
[32m[I 2023-05-15 02:06:33,188][0m Trial 410 finished with value: 631.1728387494929 and parameters: {'c1': 2.2021632123588293, 'c2': 1.2026702163042655, 'eps': 1.9360046626048928, 'horizon': 4, 'discount': 0.721732955351094}. Best is trial 246 with value: 244.31507276371707.[0m
[32m[I 2023-05-15 02:06:57,723][0m Trial 411 finished with value: 866.298266442726 and parameters: {'c1': 2.799521265891113, 'c2': 1.5826107064100619, 'eps': 2.2982812018019727, 'horizon': 4, 'discount': 0.7318972178880875}. Best is trial 246 with value: 244.31507276371707.[0m
[32m[I 2023-05-15 02:07:11,955][0m Trial 412 finished with value: 410.491090964756 and parameters: {'c1': 0.02307409199660848, 'c2': 2.106932158645726, 'eps': 1.7251515926230159, 'horizon': 3, 'discount': 0.7277857800604243}. Best is trial 246 with value: 244.31507276371707.[0m
[32m[I 2023-05-15 02:07:35,788][0m Trial 413 finished with value: 1195.270935431607 and parameters: {'c1': 2.70941910036348, 'c2': 1.829562476403141, 'eps': 1.2824001977227701, 'horizon': 4, 'discount': 0.9451283194167044}. Best is trial 246 with value: 244.31507276371707.[0m
[32m[I 2023-05-15 02:08:01,236][0m Trial 414 finished with value: 1289.1496539937743 and parameters: {'c1': 2.825989907330945, 'c2': 0.15228690217848684, 'eps': 2.8045615437946436, 'horizon': 4, 'discount': 0.8303432515978315}. Best is trial 246 with value: 244.31507276371707.[0m
[32m[I 2023-05-15 02:08:15,096][0m Trial 415 finished with value: 1518.1537031749106 and parameters: {'c1': 1.9569102753614689, 'c2': 1.0048667713901709, 'eps': 0.709910879411306, 'horizon': 3, 'discount': 0.7188166834364488}. Best is trial 246 with value: 244.31507276371707.[0m
[32m[I 2023-05-15 02:08:55,018][0m Trial 416 finished with value: 541.6642658350504 and parameters: {'c1': 0.25815271459687317, 'c2': 1.1659023867782108, 'eps': 2.256498653282985, 'horizon': 5, 'discount': 0.8020408035339726}. Best is trial 246 with value: 244.31507276371707.[0m
[32m[I 2023-05-15 02:09:09,915][0m Trial 417 finished with value: 1479.5037959339318 and parameters: {'c1': 2.173402586957047, 'c2': 2.2288609740235956, 'eps': 1.321144463797537, 'horizon': 3, 'discount': 0.736227257309176}. Best is trial 246 with value: 244.31507276371707.[0m
[32m[I 2023-05-15 02:09:24,831][0m Trial 418 finished with value: 1202.6305471806827 and parameters: {'c1': 1.752783540267817, 'c2': 0.677951594974605, 'eps': 1.1725706626271892, 'horizon': 3, 'discount': 0.9696587547183548}. Best is trial 246 with value: 244.31507276371707.[0m
[32m[I 2023-05-15 02:09:38,965][0m Trial 419 finished with value: 680.9991882739096 and parameters: {'c1': 0.26257800461828706, 'c2': 0.8142668893582382, 'eps': 0.12831736574937944, 'horizon': 3, 'discount': 0.9142628130665872}. Best is trial 246 with value: 244.31507276371707.[0m
[32m[I 2023-05-15 02:09:51,881][0m Trial 420 finished with value: 910.1885420488182 and parameters: {'c1': 2.083879983935362, 'c2': 0.9575729717892036, 'eps': 1.3506832636431174, 'horizon': 3, 'discount': 0.8933163975704725}. Best is trial 246 with value: 244.31507276371707.[0m
[32m[I 2023-05-15 02:10:05,256][0m Trial 421 finished with value: 1239.9769071501298 and parameters: {'c1': 0.5358095790279188, 'c2': 0.4904636583757064, 'eps': 1.3782877645426155, 'horizon': 3, 'discount': 0.7105879333532154}. Best is trial 246 with value: 244.31507276371707.[0m
[32m[I 2023-05-15 02:10:28,128][0m Trial 422 finished with value: 1223.6244482950835 and parameters: {'c1': 2.457508275966858, 'c2': 1.7000959553574813, 'eps': 0.18348366066402177, 'horizon': 4, 'discount': 0.7413211017791249}. Best is trial 246 with value: 244.31507276371707.[0m
[32m[I 2023-05-15 02:10:53,465][0m Trial 423 finished with value: 1185.599708560162 and parameters: {'c1': 1.7427371281054727, 'c2': 1.8579224993981396, 'eps': 2.205192873746091, 'horizon': 4, 'discount': 0.7446989708836159}. Best is trial 246 with value: 244.31507276371707.[0m
[32m[I 2023-05-15 02:11:01,234][0m Trial 424 finished with value: 1076.9501295507284 and parameters: {'c1': 0.6796248219439617, 'c2': 2.7087902476426473, 'eps': 1.275054907768204, 'horizon': 2, 'discount': 0.6633345857353962}. Best is trial 246 with value: 244.31507276371707.[0m
[32m[I 2023-05-15 02:11:08,253][0m Trial 425 finished with value: 1343.9923986109666 and parameters: {'c1': 2.349929565117002, 'c2': 0.2947504476616779, 'eps': 0.30871551732267877, 'horizon': 2, 'discount': 0.6793574521705283}. Best is trial 246 with value: 244.31507276371707.[0m
[32m[I 2023-05-15 02:11:15,657][0m Trial 426 finished with value: 1058.131712195055 and parameters: {'c1': 2.7472249580429122, 'c2': 2.0908604993641635, 'eps': 1.403129339629838, 'horizon': 2, 'discount': 0.6538398586625003}. Best is trial 246 with value: 244.31507276371707.[0m
[32m[I 2023-05-15 02:11:22,803][0m Trial 427 finished with value: 892.656381530316 and parameters: {'c1': 2.1378054595536398, 'c2': 0.26085827220804614, 'eps': 1.6619094061745592, 'horizon': 2, 'discount': 0.9212128829001899}. Best is trial 246 with value: 244.31507276371707.[0m
[32m[I 2023-05-15 02:11:30,411][0m Trial 428 finished with value: 334.50179399065473 and parameters: {'c1': 0.2074185730112731, 'c2': 2.4064819577180363, 'eps': 1.4280103867955596, 'horizon': 2, 'discount': 0.6261130627653493}. Best is trial 246 with value: 244.31507276371707.[0m
[32m[I 2023-05-15 02:11:54,953][0m Trial 429 finished with value: 1260.7600423653794 and parameters: {'c1': 1.6466519588668143, 'c2': 2.8653111535813895, 'eps': 0.38130865585396445, 'horizon': 4, 'discount': 0.8056689244754538}. Best is trial 246 with value: 244.31507276371707.[0m
