Best trial: 246. Best value: 244.315:  63%|██████▎   | 627/1000 [3:52:59<2:39:04, 25.59s/it]Best trial: 246. Best value: 244.315:  63%|██████▎   | 627/1000 [3:52:59<2:39:04, 25.59s/it]Best trial: 246. Best value: 244.315:  63%|██████▎   | 628/1000 [3:52:59<3:08:03, 30.33s/it]                                                                                            Best trial: 246. Best value: 244.315:  63%|██████▎   | 628/1000 [3:53:41<3:08:03, 30.33s/it]Best trial: 246. Best value: 244.315:  63%|██████▎   | 628/1000 [3:53:41<3:08:03, 30.33s/it]Best trial: 246. Best value: 244.315:  63%|██████▎   | 629/1000 [3:53:41<3:29:40, 33.91s/it]                                                                                            Best trial: 246. Best value: 244.315:  63%|██████▎   | 629/1000 [3:54:05<3:29:40, 33.91s/it]Best trial: 246. Best value: 244.315:  63%|██████▎   | 629/1000 [3:54:05<3:29:40, 33.91s/it]Best trial: 246. Best value: 244.315:  63%|██████▎   | 630/1000 [3:54:05<3:09:40, 30.76s/it]                                                                                            Best trial: 246. Best value: 244.315:  63%|██████▎   | 630/1000 [3:54:13<3:09:40, 30.76s/it]Best trial: 246. Best value: 244.315:  63%|██████▎   | 630/1000 [3:54:13<3:09:40, 30.76s/it]Best trial: 246. Best value: 244.315:  63%|██████▎   | 631/1000 [3:54:13<2:27:28, 23.98s/it]                                                                                            Best trial: 246. Best value: 244.315:  63%|██████▎   | 631/1000 [3:54:56<2:27:28, 23.98s/it]Best trial: 246. Best value: 244.315:  63%|██████▎   | 631/1000 [3:54:56<2:27:28, 23.98s/it]Best trial: 246. Best value: 244.315:  63%|██████▎   | 632/1000 [3:54:56<3:02:17, 29.72s/it]                                                                                            Best trial: 246. Best value: 244.315:  63%|██████▎   | 632/1000 [3:55:20<3:02:17, 29.72s/it]Best trial: 246. Best value: 244.315:  63%|██████▎   | 632/1000 [3:55:20<3:02:17, 29.72s/it]Best trial: 246. Best value: 244.315:  63%|██████▎   | 633/1000 [3:55:20<2:52:17, 28.17s/it]                                                                                            Best trial: 246. Best value: 244.315:  63%|██████▎   | 633/1000 [3:55:47<2:52:17, 28.17s/it]Best trial: 246. Best value: 244.315:  63%|██████▎   | 633/1000 [3:55:47<2:52:17, 28.17s/it]Best trial: 246. Best value: 244.315:  63%|██████▎   | 634/1000 [3:55:47<2:49:25, 27.77s/it]                                                                                            Best trial: 246. Best value: 244.315:  63%|██████▎   | 634/1000 [3:56:27<2:49:25, 27.77s/it]Best trial: 246. Best value: 244.315:  63%|██████▎   | 634/1000 [3:56:27<2:49:25, 27.77s/it]Best trial: 246. Best value: 244.315:  64%|██████▎   | 635/1000 [3:56:27<3:10:52, 31.38s/it]                                                                                            Best trial: 246. Best value: 244.315:  64%|██████▎   | 635/1000 [3:56:41<3:10:52, 31.38s/it]Best trial: 246. Best value: 244.315:  64%|██████▎   | 635/1000 [3:56:41<3:10:52, 31.38s/it]Best trial: 246. Best value: 244.315:  64%|██████▎   | 636/1000 [3:56:41<2:39:21, 26.27s/it]                                                                                            Best trial: 246. Best value: 244.315:  64%|██████▎   | 636/1000 [3:57:22<2:39:21, 26.27s/it]Best trial: 246. Best value: 244.315:  64%|██████▎   | 636/1000 [3:57:22<2:39:21, 26.27s/it]Best trial: 246. Best value: 244.315:  64%|██████▎   | 637/1000 [3:57:22<3:04:27, 30.49s/it]                                                                                            Best trial: 246. Best value: 244.315:  64%|██████▎   | 637/1000 [3:57:44<3:04:27, 30.49s/it]Best trial: 246. Best value: 244.315:  64%|██████▎   | 637/1000 [3:57:44<3:04:27, 30.49s/it]Best trial: 246. Best value: 244.315:  64%|██████▍   | 638/1000 [3:57:44<2:49:43, 28.13s/it]                                                                                            Best trial: 246. Best value: 244.315:  64%|██████▍   | 638/1000 [3:58:07<2:49:43, 28.13s/it]Best trial: 246. Best value: 244.315:  64%|██████▍   | 638/1000 [3:58:07<2:49:43, 28.13s/it]Best trial: 246. Best value: 244.315:  64%|██████▍   | 639/1000 [3:58:07<2:38:47, 26.39s/it]                                                                                            Best trial: 246. Best value: 244.315:  64%|██████▍   | 639/1000 [3:58:20<2:38:47, 26.39s/it]Best trial: 246. Best value: 244.315:  64%|██████▍   | 639/1000 [3:58:20<2:38:47, 26.39s/it]Best trial: 246. Best value: 244.315:  64%|██████▍   | 640/1000 [3:58:20<2:14:34, 22.43s/it]                                                                                            Best trial: 246. Best value: 244.315:  64%|██████▍   | 640/1000 [3:59:00<2:14:34, 22.43s/it]Best trial: 246. Best value: 244.315:  64%|██████▍   | 640/1000 [3:59:00<2:14:34, 22.43s/it]Best trial: 246. Best value: 244.315:  64%|██████▍   | 641/1000 [3:59:00<2:46:53, 27.89s/it]                                                                                            Best trial: 246. Best value: 244.315:  64%|██████▍   | 641/1000 [3:59:40<2:46:53, 27.89s/it]Best trial: 246. Best value: 244.315:  64%|██████▍   | 641/1000 [3:59:40<2:46:53, 27.89s/it]Best trial: 246. Best value: 244.315:  64%|██████▍   | 642/1000 [3:59:40<3:08:08, 31.53s/it]                                                                                            Best trial: 246. Best value: 244.315:  64%|██████▍   | 642/1000 [3:59:47<3:08:08, 31.53s/it]Best trial: 246. Best value: 244.315:  64%|██████▍   | 642/1000 [3:59:47<3:08:08, 31.53s/it]Best trial: 246. Best value: 244.315:  64%|██████▍   | 643/1000 [3:59:47<2:22:38, 23.97s/it]                                                                                            Best trial: 246. Best value: 244.315:  64%|██████▍   | 643/1000 [3:59:54<2:22:38, 23.97s/it]Best trial: 246. Best value: 244.315:  64%|██████▍   | 643/1000 [3:59:54<2:22:38, 23.97s/it]Best trial: 246. Best value: 244.315:  64%|██████▍   | 644/1000 [3:59:54<1:52:14, 18.92s/it]                                                                                            Best trial: 246. Best value: 244.315:  64%|██████▍   | 644/1000 [4:00:37<1:52:14, 18.92s/it]Best trial: 246. Best value: 244.315:  64%|██████▍   | 644/1000 [4:00:37<1:52:14, 18.92s/it]Best trial: 246. Best value: 244.315:  64%|██████▍   | 645/1000 [4:00:37<2:34:17, 26.08s/it]                                                                                            Best trial: 246. Best value: 244.315:  64%|██████▍   | 645/1000 [4:00:50<2:34:17, 26.08s/it]Best trial: 246. Best value: 244.315:  64%|██████▍   | 645/1000 [4:00:50<2:34:17, 26.08s/it]Best trial: 246. Best value: 244.315:  65%|██████▍   | 646/1000 [4:00:50<2:12:05, 22.39s/it]                                                                                            Best trial: 246. Best value: 244.315:  65%|██████▍   | 646/1000 [4:00:58<2:12:05, 22.39s/it]Best trial: 246. Best value: 244.315:  65%|██████▍   | 646/1000 [4:00:58<2:12:05, 22.39s/it]Best trial: 246. Best value: 244.315:  65%|██████▍   | 647/1000 [4:00:58<1:45:49, 17.99s/it]                                                                                            Best trial: 246. Best value: 244.315:  65%|██████▍   | 647/1000 [4:01:38<1:45:49, 17.99s/it]Best trial: 246. Best value: 244.315:  65%|██████▍   | 647/1000 [4:01:38<1:45:49, 17.99s/it]Best trial: 246. Best value: 244.315:  65%|██████▍   | 648/1000 [4:01:38<2:24:35, 24.65s/it]                                                                                            Best trial: 246. Best value: 244.315:  65%|██████▍   | 648/1000 [4:01:53<2:24:35, 24.65s/it]Best trial: 246. Best value: 244.315:  65%|██████▍   | 648/1000 [4:01:53<2:24:35, 24.65s/it]Best trial: 246. Best value: 244.315:  65%|██████▍   | 649/1000 [4:01:53<2:06:24, 21.61s/it]                                                                                            Best trial: 246. Best value: 244.315:  65%|██████▍   | 649/1000 [4:02:18<2:06:24, 21.61s/it]Best trial: 246. Best value: 244.315:  65%|██████▍   | 649/1000 [4:02:18<2:06:24, 21.61s/it]Best trial: 246. Best value: 244.315:  65%|██████▌   | 650/1000 [4:02:18<2:11:30, 22.54s/it]                                                                                            Best trial: 246. Best value: 244.315:  65%|██████▌   | 650/1000 [4:02:25<2:11:30, 22.54s/it]Best trial: 246. Best value: 244.315:  65%|██████▌   | 650/1000 [4:02:25<2:11:30, 22.54s/it]Best trial: 246. Best value: 244.315:  65%|██████▌   | 651/1000 [4:02:25<1:44:07, 17.90s/it]                                                                                            Best trial: 246. Best value: 244.315:  65%|██████▌   | 651/1000 [4:02:32<1:44:07, 17.90s/it]Best trial: 246. Best value: 244.315:  65%|██████▌   | 651/1000 [4:02:32<1:44:07, 17.90s/it]Best trial: 246. Best value: 244.315:  65%|██████▌   | 652/1000 [4:02:32<1:24:55, 14.64s/it]                                                                                            Best trial: 246. Best value: 244.315:  65%|██████▌   | 652/1000 [4:02:56<1:24:55, 14.64s/it]Best trial: 246. Best value: 244.315:  65%|██████▌   | 652/1000 [4:02:56<1:24:55, 14.64s/it]Best trial: 246. Best value: 244.315:  65%|██████▌   | 653/1000 [4:02:56<1:41:26, 17.54s/it]                                                                                            Best trial: 246. Best value: 244.315:  65%|██████▌   | 653/1000 [4:03:10<1:41:26, 17.54s/it]Best trial: 246. Best value: 244.315:  65%|██████▌   | 653/1000 [4:03:10<1:41:26, 17.54s/it]Best trial: 246. Best value: 244.315:  65%|██████▌   | 654/1000 [4:03:10<1:34:25, 16.37s/it]                                                                                            Best trial: 246. Best value: 244.315:  65%|██████▌   | 654/1000 [4:03:23<1:34:25, 16.37s/it]Best trial: 246. Best value: 244.315:  65%|██████▌   | 654/1000 [4:03:23<1:34:25, 16.37s/it]Best trial: 246. Best value: 244.315:  66%|██████▌   | 655/1000 [4:03:23<1:29:10, 15.51s/it]                                                                                            [32m[I 2023-05-15 03:25:42,478][0m Trial 627 finished with value: 1461.7609807306983 and parameters: {'c1': 2.3769293564211824, 'c2': 2.8685980812433756, 'eps': 2.285524235722899, 'horizon': 5, 'discount': 0.947396190926606}. Best is trial 246 with value: 244.31507276371707.[0m
[32m[I 2023-05-15 03:26:24,739][0m Trial 628 finished with value: 1177.0814821878348 and parameters: {'c1': 2.9542529501520587, 'c2': 2.560290456220013, 'eps': 1.6211609159661373, 'horizon': 5, 'discount': 0.8472658565799988}. Best is trial 246 with value: 244.31507276371707.[0m
[32m[I 2023-05-15 03:26:48,141][0m Trial 629 finished with value: 1223.6062106889608 and parameters: {'c1': 1.0918049543355046, 'c2': 0.8022179796789599, 'eps': 2.666299655107049, 'horizon': 4, 'discount': 0.624276280714277}. Best is trial 246 with value: 244.31507276371707.[0m
[32m[I 2023-05-15 03:26:56,301][0m Trial 630 finished with value: 998.4139224323768 and parameters: {'c1': 0.9319302732866881, 'c2': 2.3670551041471706, 'eps': 0.24696979892445833, 'horizon': 2, 'discount': 0.9356194016259424}. Best is trial 246 with value: 244.31507276371707.[0m
[32m[I 2023-05-15 03:27:39,421][0m Trial 631 finished with value: 691.8019736800284 and parameters: {'c1': 2.205324936423274, 'c2': 0.2930031029289488, 'eps': 1.8447668076046497, 'horizon': 5, 'discount': 0.8478480425449476}. Best is trial 246 with value: 244.31507276371707.[0m
[32m[I 2023-05-15 03:28:03,958][0m Trial 632 finished with value: 1346.591735628322 and parameters: {'c1': 2.3786939929814626, 'c2': 2.5201988196771605, 'eps': 0.31350310246110025, 'horizon': 4, 'discount': 0.7872814167006383}. Best is trial 246 with value: 244.31507276371707.[0m
[32m[I 2023-05-15 03:28:30,819][0m Trial 633 finished with value: 1163.2520441281008 and parameters: {'c1': 1.7019077504469187, 'c2': 2.370469857895136, 'eps': 2.433916957440438, 'horizon': 4, 'discount': 0.9033177329506338}. Best is trial 246 with value: 244.31507276371707.[0m
[32m[I 2023-05-15 03:29:10,598][0m Trial 634 finished with value: 1146.2219421639481 and parameters: {'c1': 1.3042800425307877, 'c2': 2.716647020225163, 'eps': 2.567011556178589, 'horizon': 5, 'discount': 0.6808192742832114}. Best is trial 246 with value: 244.31507276371707.[0m
[32m[I 2023-05-15 03:29:24,951][0m Trial 635 finished with value: 1271.9201582422786 and parameters: {'c1': 0.0007178685739530621, 'c2': 1.9714312201051452, 'eps': 0.1882919396365405, 'horizon': 3, 'discount': 0.8391612872653195}. Best is trial 246 with value: 244.31507276371707.[0m
[32m[I 2023-05-15 03:30:05,285][0m Trial 636 finished with value: 1636.704119045847 and parameters: {'c1': 0.7426862235545078, 'c2': 2.128637134585872, 'eps': 1.5179514808328691, 'horizon': 5, 'discount': 0.9326498677383799}. Best is trial 246 with value: 244.31507276371707.[0m
[32m[I 2023-05-15 03:30:27,914][0m Trial 637 finished with value: 599.4391802522642 and parameters: {'c1': 0.8804530071846739, 'c2': 0.6686669964409236, 'eps': 0.33876493198241364, 'horizon': 4, 'discount': 0.6183313924789202}. Best is trial 246 with value: 244.31507276371707.[0m
[32m[I 2023-05-15 03:30:50,244][0m Trial 638 finished with value: 1068.7787004084532 and parameters: {'c1': 1.6686543850583722, 'c2': 1.0316280352804519, 'eps': 1.4614180865028294, 'horizon': 4, 'discount': 0.8555565114071064}. Best is trial 246 with value: 244.31507276371707.[0m
[32m[I 2023-05-15 03:31:03,425][0m Trial 639 finished with value: 721.0112828974475 and parameters: {'c1': 2.490074806483194, 'c2': 0.10073135717348836, 'eps': 2.517301597523417, 'horizon': 3, 'discount': 0.9230636233157422}. Best is trial 246 with value: 244.31507276371707.[0m
[32m[I 2023-05-15 03:31:44,066][0m Trial 640 finished with value: 1308.8312642702253 and parameters: {'c1': 0.5707118559309717, 'c2': 2.5522591208137264, 'eps': 0.162566508708815, 'horizon': 5, 'discount': 0.6107816832186076}. Best is trial 246 with value: 244.31507276371707.[0m
[32m[I 2023-05-15 03:32:24,088][0m Trial 641 finished with value: 606.274468031034 and parameters: {'c1': 0.3620399336592821, 'c2': 0.7123559033123201, 'eps': 0.4069236980910974, 'horizon': 5, 'discount': 0.7806506441138471}. Best is trial 246 with value: 244.31507276371707.[0m
[32m[I 2023-05-15 03:32:30,432][0m Trial 642 finished with value: 296.389834692259 and parameters: {'c1': 0.40152060204418905, 'c2': 0.3174243667303581, 'eps': 2.0822749865888244, 'horizon': 2, 'discount': 0.8147358570493749}. Best is trial 246 with value: 244.31507276371707.[0m
[32m[I 2023-05-15 03:32:37,547][0m Trial 643 finished with value: 1854.9773908768213 and parameters: {'c1': 1.6169841912078884, 'c2': 2.3278279946355425, 'eps': 0.6684507456265447, 'horizon': 2, 'discount': 0.7048815640783082}. Best is trial 246 with value: 244.31507276371707.[0m
[32m[I 2023-05-15 03:33:20,334][0m Trial 644 finished with value: 1260.534767189119 and parameters: {'c1': 2.6415975399436356, 'c2': 2.595848819944912, 'eps': 0.9667156555260743, 'horizon': 5, 'discount': 0.999205103983753}. Best is trial 246 with value: 244.31507276371707.[0m
[32m[I 2023-05-15 03:33:34,114][0m Trial 645 finished with value: 1219.7741804032253 and parameters: {'c1': 2.252351790049397, 'c2': 2.52727661600657, 'eps': 2.2339718695918864, 'horizon': 3, 'discount': 0.6560218729531336}. Best is trial 246 with value: 244.31507276371707.[0m
[32m[I 2023-05-15 03:33:41,832][0m Trial 646 finished with value: 1772.6917101524796 and parameters: {'c1': 2.584278797461732, 'c2': 1.8091737514219648, 'eps': 2.2680282150080013, 'horizon': 2, 'discount': 0.7790363161771373}. Best is trial 246 with value: 244.31507276371707.[0m
[32m[I 2023-05-15 03:34:22,016][0m Trial 647 finished with value: 1032.7178267465592 and parameters: {'c1': 2.3512491757433085, 'c2': 2.20911525830154, 'eps': 1.4469073831606851, 'horizon': 5, 'discount': 0.8674313147988918}. Best is trial 246 with value: 244.31507276371707.[0m
[32m[I 2023-05-15 03:34:36,532][0m Trial 648 finished with value: 1325.9328297713457 and parameters: {'c1': 2.544669806068, 'c2': 2.4460457447935307, 'eps': 0.3620111421084239, 'horizon': 3, 'discount': 0.7875594624965763}. Best is trial 246 with value: 244.31507276371707.[0m
[32m[I 2023-05-15 03:35:01,262][0m Trial 649 finished with value: 288.6181952672962 and parameters: {'c1': 1.3671909306809207, 'c2': 1.0391824192205845, 'eps': 0.24553111777697628, 'horizon': 4, 'discount': 0.8759792413410203}. Best is trial 246 with value: 244.31507276371707.[0m
[32m[I 2023-05-15 03:35:08,325][0m Trial 650 finished with value: 1051.8255283071899 and parameters: {'c1': 2.0366148813106, 'c2': 0.5068620170241053, 'eps': 1.849623346237624, 'horizon': 2, 'discount': 0.7605961934103792}. Best is trial 246 with value: 244.31507276371707.[0m
[32m[I 2023-05-15 03:35:15,368][0m Trial 651 finished with value: 1172.3523919698146 and parameters: {'c1': 1.720175045850655, 'c2': 0.11690915139646474, 'eps': 0.4169653105725498, 'horizon': 2, 'discount': 0.9734562234686563}. Best is trial 246 with value: 244.31507276371707.[0m
[32m[I 2023-05-15 03:35:39,667][0m Trial 652 finished with value: 815.5642284872208 and parameters: {'c1': 2.80531173185693, 'c2': 2.8467315533966167, 'eps': 1.1018936280659228, 'horizon': 4, 'discount': 0.7037434506431456}. Best is trial 246 with value: 244.31507276371707.[0m
[32m[I 2023-05-15 03:35:53,325][0m Trial 653 finished with value: 1618.260784855178 and parameters: {'c1': 2.1369932710915096, 'c2': 0.27259897202255245, 'eps': 2.0434521578698686, 'horizon': 3, 'discount': 0.6761589115585358}. Best is trial 246 with value: 244.31507276371707.[0m
[32m[I 2023-05-15 03:36:06,817][0m Trial 654 finished with value: 330.7041256348145 and parameters: {'c1': 0.4832562051197248, 'c2': 1.2159263129737818, 'eps': 1.1444716142909817, 'horizon': 3, 'discount': 0.9090605523406486}. Best is trial 246 with value: 244.31507276371707.[0m
