[32m[I 2023-05-15 05:38:40,263][0m Trial 997 finished with value: 910.582401724273 and parameters: {'c1': 0.9523853460168431, 'c2': 1.4242347243772335, 'eps': 2.12886909004176, 'horizon': 5, 'discount': 0.7185330790629234}. Best is trial 246 with value: 244.31507276371707.[0m
[32m[I 2023-05-15 05:39:20,555][0m Trial 998 finished with value: 722.1404537000019 and parameters: {'c1': 0.12596729741215407, 'c2': 1.8947007424413889, 'eps': 2.190917033778716, 'horizon': 5, 'discount': 0.8022188729089573}. Best is trial 246 with value: 244.31507276371707.[0m
[32m[I 2023-05-15 05:39:34,377][0m Trial 999 finished with value: 1199.3141617630683 and parameters: {'c1': 0.8720128406261546, 'c2': 2.3163798097472568, 'eps': 0.4930398495737337, 'horizon': 3, 'discount': 0.7857744371995621}. Best is trial 246 with value: 244.31507276371707.[0m
BEST PARAMS: {'c1': 0.6062043599175712, 'c2': 0.23064111534145837, 'discount': 0.9781731390528833, 'eps': 2.955424284467874, 'horizon': 3}
