Best trial: 55. Best value: 244.484:  20%|██        | 203/1000 [1:13:43<3:27:35, 15.63s/it]Best trial: 55. Best value: 244.484:  20%|██        | 203/1000 [1:13:43<3:27:35, 15.63s/it]Best trial: 55. Best value: 244.484:  20%|██        | 204/1000 [1:13:43<2:55:30, 13.23s/it]                                                                                           Best trial: 55. Best value: 244.484:  20%|██        | 204/1000 [1:14:23<2:55:30, 13.23s/it]Best trial: 55. Best value: 244.484:  20%|██        | 204/1000 [1:14:23<2:55:30, 13.23s/it]Best trial: 55. Best value: 244.484:  20%|██        | 205/1000 [1:14:23<4:39:02, 21.06s/it]                                                                                           Best trial: 55. Best value: 244.484:  20%|██        | 205/1000 [1:14:48<4:39:02, 21.06s/it]Best trial: 55. Best value: 244.484:  20%|██        | 205/1000 [1:14:48<4:39:02, 21.06s/it]Best trial: 55. Best value: 244.484:  21%|██        | 206/1000 [1:14:48<4:57:42, 22.50s/it]                                                                                           Best trial: 55. Best value: 244.484:  21%|██        | 206/1000 [1:15:33<4:57:42, 22.50s/it]Best trial: 55. Best value: 244.484:  21%|██        | 206/1000 [1:15:33<4:57:42, 22.50s/it]Best trial: 55. Best value: 244.484:  21%|██        | 207/1000 [1:15:33<6:26:10, 29.22s/it]                                                                                           Best trial: 55. Best value: 244.484:  21%|██        | 207/1000 [1:15:41<6:26:10, 29.22s/it]Best trial: 55. Best value: 244.484:  21%|██        | 207/1000 [1:15:41<6:26:10, 29.22s/it]Best trial: 55. Best value: 244.484:  21%|██        | 208/1000 [1:15:41<5:00:22, 22.76s/it]                                                                                           Best trial: 55. Best value: 244.484:  21%|██        | 208/1000 [1:15:55<5:00:22, 22.76s/it]Best trial: 55. Best value: 244.484:  21%|██        | 208/1000 [1:15:55<5:00:22, 22.76s/it]Best trial: 55. Best value: 244.484:  21%|██        | 209/1000 [1:15:55<4:26:02, 20.18s/it]                                                                                           Best trial: 55. Best value: 244.484:  21%|██        | 209/1000 [1:16:10<4:26:02, 20.18s/it]Best trial: 55. Best value: 244.484:  21%|██        | 209/1000 [1:16:10<4:26:02, 20.18s/it]Best trial: 55. Best value: 244.484:  21%|██        | 210/1000 [1:16:10<4:03:49, 18.52s/it]                                                                                           Best trial: 55. Best value: 244.484:  21%|██        | 210/1000 [1:16:17<4:03:49, 18.52s/it]Best trial: 55. Best value: 244.484:  21%|██        | 210/1000 [1:16:17<4:03:49, 18.52s/it]Best trial: 55. Best value: 244.484:  21%|██        | 211/1000 [1:16:17<3:17:30, 15.02s/it]                                                                                           Best trial: 55. Best value: 244.484:  21%|██        | 211/1000 [1:16:58<3:17:30, 15.02s/it]Best trial: 55. Best value: 244.484:  21%|██        | 211/1000 [1:16:58<3:17:30, 15.02s/it]Best trial: 55. Best value: 244.484:  21%|██        | 212/1000 [1:16:58<5:02:22, 23.02s/it]                                                                                           Best trial: 55. Best value: 244.484:  21%|██        | 212/1000 [1:17:24<5:02:22, 23.02s/it]Best trial: 55. Best value: 244.484:  21%|██        | 212/1000 [1:17:24<5:02:22, 23.02s/it]Best trial: 55. Best value: 244.484:  21%|██▏       | 213/1000 [1:17:24<5:11:23, 23.74s/it]                                                                                           Best trial: 55. Best value: 244.484:  21%|██▏       | 213/1000 [1:17:45<5:11:23, 23.74s/it]Best trial: 55. Best value: 244.484:  21%|██▏       | 213/1000 [1:17:45<5:11:23, 23.74s/it]Best trial: 55. Best value: 244.484:  21%|██▏       | 214/1000 [1:17:45<5:02:39, 23.10s/it]                                                                                           Best trial: 55. Best value: 244.484:  21%|██▏       | 214/1000 [1:17:53<5:02:39, 23.10s/it]Best trial: 55. Best value: 244.484:  21%|██▏       | 214/1000 [1:17:53<5:02:39, 23.10s/it]Best trial: 55. Best value: 244.484:  22%|██▏       | 215/1000 [1:17:53<4:00:52, 18.41s/it]                                                                                           Best trial: 55. Best value: 244.484:  22%|██▏       | 215/1000 [1:18:07<4:00:52, 18.41s/it]Best trial: 55. Best value: 244.484:  22%|██▏       | 215/1000 [1:18:07<4:00:52, 18.41s/it]Best trial: 55. Best value: 244.484:  22%|██▏       | 216/1000 [1:18:07<3:45:17, 17.24s/it]                                                                                           Best trial: 55. Best value: 244.484:  22%|██▏       | 216/1000 [1:18:31<3:45:17, 17.24s/it]Best trial: 55. Best value: 244.484:  22%|██▏       | 216/1000 [1:18:31<3:45:17, 17.24s/it]Best trial: 55. Best value: 244.484:  22%|██▏       | 217/1000 [1:18:31<4:11:19, 19.26s/it]                                                                                           Best trial: 55. Best value: 244.484:  22%|██▏       | 217/1000 [1:18:55<4:11:19, 19.26s/it]Best trial: 55. Best value: 244.484:  22%|██▏       | 217/1000 [1:18:55<4:11:19, 19.26s/it]Best trial: 55. Best value: 244.484:  22%|██▏       | 218/1000 [1:18:55<4:29:59, 20.72s/it]                                                                                           Best trial: 55. Best value: 244.484:  22%|██▏       | 218/1000 [1:19:03<4:29:59, 20.72s/it]Best trial: 55. Best value: 244.484:  22%|██▏       | 218/1000 [1:19:03<4:29:59, 20.72s/it]Best trial: 55. Best value: 244.484:  22%|██▏       | 219/1000 [1:19:03<3:38:44, 16.81s/it]                                                                                           Best trial: 55. Best value: 244.484:  22%|██▏       | 219/1000 [1:19:10<3:38:44, 16.81s/it]Best trial: 55. Best value: 244.484:  22%|██▏       | 219/1000 [1:19:10<3:38:44, 16.81s/it]Best trial: 55. Best value: 244.484:  22%|██▏       | 220/1000 [1:19:10<3:00:40, 13.90s/it]                                                                                           Best trial: 55. Best value: 244.484:  22%|██▏       | 220/1000 [1:19:49<3:00:40, 13.90s/it]Best trial: 55. Best value: 244.484:  22%|██▏       | 220/1000 [1:19:49<3:00:40, 13.90s/it]Best trial: 55. Best value: 244.484:  22%|██▏       | 221/1000 [1:19:49<4:38:29, 21.45s/it]                                                                                           Best trial: 55. Best value: 244.484:  22%|██▏       | 221/1000 [1:20:11<4:38:29, 21.45s/it]Best trial: 55. Best value: 244.484:  22%|██▏       | 221/1000 [1:20:11<4:38:29, 21.45s/it]Best trial: 55. Best value: 244.484:  22%|██▏       | 222/1000 [1:20:11<4:39:36, 21.56s/it]                                                                                           Best trial: 55. Best value: 244.484:  22%|██▏       | 222/1000 [1:20:26<4:39:36, 21.56s/it]Best trial: 55. Best value: 244.484:  22%|██▏       | 222/1000 [1:20:26<4:39:36, 21.56s/it]Best trial: 55. Best value: 244.484:  22%|██▏       | 223/1000 [1:20:26<4:11:56, 19.46s/it]                                                                                           Best trial: 55. Best value: 244.484:  22%|██▏       | 223/1000 [1:20:39<4:11:56, 19.46s/it]Best trial: 55. Best value: 244.484:  22%|██▏       | 223/1000 [1:20:39<4:11:56, 19.46s/it]Best trial: 55. Best value: 244.484:  22%|██▏       | 224/1000 [1:20:39<3:47:04, 17.56s/it]                                                                                           Best trial: 55. Best value: 244.484:  22%|██▏       | 224/1000 [1:20:46<3:47:04, 17.56s/it]Best trial: 55. Best value: 244.484:  22%|██▏       | 224/1000 [1:20:46<3:47:04, 17.56s/it]Best trial: 55. Best value: 244.484:  22%|██▎       | 225/1000 [1:20:46<3:07:44, 14.53s/it]                                                                                           Best trial: 55. Best value: 244.484:  22%|██▎       | 225/1000 [1:21:01<3:07:44, 14.53s/it]Best trial: 55. Best value: 244.484:  22%|██▎       | 225/1000 [1:21:01<3:07:44, 14.53s/it]Best trial: 55. Best value: 244.484:  23%|██▎       | 226/1000 [1:21:01<3:06:44, 14.48s/it]                                                                                           Best trial: 55. Best value: 244.484:  23%|██▎       | 226/1000 [1:21:14<3:06:44, 14.48s/it]Best trial: 55. Best value: 244.484:  23%|██▎       | 226/1000 [1:21:14<3:06:44, 14.48s/it]Best trial: 55. Best value: 244.484:  23%|██▎       | 227/1000 [1:21:14<3:01:40, 14.10s/it]                                                                                           Best trial: 55. Best value: 244.484:  23%|██▎       | 227/1000 [1:21:21<3:01:40, 14.10s/it]Best trial: 55. Best value: 244.484:  23%|██▎       | 227/1000 [1:21:21<3:01:40, 14.10s/it]Best trial: 55. Best value: 244.484:  23%|██▎       | 228/1000 [1:21:21<2:35:43, 12.10s/it]                                                                                           Best trial: 55. Best value: 244.484:  23%|██▎       | 228/1000 [1:21:29<2:35:43, 12.10s/it]Best trial: 55. Best value: 244.484:  23%|██▎       | 228/1000 [1:21:29<2:35:43, 12.10s/it]Best trial: 55. Best value: 244.484:  23%|██▎       | 229/1000 [1:21:29<2:18:48, 10.80s/it]                                                                                           Best trial: 55. Best value: 244.484:  23%|██▎       | 229/1000 [1:21:44<2:18:48, 10.80s/it]Best trial: 55. Best value: 244.484:  23%|██▎       | 229/1000 [1:21:44<2:18:48, 10.80s/it]Best trial: 55. Best value: 244.484:  23%|██▎       | 230/1000 [1:21:44<2:35:00, 12.08s/it]                                                                                           Best trial: 55. Best value: 244.484:  23%|██▎       | 230/1000 [1:21:59<2:35:00, 12.08s/it]Best trial: 55. Best value: 244.484:  23%|██▎       | 230/1000 [1:21:59<2:35:00, 12.08s/it]Best trial: 55. Best value: 244.484:  23%|██▎       | 231/1000 [1:21:59<2:45:38, 12.92s/it]                                                                                           Best trial: 55. Best value: 244.484:  23%|██▎       | 231/1000 [1:22:25<2:45:38, 12.92s/it]Best trial: 55. Best value: 244.484:  23%|██▎       | 231/1000 [1:22:25<2:45:38, 12.92s/it]Best trial: 55. Best value: 244.484:  23%|██▎       | 232/1000 [1:22:25<3:37:25, 16.99s/it]                                                                                           [32m[I 2023-05-15 00:46:26,874][0m Trial 203 finished with value: 1092.8349414241948 and parameters: {'c1': 0.6342809935090427, 'c2': 0.6388576152878562, 'eps': 1.5178973902883917, 'horizon': 2, 'discount': 0.888743864958927}. Best is trial 55 with value: 244.48419672566837.[0m
[32m[I 2023-05-15 00:47:06,204][0m Trial 204 finished with value: 1221.8538607578307 and parameters: {'c1': 0.4142990890806404, 'c2': 0.7032145548469948, 'eps': 1.1928196682691599, 'horizon': 5, 'discount': 0.6886806632077997}. Best is trial 55 with value: 244.48419672566837.[0m
[32m[I 2023-05-15 00:47:32,055][0m Trial 205 finished with value: 885.447386962152 and parameters: {'c1': 2.4870604691922376, 'c2': 2.8511379992904096, 'eps': 2.4246450279574248, 'horizon': 4, 'discount': 0.6223810933967016}. Best is trial 55 with value: 244.48419672566837.[0m
[32m[I 2023-05-15 00:48:16,960][0m Trial 206 finished with value: 1042.0603094202124 and parameters: {'c1': 1.5846364628778804, 'c2': 1.876727833494991, 'eps': 1.732745923848258, 'horizon': 5, 'discount': 0.9806622086891208}. Best is trial 55 with value: 244.48419672566837.[0m
[32m[I 2023-05-15 00:48:24,634][0m Trial 207 finished with value: 308.6507164115324 and parameters: {'c1': 2.0602896311201775, 'c2': 2.816398575849397, 'eps': 1.614654858418177, 'horizon': 2, 'discount': 0.7719356133537294}. Best is trial 55 with value: 244.48419672566837.[0m
[32m[I 2023-05-15 00:48:38,802][0m Trial 208 finished with value: 746.6202918393584 and parameters: {'c1': 2.6552414984756454, 'c2': 0.11765073195714093, 'eps': 0.5648746727003393, 'horizon': 3, 'discount': 0.6452779771179609}. Best is trial 55 with value: 244.48419672566837.[0m
[32m[I 2023-05-15 00:48:53,446][0m Trial 209 finished with value: 915.8523781169104 and parameters: {'c1': 1.7345504936448728, 'c2': 0.7567722259832285, 'eps': 0.41534381005161425, 'horizon': 3, 'discount': 0.9591970543329313}. Best is trial 55 with value: 244.48419672566837.[0m
[32m[I 2023-05-15 00:49:00,302][0m Trial 210 finished with value: 471.3432331532021 and parameters: {'c1': 0.38308715158151263, 'c2': 0.39206289155656404, 'eps': 1.9159644610353097, 'horizon': 2, 'discount': 0.6041733634639802}. Best is trial 55 with value: 244.48419672566837.[0m
[32m[I 2023-05-15 00:49:42,000][0m Trial 211 finished with value: 1185.331413617189 and parameters: {'c1': 0.2666942570228201, 'c2': 2.636147316027526, 'eps': 0.9254125685081572, 'horizon': 5, 'discount': 0.7405957156216659}. Best is trial 55 with value: 244.48419672566837.[0m
[32m[I 2023-05-15 00:50:07,414][0m Trial 212 finished with value: 1237.0308071567229 and parameters: {'c1': 1.604706517708649, 'c2': 2.130377163047479, 'eps': 2.6855223488740685, 'horizon': 4, 'discount': 0.9067143918404064}. Best is trial 55 with value: 244.48419672566837.[0m
[32m[I 2023-05-15 00:50:29,031][0m Trial 213 finished with value: 337.20090893417415 and parameters: {'c1': 0.3221871324644654, 'c2': 0.1258351763457427, 'eps': 1.7302550887901464, 'horizon': 4, 'discount': 0.8109733682291411}. Best is trial 55 with value: 244.48419672566837.[0m
[32m[I 2023-05-15 00:50:36,491][0m Trial 214 finished with value: 1370.8032938961976 and parameters: {'c1': 2.658187937284749, 'c2': 0.40205712953308026, 'eps': 0.5750398508098018, 'horizon': 2, 'discount': 0.9644311436640423}. Best is trial 55 with value: 244.48419672566837.[0m
[32m[I 2023-05-15 00:50:51,005][0m Trial 215 finished with value: 317.7136817674305 and parameters: {'c1': 1.955445058361588, 'c2': 2.39515849511551, 'eps': 1.769637438729252, 'horizon': 3, 'discount': 0.6547627509660944}. Best is trial 55 with value: 244.48419672566837.[0m
[32m[I 2023-05-15 00:51:14,970][0m Trial 216 finished with value: 620.6862652425073 and parameters: {'c1': 2.3274653758291257, 'c2': 1.3326424354033637, 'eps': 2.9253424245477415, 'horizon': 4, 'discount': 0.7449787499656919}. Best is trial 55 with value: 244.48419672566837.[0m
[32m[I 2023-05-15 00:51:39,084][0m Trial 217 finished with value: 1382.3775898807883 and parameters: {'c1': 0.7426981622624806, 'c2': 1.465705713239267, 'eps': 2.975441465009539, 'horizon': 4, 'discount': 0.9970325669053048}. Best is trial 55 with value: 244.48419672566837.[0m
[32m[I 2023-05-15 00:51:46,766][0m Trial 218 finished with value: 1349.0594717676083 and parameters: {'c1': 0.8890560032178342, 'c2': 1.7967832764260652, 'eps': 0.7331661512580447, 'horizon': 2, 'discount': 0.8028968581129533}. Best is trial 55 with value: 244.48419672566837.[0m
[32m[I 2023-05-15 00:51:53,878][0m Trial 219 finished with value: 395.52382006483407 and parameters: {'c1': 2.562064424180483, 'c2': 0.005364721935354866, 'eps': 2.8958918482380276, 'horizon': 2, 'discount': 0.9983069966409996}. Best is trial 55 with value: 244.48419672566837.[0m
[32m[I 2023-05-15 00:52:32,953][0m Trial 220 finished with value: 680.1252326244795 and parameters: {'c1': 1.580125354531158, 'c2': 0.1003305862865641, 'eps': 2.9104263853825505, 'horizon': 5, 'discount': 0.6128386395375843}. Best is trial 55 with value: 244.48419672566837.[0m
[32m[I 2023-05-15 00:52:54,782][0m Trial 221 finished with value: 1109.1355683869565 and parameters: {'c1': 2.288932806892965, 'c2': 0.8674110178056749, 'eps': 1.6747648745061277, 'horizon': 4, 'discount': 0.6886738826086625}. Best is trial 55 with value: 244.48419672566837.[0m
[32m[I 2023-05-15 00:53:09,318][0m Trial 222 finished with value: 818.7477784096332 and parameters: {'c1': 0.5120632948848183, 'c2': 2.4923417410576905, 'eps': 0.20803899216005584, 'horizon': 3, 'discount': 0.8480544054870691}. Best is trial 55 with value: 244.48419672566837.[0m
[32m[I 2023-05-15 00:53:22,446][0m Trial 223 finished with value: 296.39012603350386 and parameters: {'c1': 0.4773493508918032, 'c2': 0.3866738561983538, 'eps': 2.332409570620805, 'horizon': 3, 'discount': 0.8885569243368038}. Best is trial 55 with value: 244.48419672566837.[0m
[32m[I 2023-05-15 00:53:29,927][0m Trial 224 finished with value: 1942.8520105502619 and parameters: {'c1': 0.8514412147647152, 'c2': 2.3974637313875657, 'eps': 0.45190327309693945, 'horizon': 2, 'discount': 0.9653732814681611}. Best is trial 55 with value: 244.48419672566837.[0m
[32m[I 2023-05-15 00:53:44,269][0m Trial 225 finished with value: 1279.3802400024194 and parameters: {'c1': 0.00891146472070714, 'c2': 2.0698089276769545, 'eps': 1.9812463354323757, 'horizon': 3, 'discount': 0.6419357332287556}. Best is trial 55 with value: 244.48419672566837.[0m
[32m[I 2023-05-15 00:53:57,496][0m Trial 226 finished with value: 608.9182187871028 and parameters: {'c1': 0.29507389638165993, 'c2': 1.97346546306352, 'eps': 1.5333528394307816, 'horizon': 3, 'discount': 0.7065607990860178}. Best is trial 55 with value: 244.48419672566837.[0m
[32m[I 2023-05-15 00:54:04,935][0m Trial 227 finished with value: 781.8747240411649 and parameters: {'c1': 2.630989674300258, 'c2': 1.451690521252984, 'eps': 0.441519645597786, 'horizon': 2, 'discount': 0.7437125362171717}. Best is trial 55 with value: 244.48419672566837.[0m
[32m[I 2023-05-15 00:54:12,701][0m Trial 228 finished with value: 1280.849888894956 and parameters: {'c1': 1.275522459848076, 'c2': 2.040236819909196, 'eps': 1.5360048064200578, 'horizon': 2, 'discount': 0.9388597469246742}. Best is trial 55 with value: 244.48419672566837.[0m
[32m[I 2023-05-15 00:54:27,759][0m Trial 229 finished with value: 1252.6405038549372 and parameters: {'c1': 1.873574034008774, 'c2': 1.2243032980779924, 'eps': 1.1785496154490218, 'horizon': 3, 'discount': 0.6871218068381021}. Best is trial 55 with value: 244.48419672566837.[0m
[32m[I 2023-05-15 00:54:42,654][0m Trial 230 finished with value: 699.4590157831944 and parameters: {'c1': 2.097464834493776, 'c2': 2.8040622395487733, 'eps': 0.3783730021440552, 'horizon': 3, 'discount': 0.8385011908501943}. Best is trial 55 with value: 244.48419672566837.[0m
[32m[I 2023-05-15 00:55:09,121][0m Trial 231 finished with value: 486.0872804504512 and parameters: {'c1': 0.2932369830807242, 'c2': 2.9614745682582146, 'eps': 0.20813967785820298, 'horizon': 4, 'discount': 0.8061943556047149}. Best is trial 55 with value: 244.48419672566837.[0m
