Best trial: 246. Best value: 244.315:  35%|███▍      | 346/1000 [2:07:38<3:35:03, 19.73s/it]Best trial: 246. Best value: 244.315:  35%|███▍      | 346/1000 [2:07:38<3:35:03, 19.73s/it]Best trial: 246. Best value: 244.315:  35%|███▍      | 347/1000 [2:07:38<2:55:31, 16.13s/it]                                                                                            Best trial: 246. Best value: 244.315:  35%|███▍      | 347/1000 [2:08:04<2:55:31, 16.13s/it]Best trial: 246. Best value: 244.315:  35%|███▍      | 347/1000 [2:08:04<2:55:31, 16.13s/it]Best trial: 246. Best value: 244.315:  35%|███▍      | 348/1000 [2:08:04<3:26:05, 18.96s/it]                                                                                            Best trial: 246. Best value: 244.315:  35%|███▍      | 348/1000 [2:08:48<3:26:05, 18.96s/it]Best trial: 246. Best value: 244.315:  35%|███▍      | 348/1000 [2:08:48<3:26:05, 18.96s/it]Best trial: 246. Best value: 244.315:  35%|███▍      | 349/1000 [2:08:48<4:46:35, 26.41s/it]                                                                                            Best trial: 246. Best value: 244.315:  35%|███▍      | 349/1000 [2:09:03<4:46:35, 26.41s/it]Best trial: 246. Best value: 244.315:  35%|███▍      | 349/1000 [2:09:03<4:46:35, 26.41s/it]Best trial: 246. Best value: 244.315:  35%|███▌      | 350/1000 [2:09:03<4:08:55, 22.98s/it]                                                                                            Best trial: 246. Best value: 244.315:  35%|███▌      | 350/1000 [2:09:10<4:08:55, 22.98s/it]Best trial: 246. Best value: 244.315:  35%|███▌      | 350/1000 [2:09:10<4:08:55, 22.98s/it]Best trial: 246. Best value: 244.315:  35%|███▌      | 351/1000 [2:09:10<3:18:56, 18.39s/it]                                                                                            Best trial: 246. Best value: 244.315:  35%|███▌      | 351/1000 [2:09:52<3:18:56, 18.39s/it]Best trial: 246. Best value: 244.315:  35%|███▌      | 351/1000 [2:09:52<3:18:56, 18.39s/it]Best trial: 246. Best value: 244.315:  35%|███▌      | 352/1000 [2:09:52<4:32:41, 25.25s/it]                                                                                            Best trial: 246. Best value: 244.315:  35%|███▌      | 352/1000 [2:09:58<4:32:41, 25.25s/it]Best trial: 246. Best value: 244.315:  35%|███▌      | 352/1000 [2:09:58<4:32:41, 25.25s/it]Best trial: 246. Best value: 244.315:  35%|███▌      | 353/1000 [2:09:58<3:31:47, 19.64s/it]                                                                                            Best trial: 246. Best value: 244.315:  35%|███▌      | 353/1000 [2:10:23<3:31:47, 19.64s/it]Best trial: 246. Best value: 244.315:  35%|███▌      | 353/1000 [2:10:23<3:31:47, 19.64s/it]Best trial: 246. Best value: 244.315:  35%|███▌      | 354/1000 [2:10:23<3:49:29, 21.32s/it]                                                                                            Best trial: 246. Best value: 244.315:  35%|███▌      | 354/1000 [2:10:31<3:49:29, 21.32s/it]Best trial: 246. Best value: 244.315:  35%|███▌      | 354/1000 [2:10:31<3:49:29, 21.32s/it]Best trial: 246. Best value: 244.315:  36%|███▌      | 355/1000 [2:10:31<3:04:50, 17.19s/it]                                                                                            Best trial: 246. Best value: 244.315:  36%|███▌      | 355/1000 [2:10:39<3:04:50, 17.19s/it]Best trial: 246. Best value: 244.315:  36%|███▌      | 355/1000 [2:10:39<3:04:50, 17.19s/it]Best trial: 246. Best value: 244.315:  36%|███▌      | 356/1000 [2:10:39<2:33:53, 14.34s/it]                                                                                            Best trial: 246. Best value: 244.315:  36%|███▌      | 356/1000 [2:10:53<2:33:53, 14.34s/it]Best trial: 246. Best value: 244.315:  36%|███▌      | 356/1000 [2:10:53<2:33:53, 14.34s/it]Best trial: 246. Best value: 244.315:  36%|███▌      | 357/1000 [2:10:53<2:35:19, 14.49s/it]                                                                                            Best trial: 246. Best value: 244.315:  36%|███▌      | 357/1000 [2:11:08<2:35:19, 14.49s/it]Best trial: 246. Best value: 244.315:  36%|███▌      | 357/1000 [2:11:08<2:35:19, 14.49s/it]Best trial: 246. Best value: 244.315:  36%|███▌      | 358/1000 [2:11:08<2:34:10, 14.41s/it]                                                                                            Best trial: 246. Best value: 244.315:  36%|███▌      | 358/1000 [2:11:48<2:34:10, 14.41s/it]Best trial: 246. Best value: 244.315:  36%|███▌      | 358/1000 [2:11:48<2:34:10, 14.41s/it]Best trial: 246. Best value: 244.315:  36%|███▌      | 359/1000 [2:11:48<3:56:49, 22.17s/it]                                                                                            Best trial: 246. Best value: 244.315:  36%|███▌      | 359/1000 [2:12:12<3:56:49, 22.17s/it]Best trial: 246. Best value: 244.315:  36%|███▌      | 359/1000 [2:12:12<3:56:49, 22.17s/it]Best trial: 246. Best value: 244.315:  36%|███▌      | 360/1000 [2:12:12<4:03:29, 22.83s/it]                                                                                            Best trial: 246. Best value: 244.315:  36%|███▌      | 360/1000 [2:12:37<4:03:29, 22.83s/it]Best trial: 246. Best value: 244.315:  36%|███▌      | 360/1000 [2:12:37<4:03:29, 22.83s/it]Best trial: 246. Best value: 244.315:  36%|███▌      | 361/1000 [2:12:37<4:08:20, 23.32s/it]                                                                                            Best trial: 246. Best value: 244.315:  36%|███▌      | 361/1000 [2:13:00<4:08:20, 23.32s/it]Best trial: 246. Best value: 244.315:  36%|███▌      | 361/1000 [2:13:00<4:08:20, 23.32s/it]Best trial: 246. Best value: 244.315:  36%|███▌      | 362/1000 [2:13:00<4:08:54, 23.41s/it]                                                                                            Best trial: 246. Best value: 244.315:  36%|███▌      | 362/1000 [2:13:07<4:08:54, 23.41s/it]Best trial: 246. Best value: 244.315:  36%|███▌      | 362/1000 [2:13:07<4:08:54, 23.41s/it]Best trial: 246. Best value: 244.315:  36%|███▋      | 363/1000 [2:13:07<3:16:32, 18.51s/it]                                                                                            Best trial: 246. Best value: 244.315:  36%|███▋      | 363/1000 [2:13:31<3:16:32, 18.51s/it]Best trial: 246. Best value: 244.315:  36%|███▋      | 363/1000 [2:13:31<3:16:32, 18.51s/it]Best trial: 246. Best value: 244.315:  36%|███▋      | 364/1000 [2:13:31<3:30:59, 19.90s/it]                                                                                            Best trial: 246. Best value: 244.315:  36%|███▋      | 364/1000 [2:13:55<3:30:59, 19.90s/it]Best trial: 246. Best value: 244.315:  36%|███▋      | 364/1000 [2:13:55<3:30:59, 19.90s/it]Best trial: 246. Best value: 244.315:  36%|███▋      | 365/1000 [2:13:55<3:44:30, 21.21s/it]                                                                                            Best trial: 246. Best value: 244.315:  36%|███▋      | 365/1000 [2:14:09<3:44:30, 21.21s/it]Best trial: 246. Best value: 244.315:  36%|███▋      | 365/1000 [2:14:09<3:44:30, 21.21s/it]Best trial: 246. Best value: 244.315:  37%|███▋      | 366/1000 [2:14:09<3:22:46, 19.19s/it]                                                                                            Best trial: 246. Best value: 244.315:  37%|███▋      | 366/1000 [2:14:33<3:22:46, 19.19s/it]Best trial: 246. Best value: 244.315:  37%|███▋      | 366/1000 [2:14:33<3:22:46, 19.19s/it]Best trial: 246. Best value: 244.315:  37%|███▋      | 367/1000 [2:14:33<3:36:15, 20.50s/it]                                                                                            Best trial: 246. Best value: 244.315:  37%|███▋      | 367/1000 [2:15:13<3:36:15, 20.50s/it]Best trial: 246. Best value: 244.315:  37%|███▋      | 367/1000 [2:15:13<3:36:15, 20.50s/it]Best trial: 246. Best value: 244.315:  37%|███▋      | 368/1000 [2:15:13<4:38:25, 26.43s/it]                                                                                            Best trial: 246. Best value: 244.315:  37%|███▋      | 368/1000 [2:15:37<4:38:25, 26.43s/it]Best trial: 246. Best value: 244.315:  37%|███▋      | 368/1000 [2:15:37<4:38:25, 26.43s/it]Best trial: 246. Best value: 244.315:  37%|███▋      | 369/1000 [2:15:37<4:30:46, 25.75s/it]                                                                                            Best trial: 246. Best value: 244.315:  37%|███▋      | 369/1000 [2:16:20<4:30:46, 25.75s/it]Best trial: 246. Best value: 244.315:  37%|███▋      | 369/1000 [2:16:20<4:30:46, 25.75s/it]Best trial: 246. Best value: 244.315:  37%|███▋      | 370/1000 [2:16:20<5:23:13, 30.78s/it]                                                                                            Best trial: 246. Best value: 244.315:  37%|███▋      | 370/1000 [2:16:27<5:23:13, 30.78s/it]Best trial: 246. Best value: 244.315:  37%|███▋      | 370/1000 [2:16:27<5:23:13, 30.78s/it]Best trial: 246. Best value: 244.315:  37%|███▋      | 371/1000 [2:16:27<4:07:48, 23.64s/it]                                                                                            Best trial: 246. Best value: 244.315:  37%|███▋      | 371/1000 [2:16:41<4:07:48, 23.64s/it]Best trial: 246. Best value: 244.315:  37%|███▋      | 371/1000 [2:16:41<4:07:48, 23.64s/it]Best trial: 246. Best value: 244.315:  37%|███▋      | 372/1000 [2:16:41<3:37:52, 20.82s/it]                                                                                            Best trial: 246. Best value: 244.315:  37%|███▋      | 372/1000 [2:17:06<3:37:52, 20.82s/it]Best trial: 246. Best value: 244.315:  37%|███▋      | 372/1000 [2:17:06<3:37:52, 20.82s/it]Best trial: 246. Best value: 244.315:  37%|███▋      | 373/1000 [2:17:06<3:50:14, 22.03s/it]                                                                                            Best trial: 246. Best value: 244.315:  37%|███▋      | 373/1000 [2:17:46<3:50:14, 22.03s/it]Best trial: 246. Best value: 244.315:  37%|███▋      | 373/1000 [2:17:46<3:50:14, 22.03s/it]Best trial: 246. Best value: 244.315:  37%|███▋      | 374/1000 [2:17:46<4:45:09, 27.33s/it]                                                                                            [32m[I 2023-05-15 01:40:21,856][0m Trial 346 finished with value: 1670.3069445955298 and parameters: {'c1': 0.9706641178766937, 'c2': 2.222600929432949, 'eps': 0.8300635230021667, 'horizon': 2, 'discount': 0.9930918199740605}. Best is trial 246 with value: 244.31507276371707.[0m
[32m[I 2023-05-15 01:40:47,441][0m Trial 347 finished with value: 1266.1381343651633 and parameters: {'c1': 2.433099433764162, 'c2': 2.5526258870337757, 'eps': 2.9956296938482327, 'horizon': 4, 'discount': 0.7385886259480653}. Best is trial 246 with value: 244.31507276371707.[0m
[32m[I 2023-05-15 01:41:31,236][0m Trial 348 finished with value: 251.7935350391927 and parameters: {'c1': 0.7731895344535097, 'c2': 1.7875845958337355, 'eps': 2.9065183126832594, 'horizon': 5, 'discount': 0.7414953448667924}. Best is trial 246 with value: 244.31507276371707.[0m
[32m[I 2023-05-15 01:41:46,197][0m Trial 349 finished with value: 538.2208080647833 and parameters: {'c1': 0.8283714762593183, 'c2': 2.685090786770315, 'eps': 0.4702805100422378, 'horizon': 3, 'discount': 0.6494701973095997}. Best is trial 246 with value: 244.31507276371707.[0m
[32m[I 2023-05-15 01:41:53,890][0m Trial 350 finished with value: 1266.2973688306304 and parameters: {'c1': 0.17461867068010972, 'c2': 1.9893958833363317, 'eps': 2.4624922189426757, 'horizon': 2, 'discount': 0.9481602092948131}. Best is trial 246 with value: 244.31507276371707.[0m
[32m[I 2023-05-15 01:42:35,139][0m Trial 351 finished with value: 1293.5823543792949 and parameters: {'c1': 2.436051152382069, 'c2': 0.06520797123738398, 'eps': 2.5835027628289304, 'horizon': 5, 'discount': 0.6676744467071764}. Best is trial 246 with value: 244.31507276371707.[0m
[32m[I 2023-05-15 01:42:41,692][0m Trial 352 finished with value: 287.91834688280585 and parameters: {'c1': 0.810051232983867, 'c2': 0.06458672292765599, 'eps': 0.27357988709603953, 'horizon': 2, 'discount': 0.6851375183344327}. Best is trial 246 with value: 244.31507276371707.[0m
[32m[I 2023-05-15 01:43:06,917][0m Trial 353 finished with value: 735.49613774924 and parameters: {'c1': 2.7422846069134863, 'c2': 0.7143571446375575, 'eps': 1.9804614707904002, 'horizon': 4, 'discount': 0.9291826230213808}. Best is trial 246 with value: 244.31507276371707.[0m
[32m[I 2023-05-15 01:43:14,495][0m Trial 354 finished with value: 1185.4360582475565 and parameters: {'c1': 2.385685865109053, 'c2': 0.6729564763036532, 'eps': 2.755179365634847, 'horizon': 2, 'discount': 0.7276042389842726}. Best is trial 246 with value: 244.31507276371707.[0m
[32m[I 2023-05-15 01:43:22,169][0m Trial 355 finished with value: 4736.991791270787 and parameters: {'c1': 0.3049062748650816, 'c2': 0.03970498327010219, 'eps': 1.7596909160084342, 'horizon': 2, 'discount': 0.6055584991230766}. Best is trial 246 with value: 244.31507276371707.[0m
[32m[I 2023-05-15 01:43:37,028][0m Trial 356 finished with value: 1812.3533323712024 and parameters: {'c1': 1.9862412850415199, 'c2': 2.864288257159694, 'eps': 0.13212700377426226, 'horizon': 3, 'discount': 0.7735079989353422}. Best is trial 246 with value: 244.31507276371707.[0m
[32m[I 2023-05-15 01:43:51,239][0m Trial 357 finished with value: 1427.2506506031204 and parameters: {'c1': 2.2614798904885753, 'c2': 2.860037474633536, 'eps': 2.434851348017361, 'horizon': 3, 'discount': 0.9600120856565952}. Best is trial 246 with value: 244.31507276371707.[0m
[32m[I 2023-05-15 01:44:31,508][0m Trial 358 finished with value: 1521.326520893171 and parameters: {'c1': 2.3352378881989138, 'c2': 2.510926270556946, 'eps': 2.322161938570258, 'horizon': 5, 'discount': 0.6772921291845526}. Best is trial 246 with value: 244.31507276371707.[0m
[32m[I 2023-05-15 01:44:55,876][0m Trial 359 finished with value: 1175.7123996104244 and parameters: {'c1': 1.4758259969487117, 'c2': 2.937683672950242, 'eps': 2.647676645407118, 'horizon': 4, 'discount': 0.9133600707225354}. Best is trial 246 with value: 244.31507276371707.[0m
[32m[I 2023-05-15 01:45:20,341][0m Trial 360 finished with value: 695.3722801213464 and parameters: {'c1': 2.9422995097090254, 'c2': 1.1248442005834627, 'eps': 2.1956911179794756, 'horizon': 4, 'discount': 0.9929269220038324}. Best is trial 246 with value: 244.31507276371707.[0m
[32m[I 2023-05-15 01:45:43,956][0m Trial 361 finished with value: 773.3327882263893 and parameters: {'c1': 1.7438168287727491, 'c2': 0.39425568577841064, 'eps': 2.873635746737537, 'horizon': 4, 'discount': 0.8320491713166849}. Best is trial 246 with value: 244.31507276371707.[0m
[32m[I 2023-05-15 01:45:51,048][0m Trial 362 finished with value: 643.7309957378282 and parameters: {'c1': 1.6021239580079745, 'c2': 0.5917589082207199, 'eps': 2.074167761337342, 'horizon': 2, 'discount': 0.747032470867278}. Best is trial 246 with value: 244.31507276371707.[0m
[32m[I 2023-05-15 01:46:14,199][0m Trial 363 finished with value: 496.6326900275561 and parameters: {'c1': 0.09790569935617621, 'c2': 0.7031094675449991, 'eps': 1.4093509924646945, 'horizon': 4, 'discount': 0.8954149697150418}. Best is trial 246 with value: 244.31507276371707.[0m
[32m[I 2023-05-15 01:46:38,469][0m Trial 364 finished with value: 979.4089050754462 and parameters: {'c1': 2.050362521073759, 'c2': 0.6696902309703779, 'eps': 1.122233949586903, 'horizon': 4, 'discount': 0.666168088771292}. Best is trial 246 with value: 244.31507276371707.[0m
[32m[I 2023-05-15 01:46:52,935][0m Trial 365 finished with value: 699.407532582882 and parameters: {'c1': 0.5517340733746723, 'c2': 1.701424504177006, 'eps': 1.7201230975777846, 'horizon': 3, 'discount': 0.9933102318524725}. Best is trial 246 with value: 244.31507276371707.[0m
[32m[I 2023-05-15 01:47:16,486][0m Trial 366 finished with value: 741.4765634471289 and parameters: {'c1': 1.9860462005528838, 'c2': 0.35473888777443185, 'eps': 1.994414910212415, 'horizon': 4, 'discount': 0.9990832660237419}. Best is trial 246 with value: 244.31507276371707.[0m
[32m[I 2023-05-15 01:47:56,765][0m Trial 367 finished with value: 362.0162942629042 and parameters: {'c1': 2.541499758836718, 'c2': 1.302235073661815, 'eps': 2.942502024924791, 'horizon': 5, 'discount': 0.915984071653135}. Best is trial 246 with value: 244.31507276371707.[0m
[32m[I 2023-05-15 01:48:20,912][0m Trial 368 finished with value: 1036.5614424623113 and parameters: {'c1': 2.4305248410227946, 'c2': 0.4067197546249184, 'eps': 1.5355536410654091, 'horizon': 4, 'discount': 0.6726328047108687}. Best is trial 246 with value: 244.31507276371707.[0m
[32m[I 2023-05-15 01:49:03,444][0m Trial 369 finished with value: 1265.2073017592888 and parameters: {'c1': 2.1096173098850115, 'c2': 1.6584376514126828, 'eps': 2.5971313545311916, 'horizon': 5, 'discount': 0.8828651397639017}. Best is trial 246 with value: 244.31507276371707.[0m
[32m[I 2023-05-15 01:49:10,415][0m Trial 370 finished with value: 1249.3379034237369 and parameters: {'c1': 1.1553612834794638, 'c2': 0.6740887696689779, 'eps': 0.10849578435831782, 'horizon': 2, 'discount': 0.894375910273419}. Best is trial 246 with value: 244.31507276371707.[0m
[32m[I 2023-05-15 01:49:24,645][0m Trial 371 finished with value: 1517.2116896618213 and parameters: {'c1': 1.467828070534614, 'c2': 1.8965108071271803, 'eps': 1.6818559270377662, 'horizon': 3, 'discount': 0.8177585419156582}. Best is trial 246 with value: 244.31507276371707.[0m
[32m[I 2023-05-15 01:49:49,517][0m Trial 372 finished with value: 1072.779662260794 and parameters: {'c1': 0.14519393224391608, 'c2': 1.7992276212337703, 'eps': 1.513553849498296, 'horizon': 4, 'discount': 0.8904251030364734}. Best is trial 246 with value: 244.31507276371707.[0m
[32m[I 2023-05-15 01:50:29,209][0m Trial 373 finished with value: 1185.8910639353144 and parameters: {'c1': 2.4276852246488896, 'c2': 2.1237613679292, 'eps': 0.19993506088433727, 'horizon': 5, 'discount': 0.9770333192346227}. Best is trial 246 with value: 244.31507276371707.[0m
