Best trial: 246. Best value: 244.315:  51%|█████▏    | 514/1000 [3:11:15<3:13:49, 23.93s/it]Best trial: 246. Best value: 244.315:  51%|█████▏    | 514/1000 [3:11:15<3:13:49, 23.93s/it]Best trial: 246. Best value: 244.315:  52%|█████▏    | 515/1000 [3:11:15<2:48:18, 20.82s/it]                                                                                            Best trial: 246. Best value: 244.315:  52%|█████▏    | 515/1000 [3:11:57<2:48:18, 20.82s/it]Best trial: 246. Best value: 244.315:  52%|█████▏    | 515/1000 [3:11:57<2:48:18, 20.82s/it]Best trial: 246. Best value: 244.315:  52%|█████▏    | 516/1000 [3:11:57<3:37:50, 27.01s/it]                                                                                            Best trial: 246. Best value: 244.315:  52%|█████▏    | 516/1000 [3:12:11<3:37:50, 27.01s/it]Best trial: 246. Best value: 244.315:  52%|█████▏    | 516/1000 [3:12:11<3:37:50, 27.01s/it]Best trial: 246. Best value: 244.315:  52%|█████▏    | 517/1000 [3:12:11<3:06:36, 23.18s/it]                                                                                            Best trial: 246. Best value: 244.315:  52%|█████▏    | 517/1000 [3:12:25<3:06:36, 23.18s/it]Best trial: 246. Best value: 244.315:  52%|█████▏    | 517/1000 [3:12:25<3:06:36, 23.18s/it]Best trial: 246. Best value: 244.315:  52%|█████▏    | 518/1000 [3:12:25<2:43:09, 20.31s/it]                                                                                            Best trial: 246. Best value: 244.315:  52%|█████▏    | 518/1000 [3:12:32<2:43:09, 20.31s/it]Best trial: 246. Best value: 244.315:  52%|█████▏    | 518/1000 [3:12:32<2:43:09, 20.31s/it]Best trial: 246. Best value: 244.315:  52%|█████▏    | 519/1000 [3:12:32<2:11:58, 16.46s/it]                                                                                            Best trial: 246. Best value: 244.315:  52%|█████▏    | 519/1000 [3:12:46<2:11:58, 16.46s/it]Best trial: 246. Best value: 244.315:  52%|█████▏    | 519/1000 [3:12:46<2:11:58, 16.46s/it]Best trial: 246. Best value: 244.315:  52%|█████▏    | 520/1000 [3:12:46<2:06:17, 15.79s/it]                                                                                            Best trial: 246. Best value: 244.315:  52%|█████▏    | 520/1000 [3:13:13<2:06:17, 15.79s/it]Best trial: 246. Best value: 244.315:  52%|█████▏    | 520/1000 [3:13:13<2:06:17, 15.79s/it]Best trial: 246. Best value: 244.315:  52%|█████▏    | 521/1000 [3:13:13<2:31:19, 18.95s/it]                                                                                            Best trial: 246. Best value: 244.315:  52%|█████▏    | 521/1000 [3:13:38<2:31:19, 18.95s/it]Best trial: 246. Best value: 244.315:  52%|█████▏    | 521/1000 [3:13:38<2:31:19, 18.95s/it]Best trial: 246. Best value: 244.315:  52%|█████▏    | 522/1000 [3:13:38<2:46:18, 20.87s/it]                                                                                            Best trial: 246. Best value: 244.315:  52%|█████▏    | 522/1000 [3:14:22<2:46:18, 20.87s/it]Best trial: 246. Best value: 244.315:  52%|█████▏    | 522/1000 [3:14:22<2:46:18, 20.87s/it]Best trial: 246. Best value: 244.315:  52%|█████▏    | 523/1000 [3:14:22<3:39:59, 27.67s/it]                                                                                            Best trial: 246. Best value: 244.315:  52%|█████▏    | 523/1000 [3:14:58<3:39:59, 27.67s/it]Best trial: 246. Best value: 244.315:  52%|█████▏    | 523/1000 [3:14:58<3:39:59, 27.67s/it]Best trial: 246. Best value: 244.315:  52%|█████▏    | 524/1000 [3:14:58<4:01:11, 30.40s/it]                                                                                            Best trial: 246. Best value: 244.315:  52%|█████▏    | 524/1000 [3:15:22<4:01:11, 30.40s/it]Best trial: 246. Best value: 244.315:  52%|█████▏    | 524/1000 [3:15:22<4:01:11, 30.40s/it]Best trial: 246. Best value: 244.315:  52%|█████▎    | 525/1000 [3:15:22<3:44:22, 28.34s/it]                                                                                            Best trial: 246. Best value: 244.315:  52%|█████▎    | 525/1000 [3:15:37<3:44:22, 28.34s/it]Best trial: 246. Best value: 244.315:  52%|█████▎    | 525/1000 [3:15:37<3:44:22, 28.34s/it]Best trial: 246. Best value: 244.315:  53%|█████▎    | 526/1000 [3:15:37<3:12:18, 24.34s/it]                                                                                            Best trial: 246. Best value: 244.315:  53%|█████▎    | 526/1000 [3:16:14<3:12:18, 24.34s/it]Best trial: 246. Best value: 244.315:  53%|█████▎    | 526/1000 [3:16:14<3:12:18, 24.34s/it]Best trial: 246. Best value: 244.315:  53%|█████▎    | 527/1000 [3:16:14<3:41:34, 28.11s/it]                                                                                            Best trial: 246. Best value: 244.315:  53%|█████▎    | 527/1000 [3:16:28<3:41:34, 28.11s/it]Best trial: 246. Best value: 244.315:  53%|█████▎    | 527/1000 [3:16:28<3:41:34, 28.11s/it]Best trial: 246. Best value: 244.315:  53%|█████▎    | 528/1000 [3:16:28<3:07:15, 23.80s/it]                                                                                            Best trial: 246. Best value: 244.315:  53%|█████▎    | 528/1000 [3:16:35<3:07:15, 23.80s/it]Best trial: 246. Best value: 244.315:  53%|█████▎    | 528/1000 [3:16:35<3:07:15, 23.80s/it]Best trial: 246. Best value: 244.315:  53%|█████▎    | 529/1000 [3:16:35<2:28:03, 18.86s/it]                                                                                            Best trial: 246. Best value: 244.315:  53%|█████▎    | 529/1000 [3:17:12<2:28:03, 18.86s/it]Best trial: 246. Best value: 244.315:  53%|█████▎    | 529/1000 [3:17:12<2:28:03, 18.86s/it]Best trial: 246. Best value: 244.315:  53%|█████▎    | 530/1000 [3:17:12<3:10:13, 24.28s/it]                                                                                            Best trial: 246. Best value: 244.315:  53%|█████▎    | 530/1000 [3:17:51<3:10:13, 24.28s/it]Best trial: 246. Best value: 244.315:  53%|█████▎    | 530/1000 [3:17:51<3:10:13, 24.28s/it]Best trial: 246. Best value: 244.315:  53%|█████▎    | 531/1000 [3:17:51<3:45:43, 28.88s/it]                                                                                            Best trial: 246. Best value: 244.315:  53%|█████▎    | 531/1000 [3:18:33<3:45:43, 28.88s/it]Best trial: 246. Best value: 244.315:  53%|█████▎    | 531/1000 [3:18:33<3:45:43, 28.88s/it]Best trial: 246. Best value: 244.315:  53%|█████▎    | 532/1000 [3:18:33<4:14:40, 32.65s/it]                                                                                            Best trial: 246. Best value: 244.315:  53%|█████▎    | 532/1000 [3:19:17<4:14:40, 32.65s/it]Best trial: 246. Best value: 244.315:  53%|█████▎    | 532/1000 [3:19:17<4:14:40, 32.65s/it]Best trial: 246. Best value: 244.315:  53%|█████▎    | 533/1000 [3:19:17<4:40:34, 36.05s/it]                                                                                            Best trial: 246. Best value: 244.315:  53%|█████▎    | 533/1000 [3:19:24<4:40:34, 36.05s/it]Best trial: 246. Best value: 244.315:  53%|█████▎    | 533/1000 [3:19:24<4:40:34, 36.05s/it]Best trial: 246. Best value: 244.315:  53%|█████▎    | 534/1000 [3:19:24<3:33:31, 27.49s/it]                                                                                            Best trial: 246. Best value: 244.315:  53%|█████▎    | 534/1000 [3:19:39<3:33:31, 27.49s/it]Best trial: 246. Best value: 244.315:  53%|█████▎    | 534/1000 [3:19:39<3:33:31, 27.49s/it]Best trial: 246. Best value: 244.315:  54%|█████▎    | 535/1000 [3:19:39<3:02:35, 23.56s/it]                                                                                            Best trial: 246. Best value: 244.315:  54%|█████▎    | 535/1000 [3:19:52<3:02:35, 23.56s/it]Best trial: 246. Best value: 244.315:  54%|█████▎    | 535/1000 [3:19:52<3:02:35, 23.56s/it]Best trial: 246. Best value: 244.315:  54%|█████▎    | 536/1000 [3:19:52<2:37:55, 20.42s/it]                                                                                            Best trial: 246. Best value: 244.315:  54%|█████▎    | 536/1000 [3:20:06<2:37:55, 20.42s/it]Best trial: 246. Best value: 244.315:  54%|█████▎    | 536/1000 [3:20:06<2:37:55, 20.42s/it]Best trial: 246. Best value: 244.315:  54%|█████▎    | 537/1000 [3:20:06<2:22:26, 18.46s/it]                                                                                            Best trial: 246. Best value: 244.315:  54%|█████▎    | 537/1000 [3:20:31<2:22:26, 18.46s/it]Best trial: 246. Best value: 244.315:  54%|█████▎    | 537/1000 [3:20:31<2:22:26, 18.46s/it]Best trial: 246. Best value: 244.315:  54%|█████▍    | 538/1000 [3:20:31<2:36:56, 20.38s/it]                                                                                            Best trial: 246. Best value: 244.315:  54%|█████▍    | 538/1000 [3:21:10<2:36:56, 20.38s/it]Best trial: 246. Best value: 244.315:  54%|█████▍    | 538/1000 [3:21:10<2:36:56, 20.38s/it]Best trial: 246. Best value: 244.315:  54%|█████▍    | 539/1000 [3:21:10<3:20:20, 26.07s/it]                                                                                            Best trial: 246. Best value: 244.315:  54%|█████▍    | 539/1000 [3:21:35<3:20:20, 26.07s/it]Best trial: 246. Best value: 244.315:  54%|█████▍    | 539/1000 [3:21:35<3:20:20, 26.07s/it]Best trial: 246. Best value: 244.315:  54%|█████▍    | 540/1000 [3:21:35<3:16:25, 25.62s/it]                                                                                            Best trial: 246. Best value: 244.315:  54%|█████▍    | 540/1000 [3:21:58<3:16:25, 25.62s/it]Best trial: 246. Best value: 244.315:  54%|█████▍    | 540/1000 [3:21:58<3:16:25, 25.62s/it]Best trial: 246. Best value: 244.315:  54%|█████▍    | 541/1000 [3:21:58<3:11:53, 25.08s/it]                                                                                            Best trial: 246. Best value: 244.315:  54%|█████▍    | 541/1000 [3:22:20<3:11:53, 25.08s/it]Best trial: 246. Best value: 244.315:  54%|█████▍    | 541/1000 [3:22:20<3:11:53, 25.08s/it]Best trial: 246. Best value: 244.315:  54%|█████▍    | 542/1000 [3:22:20<3:04:28, 24.17s/it]                                                                                            [32m[I 2023-05-15 02:43:59,002][0m Trial 514 finished with value: 1063.2394451893565 and parameters: {'c1': 2.34644000113467, 'c2': 0.7481181551669117, 'eps': 0.312816121931495, 'horizon': 3, 'discount': 0.8217926463592633}. Best is trial 246 with value: 244.31507276371707.[0m
[32m[I 2023-05-15 02:44:40,436][0m Trial 515 finished with value: 891.9664192932167 and parameters: {'c1': 2.1085165392203167, 'c2': 2.501153801147477, 'eps': 0.9591695794034704, 'horizon': 5, 'discount': 0.9781108410490003}. Best is trial 246 with value: 244.31507276371707.[0m
[32m[I 2023-05-15 02:44:54,690][0m Trial 516 finished with value: 361.0964621375257 and parameters: {'c1': 2.647003577309734, 'c2': 0.435775748186368, 'eps': 0.7809406932998277, 'horizon': 3, 'discount': 0.7769366711943458}. Best is trial 246 with value: 244.31507276371707.[0m
[32m[I 2023-05-15 02:45:08,305][0m Trial 517 finished with value: 834.1628069808137 and parameters: {'c1': 1.3952358313512332, 'c2': 2.366167746711301, 'eps': 0.17876220818292937, 'horizon': 3, 'discount': 0.7373058674500041}. Best is trial 246 with value: 244.31507276371707.[0m
[32m[I 2023-05-15 02:45:15,789][0m Trial 518 finished with value: 482.86790884118204 and parameters: {'c1': 0.34766145770742685, 'c2': 1.5315552149385019, 'eps': 0.4158301773232369, 'horizon': 2, 'discount': 0.7112576100200663}. Best is trial 246 with value: 244.31507276371707.[0m
[32m[I 2023-05-15 02:45:29,993][0m Trial 519 finished with value: 1158.606717191434 and parameters: {'c1': 0.6347398066281345, 'c2': 1.950781268133309, 'eps': 0.26764670997177326, 'horizon': 3, 'discount': 0.8842549141136324}. Best is trial 246 with value: 244.31507276371707.[0m
[32m[I 2023-05-15 02:45:56,342][0m Trial 520 finished with value: 624.3155551138151 and parameters: {'c1': 2.493933754216841, 'c2': 2.444945058618948, 'eps': 1.0500326042323875, 'horizon': 4, 'discount': 0.9322455906269177}. Best is trial 246 with value: 244.31507276371707.[0m
[32m[I 2023-05-15 02:46:21,697][0m Trial 521 finished with value: 356.045883570521 and parameters: {'c1': 0.7286257018835581, 'c2': 2.9159193896120454, 'eps': 1.4454560231007765, 'horizon': 4, 'discount': 0.7363072896543918}. Best is trial 246 with value: 244.31507276371707.[0m
[32m[I 2023-05-15 02:47:05,232][0m Trial 522 finished with value: 867.7760220427706 and parameters: {'c1': 2.9103765330813327, 'c2': 0.39337046165204737, 'eps': 2.792508134005337, 'horizon': 5, 'discount': 0.905825206022867}. Best is trial 246 with value: 244.31507276371707.[0m
[32m[I 2023-05-15 02:47:42,004][0m Trial 523 finished with value: 1359.062024713249 and parameters: {'c1': 1.4048246734746286, 'c2': 0.7352445179027871, 'eps': 2.2139175965339066, 'horizon': 5, 'discount': 0.7268651193117392}. Best is trial 246 with value: 244.31507276371707.[0m
[32m[I 2023-05-15 02:48:05,540][0m Trial 524 finished with value: 1163.9130940525451 and parameters: {'c1': 0.8940302375609779, 'c2': 1.4790790136947993, 'eps': 2.9232041677053013, 'horizon': 4, 'discount': 0.6928112724929867}. Best is trial 246 with value: 244.31507276371707.[0m
[32m[I 2023-05-15 02:48:20,552][0m Trial 525 finished with value: 1039.3351945660727 and parameters: {'c1': 1.6561388067945866, 'c2': 2.423285289397932, 'eps': 1.9698359688139409, 'horizon': 3, 'discount': 0.9812696634388346}. Best is trial 246 with value: 244.31507276371707.[0m
[32m[I 2023-05-15 02:48:57,443][0m Trial 526 finished with value: 259.7699651952458 and parameters: {'c1': 0.932891935367919, 'c2': 0.38932792162354, 'eps': 1.5030850064750274, 'horizon': 5, 'discount': 0.7358917386643681}. Best is trial 246 with value: 244.31507276371707.[0m
[32m[I 2023-05-15 02:49:11,204][0m Trial 527 finished with value: 1062.3174092495608 and parameters: {'c1': 2.832811994310596, 'c2': 0.10028829564966335, 'eps': 0.9735881837575165, 'horizon': 3, 'discount': 0.6450543923526679}. Best is trial 246 with value: 244.31507276371707.[0m
[32m[I 2023-05-15 02:49:18,531][0m Trial 528 finished with value: 311.6956558161363 and parameters: {'c1': 1.8134584272709455, 'c2': 0.898544689489483, 'eps': 2.367314474938714, 'horizon': 2, 'discount': 0.6078507684133282}. Best is trial 246 with value: 244.31507276371707.[0m
[32m[I 2023-05-15 02:49:55,470][0m Trial 529 finished with value: 408.46479250785006 and parameters: {'c1': 0.020514925512702842, 'c2': 0.8680467192775643, 'eps': 1.3529617730005914, 'horizon': 5, 'discount': 0.7038942768040657}. Best is trial 246 with value: 244.31507276371707.[0m
[32m[I 2023-05-15 02:50:35,067][0m Trial 530 finished with value: 783.7436224452338 and parameters: {'c1': 2.5358587830050836, 'c2': 2.3350658809917113, 'eps': 0.2016808438855997, 'horizon': 5, 'discount': 0.6367639078256295}. Best is trial 246 with value: 244.31507276371707.[0m
[32m[I 2023-05-15 02:51:16,522][0m Trial 531 finished with value: 1325.1668840425916 and parameters: {'c1': 0.7644499745145337, 'c2': 2.4180983875588185, 'eps': 1.1502056376913965, 'horizon': 5, 'discount': 0.732453979338099}. Best is trial 246 with value: 244.31507276371707.[0m
[32m[I 2023-05-15 02:52:00,496][0m Trial 532 finished with value: 458.29132476191216 and parameters: {'c1': 2.3337866253179897, 'c2': 2.6058552636729377, 'eps': 2.2522418437548914, 'horizon': 5, 'discount': 0.6703880310864981}. Best is trial 246 with value: 244.31507276371707.[0m
[32m[I 2023-05-15 02:52:08,023][0m Trial 533 finished with value: 811.7034943457209 and parameters: {'c1': 0.9057770875009514, 'c2': 2.1388454131093644, 'eps': 1.4801802459396596, 'horizon': 2, 'discount': 0.9893357192566133}. Best is trial 246 with value: 244.31507276371707.[0m
[32m[I 2023-05-15 02:52:22,413][0m Trial 534 finished with value: 309.44261688865123 and parameters: {'c1': 1.706263996818722, 'c2': 0.2011747704364748, 'eps': 1.5465618590235404, 'horizon': 3, 'discount': 0.8505604715976831}. Best is trial 246 with value: 244.31507276371707.[0m
[32m[I 2023-05-15 02:52:35,507][0m Trial 535 finished with value: 1230.383490323455 and parameters: {'c1': 1.1175646891150008, 'c2': 1.0806487798321016, 'eps': 1.7860738078415148, 'horizon': 3, 'discount': 0.931491235057424}. Best is trial 246 with value: 244.31507276371707.[0m
[32m[I 2023-05-15 02:52:49,389][0m Trial 536 finished with value: 1064.8350211295344 and parameters: {'c1': 1.2569554985260796, 'c2': 1.2152674193688118, 'eps': 0.9336936337559817, 'horizon': 3, 'discount': 0.8027816250265885}. Best is trial 246 with value: 244.31507276371707.[0m
[32m[I 2023-05-15 02:53:14,254][0m Trial 537 finished with value: 1223.278611819087 and parameters: {'c1': 2.798310985556671, 'c2': 2.989489154329704, 'eps': 2.7519255282714963, 'horizon': 4, 'discount': 0.7732151901232146}. Best is trial 246 with value: 244.31507276371707.[0m
[32m[I 2023-05-15 02:53:53,614][0m Trial 538 finished with value: 648.5689259627073 and parameters: {'c1': 0.3359673248439694, 'c2': 1.9517670575757384, 'eps': 2.889394371928231, 'horizon': 5, 'discount': 0.8563763711851082}. Best is trial 246 with value: 244.31507276371707.[0m
[32m[I 2023-05-15 02:54:18,171][0m Trial 539 finished with value: 1179.3275010535313 and parameters: {'c1': 1.7441247146389591, 'c2': 2.1297991244698506, 'eps': 0.9465490947786431, 'horizon': 4, 'discount': 0.9542663418555204}. Best is trial 246 with value: 244.31507276371707.[0m
[32m[I 2023-05-15 02:54:42,006][0m Trial 540 finished with value: 699.158952917076 and parameters: {'c1': 1.281575475964685, 'c2': 2.1164861880639374, 'eps': 2.7011616666103904, 'horizon': 4, 'discount': 0.8133723270819305}. Best is trial 246 with value: 244.31507276371707.[0m
[32m[I 2023-05-15 02:55:04,034][0m Trial 541 finished with value: 3069.4468255672687 and parameters: {'c1': 0.04460480856433846, 'c2': 0.03530882942996261, 'eps': 1.0220101511195963, 'horizon': 3, 'discount': 0.7636928822074949}. Best is trial 246 with value: 244.31507276371707.[0m
