Best trial: 246. Best value: 244.315:  80%|███████▉  | 796/1000 [4:54:45<56:39, 16.66s/it]Best trial: 246. Best value: 244.315:  80%|███████▉  | 796/1000 [4:54:45<56:39, 16.66s/it]Best trial: 246. Best value: 244.315:  80%|███████▉  | 797/1000 [4:54:45<1:01:47, 18.27s/it]                                                                                            Best trial: 246. Best value: 244.315:  80%|███████▉  | 797/1000 [4:54:52<1:01:47, 18.27s/it]Best trial: 246. Best value: 244.315:  80%|███████▉  | 797/1000 [4:54:52<1:01:47, 18.27s/it]Best trial: 246. Best value: 244.315:  80%|███████▉  | 798/1000 [4:54:52<50:42, 15.06s/it]                                                                                            Best trial: 246. Best value: 244.315:  80%|███████▉  | 798/1000 [4:55:00<50:42, 15.06s/it]Best trial: 246. Best value: 244.315:  80%|███████▉  | 798/1000 [4:55:00<50:42, 15.06s/it]Best trial: 246. Best value: 244.315:  80%|███████▉  | 799/1000 [4:55:00<43:23, 12.95s/it]                                                                                          Best trial: 246. Best value: 244.315:  80%|███████▉  | 799/1000 [4:55:23<43:23, 12.95s/it]Best trial: 246. Best value: 244.315:  80%|███████▉  | 799/1000 [4:55:23<43:23, 12.95s/it]Best trial: 246. Best value: 244.315:  80%|████████  | 800/1000 [4:55:23<53:32, 16.06s/it]                                                                                          Best trial: 246. Best value: 244.315:  80%|████████  | 800/1000 [4:55:48<53:32, 16.06s/it]Best trial: 246. Best value: 244.315:  80%|████████  | 800/1000 [4:55:48<53:32, 16.06s/it]Best trial: 246. Best value: 244.315:  80%|████████  | 801/1000 [4:55:48<1:01:13, 18.46s/it]                                                                                            Best trial: 246. Best value: 244.315:  80%|████████  | 801/1000 [4:55:55<1:01:13, 18.46s/it]Best trial: 246. Best value: 244.315:  80%|████████  | 801/1000 [4:55:55<1:01:13, 18.46s/it]Best trial: 246. Best value: 244.315:  80%|████████  | 802/1000 [4:55:55<49:38, 15.04s/it]                                                                                            Best trial: 246. Best value: 244.315:  80%|████████  | 802/1000 [4:56:09<49:38, 15.04s/it]Best trial: 246. Best value: 244.315:  80%|████████  | 802/1000 [4:56:09<49:38, 15.04s/it]Best trial: 246. Best value: 244.315:  80%|████████  | 803/1000 [4:56:09<49:08, 14.97s/it]                                                                                          Best trial: 246. Best value: 244.315:  80%|████████  | 803/1000 [4:56:50<49:08, 14.97s/it]Best trial: 246. Best value: 244.315:  80%|████████  | 803/1000 [4:56:50<49:08, 14.97s/it]Best trial: 246. Best value: 244.315:  80%|████████  | 804/1000 [4:56:50<1:13:50, 22.60s/it]                                                                                            Best trial: 246. Best value: 244.315:  80%|████████  | 804/1000 [4:57:04<1:13:50, 22.60s/it]Best trial: 246. Best value: 244.315:  80%|████████  | 804/1000 [4:57:04<1:13:50, 22.60s/it]Best trial: 246. Best value: 244.315:  80%|████████  | 805/1000 [4:57:04<1:04:56, 19.98s/it]                                                                                            Best trial: 246. Best value: 244.315:  80%|████████  | 805/1000 [4:57:17<1:04:56, 19.98s/it]Best trial: 246. Best value: 244.315:  80%|████████  | 805/1000 [4:57:17<1:04:56, 19.98s/it]Best trial: 246. Best value: 244.315:  81%|████████  | 806/1000 [4:57:17<57:55, 17.91s/it]                                                                                            Best trial: 246. Best value: 244.315:  81%|████████  | 806/1000 [4:57:57<57:55, 17.91s/it]Best trial: 246. Best value: 244.315:  81%|████████  | 806/1000 [4:57:57<57:55, 17.91s/it]Best trial: 246. Best value: 244.315:  81%|████████  | 807/1000 [4:57:57<1:19:38, 24.76s/it]                                                                                            Best trial: 246. Best value: 244.315:  81%|████████  | 807/1000 [4:58:40<1:19:38, 24.76s/it]Best trial: 246. Best value: 244.315:  81%|████████  | 807/1000 [4:58:40<1:19:38, 24.76s/it]Best trial: 246. Best value: 244.315:  81%|████████  | 808/1000 [4:58:40<1:36:18, 30.10s/it]                                                                                            Best trial: 246. Best value: 244.315:  81%|████████  | 808/1000 [4:58:47<1:36:18, 30.10s/it]Best trial: 246. Best value: 244.315:  81%|████████  | 808/1000 [4:58:47<1:36:18, 30.10s/it]Best trial: 246. Best value: 244.315:  81%|████████  | 809/1000 [4:58:47<1:13:59, 23.24s/it]                                                                                            Best trial: 246. Best value: 244.315:  81%|████████  | 809/1000 [4:59:02<1:13:59, 23.24s/it]Best trial: 246. Best value: 244.315:  81%|████████  | 809/1000 [4:59:02<1:13:59, 23.24s/it]Best trial: 246. Best value: 244.315:  81%|████████  | 810/1000 [4:59:02<1:05:12, 20.59s/it]                                                                                            Best trial: 246. Best value: 244.315:  81%|████████  | 810/1000 [4:59:10<1:05:12, 20.59s/it]Best trial: 246. Best value: 244.315:  81%|████████  | 810/1000 [4:59:10<1:05:12, 20.59s/it]Best trial: 246. Best value: 244.315:  81%|████████  | 811/1000 [4:59:10<52:51, 16.78s/it]                                                                                            Best trial: 246. Best value: 244.315:  81%|████████  | 811/1000 [4:59:24<52:51, 16.78s/it]Best trial: 246. Best value: 244.315:  81%|████████  | 811/1000 [4:59:24<52:51, 16.78s/it]Best trial: 246. Best value: 244.315:  81%|████████  | 812/1000 [4:59:24<50:06, 15.99s/it]                                                                                          Best trial: 246. Best value: 244.315:  81%|████████  | 812/1000 [4:59:38<50:06, 15.99s/it]Best trial: 246. Best value: 244.315:  81%|████████  | 812/1000 [4:59:38<50:06, 15.99s/it]Best trial: 246. Best value: 244.315:  81%|████████▏ | 813/1000 [4:59:38<48:28, 15.56s/it]                                                                                          Best trial: 246. Best value: 244.315:  81%|████████▏ | 813/1000 [4:59:46<48:28, 15.56s/it]Best trial: 246. Best value: 244.315:  81%|████████▏ | 813/1000 [4:59:46<48:28, 15.56s/it]Best trial: 246. Best value: 244.315:  81%|████████▏ | 814/1000 [4:59:46<40:46, 13.15s/it]                                                                                          Best trial: 246. Best value: 244.315:  81%|████████▏ | 814/1000 [4:59:54<40:46, 13.15s/it]Best trial: 246. Best value: 244.315:  81%|████████▏ | 814/1000 [4:59:54<40:46, 13.15s/it]Best trial: 246. Best value: 244.315:  82%|████████▏ | 815/1000 [4:59:54<35:31, 11.52s/it]                                                                                          Best trial: 246. Best value: 244.315:  82%|████████▏ | 815/1000 [5:00:01<35:31, 11.52s/it]Best trial: 246. Best value: 244.315:  82%|████████▏ | 815/1000 [5:00:01<35:31, 11.52s/it]Best trial: 246. Best value: 244.315:  82%|████████▏ | 816/1000 [5:00:01<31:41, 10.33s/it]                                                                                          Best trial: 246. Best value: 244.315:  82%|████████▏ | 816/1000 [5:00:41<31:41, 10.33s/it]Best trial: 246. Best value: 244.315:  82%|████████▏ | 816/1000 [5:00:41<31:41, 10.33s/it]Best trial: 246. Best value: 244.315:  82%|████████▏ | 817/1000 [5:00:41<58:31, 19.19s/it]                                                                                          Best trial: 246. Best value: 244.315:  82%|████████▏ | 817/1000 [5:01:24<58:31, 19.19s/it]Best trial: 246. Best value: 244.315:  82%|████████▏ | 817/1000 [5:01:24<58:31, 19.19s/it]Best trial: 246. Best value: 244.315:  82%|████████▏ | 818/1000 [5:01:24<1:20:04, 26.40s/it]                                                                                            Best trial: 246. Best value: 244.315:  82%|████████▏ | 818/1000 [5:01:38<1:20:04, 26.40s/it]Best trial: 246. Best value: 244.315:  82%|████████▏ | 818/1000 [5:01:38<1:20:04, 26.40s/it]Best trial: 246. Best value: 244.315:  82%|████████▏ | 819/1000 [5:01:38<1:08:36, 22.74s/it]                                                                                            Best trial: 246. Best value: 244.315:  82%|████████▏ | 819/1000 [5:02:04<1:08:36, 22.74s/it]Best trial: 246. Best value: 244.315:  82%|████████▏ | 819/1000 [5:02:04<1:08:36, 22.74s/it]Best trial: 246. Best value: 244.315:  82%|████████▏ | 820/1000 [5:02:04<1:10:41, 23.56s/it]                                                                                            Best trial: 246. Best value: 244.315:  82%|████████▏ | 820/1000 [5:02:41<1:10:41, 23.56s/it]Best trial: 246. Best value: 244.315:  82%|████████▏ | 820/1000 [5:02:41<1:10:41, 23.56s/it]Best trial: 246. Best value: 244.315:  82%|████████▏ | 821/1000 [5:02:41<1:22:07, 27.53s/it]                                                                                            Best trial: 246. Best value: 244.315:  82%|████████▏ | 821/1000 [5:02:48<1:22:07, 27.53s/it]Best trial: 246. Best value: 244.315:  82%|████████▏ | 821/1000 [5:02:48<1:22:07, 27.53s/it]Best trial: 246. Best value: 244.315:  82%|████████▏ | 822/1000 [5:02:48<1:03:56, 21.56s/it]                                                                                            Best trial: 246. Best value: 244.315:  82%|████████▏ | 822/1000 [5:02:55<1:03:56, 21.56s/it]Best trial: 246. Best value: 244.315:  82%|████████▏ | 822/1000 [5:02:55<1:03:56, 21.56s/it]Best trial: 246. Best value: 244.315:  82%|████████▏ | 823/1000 [5:02:55<50:42, 17.19s/it]                                                                                            Best trial: 246. Best value: 244.315:  82%|████████▏ | 823/1000 [5:03:09<50:42, 17.19s/it]Best trial: 246. Best value: 244.315:  82%|████████▏ | 823/1000 [5:03:09<50:42, 17.19s/it]Best trial: 246. Best value: 244.315:  82%|████████▏ | 824/1000 [5:03:09<47:38, 16.24s/it]                                                                                          [32m[I 2023-05-15 04:27:28,157][0m Trial 796 finished with value: 442.5053300726563 and parameters: {'c1': 1.1811044341406833, 'c2': 0.15388934636327356, 'eps': 2.414782402259454, 'horizon': 4, 'discount': 0.7001184254362549}. Best is trial 246 with value: 244.31507276371707.[0m
[32m[I 2023-05-15 04:27:35,742][0m Trial 797 finished with value: 1012.8537614877935 and parameters: {'c1': 1.747422758240614, 'c2': 1.9737448852294697, 'eps': 0.26015614260581266, 'horizon': 2, 'discount': 0.7223775409254583}. Best is trial 246 with value: 244.31507276371707.[0m
[32m[I 2023-05-15 04:27:43,777][0m Trial 798 finished with value: 1192.1435615191735 and parameters: {'c1': 0.3072566133100041, 'c2': 2.7456302413638323, 'eps': 0.6712047892236581, 'horizon': 2, 'discount': 0.8102079366511358}. Best is trial 246 with value: 244.31507276371707.[0m
[32m[I 2023-05-15 04:28:07,090][0m Trial 799 finished with value: 385.8932973507766 and parameters: {'c1': 0.715781594217003, 'c2': 0.6348077074572694, 'eps': 0.18414280358048235, 'horizon': 4, 'discount': 0.9679464913384388}. Best is trial 246 with value: 244.31507276371707.[0m
[32m[I 2023-05-15 04:28:31,143][0m Trial 800 finished with value: 641.1885257474343 and parameters: {'c1': 2.746258435668624, 'c2': 1.1325720515003308, 'eps': 2.64410720788093, 'horizon': 4, 'discount': 0.9895873858673988}. Best is trial 246 with value: 244.31507276371707.[0m
[32m[I 2023-05-15 04:28:38,219][0m Trial 801 finished with value: 278.5057904921891 and parameters: {'c1': 1.6162663029059228, 'c2': 0.05058295360014742, 'eps': 2.3253213601753298, 'horizon': 2, 'discount': 0.865373557183056}. Best is trial 246 with value: 244.31507276371707.[0m
[32m[I 2023-05-15 04:28:53,001][0m Trial 802 finished with value: 1195.199685739038 and parameters: {'c1': 0.8481286524349778, 'c2': 2.286890413244415, 'eps': 1.4386024329830316, 'horizon': 3, 'discount': 0.7714784596853759}. Best is trial 246 with value: 244.31507276371707.[0m
[32m[I 2023-05-15 04:29:33,428][0m Trial 803 finished with value: 749.6321089265278 and parameters: {'c1': 2.4952798464041916, 'c2': 0.7038135061177779, 'eps': 1.3755220575269904, 'horizon': 5, 'discount': 0.6085658600039793}. Best is trial 246 with value: 244.31507276371707.[0m
[32m[I 2023-05-15 04:29:47,288][0m Trial 804 finished with value: 1192.083603771297 and parameters: {'c1': 0.8830774438433912, 'c2': 2.139774405037018, 'eps': 2.5543328930064515, 'horizon': 3, 'discount': 0.7833042987319396}. Best is trial 246 with value: 244.31507276371707.[0m
[32m[I 2023-05-15 04:30:00,382][0m Trial 805 finished with value: 882.9433230562663 and parameters: {'c1': 0.4747350115222537, 'c2': 1.0454542693530766, 'eps': 1.2847090694997938, 'horizon': 3, 'discount': 0.9874235185424229}. Best is trial 246 with value: 244.31507276371707.[0m
[32m[I 2023-05-15 04:30:41,118][0m Trial 806 finished with value: 1186.1034366043282 and parameters: {'c1': 2.646462116859228, 'c2': 1.7929201361517197, 'eps': 2.2697605979734408, 'horizon': 5, 'discount': 0.8773492489234118}. Best is trial 246 with value: 244.31507276371707.[0m
[32m[I 2023-05-15 04:31:23,667][0m Trial 807 finished with value: 667.2805276120629 and parameters: {'c1': 1.5617419581543581, 'c2': 2.0250455797626303, 'eps': 1.5056997832634673, 'horizon': 5, 'discount': 0.7559359291943247}. Best is trial 246 with value: 244.31507276371707.[0m
[32m[I 2023-05-15 04:31:30,918][0m Trial 808 finished with value: 265.72331212533595 and parameters: {'c1': 2.4861629427765983, 'c2': 1.2143288923900966, 'eps': 1.9821710206720689, 'horizon': 2, 'discount': 0.761211130313859}. Best is trial 246 with value: 244.31507276371707.[0m
[32m[I 2023-05-15 04:31:45,331][0m Trial 809 finished with value: 1415.5287120703833 and parameters: {'c1': 2.443296073100962, 'c2': 2.673554049211474, 'eps': 0.270698048758438, 'horizon': 3, 'discount': 0.6128351400721516}. Best is trial 246 with value: 244.31507276371707.[0m
[32m[I 2023-05-15 04:31:53,210][0m Trial 810 finished with value: 912.3184232560991 and parameters: {'c1': 1.4567225559101162, 'c2': 2.7902646486430527, 'eps': 0.49055380420922634, 'horizon': 2, 'discount': 0.6209500587385811}. Best is trial 246 with value: 244.31507276371707.[0m
[32m[I 2023-05-15 04:32:07,372][0m Trial 811 finished with value: 1286.8837856760701 and parameters: {'c1': 2.3272126884448894, 'c2': 0.8711786292159532, 'eps': 2.8605807461652137, 'horizon': 3, 'discount': 0.7786759404908722}. Best is trial 246 with value: 244.31507276371707.[0m
[32m[I 2023-05-15 04:32:21,901][0m Trial 812 finished with value: 1185.8959746811597 and parameters: {'c1': 2.3427706959256507, 'c2': 2.1675535346341808, 'eps': 1.4275935610179393, 'horizon': 3, 'discount': 0.7800748926381792}. Best is trial 246 with value: 244.31507276371707.[0m
[32m[I 2023-05-15 04:32:29,447][0m Trial 813 finished with value: 1286.4059940610218 and parameters: {'c1': 2.1089892016700342, 'c2': 2.0122669265450064, 'eps': 1.0427373489339835, 'horizon': 2, 'discount': 0.864706366995458}. Best is trial 246 with value: 244.31507276371707.[0m
[32m[I 2023-05-15 04:32:37,155][0m Trial 814 finished with value: 1189.8258182813295 and parameters: {'c1': 2.1302831844319288, 'c2': 2.415850340841877, 'eps': 0.8470197217462047, 'horizon': 2, 'discount': 0.7212069387820237}. Best is trial 246 with value: 244.31507276371707.[0m
[32m[I 2023-05-15 04:32:44,728][0m Trial 815 finished with value: 753.557383576519 and parameters: {'c1': 0.35260754095005986, 'c2': 2.26619809633071, 'eps': 1.464573679163448, 'horizon': 2, 'discount': 0.9333094468205941}. Best is trial 246 with value: 244.31507276371707.[0m
[32m[I 2023-05-15 04:33:24,577][0m Trial 816 finished with value: 1480.5459401154012 and parameters: {'c1': 0.6015246209518057, 'c2': 2.285269735926866, 'eps': 0.11453464509105311, 'horizon': 5, 'discount': 0.9352258168932056}. Best is trial 246 with value: 244.31507276371707.[0m
[32m[I 2023-05-15 04:34:07,796][0m Trial 817 finished with value: 1311.4176037296002 and parameters: {'c1': 1.5552252633579946, 'c2': 2.978054290671637, 'eps': 2.300548817670986, 'horizon': 5, 'discount': 0.824434665847459}. Best is trial 246 with value: 244.31507276371707.[0m
[32m[I 2023-05-15 04:34:22,002][0m Trial 818 finished with value: 1211.5522259465533 and parameters: {'c1': 1.0607977631686065, 'c2': 1.2201809552090226, 'eps': 2.936967392319908, 'horizon': 3, 'discount': 0.9351794740063563}. Best is trial 246 with value: 244.31507276371707.[0m
[32m[I 2023-05-15 04:34:47,487][0m Trial 819 finished with value: 1773.622572288434 and parameters: {'c1': 1.5499984550398476, 'c2': 2.885642782368047, 'eps': 2.0795135763154615, 'horizon': 4, 'discount': 0.9261641438597761}. Best is trial 246 with value: 244.31507276371707.[0m
[32m[I 2023-05-15 04:35:24,273][0m Trial 820 finished with value: 497.0573490200561 and parameters: {'c1': 0.14523835703460886, 'c2': 1.8730384175039336, 'eps': 1.46300882500146, 'horizon': 5, 'discount': 0.7511349719272891}. Best is trial 246 with value: 244.31507276371707.[0m
[32m[I 2023-05-15 04:35:31,886][0m Trial 821 finished with value: 597.4791700502517 and parameters: {'c1': 1.3821792301500357, 'c2': 1.015651949723332, 'eps': 0.7940629618662773, 'horizon': 2, 'discount': 0.6521371484278455}. Best is trial 246 with value: 244.31507276371707.[0m
[32m[I 2023-05-15 04:35:38,884][0m Trial 822 finished with value: 455.5159541153664 and parameters: {'c1': 0.9391224416360383, 'c2': 0.3095024431524349, 'eps': 2.6232461326760346, 'horizon': 2, 'discount': 0.7573206692194224}. Best is trial 246 with value: 244.31507276371707.[0m
[32m[I 2023-05-15 04:35:52,914][0m Trial 823 finished with value: 782.341809520469 and parameters: {'c1': 2.6456940269391866, 'c2': 1.0945222890189166, 'eps': 1.6664940629771787, 'horizon': 3, 'discount': 0.8641958960272684}. Best is trial 246 with value: 244.31507276371707.[0m
