Best trial: 246. Best value: 244.315:  46%|████▌     | 458/1000 [2:50:27<3:51:08, 25.59s/it]Best trial: 246. Best value: 244.315:  46%|████▌     | 458/1000 [2:50:27<3:51:08, 25.59s/it]Best trial: 246. Best value: 244.315:  46%|████▌     | 459/1000 [2:50:27<3:18:54, 22.06s/it]                                                                                            Best trial: 246. Best value: 244.315:  46%|████▌     | 459/1000 [2:50:35<3:18:54, 22.06s/it]Best trial: 246. Best value: 244.315:  46%|████▌     | 459/1000 [2:50:35<3:18:54, 22.06s/it]Best trial: 246. Best value: 244.315:  46%|████▌     | 460/1000 [2:50:35<2:39:57, 17.77s/it]                                                                                            Best trial: 246. Best value: 244.315:  46%|████▌     | 460/1000 [2:50:42<2:39:57, 17.77s/it]Best trial: 246. Best value: 244.315:  46%|████▌     | 460/1000 [2:50:42<2:39:57, 17.77s/it]Best trial: 246. Best value: 244.315:  46%|████▌     | 461/1000 [2:50:42<2:11:31, 14.64s/it]                                                                                            Best trial: 246. Best value: 244.315:  46%|████▌     | 461/1000 [2:51:21<2:11:31, 14.64s/it]Best trial: 246. Best value: 244.315:  46%|████▌     | 461/1000 [2:51:21<2:11:31, 14.64s/it]Best trial: 246. Best value: 244.315:  46%|████▌     | 462/1000 [2:51:21<3:16:32, 21.92s/it]                                                                                            Best trial: 246. Best value: 244.315:  46%|████▌     | 462/1000 [2:51:44<3:16:32, 21.92s/it]Best trial: 246. Best value: 244.315:  46%|████▌     | 462/1000 [2:51:44<3:16:32, 21.92s/it]Best trial: 246. Best value: 244.315:  46%|████▋     | 463/1000 [2:51:44<3:19:09, 22.25s/it]                                                                                            Best trial: 246. Best value: 244.315:  46%|████▋     | 463/1000 [2:52:09<3:19:09, 22.25s/it]Best trial: 246. Best value: 244.315:  46%|████▋     | 463/1000 [2:52:09<3:19:09, 22.25s/it]Best trial: 246. Best value: 244.315:  46%|████▋     | 464/1000 [2:52:09<3:25:45, 23.03s/it]                                                                                            Best trial: 246. Best value: 244.315:  46%|████▋     | 464/1000 [2:52:33<3:25:45, 23.03s/it]Best trial: 246. Best value: 244.315:  46%|████▋     | 464/1000 [2:52:33<3:25:45, 23.03s/it]Best trial: 246. Best value: 244.315:  46%|████▋     | 465/1000 [2:52:33<3:28:05, 23.34s/it]                                                                                            Best trial: 246. Best value: 244.315:  46%|████▋     | 465/1000 [2:52:47<3:28:05, 23.34s/it]Best trial: 246. Best value: 244.315:  46%|████▋     | 465/1000 [2:52:47<3:28:05, 23.34s/it]Best trial: 246. Best value: 244.315:  47%|████▋     | 466/1000 [2:52:47<3:02:44, 20.53s/it]                                                                                            Best trial: 246. Best value: 244.315:  47%|████▋     | 466/1000 [2:53:29<3:02:44, 20.53s/it]Best trial: 246. Best value: 244.315:  47%|████▋     | 466/1000 [2:53:29<3:02:44, 20.53s/it]Best trial: 246. Best value: 244.315:  47%|████▋     | 467/1000 [2:53:29<3:59:54, 27.01s/it]                                                                                            Best trial: 246. Best value: 244.315:  47%|████▋     | 467/1000 [2:53:53<3:59:54, 27.01s/it]Best trial: 246. Best value: 244.315:  47%|████▋     | 467/1000 [2:53:53<3:59:54, 27.01s/it]Best trial: 246. Best value: 244.315:  47%|████▋     | 468/1000 [2:53:53<3:50:45, 26.03s/it]                                                                                            Best trial: 246. Best value: 244.315:  47%|████▋     | 468/1000 [2:54:30<3:50:45, 26.03s/it]Best trial: 246. Best value: 244.315:  47%|████▋     | 468/1000 [2:54:30<3:50:45, 26.03s/it]Best trial: 246. Best value: 244.315:  47%|████▋     | 469/1000 [2:54:30<4:20:06, 29.39s/it]                                                                                            Best trial: 246. Best value: 244.315:  47%|████▋     | 469/1000 [2:54:38<4:20:06, 29.39s/it]Best trial: 246. Best value: 244.315:  47%|████▋     | 469/1000 [2:54:38<4:20:06, 29.39s/it]Best trial: 246. Best value: 244.315:  47%|████▋     | 470/1000 [2:54:38<3:21:44, 22.84s/it]                                                                                            Best trial: 246. Best value: 244.315:  47%|████▋     | 470/1000 [2:55:15<3:21:44, 22.84s/it]Best trial: 246. Best value: 244.315:  47%|████▋     | 470/1000 [2:55:15<3:21:44, 22.84s/it]Best trial: 246. Best value: 244.315:  47%|████▋     | 471/1000 [2:55:15<3:58:25, 27.04s/it]                                                                                            Best trial: 246. Best value: 244.315:  47%|████▋     | 471/1000 [2:55:23<3:58:25, 27.04s/it]Best trial: 246. Best value: 244.315:  47%|████▋     | 471/1000 [2:55:23<3:58:25, 27.04s/it]Best trial: 246. Best value: 244.315:  47%|████▋     | 472/1000 [2:55:23<3:07:25, 21.30s/it]                                                                                            Best trial: 246. Best value: 244.315:  47%|████▋     | 472/1000 [2:55:36<3:07:25, 21.30s/it]Best trial: 246. Best value: 244.315:  47%|████▋     | 472/1000 [2:55:36<3:07:25, 21.30s/it]Best trial: 246. Best value: 244.315:  47%|████▋     | 473/1000 [2:55:36<2:46:30, 18.96s/it]                                                                                            Best trial: 246. Best value: 244.315:  47%|████▋     | 473/1000 [2:55:50<2:46:30, 18.96s/it]Best trial: 246. Best value: 244.315:  47%|████▋     | 473/1000 [2:55:50<2:46:30, 18.96s/it]Best trial: 246. Best value: 244.315:  47%|████▋     | 474/1000 [2:55:50<2:32:52, 17.44s/it]                                                                                            Best trial: 246. Best value: 244.315:  47%|████▋     | 474/1000 [2:56:13<2:32:52, 17.44s/it]Best trial: 246. Best value: 244.315:  47%|████▋     | 474/1000 [2:56:13<2:32:52, 17.44s/it]Best trial: 246. Best value: 244.315:  48%|████▊     | 475/1000 [2:56:13<2:47:57, 19.20s/it]                                                                                            Best trial: 246. Best value: 244.315:  48%|████▊     | 475/1000 [2:56:38<2:47:57, 19.20s/it]Best trial: 246. Best value: 244.315:  48%|████▊     | 475/1000 [2:56:38<2:47:57, 19.20s/it]Best trial: 246. Best value: 244.315:  48%|████▊     | 476/1000 [2:56:38<3:00:45, 20.70s/it]                                                                                            Best trial: 246. Best value: 244.315:  48%|████▊     | 476/1000 [2:57:18<3:00:45, 20.70s/it]Best trial: 246. Best value: 244.315:  48%|████▊     | 476/1000 [2:57:18<3:00:45, 20.70s/it]Best trial: 246. Best value: 244.315:  48%|████▊     | 477/1000 [2:57:18<3:53:03, 26.74s/it]                                                                                            Best trial: 246. Best value: 244.315:  48%|████▊     | 477/1000 [2:57:26<3:53:03, 26.74s/it]Best trial: 246. Best value: 244.315:  48%|████▊     | 477/1000 [2:57:26<3:53:03, 26.74s/it]Best trial: 246. Best value: 244.315:  48%|████▊     | 478/1000 [2:57:26<3:03:46, 21.12s/it]                                                                                            Best trial: 246. Best value: 244.315:  48%|████▊     | 478/1000 [2:57:33<3:03:46, 21.12s/it]Best trial: 246. Best value: 244.315:  48%|████▊     | 478/1000 [2:57:33<3:03:46, 21.12s/it]Best trial: 246. Best value: 244.315:  48%|████▊     | 479/1000 [2:57:33<2:26:13, 16.84s/it]                                                                                            Best trial: 246. Best value: 244.315:  48%|████▊     | 479/1000 [2:57:48<2:26:13, 16.84s/it]Best trial: 246. Best value: 244.315:  48%|████▊     | 479/1000 [2:57:48<2:26:13, 16.84s/it]Best trial: 246. Best value: 244.315:  48%|████▊     | 480/1000 [2:57:48<2:19:30, 16.10s/it]                                                                                            Best trial: 246. Best value: 244.315:  48%|████▊     | 480/1000 [2:58:11<2:19:30, 16.10s/it]Best trial: 246. Best value: 244.315:  48%|████▊     | 480/1000 [2:58:11<2:19:30, 16.10s/it]Best trial: 246. Best value: 244.315:  48%|████▊     | 481/1000 [2:58:11<2:38:03, 18.27s/it]                                                                                            Best trial: 246. Best value: 244.315:  48%|████▊     | 481/1000 [2:58:37<2:38:03, 18.27s/it]Best trial: 246. Best value: 244.315:  48%|████▊     | 481/1000 [2:58:37<2:38:03, 18.27s/it]Best trial: 246. Best value: 244.315:  48%|████▊     | 482/1000 [2:58:37<2:57:48, 20.59s/it]                                                                                            Best trial: 246. Best value: 244.315:  48%|████▊     | 482/1000 [2:59:02<2:57:48, 20.59s/it]Best trial: 246. Best value: 244.315:  48%|████▊     | 482/1000 [2:59:02<2:57:48, 20.59s/it]Best trial: 246. Best value: 244.315:  48%|████▊     | 483/1000 [2:59:02<3:09:00, 21.94s/it]                                                                                            Best trial: 246. Best value: 244.315:  48%|████▊     | 483/1000 [2:59:27<3:09:00, 21.94s/it]Best trial: 246. Best value: 244.315:  48%|████▊     | 483/1000 [2:59:27<3:09:00, 21.94s/it]Best trial: 246. Best value: 244.315:  48%|████▊     | 484/1000 [2:59:27<3:17:26, 22.96s/it]                                                                                            Best trial: 246. Best value: 244.315:  48%|████▊     | 484/1000 [3:00:09<3:17:26, 22.96s/it]Best trial: 246. Best value: 244.315:  48%|████▊     | 484/1000 [3:00:09<3:17:26, 22.96s/it]Best trial: 246. Best value: 244.315:  48%|████▊     | 485/1000 [3:00:09<4:05:35, 28.61s/it]                                                                                            Best trial: 246. Best value: 244.315:  48%|████▊     | 485/1000 [3:00:46<4:05:35, 28.61s/it]Best trial: 246. Best value: 244.315:  48%|████▊     | 485/1000 [3:00:46<4:05:35, 28.61s/it]Best trial: 246. Best value: 244.315:  49%|████▊     | 486/1000 [3:00:46<4:25:42, 31.02s/it]                                                                                            [32m[I 2023-05-15 02:23:10,993][0m Trial 458 finished with value: 915.8493314297098 and parameters: {'c1': 2.827146301488049, 'c2': 1.2462145564360918, 'eps': 1.9728613549386624, 'horizon': 3, 'discount': 0.7390208933711457}. Best is trial 246 with value: 244.31507276371707.[0m
[32m[I 2023-05-15 02:23:18,764][0m Trial 459 finished with value: 1083.2515438972341 and parameters: {'c1': 2.6607432943593423, 'c2': 2.08562519258504, 'eps': 1.2668655702122107, 'horizon': 2, 'discount': 0.7709935647388704}. Best is trial 246 with value: 244.31507276371707.[0m
[32m[I 2023-05-15 02:23:26,099][0m Trial 460 finished with value: 979.5593830086092 and parameters: {'c1': 0.25190567718635426, 'c2': 2.2286382427875484, 'eps': 0.8110330430112158, 'horizon': 2, 'discount': 0.6966041510477281}. Best is trial 246 with value: 244.31507276371707.[0m
[32m[I 2023-05-15 02:24:04,999][0m Trial 461 finished with value: 271.4497461947842 and parameters: {'c1': 2.357263662113959, 'c2': 0.28506452324450793, 'eps': 2.5859238856184326, 'horizon': 5, 'discount': 0.7220588371110126}. Best is trial 246 with value: 244.31507276371707.[0m
[32m[I 2023-05-15 02:24:28,031][0m Trial 462 finished with value: 826.1882600563681 and parameters: {'c1': 1.2407190742576724, 'c2': 1.6597701693294025, 'eps': 1.6572000675255658, 'horizon': 4, 'discount': 0.6275065557236831}. Best is trial 246 with value: 244.31507276371707.[0m
[32m[I 2023-05-15 02:24:52,882][0m Trial 463 finished with value: 917.892447710217 and parameters: {'c1': 2.3397819517048672, 'c2': 1.756892063410702, 'eps': 2.244854159473457, 'horizon': 4, 'discount': 0.9123615505960946}. Best is trial 246 with value: 244.31507276371707.[0m
[32m[I 2023-05-15 02:25:16,932][0m Trial 464 finished with value: 1298.7041291008213 and parameters: {'c1': 2.604357222017194, 'c2': 1.5658116843942174, 'eps': 0.2889961960414345, 'horizon': 4, 'discount': 0.8832085960326348}. Best is trial 246 with value: 244.31507276371707.[0m
[32m[I 2023-05-15 02:25:30,919][0m Trial 465 finished with value: 524.0590982863886 and parameters: {'c1': 0.8656400949055266, 'c2': 1.1925619193907928, 'eps': 1.4652401680049738, 'horizon': 3, 'discount': 0.9625089848575799}. Best is trial 246 with value: 244.31507276371707.[0m
[32m[I 2023-05-15 02:26:13,032][0m Trial 466 finished with value: 1640.877436336746 and parameters: {'c1': 1.6652631094773784, 'c2': 2.8883587782899642, 'eps': 2.9836913239745337, 'horizon': 5, 'discount': 0.7596344291465191}. Best is trial 246 with value: 244.31507276371707.[0m
[32m[I 2023-05-15 02:26:36,770][0m Trial 467 finished with value: 880.3384274619355 and parameters: {'c1': 1.994074508398533, 'c2': 2.1277659863133094, 'eps': 2.7425277477270225, 'horizon': 4, 'discount': 0.6659858200989753}. Best is trial 246 with value: 244.31507276371707.[0m
[32m[I 2023-05-15 02:27:14,011][0m Trial 468 finished with value: 314.2319140640078 and parameters: {'c1': 1.8408468101360365, 'c2': 0.5717714582484634, 'eps': 2.3063422848105652, 'horizon': 5, 'discount': 0.9652551194937551}. Best is trial 246 with value: 244.31507276371707.[0m
[32m[I 2023-05-15 02:27:21,562][0m Trial 469 finished with value: 1048.9585254550218 and parameters: {'c1': 1.8898457583812602, 'c2': 2.072508533663296, 'eps': 1.5665215568773967, 'horizon': 2, 'discount': 0.8713184601820636}. Best is trial 246 with value: 244.31507276371707.[0m
[32m[I 2023-05-15 02:27:58,414][0m Trial 470 finished with value: 740.1500503007335 and parameters: {'c1': 1.001346789977196, 'c2': 0.8539374560761536, 'eps': 1.3027502134417013, 'horizon': 5, 'discount': 0.6145212039286748}. Best is trial 246 with value: 244.31507276371707.[0m
[32m[I 2023-05-15 02:28:06,306][0m Trial 471 finished with value: 1469.3870414342994 and parameters: {'c1': 2.1644224458638663, 'c2': 2.7536350557627456, 'eps': 1.0875993466111917, 'horizon': 2, 'discount': 0.9531502571079726}. Best is trial 246 with value: 244.31507276371707.[0m
[32m[I 2023-05-15 02:28:19,801][0m Trial 472 finished with value: 1285.245992566903 and parameters: {'c1': 0.1830433412668423, 'c2': 2.7342054815616637, 'eps': 2.7841285198420054, 'horizon': 3, 'discount': 0.6056294687657446}. Best is trial 246 with value: 244.31507276371707.[0m
[32m[I 2023-05-15 02:28:33,699][0m Trial 473 finished with value: 1040.2212380792694 and parameters: {'c1': 2.6551872555131517, 'c2': 0.3367232638557127, 'eps': 2.36372076452689, 'horizon': 3, 'discount': 0.6696519835792029}. Best is trial 246 with value: 244.31507276371707.[0m
[32m[I 2023-05-15 02:28:56,991][0m Trial 474 finished with value: 1172.7468303095193 and parameters: {'c1': 2.615967538689343, 'c2': 2.1638060108287007, 'eps': 2.319735642529098, 'horizon': 4, 'discount': 0.6728527024229639}. Best is trial 246 with value: 244.31507276371707.[0m
[32m[I 2023-05-15 02:29:21,195][0m Trial 475 finished with value: 1258.0416535838403 and parameters: {'c1': 1.7187886102478818, 'c2': 2.7924220734667813, 'eps': 1.777950156752624, 'horizon': 4, 'discount': 0.9908334648444883}. Best is trial 246 with value: 244.31507276371707.[0m
[32m[I 2023-05-15 02:30:02,023][0m Trial 476 finished with value: 1042.5374085303888 and parameters: {'c1': 1.1280545903024546, 'c2': 1.300939020470051, 'eps': 2.213193576510131, 'horizon': 5, 'discount': 0.9525662798001655}. Best is trial 246 with value: 244.31507276371707.[0m
[32m[I 2023-05-15 02:30:10,049][0m Trial 477 finished with value: 1222.3573262967266 and parameters: {'c1': 2.2662298600248736, 'c2': 1.090187621189998, 'eps': 0.6130146120653168, 'horizon': 2, 'discount': 0.9680203805260018}. Best is trial 246 with value: 244.31507276371707.[0m
[32m[I 2023-05-15 02:30:16,892][0m Trial 478 finished with value: 821.0244344721368 and parameters: {'c1': 0.5454033936047857, 'c2': 0.6747456863019429, 'eps': 2.9942838921989505, 'horizon': 2, 'discount': 0.7718073212415397}. Best is trial 246 with value: 244.31507276371707.[0m
[32m[I 2023-05-15 02:30:31,258][0m Trial 479 finished with value: 1198.766218109954 and parameters: {'c1': 1.1795411792892936, 'c2': 0.8796617957578678, 'eps': 1.7484718923168907, 'horizon': 3, 'discount': 0.8310187182979363}. Best is trial 246 with value: 244.31507276371707.[0m
[32m[I 2023-05-15 02:30:54,608][0m Trial 480 finished with value: 479.89081461398087 and parameters: {'c1': 2.7825858909487686, 'c2': 1.8375231478518943, 'eps': 0.517829094867408, 'horizon': 4, 'discount': 0.6917933214167005}. Best is trial 246 with value: 244.31507276371707.[0m
[32m[I 2023-05-15 02:31:20,620][0m Trial 481 finished with value: 1104.0127514535232 and parameters: {'c1': 0.19618519623465647, 'c2': 2.9227322459230636, 'eps': 0.15718223051620428, 'horizon': 4, 'discount': 0.7425354695962234}. Best is trial 246 with value: 244.31507276371707.[0m
[32m[I 2023-05-15 02:31:45,683][0m Trial 482 finished with value: 298.35007267748693 and parameters: {'c1': 2.5953235838700612, 'c2': 2.6748594161385206, 'eps': 2.2164759540835455, 'horizon': 4, 'discount': 0.8502089118958809}. Best is trial 246 with value: 244.31507276371707.[0m
[32m[I 2023-05-15 02:32:11,028][0m Trial 483 finished with value: 1703.8334439736136 and parameters: {'c1': 1.4305414038629012, 'c2': 1.8456538675699803, 'eps': 0.4110953638810736, 'horizon': 4, 'discount': 0.6984458448117976}. Best is trial 246 with value: 244.31507276371707.[0m
[32m[I 2023-05-15 02:32:52,836][0m Trial 484 finished with value: 1051.9783176835185 and parameters: {'c1': 2.6966211792535955, 'c2': 2.0796737322845944, 'eps': 0.5690947759076589, 'horizon': 5, 'discount': 0.6943128972854049}. Best is trial 246 with value: 244.31507276371707.[0m
[32m[I 2023-05-15 02:33:29,457][0m Trial 485 finished with value: 849.0517745330984 and parameters: {'c1': 0.6695084263138272, 'c2': 0.36124474758209657, 'eps': 0.9393390905929467, 'horizon': 5, 'discount': 0.9363566916020505}. Best is trial 246 with value: 244.31507276371707.[0m
