Best trial: 246. Best value: 244.315:  49%|████▊     | 486/1000 [3:01:26<4:25:42, 31.02s/it]Best trial: 246. Best value: 244.315:  49%|████▊     | 486/1000 [3:01:26<4:25:42, 31.02s/it]Best trial: 246. Best value: 244.315:  49%|████▊     | 487/1000 [3:01:26<4:47:41, 33.65s/it]                                                                                            Best trial: 246. Best value: 244.315:  49%|████▊     | 487/1000 [3:01:33<4:47:41, 33.65s/it]Best trial: 246. Best value: 244.315:  49%|████▊     | 487/1000 [3:01:33<4:47:41, 33.65s/it]Best trial: 246. Best value: 244.315:  49%|████▉     | 488/1000 [3:01:33<3:40:37, 25.86s/it]                                                                                            Best trial: 246. Best value: 244.315:  49%|████▉     | 488/1000 [3:02:15<3:40:37, 25.86s/it]Best trial: 246. Best value: 244.315:  49%|████▉     | 488/1000 [3:02:15<3:40:37, 25.86s/it]Best trial: 246. Best value: 244.315:  49%|████▉     | 489/1000 [3:02:15<4:21:25, 30.69s/it]                                                                                            Best trial: 246. Best value: 244.315:  49%|████▉     | 489/1000 [3:02:54<4:21:25, 30.69s/it]Best trial: 246. Best value: 244.315:  49%|████▉     | 489/1000 [3:02:54<4:21:25, 30.69s/it]Best trial: 246. Best value: 244.315:  49%|████▉     | 490/1000 [3:02:54<4:41:56, 33.17s/it]                                                                                            Best trial: 246. Best value: 244.315:  49%|████▉     | 490/1000 [3:03:18<4:41:56, 33.17s/it]Best trial: 246. Best value: 244.315:  49%|████▉     | 490/1000 [3:03:18<4:41:56, 33.17s/it]Best trial: 246. Best value: 244.315:  49%|████▉     | 491/1000 [3:03:18<4:17:20, 30.33s/it]                                                                                            Best trial: 246. Best value: 244.315:  49%|████▉     | 491/1000 [3:03:25<4:17:20, 30.33s/it]Best trial: 246. Best value: 244.315:  49%|████▉     | 491/1000 [3:03:25<4:17:20, 30.33s/it]Best trial: 246. Best value: 244.315:  49%|████▉     | 492/1000 [3:03:25<3:17:47, 23.36s/it]                                                                                            Best trial: 246. Best value: 244.315:  49%|████▉     | 492/1000 [3:03:50<3:17:47, 23.36s/it]Best trial: 246. Best value: 244.315:  49%|████▉     | 492/1000 [3:03:50<3:17:47, 23.36s/it]Best trial: 246. Best value: 244.315:  49%|████▉     | 493/1000 [3:03:50<3:20:24, 23.72s/it]                                                                                            Best trial: 246. Best value: 244.315:  49%|████▉     | 493/1000 [3:04:12<3:20:24, 23.72s/it]Best trial: 246. Best value: 244.315:  49%|████▉     | 493/1000 [3:04:12<3:20:24, 23.72s/it]Best trial: 246. Best value: 244.315:  49%|████▉     | 494/1000 [3:04:12<3:17:29, 23.42s/it]                                                                                            Best trial: 246. Best value: 244.315:  49%|████▉     | 494/1000 [3:04:27<3:17:29, 23.42s/it]Best trial: 246. Best value: 244.315:  49%|████▉     | 494/1000 [3:04:27<3:17:29, 23.42s/it]Best trial: 246. Best value: 244.315:  50%|████▉     | 495/1000 [3:04:27<2:56:17, 20.95s/it]                                                                                            Best trial: 246. Best value: 244.315:  50%|████▉     | 495/1000 [3:04:35<2:56:17, 20.95s/it]Best trial: 246. Best value: 244.315:  50%|████▉     | 495/1000 [3:04:35<2:56:17, 20.95s/it]Best trial: 246. Best value: 244.315:  50%|████▉     | 496/1000 [3:04:35<2:22:56, 17.02s/it]                                                                                            Best trial: 246. Best value: 244.315:  50%|████▉     | 496/1000 [3:05:17<2:22:56, 17.02s/it]Best trial: 246. Best value: 244.315:  50%|████▉     | 496/1000 [3:05:17<2:22:56, 17.02s/it]Best trial: 246. Best value: 244.315:  50%|████▉     | 497/1000 [3:05:17<3:25:02, 24.46s/it]                                                                                            Best trial: 246. Best value: 244.315:  50%|████▉     | 497/1000 [3:05:25<3:25:02, 24.46s/it]Best trial: 246. Best value: 244.315:  50%|████▉     | 497/1000 [3:05:25<3:25:02, 24.46s/it]Best trial: 246. Best value: 244.315:  50%|████▉     | 498/1000 [3:05:25<2:42:24, 19.41s/it]                                                                                            Best trial: 246. Best value: 244.315:  50%|████▉     | 498/1000 [3:05:32<2:42:24, 19.41s/it]Best trial: 246. Best value: 244.315:  50%|████▉     | 498/1000 [3:05:32<2:42:24, 19.41s/it]Best trial: 246. Best value: 244.315:  50%|████▉     | 499/1000 [3:05:32<2:10:36, 15.64s/it]                                                                                            Best trial: 246. Best value: 244.315:  50%|████▉     | 499/1000 [3:05:54<2:10:36, 15.64s/it]Best trial: 246. Best value: 244.315:  50%|████▉     | 499/1000 [3:05:54<2:10:36, 15.64s/it]Best trial: 246. Best value: 244.315:  50%|█████     | 500/1000 [3:05:54<2:27:14, 17.67s/it]                                                                                            Best trial: 246. Best value: 244.315:  50%|█████     | 500/1000 [3:06:18<2:27:14, 17.67s/it]Best trial: 246. Best value: 244.315:  50%|█████     | 500/1000 [3:06:18<2:27:14, 17.67s/it]Best trial: 246. Best value: 244.315:  50%|█████     | 501/1000 [3:06:18<2:43:28, 19.66s/it]                                                                                            Best trial: 246. Best value: 244.315:  50%|█████     | 501/1000 [3:06:26<2:43:28, 19.66s/it]Best trial: 246. Best value: 244.315:  50%|█████     | 501/1000 [3:06:26<2:43:28, 19.66s/it]Best trial: 246. Best value: 244.315:  50%|█████     | 502/1000 [3:06:26<2:12:59, 16.02s/it]                                                                                            Best trial: 246. Best value: 244.315:  50%|█████     | 502/1000 [3:06:33<2:12:59, 16.02s/it]Best trial: 246. Best value: 244.315:  50%|█████     | 502/1000 [3:06:33<2:12:59, 16.02s/it]Best trial: 246. Best value: 244.315:  50%|█████     | 503/1000 [3:06:33<1:50:14, 13.31s/it]                                                                                            Best trial: 246. Best value: 244.315:  50%|█████     | 503/1000 [3:07:13<1:50:14, 13.31s/it]Best trial: 246. Best value: 244.315:  50%|█████     | 503/1000 [3:07:13<1:50:14, 13.31s/it]Best trial: 246. Best value: 244.315:  50%|█████     | 504/1000 [3:07:13<2:55:51, 21.27s/it]                                                                                            Best trial: 246. Best value: 244.315:  50%|█████     | 504/1000 [3:07:27<2:55:51, 21.27s/it]Best trial: 246. Best value: 244.315:  50%|█████     | 504/1000 [3:07:27<2:55:51, 21.27s/it]Best trial: 246. Best value: 244.315:  50%|█████     | 505/1000 [3:07:27<2:37:27, 19.09s/it]                                                                                            Best trial: 246. Best value: 244.315:  50%|█████     | 505/1000 [3:07:40<2:37:27, 19.09s/it]Best trial: 246. Best value: 244.315:  50%|█████     | 505/1000 [3:07:40<2:37:27, 19.09s/it]Best trial: 246. Best value: 244.315:  51%|█████     | 506/1000 [3:07:40<2:22:11, 17.27s/it]                                                                                            Best trial: 246. Best value: 244.315:  51%|█████     | 506/1000 [3:08:19<2:22:11, 17.27s/it]Best trial: 246. Best value: 244.315:  51%|█████     | 506/1000 [3:08:19<2:22:11, 17.27s/it]Best trial: 246. Best value: 244.315:  51%|█████     | 507/1000 [3:08:19<3:15:22, 23.78s/it]                                                                                            Best trial: 246. Best value: 244.315:  51%|█████     | 507/1000 [3:08:34<3:15:22, 23.78s/it]Best trial: 246. Best value: 244.315:  51%|█████     | 507/1000 [3:08:34<3:15:22, 23.78s/it]Best trial: 246. Best value: 244.315:  51%|█████     | 508/1000 [3:08:34<2:53:25, 21.15s/it]                                                                                            Best trial: 246. Best value: 244.315:  51%|█████     | 508/1000 [3:08:41<2:53:25, 21.15s/it]Best trial: 246. Best value: 244.315:  51%|█████     | 508/1000 [3:08:41<2:53:25, 21.15s/it]Best trial: 246. Best value: 244.315:  51%|█████     | 509/1000 [3:08:41<2:19:23, 17.03s/it]                                                                                            Best trial: 246. Best value: 244.315:  51%|█████     | 509/1000 [3:09:02<2:19:23, 17.03s/it]Best trial: 246. Best value: 244.315:  51%|█████     | 509/1000 [3:09:02<2:19:23, 17.03s/it]Best trial: 246. Best value: 244.315:  51%|█████     | 510/1000 [3:09:02<2:29:26, 18.30s/it]                                                                                            Best trial: 246. Best value: 244.315:  51%|█████     | 510/1000 [3:09:43<2:29:26, 18.30s/it]Best trial: 246. Best value: 244.315:  51%|█████     | 510/1000 [3:09:43<2:29:26, 18.30s/it]Best trial: 246. Best value: 244.315:  51%|█████     | 511/1000 [3:09:43<3:24:39, 25.11s/it]                                                                                            Best trial: 246. Best value: 244.315:  51%|█████     | 511/1000 [3:10:22<3:24:39, 25.11s/it]Best trial: 246. Best value: 244.315:  51%|█████     | 511/1000 [3:10:22<3:24:39, 25.11s/it]Best trial: 246. Best value: 244.315:  51%|█████     | 512/1000 [3:10:22<3:57:48, 29.24s/it]                                                                                            Best trial: 246. Best value: 244.315:  51%|█████     | 512/1000 [3:10:47<3:57:48, 29.24s/it]Best trial: 246. Best value: 244.315:  51%|█████     | 512/1000 [3:10:47<3:57:48, 29.24s/it]Best trial: 246. Best value: 244.315:  51%|█████▏    | 513/1000 [3:10:47<3:47:19, 28.01s/it]                                                                                            Best trial: 246. Best value: 244.315:  51%|█████▏    | 513/1000 [3:11:02<3:47:19, 28.01s/it]Best trial: 246. Best value: 244.315:  51%|█████▏    | 513/1000 [3:11:02<3:47:19, 28.01s/it]Best trial: 246. Best value: 244.315:  51%|█████▏    | 514/1000 [3:11:02<3:13:49, 23.93s/it]                                                                                            [32m[I 2023-05-15 02:34:09,248][0m Trial 486 finished with value: 1213.2259500199884 and parameters: {'c1': 0.6087713354630495, 'c2': 1.6795280311894603, 'eps': 2.2884675758024433, 'horizon': 5, 'discount': 0.725431241177076}. Best is trial 246 with value: 244.31507276371707.[0m
[32m[I 2023-05-15 02:34:16,920][0m Trial 487 finished with value: 488.9978313904036 and parameters: {'c1': 1.7450904546379884, 'c2': 2.946693878244653, 'eps': 0.11497311655526216, 'horizon': 2, 'discount': 0.6287760395215705}. Best is trial 246 with value: 244.31507276371707.[0m
[32m[I 2023-05-15 02:34:58,906][0m Trial 488 finished with value: 783.7883507428897 and parameters: {'c1': 0.18862365244549406, 'c2': 1.2864206402802165, 'eps': 1.8433089746198361, 'horizon': 5, 'discount': 0.9689651952405749}. Best is trial 246 with value: 244.31507276371707.[0m
[32m[I 2023-05-15 02:35:37,848][0m Trial 489 finished with value: 290.6523255517793 and parameters: {'c1': 0.526744063269126, 'c2': 2.1410893122071912, 'eps': 0.9434292874398096, 'horizon': 5, 'discount': 0.9390196578253889}. Best is trial 246 with value: 244.31507276371707.[0m
[32m[I 2023-05-15 02:36:01,571][0m Trial 490 finished with value: 1137.1927388436077 and parameters: {'c1': 1.4345616931940406, 'c2': 0.7810147910879547, 'eps': 1.3186418490272582, 'horizon': 4, 'discount': 0.6136801763328567}. Best is trial 246 with value: 244.31507276371707.[0m
[32m[I 2023-05-15 02:36:08,662][0m Trial 491 finished with value: 716.872348419612 and parameters: {'c1': 0.06183773052313335, 'c2': 1.7876246547047656, 'eps': 0.8374329480100215, 'horizon': 2, 'discount': 0.7621696715177589}. Best is trial 246 with value: 244.31507276371707.[0m
[32m[I 2023-05-15 02:36:33,211][0m Trial 492 finished with value: 845.3970948572286 and parameters: {'c1': 0.08647095966559393, 'c2': 2.394692384410896, 'eps': 2.8560817727940253, 'horizon': 4, 'discount': 0.604875572509613}. Best is trial 246 with value: 244.31507276371707.[0m
[32m[I 2023-05-15 02:36:55,933][0m Trial 493 finished with value: 1175.6478937784743 and parameters: {'c1': 1.3299276181322566, 'c2': 0.6276333618240991, 'eps': 2.5598629613063375, 'horizon': 4, 'discount': 0.6840008113523243}. Best is trial 246 with value: 244.31507276371707.[0m
[32m[I 2023-05-15 02:37:11,107][0m Trial 494 finished with value: 796.3234817774942 and parameters: {'c1': 2.008253710839302, 'c2': 2.503855787898901, 'eps': 1.139860471605358, 'horizon': 3, 'discount': 0.9202169965451877}. Best is trial 246 with value: 244.31507276371707.[0m
[32m[I 2023-05-15 02:37:18,958][0m Trial 495 finished with value: 1188.391920842124 and parameters: {'c1': 1.930449755956504, 'c2': 1.9999435484208097, 'eps': 1.0236714429786344, 'horizon': 2, 'discount': 0.7778901167903184}. Best is trial 246 with value: 244.31507276371707.[0m
[32m[I 2023-05-15 02:38:00,782][0m Trial 496 finished with value: 3259.5381913198785 and parameters: {'c1': 2.5718121735431616, 'c2': 2.757854355501169, 'eps': 1.8501407974728699, 'horizon': 5, 'discount': 0.6235614949216626}. Best is trial 246 with value: 244.31507276371707.[0m
[32m[I 2023-05-15 02:38:08,413][0m Trial 497 finished with value: 1628.3712578177262 and parameters: {'c1': 0.5737017268898219, 'c2': 2.775552892315516, 'eps': 1.5466347881813656, 'horizon': 2, 'discount': 0.9299025797206634}. Best is trial 246 with value: 244.31507276371707.[0m
[32m[I 2023-05-15 02:38:15,260][0m Trial 498 finished with value: 1213.9936901178014 and parameters: {'c1': 1.1396112904216493, 'c2': 0.7156363264855694, 'eps': 0.14997607966955415, 'horizon': 2, 'discount': 0.6310467293162797}. Best is trial 246 with value: 244.31507276371707.[0m
[32m[I 2023-05-15 02:38:37,659][0m Trial 499 finished with value: 1021.299260888331 and parameters: {'c1': 0.034330061832784975, 'c2': 1.1243797163423006, 'eps': 0.13661683772623284, 'horizon': 4, 'discount': 0.7599618962439673}. Best is trial 246 with value: 244.31507276371707.[0m
[32m[I 2023-05-15 02:39:01,956][0m Trial 500 finished with value: 1228.065714756468 and parameters: {'c1': 2.8726124106403716, 'c2': 0.6962621477778296, 'eps': 2.587139076296973, 'horizon': 4, 'discount': 0.8929953331616143}. Best is trial 246 with value: 244.31507276371707.[0m
[32m[I 2023-05-15 02:39:09,496][0m Trial 501 finished with value: 567.369837552484 and parameters: {'c1': 0.7907006497393555, 'c2': 2.8041740739127654, 'eps': 1.5328762259403854, 'horizon': 2, 'discount': 0.9673933821008858}. Best is trial 246 with value: 244.31507276371707.[0m
[32m[I 2023-05-15 02:39:16,472][0m Trial 502 finished with value: 892.1207446442609 and parameters: {'c1': 1.2640083137261755, 'c2': 0.44810739925693943, 'eps': 2.482800504469847, 'horizon': 2, 'discount': 0.8279575429954247}. Best is trial 246 with value: 244.31507276371707.[0m
[32m[I 2023-05-15 02:39:56,330][0m Trial 503 finished with value: 649.5968631880953 and parameters: {'c1': 1.916533664811742, 'c2': 1.5507178390906313, 'eps': 0.5165190649391982, 'horizon': 5, 'discount': 0.9209402770101983}. Best is trial 246 with value: 244.31507276371707.[0m
[32m[I 2023-05-15 02:40:10,311][0m Trial 504 finished with value: 253.26831308282624 and parameters: {'c1': 0.5531836697547353, 'c2': 0.1003836172527931, 'eps': 2.5950852133837072, 'horizon': 3, 'discount': 0.7086838043211982}. Best is trial 246 with value: 244.31507276371707.[0m
[32m[I 2023-05-15 02:40:23,349][0m Trial 505 finished with value: 1346.604379102308 and parameters: {'c1': 2.223262579989811, 'c2': 0.6049962508886443, 'eps': 2.6374443397373257, 'horizon': 3, 'discount': 0.7089827195721046}. Best is trial 246 with value: 244.31507276371707.[0m
[32m[I 2023-05-15 02:41:02,311][0m Trial 506 finished with value: 1219.4866062938581 and parameters: {'c1': 2.4213544060496517, 'c2': 0.39460215167244705, 'eps': 1.9276105904784009, 'horizon': 5, 'discount': 0.8090441626134454}. Best is trial 246 with value: 244.31507276371707.[0m
[32m[I 2023-05-15 02:41:17,322][0m Trial 507 finished with value: 1119.00117859952 and parameters: {'c1': 1.787514393166985, 'c2': 1.7996355925447962, 'eps': 2.8220372407066128, 'horizon': 3, 'discount': 0.7077448537916138}. Best is trial 246 with value: 244.31507276371707.[0m
[32m[I 2023-05-15 02:41:24,755][0m Trial 508 finished with value: 1188.1583502271371 and parameters: {'c1': 2.537641475322845, 'c2': 1.1894791928630437, 'eps': 0.5919212544098157, 'horizon': 2, 'discount': 0.6207052378338428}. Best is trial 246 with value: 244.31507276371707.[0m
[32m[I 2023-05-15 02:41:46,004][0m Trial 509 finished with value: 1512.86120181379 and parameters: {'c1': 1.7484497598156254, 'c2': 0.7117695493788859, 'eps': 1.3173164490651055, 'horizon': 4, 'discount': 0.7694070283603422}. Best is trial 246 with value: 244.31507276371707.[0m
[32m[I 2023-05-15 02:42:27,017][0m Trial 510 finished with value: 663.2107248364374 and parameters: {'c1': 2.498097190407008, 'c2': 1.0467061444635024, 'eps': 0.6277121739248444, 'horizon': 5, 'discount': 0.8177397617641964}. Best is trial 246 with value: 244.31507276371707.[0m
[32m[I 2023-05-15 02:43:05,881][0m Trial 511 finished with value: 570.5316853834419 and parameters: {'c1': 2.5376395068014794, 'c2': 1.6110748625061933, 'eps': 1.67456848093973, 'horizon': 5, 'discount': 0.9186952821317502}. Best is trial 246 with value: 244.31507276371707.[0m
[32m[I 2023-05-15 02:43:31,015][0m Trial 512 finished with value: 1378.5651277249492 and parameters: {'c1': 2.5380469345851617, 'c2': 2.0613583754868112, 'eps': 0.746888446104193, 'horizon': 4, 'discount': 0.694964193983179}. Best is trial 246 with value: 244.31507276371707.[0m
[32m[I 2023-05-15 02:43:45,424][0m Trial 513 finished with value: 1275.9280686241596 and parameters: {'c1': 0.5955175418948194, 'c2': 2.43416346198958, 'eps': 0.22569056754032904, 'horizon': 3, 'discount': 0.7333869258172747}. Best is trial 246 with value: 244.31507276371707.[0m
