Best trial: 55. Best value: 244.484:  23%|██▎       | 232/1000 [1:22:49<3:37:25, 16.99s/it]Best trial: 55. Best value: 244.484:  23%|██▎       | 232/1000 [1:22:49<3:37:25, 16.99s/it]Best trial: 55. Best value: 244.484:  23%|██▎       | 233/1000 [1:22:49<4:00:52, 18.84s/it]                                                                                           Best trial: 55. Best value: 244.484:  23%|██▎       | 233/1000 [1:23:03<4:00:52, 18.84s/it]Best trial: 55. Best value: 244.484:  23%|██▎       | 233/1000 [1:23:03<4:00:52, 18.84s/it]Best trial: 55. Best value: 244.484:  23%|██▎       | 234/1000 [1:23:03<3:41:59, 17.39s/it]                                                                                           Best trial: 55. Best value: 244.484:  23%|██▎       | 234/1000 [1:23:45<3:41:59, 17.39s/it]Best trial: 55. Best value: 244.484:  23%|██▎       | 234/1000 [1:23:45<3:41:59, 17.39s/it]Best trial: 55. Best value: 244.484:  24%|██▎       | 235/1000 [1:23:45<5:15:20, 24.73s/it]                                                                                           Best trial: 55. Best value: 244.484:  24%|██▎       | 235/1000 [1:23:52<5:15:20, 24.73s/it]Best trial: 55. Best value: 244.484:  24%|██▎       | 235/1000 [1:23:52<5:15:20, 24.73s/it]Best trial: 55. Best value: 244.484:  24%|██▎       | 236/1000 [1:23:52<4:09:59, 19.63s/it]                                                                                           Best trial: 55. Best value: 244.484:  24%|██▎       | 236/1000 [1:24:15<4:09:59, 19.63s/it]Best trial: 55. Best value: 244.484:  24%|██▎       | 236/1000 [1:24:15<4:09:59, 19.63s/it]Best trial: 55. Best value: 244.484:  24%|██▎       | 237/1000 [1:24:15<4:23:16, 20.70s/it]                                                                                           Best trial: 55. Best value: 244.484:  24%|██▎       | 237/1000 [1:24:56<4:23:16, 20.70s/it]Best trial: 55. Best value: 244.484:  24%|██▎       | 237/1000 [1:24:56<4:23:16, 20.70s/it]Best trial: 55. Best value: 244.484:  24%|██▍       | 238/1000 [1:24:56<5:39:24, 26.72s/it]                                                                                           Best trial: 55. Best value: 244.484:  24%|██▍       | 238/1000 [1:25:17<5:39:24, 26.72s/it]Best trial: 55. Best value: 244.484:  24%|██▍       | 238/1000 [1:25:17<5:39:24, 26.72s/it]Best trial: 55. Best value: 244.484:  24%|██▍       | 239/1000 [1:25:17<5:16:19, 24.94s/it]                                                                                           Best trial: 55. Best value: 244.484:  24%|██▍       | 239/1000 [1:25:24<5:16:19, 24.94s/it]Best trial: 55. Best value: 244.484:  24%|██▍       | 239/1000 [1:25:24<5:16:19, 24.94s/it]Best trial: 55. Best value: 244.484:  24%|██▍       | 240/1000 [1:25:24<4:06:52, 19.49s/it]                                                                                           Best trial: 55. Best value: 244.484:  24%|██▍       | 240/1000 [1:25:38<4:06:52, 19.49s/it]Best trial: 55. Best value: 244.484:  24%|██▍       | 240/1000 [1:25:38<4:06:52, 19.49s/it]Best trial: 55. Best value: 244.484:  24%|██▍       | 241/1000 [1:25:38<3:45:57, 17.86s/it]                                                                                           Best trial: 55. Best value: 244.484:  24%|██▍       | 241/1000 [1:26:17<3:45:57, 17.86s/it]Best trial: 55. Best value: 244.484:  24%|██▍       | 241/1000 [1:26:17<3:45:57, 17.86s/it]Best trial: 55. Best value: 244.484:  24%|██▍       | 242/1000 [1:26:17<5:04:35, 24.11s/it]                                                                                           Best trial: 55. Best value: 244.484:  24%|██▍       | 242/1000 [1:26:39<5:04:35, 24.11s/it]Best trial: 55. Best value: 244.484:  24%|██▍       | 242/1000 [1:26:39<5:04:35, 24.11s/it]Best trial: 55. Best value: 244.484:  24%|██▍       | 243/1000 [1:26:39<4:58:33, 23.66s/it]                                                                                           Best trial: 55. Best value: 244.484:  24%|██▍       | 243/1000 [1:26:47<4:58:33, 23.66s/it]Best trial: 55. Best value: 244.484:  24%|██▍       | 243/1000 [1:26:47<4:58:33, 23.66s/it]Best trial: 55. Best value: 244.484:  24%|██▍       | 244/1000 [1:26:47<3:59:37, 19.02s/it]                                                                                           Best trial: 55. Best value: 244.484:  24%|██▍       | 244/1000 [1:27:30<3:59:37, 19.02s/it]Best trial: 55. Best value: 244.484:  24%|██▍       | 244/1000 [1:27:30<3:59:37, 19.02s/it]Best trial: 55. Best value: 244.484:  24%|██▍       | 245/1000 [1:27:30<5:27:00, 25.99s/it]                                                                                           Best trial: 55. Best value: 244.484:  24%|██▍       | 245/1000 [1:27:37<5:27:00, 25.99s/it]Best trial: 55. Best value: 244.484:  24%|██▍       | 245/1000 [1:27:37<5:27:00, 25.99s/it]Best trial: 55. Best value: 244.484:  25%|██▍       | 246/1000 [1:27:37<4:17:01, 20.45s/it]                                                                                           Best trial: 55. Best value: 244.484:  25%|██▍       | 246/1000 [1:27:51<4:17:01, 20.45s/it]Best trial: 246. Best value: 244.315:  25%|██▍       | 246/1000 [1:27:51<4:17:01, 20.45s/it]Best trial: 246. Best value: 244.315:  25%|██▍       | 247/1000 [1:27:51<3:52:26, 18.52s/it]                                                                                            Best trial: 246. Best value: 244.315:  25%|██▍       | 247/1000 [1:28:32<3:52:26, 18.52s/it]Best trial: 246. Best value: 244.315:  25%|██▍       | 247/1000 [1:28:32<3:52:26, 18.52s/it]Best trial: 246. Best value: 244.315:  25%|██▍       | 248/1000 [1:28:32<5:17:18, 25.32s/it]                                                                                            Best trial: 246. Best value: 244.315:  25%|██▍       | 248/1000 [1:29:11<5:17:18, 25.32s/it]Best trial: 246. Best value: 244.315:  25%|██▍       | 248/1000 [1:29:11<5:17:18, 25.32s/it]Best trial: 246. Best value: 244.315:  25%|██▍       | 249/1000 [1:29:11<6:08:33, 29.45s/it]                                                                                            Best trial: 246. Best value: 244.315:  25%|██▍       | 249/1000 [1:29:26<6:08:33, 29.45s/it]Best trial: 246. Best value: 244.315:  25%|██▍       | 249/1000 [1:29:26<6:08:33, 29.45s/it]Best trial: 246. Best value: 244.315:  25%|██▌       | 250/1000 [1:29:26<5:11:24, 24.91s/it]                                                                                            Best trial: 246. Best value: 244.315:  25%|██▌       | 250/1000 [1:30:04<5:11:24, 24.91s/it]Best trial: 246. Best value: 244.315:  25%|██▌       | 250/1000 [1:30:04<5:11:24, 24.91s/it]Best trial: 246. Best value: 244.315:  25%|██▌       | 251/1000 [1:30:04<6:01:56, 28.99s/it]                                                                                            Best trial: 246. Best value: 244.315:  25%|██▌       | 251/1000 [1:30:19<6:01:56, 28.99s/it]Best trial: 246. Best value: 244.315:  25%|██▌       | 251/1000 [1:30:19<6:01:56, 28.99s/it]Best trial: 246. Best value: 244.315:  25%|██▌       | 252/1000 [1:30:19<5:06:25, 24.58s/it]                                                                                            Best trial: 246. Best value: 244.315:  25%|██▌       | 252/1000 [1:31:02<5:06:25, 24.58s/it]Best trial: 246. Best value: 244.315:  25%|██▌       | 252/1000 [1:31:02<5:06:25, 24.58s/it]Best trial: 246. Best value: 244.315:  25%|██▌       | 253/1000 [1:31:02<6:15:16, 30.14s/it]                                                                                            Best trial: 246. Best value: 244.315:  25%|██▌       | 253/1000 [1:31:40<6:15:16, 30.14s/it]Best trial: 246. Best value: 244.315:  25%|██▌       | 253/1000 [1:31:40<6:15:16, 30.14s/it]Best trial: 246. Best value: 244.315:  25%|██▌       | 254/1000 [1:31:40<6:43:54, 32.49s/it]                                                                                            Best trial: 246. Best value: 244.315:  25%|██▌       | 254/1000 [1:31:47<6:43:54, 32.49s/it]Best trial: 246. Best value: 244.315:  25%|██▌       | 254/1000 [1:31:47<6:43:54, 32.49s/it]Best trial: 246. Best value: 244.315:  26%|██▌       | 255/1000 [1:31:47<5:10:06, 24.98s/it]                                                                                            Best trial: 246. Best value: 244.315:  26%|██▌       | 255/1000 [1:32:00<5:10:06, 24.98s/it]Best trial: 246. Best value: 244.315:  26%|██▌       | 255/1000 [1:32:00<5:10:06, 24.98s/it]Best trial: 246. Best value: 244.315:  26%|██▌       | 256/1000 [1:32:00<4:26:44, 21.51s/it]                                                                                            Best trial: 246. Best value: 244.315:  26%|██▌       | 256/1000 [1:32:46<4:26:44, 21.51s/it]Best trial: 246. Best value: 244.315:  26%|██▌       | 256/1000 [1:32:46<4:26:44, 21.51s/it]Best trial: 246. Best value: 244.315:  26%|██▌       | 257/1000 [1:32:46<5:56:00, 28.75s/it]                                                                                            Best trial: 246. Best value: 244.315:  26%|██▌       | 257/1000 [1:32:59<5:56:00, 28.75s/it]Best trial: 246. Best value: 244.315:  26%|██▌       | 257/1000 [1:32:59<5:56:00, 28.75s/it]Best trial: 246. Best value: 244.315:  26%|██▌       | 258/1000 [1:32:59<4:57:18, 24.04s/it]                                                                                            Best trial: 246. Best value: 244.315:  26%|██▌       | 258/1000 [1:33:38<4:57:18, 24.04s/it]Best trial: 246. Best value: 244.315:  26%|██▌       | 258/1000 [1:33:38<4:57:18, 24.04s/it]Best trial: 246. Best value: 244.315:  26%|██▌       | 259/1000 [1:33:38<5:50:20, 28.37s/it]                                                                                            Best trial: 246. Best value: 244.315:  26%|██▌       | 259/1000 [1:33:54<5:50:20, 28.37s/it]Best trial: 246. Best value: 244.315:  26%|██▌       | 259/1000 [1:33:54<5:50:20, 28.37s/it]Best trial: 246. Best value: 244.315:  26%|██▌       | 260/1000 [1:33:54<5:03:40, 24.62s/it]                                                                                            Best trial: 246. Best value: 244.315:  26%|██▌       | 260/1000 [1:34:35<5:03:40, 24.62s/it]Best trial: 246. Best value: 244.315:  26%|██▌       | 260/1000 [1:34:35<5:03:40, 24.62s/it]Best trial: 246. Best value: 244.315:  26%|██▌       | 261/1000 [1:34:35<6:07:08, 29.81s/it]                                                                                            [32m[I 2023-05-15 00:55:32,293][0m Trial 232 finished with value: 843.7569976339548 and parameters: {'c1': 2.9422271524176575, 'c2': 1.244993042579984, 'eps': 2.453451092180975, 'horizon': 4, 'discount': 0.7018728313408588}. Best is trial 55 with value: 244.48419672566837.[0m
[32m[I 2023-05-15 00:55:46,292][0m Trial 233 finished with value: 344.85008802096104 and parameters: {'c1': 0.4059863178162293, 'c2': 1.3884958095654074, 'eps': 0.3954302401699761, 'horizon': 3, 'discount': 0.6732466366096854}. Best is trial 55 with value: 244.48419672566837.[0m
[32m[I 2023-05-15 00:56:28,158][0m Trial 234 finished with value: 1036.238264029615 and parameters: {'c1': 1.9045853765474323, 'c2': 2.065798377466744, 'eps': 2.723617554128275, 'horizon': 5, 'discount': 0.8969957664207386}. Best is trial 55 with value: 244.48419672566837.[0m
[32m[I 2023-05-15 00:56:35,891][0m Trial 235 finished with value: 938.8627517661005 and parameters: {'c1': 0.0899414501285033, 'c2': 1.2608441283949356, 'eps': 0.221344559246768, 'horizon': 2, 'discount': 0.7328911833168404}. Best is trial 55 with value: 244.48419672566837.[0m
[32m[I 2023-05-15 00:56:59,094][0m Trial 236 finished with value: 517.7282082202316 and parameters: {'c1': 2.9778924420906003, 'c2': 0.9914925697324661, 'eps': 1.1836532257517887, 'horizon': 4, 'discount': 0.7835068596824019}. Best is trial 55 with value: 244.48419672566837.[0m
[32m[I 2023-05-15 00:57:39,868][0m Trial 237 finished with value: 1382.1929559302866 and parameters: {'c1': 0.8411808069546776, 'c2': 1.7601389373370766, 'eps': 2.004239817823711, 'horizon': 5, 'discount': 0.9019839252940701}. Best is trial 55 with value: 244.48419672566837.[0m
[32m[I 2023-05-15 00:58:00,642][0m Trial 238 finished with value: 1035.2954112448078 and parameters: {'c1': 0.6294001178824667, 'c2': 0.32672119381309317, 'eps': 1.2189457264650712, 'horizon': 4, 'discount': 0.6185767206556377}. Best is trial 55 with value: 244.48419672566837.[0m
[32m[I 2023-05-15 00:58:07,418][0m Trial 239 finished with value: 851.019330234099 and parameters: {'c1': 1.9155571987636808, 'c2': 0.061744061560384145, 'eps': 0.4277970807191227, 'horizon': 2, 'discount': 0.8543665346582778}. Best is trial 55 with value: 244.48419672566837.[0m
[32m[I 2023-05-15 00:58:21,483][0m Trial 240 finished with value: 941.7143000892403 and parameters: {'c1': 1.8082649332588938, 'c2': 2.504719927090494, 'eps': 1.2497665665073086, 'horizon': 3, 'discount': 0.9144223725194793}. Best is trial 55 with value: 244.48419672566837.[0m
[32m[I 2023-05-15 00:59:00,171][0m Trial 241 finished with value: 1208.5778957912075 and parameters: {'c1': 1.8230093540747867, 'c2': 1.4251018651968979, 'eps': 0.567516538519233, 'horizon': 5, 'discount': 0.7452371633952479}. Best is trial 55 with value: 244.48419672566837.[0m
[32m[I 2023-05-15 00:59:22,794][0m Trial 242 finished with value: 270.8647295784201 and parameters: {'c1': 0.14321664626253394, 'c2': 0.6663000183929894, 'eps': 1.4421190458012991, 'horizon': 4, 'discount': 0.6016398625925331}. Best is trial 55 with value: 244.48419672566837.[0m
[32m[I 2023-05-15 00:59:30,970][0m Trial 243 finished with value: 1717.881196627567 and parameters: {'c1': 1.030354818780464, 'c2': 2.972213263045841, 'eps': 1.061443539403442, 'horizon': 2, 'discount': 0.7423145634017546}. Best is trial 55 with value: 244.48419672566837.[0m
[32m[I 2023-05-15 01:00:13,222][0m Trial 244 finished with value: 1521.8589244808431 and parameters: {'c1': 2.1312157701102374, 'c2': 2.1603818890034163, 'eps': 1.5952534735894601, 'horizon': 5, 'discount': 0.678528514064317}. Best is trial 55 with value: 244.48419672566837.[0m
[32m[I 2023-05-15 01:00:20,761][0m Trial 245 finished with value: 1185.8639341948392 and parameters: {'c1': 2.4654892516837736, 'c2': 1.6878891546396453, 'eps': 0.8584280427220551, 'horizon': 2, 'discount': 0.6200429795754687}. Best is trial 55 with value: 244.48419672566837.[0m
[32m[I 2023-05-15 01:00:34,775][0m Trial 246 finished with value: 244.31507276371707 and parameters: {'c1': 0.6062043599175712, 'c2': 0.23064111534145837, 'eps': 2.955424284467874, 'horizon': 3, 'discount': 0.9781731390528833}. Best is trial 246 with value: 244.31507276371707.[0m
[32m[I 2023-05-15 01:01:15,951][0m Trial 247 finished with value: 1125.0375485990073 and parameters: {'c1': 0.5300477575258359, 'c2': 2.574257202876136, 'eps': 1.6336574675705895, 'horizon': 5, 'discount': 0.9567314072219462}. Best is trial 246 with value: 244.31507276371707.[0m
[32m[I 2023-05-15 01:01:55,026][0m Trial 248 finished with value: 1115.7065165822341 and parameters: {'c1': 0.7640938962896793, 'c2': 2.6735080065714243, 'eps': 2.046991073112089, 'horizon': 5, 'discount': 0.7103138783112383}. Best is trial 246 with value: 244.31507276371707.[0m
[32m[I 2023-05-15 01:02:09,364][0m Trial 249 finished with value: 1391.2027996930829 and parameters: {'c1': 2.634323237158906, 'c2': 0.44005059322304285, 'eps': 0.8789526699952392, 'horizon': 3, 'discount': 0.6421602882576117}. Best is trial 246 with value: 244.31507276371707.[0m
[32m[I 2023-05-15 01:02:47,879][0m Trial 250 finished with value: 474.0114112192038 and parameters: {'c1': 0.3649882083768582, 'c2': 1.2701650299343568, 'eps': 0.4320981277125767, 'horizon': 5, 'discount': 0.8301476950639447}. Best is trial 246 with value: 244.31507276371707.[0m
[32m[I 2023-05-15 01:03:02,158][0m Trial 251 finished with value: 1188.7074414960564 and parameters: {'c1': 0.006000390581736625, 'c2': 2.078302405989489, 'eps': 2.4951886906315854, 'horizon': 3, 'discount': 0.6731023954213494}. Best is trial 246 with value: 244.31507276371707.[0m
[32m[I 2023-05-15 01:03:45,284][0m Trial 252 finished with value: 1285.493852280128 and parameters: {'c1': 1.8860178953370013, 'c2': 1.5428282904254476, 'eps': 1.2080827320327103, 'horizon': 5, 'discount': 0.883557346384454}. Best is trial 246 with value: 244.31507276371707.[0m
[32m[I 2023-05-15 01:04:23,233][0m Trial 253 finished with value: 989.0626047002156 and parameters: {'c1': 1.2309511492459113, 'c2': 0.5638501470477781, 'eps': 1.599487743403261, 'horizon': 5, 'discount': 0.6787176355172949}. Best is trial 246 with value: 244.31507276371707.[0m
[32m[I 2023-05-15 01:04:30,685][0m Trial 254 finished with value: 1440.3740515174347 and parameters: {'c1': 0.9599014839970288, 'c2': 1.5533354237274972, 'eps': 2.0652894013562277, 'horizon': 2, 'discount': 0.9691291812718348}. Best is trial 246 with value: 244.31507276371707.[0m
[32m[I 2023-05-15 01:04:44,117][0m Trial 255 finished with value: 322.57604595501067 and parameters: {'c1': 1.657883059542367, 'c2': 0.4069479600792638, 'eps': 0.2926491945766111, 'horizon': 3, 'discount': 0.671861371504174}. Best is trial 246 with value: 244.31507276371707.[0m
[32m[I 2023-05-15 01:05:29,752][0m Trial 256 finished with value: 1344.2559799341423 and parameters: {'c1': 2.6243054539363047, 'c2': 1.960634361896994, 'eps': 2.7633359928109806, 'horizon': 5, 'discount': 0.8826650609458778}. Best is trial 246 with value: 244.31507276371707.[0m
[32m[I 2023-05-15 01:05:42,807][0m Trial 257 finished with value: 491.011861207847 and parameters: {'c1': 1.1066852617794907, 'c2': 1.2857559069815219, 'eps': 2.9645514006453104, 'horizon': 3, 'discount': 0.6117352031618244}. Best is trial 246 with value: 244.31507276371707.[0m
[32m[I 2023-05-15 01:06:21,269][0m Trial 258 finished with value: 900.6587444085828 and parameters: {'c1': 2.0099919048443593, 'c2': 1.4521618734746355, 'eps': 2.9703185424546286, 'horizon': 5, 'discount': 0.6519664745333206}. Best is trial 246 with value: 244.31507276371707.[0m
[32m[I 2023-05-15 01:06:37,150][0m Trial 259 finished with value: 1313.525084201962 and parameters: {'c1': 1.2881520918423934, 'c2': 2.9310645910074102, 'eps': 0.9955779525975625, 'horizon': 3, 'discount': 0.871386218106444}. Best is trial 246 with value: 244.31507276371707.[0m
[32m[I 2023-05-15 01:07:19,063][0m Trial 260 finished with value: 1095.0436550310415 and parameters: {'c1': 2.9911374593543134, 'c2': 2.3673548940998783, 'eps': 0.2500249332718717, 'horizon': 5, 'discount': 0.8204038358206216}. Best is trial 246 with value: 244.31507276371707.[0m
