Best trial: 246. Best value: 244.315:  68%|██████▊   | 684/1000 [4:15:36<2:02:00, 23.17s/it]Best trial: 246. Best value: 244.315:  68%|██████▊   | 684/1000 [4:15:36<2:02:00, 23.17s/it]Best trial: 246. Best value: 244.315:  68%|██████▊   | 685/1000 [4:15:36<1:36:51, 18.45s/it]                                                                                            Best trial: 246. Best value: 244.315:  68%|██████▊   | 685/1000 [4:16:00<1:36:51, 18.45s/it]Best trial: 246. Best value: 244.315:  68%|██████▊   | 685/1000 [4:16:00<1:36:51, 18.45s/it]Best trial: 246. Best value: 244.315:  69%|██████▊   | 686/1000 [4:16:00<1:44:41, 20.00s/it]                                                                                            Best trial: 246. Best value: 244.315:  69%|██████▊   | 686/1000 [4:16:08<1:44:41, 20.00s/it]Best trial: 246. Best value: 244.315:  69%|██████▊   | 686/1000 [4:16:08<1:44:41, 20.00s/it]Best trial: 246. Best value: 244.315:  69%|██████▊   | 687/1000 [4:16:08<1:25:11, 16.33s/it]                                                                                            Best trial: 246. Best value: 244.315:  69%|██████▊   | 687/1000 [4:16:15<1:25:11, 16.33s/it]Best trial: 246. Best value: 244.315:  69%|██████▊   | 687/1000 [4:16:15<1:25:11, 16.33s/it]Best trial: 246. Best value: 244.315:  69%|██████▉   | 688/1000 [4:16:15<1:10:46, 13.61s/it]                                                                                            Best trial: 246. Best value: 244.315:  69%|██████▉   | 688/1000 [4:16:38<1:10:46, 13.61s/it]Best trial: 246. Best value: 244.315:  69%|██████▉   | 688/1000 [4:16:38<1:10:46, 13.61s/it]Best trial: 246. Best value: 244.315:  69%|██████▉   | 689/1000 [4:16:38<1:24:47, 16.36s/it]                                                                                            Best trial: 246. Best value: 244.315:  69%|██████▉   | 689/1000 [4:16:45<1:24:47, 16.36s/it]Best trial: 246. Best value: 244.315:  69%|██████▉   | 689/1000 [4:16:45<1:24:47, 16.36s/it]Best trial: 246. Best value: 244.315:  69%|██████▉   | 690/1000 [4:16:45<1:10:36, 13.67s/it]                                                                                            Best trial: 246. Best value: 244.315:  69%|██████▉   | 690/1000 [4:16:53<1:10:36, 13.67s/it]Best trial: 246. Best value: 244.315:  69%|██████▉   | 690/1000 [4:16:53<1:10:36, 13.67s/it]Best trial: 246. Best value: 244.315:  69%|██████▉   | 691/1000 [4:16:53<1:00:47, 11.80s/it]                                                                                            Best trial: 246. Best value: 244.315:  69%|██████▉   | 691/1000 [4:17:00<1:00:47, 11.80s/it]Best trial: 246. Best value: 244.315:  69%|██████▉   | 691/1000 [4:17:00<1:00:47, 11.80s/it]Best trial: 246. Best value: 244.315:  69%|██████▉   | 692/1000 [4:17:00<53:45, 10.47s/it]                                                                                            Best trial: 246. Best value: 244.315:  69%|██████▉   | 692/1000 [4:17:41<53:45, 10.47s/it]Best trial: 246. Best value: 244.315:  69%|██████▉   | 692/1000 [4:17:41<53:45, 10.47s/it]Best trial: 246. Best value: 244.315:  69%|██████▉   | 693/1000 [4:17:41<1:40:36, 19.66s/it]                                                                                            Best trial: 246. Best value: 244.315:  69%|██████▉   | 693/1000 [4:18:05<1:40:36, 19.66s/it]Best trial: 246. Best value: 244.315:  69%|██████▉   | 693/1000 [4:18:05<1:40:36, 19.66s/it]Best trial: 246. Best value: 244.315:  69%|██████▉   | 694/1000 [4:18:05<1:46:54, 20.96s/it]                                                                                            Best trial: 246. Best value: 244.315:  69%|██████▉   | 694/1000 [4:18:28<1:46:54, 20.96s/it]Best trial: 246. Best value: 244.315:  69%|██████▉   | 694/1000 [4:18:28<1:46:54, 20.96s/it]Best trial: 246. Best value: 244.315:  70%|██████▉   | 695/1000 [4:18:28<1:49:47, 21.60s/it]                                                                                            Best trial: 246. Best value: 244.315:  70%|██████▉   | 695/1000 [4:18:43<1:49:47, 21.60s/it]Best trial: 246. Best value: 244.315:  70%|██████▉   | 695/1000 [4:18:43<1:49:47, 21.60s/it]Best trial: 246. Best value: 244.315:  70%|██████▉   | 696/1000 [4:18:43<1:39:43, 19.68s/it]                                                                                            Best trial: 246. Best value: 244.315:  70%|██████▉   | 696/1000 [4:18:51<1:39:43, 19.68s/it]Best trial: 246. Best value: 244.315:  70%|██████▉   | 696/1000 [4:18:51<1:39:43, 19.68s/it]Best trial: 246. Best value: 244.315:  70%|██████▉   | 697/1000 [4:18:51<1:20:35, 15.96s/it]                                                                                            Best trial: 246. Best value: 244.315:  70%|██████▉   | 697/1000 [4:18:58<1:20:35, 15.96s/it]Best trial: 246. Best value: 244.315:  70%|██████▉   | 697/1000 [4:18:58<1:20:35, 15.96s/it]Best trial: 246. Best value: 244.315:  70%|██████▉   | 698/1000 [4:18:58<1:07:16, 13.37s/it]                                                                                            Best trial: 246. Best value: 244.315:  70%|██████▉   | 698/1000 [4:19:06<1:07:16, 13.37s/it]Best trial: 246. Best value: 244.315:  70%|██████▉   | 698/1000 [4:19:06<1:07:16, 13.37s/it]Best trial: 246. Best value: 244.315:  70%|██████▉   | 699/1000 [4:19:06<59:00, 11.76s/it]                                                                                            Best trial: 246. Best value: 244.315:  70%|██████▉   | 699/1000 [4:19:13<59:00, 11.76s/it]Best trial: 246. Best value: 244.315:  70%|██████▉   | 699/1000 [4:19:13<59:00, 11.76s/it]Best trial: 246. Best value: 244.315:  70%|███████   | 700/1000 [4:19:13<52:24, 10.48s/it]                                                                                          Best trial: 246. Best value: 244.315:  70%|███████   | 700/1000 [4:19:54<52:24, 10.48s/it]Best trial: 246. Best value: 244.315:  70%|███████   | 700/1000 [4:19:54<52:24, 10.48s/it]Best trial: 246. Best value: 244.315:  70%|███████   | 701/1000 [4:19:54<1:37:19, 19.53s/it]                                                                                            Best trial: 246. Best value: 244.315:  70%|███████   | 701/1000 [4:20:02<1:37:19, 19.53s/it]Best trial: 246. Best value: 244.315:  70%|███████   | 701/1000 [4:20:02<1:37:19, 19.53s/it]Best trial: 246. Best value: 244.315:  70%|███████   | 702/1000 [4:20:02<1:19:39, 16.04s/it]                                                                                            Best trial: 246. Best value: 244.315:  70%|███████   | 702/1000 [4:20:40<1:19:39, 16.04s/it]Best trial: 246. Best value: 244.315:  70%|███████   | 702/1000 [4:20:40<1:19:39, 16.04s/it]Best trial: 246. Best value: 244.315:  70%|███████   | 703/1000 [4:20:40<1:52:43, 22.77s/it]                                                                                            Best trial: 246. Best value: 244.315:  70%|███████   | 703/1000 [4:21:22<1:52:43, 22.77s/it]Best trial: 246. Best value: 244.315:  70%|███████   | 703/1000 [4:21:22<1:52:43, 22.77s/it]Best trial: 246. Best value: 244.315:  70%|███████   | 704/1000 [4:21:22<2:19:22, 28.25s/it]                                                                                            Best trial: 246. Best value: 244.315:  70%|███████   | 704/1000 [4:22:01<2:19:22, 28.25s/it]Best trial: 246. Best value: 244.315:  70%|███████   | 704/1000 [4:22:01<2:19:22, 28.25s/it]Best trial: 246. Best value: 244.315:  70%|███████   | 705/1000 [4:22:01<2:35:04, 31.54s/it]                                                                                            Best trial: 246. Best value: 244.315:  70%|███████   | 705/1000 [4:22:27<2:35:04, 31.54s/it]Best trial: 246. Best value: 244.315:  70%|███████   | 705/1000 [4:22:27<2:35:04, 31.54s/it]Best trial: 246. Best value: 244.315:  71%|███████   | 706/1000 [4:22:27<2:26:18, 29.86s/it]                                                                                            Best trial: 246. Best value: 244.315:  71%|███████   | 706/1000 [4:22:51<2:26:18, 29.86s/it]Best trial: 246. Best value: 244.315:  71%|███████   | 706/1000 [4:22:51<2:26:18, 29.86s/it]Best trial: 246. Best value: 244.315:  71%|███████   | 707/1000 [4:22:51<2:17:37, 28.18s/it]                                                                                            Best trial: 246. Best value: 244.315:  71%|███████   | 707/1000 [4:22:59<2:17:37, 28.18s/it]Best trial: 246. Best value: 244.315:  71%|███████   | 707/1000 [4:22:59<2:17:37, 28.18s/it]Best trial: 246. Best value: 244.315:  71%|███████   | 708/1000 [4:22:59<1:47:13, 22.03s/it]                                                                                            Best trial: 246. Best value: 244.315:  71%|███████   | 708/1000 [4:23:12<1:47:13, 22.03s/it]Best trial: 246. Best value: 244.315:  71%|███████   | 708/1000 [4:23:12<1:47:13, 22.03s/it]Best trial: 246. Best value: 244.315:  71%|███████   | 709/1000 [4:23:12<1:34:13, 19.43s/it]                                                                                            Best trial: 246. Best value: 244.315:  71%|███████   | 709/1000 [4:23:55<1:34:13, 19.43s/it]Best trial: 246. Best value: 244.315:  71%|███████   | 709/1000 [4:23:55<1:34:13, 19.43s/it]Best trial: 246. Best value: 244.315:  71%|███████   | 710/1000 [4:23:55<2:08:13, 26.53s/it]                                                                                            Best trial: 246. Best value: 244.315:  71%|███████   | 710/1000 [4:24:19<2:08:13, 26.53s/it]Best trial: 246. Best value: 244.315:  71%|███████   | 710/1000 [4:24:19<2:08:13, 26.53s/it]Best trial: 246. Best value: 244.315:  71%|███████   | 711/1000 [4:24:19<2:03:49, 25.71s/it]                                                                                            Best trial: 246. Best value: 244.315:  71%|███████   | 711/1000 [4:24:45<2:03:49, 25.71s/it]Best trial: 246. Best value: 244.315:  71%|███████   | 711/1000 [4:24:45<2:03:49, 25.71s/it]Best trial: 246. Best value: 244.315:  71%|███████   | 712/1000 [4:24:45<2:04:06, 25.86s/it]                                                                                            [32m[I 2023-05-15 03:48:19,952][0m Trial 684 finished with value: 472.9894319959419 and parameters: {'c1': 1.127631898136352, 'c2': 2.7249376113487638, 'eps': 1.6257021805776282, 'horizon': 2, 'discount': 0.9883456754745711}. Best is trial 246 with value: 244.31507276371707.[0m
[32m[I 2023-05-15 03:48:43,582][0m Trial 685 finished with value: 278.11527693044326 and parameters: {'c1': 1.5673968774420879, 'c2': 0.7007285758445974, 'eps': 0.561823424892313, 'horizon': 4, 'discount': 0.7780690082753322}. Best is trial 246 with value: 244.31507276371707.[0m
[32m[I 2023-05-15 03:48:51,339][0m Trial 686 finished with value: 1002.5662925890408 and parameters: {'c1': 0.3952206484998284, 'c2': 1.8622825587925138, 'eps': 2.0030618713321027, 'horizon': 2, 'discount': 0.8898885365916431}. Best is trial 246 with value: 244.31507276371707.[0m
[32m[I 2023-05-15 03:48:58,603][0m Trial 687 finished with value: 1190.6754865426399 and parameters: {'c1': 1.0167233554283834, 'c2': 2.8530311048766523, 'eps': 1.7906880291551008, 'horizon': 2, 'discount': 0.6266793782010743}. Best is trial 246 with value: 244.31507276371707.[0m
[32m[I 2023-05-15 03:49:21,373][0m Trial 688 finished with value: 668.3212607598418 and parameters: {'c1': 0.015161688531065032, 'c2': 1.2432626075046556, 'eps': 2.5268820704033548, 'horizon': 4, 'discount': 0.9481894647379325}. Best is trial 246 with value: 244.31507276371707.[0m
[32m[I 2023-05-15 03:49:28,756][0m Trial 689 finished with value: 250.30753448835526 and parameters: {'c1': 0.7064370712849533, 'c2': 0.09394089390644078, 'eps': 0.8835366191479403, 'horizon': 2, 'discount': 0.7034068154589783}. Best is trial 246 with value: 244.31507276371707.[0m
[32m[I 2023-05-15 03:49:36,216][0m Trial 690 finished with value: 866.0834680907205 and parameters: {'c1': 0.6772536129683705, 'c2': 1.5074587877274408, 'eps': 0.832464549947782, 'horizon': 2, 'discount': 0.6774422484123795}. Best is trial 246 with value: 244.31507276371707.[0m
[32m[I 2023-05-15 03:49:43,587][0m Trial 691 finished with value: 671.4686793306987 and parameters: {'c1': 1.2665765900498793, 'c2': 2.567806444539925, 'eps': 2.461605429717876, 'horizon': 2, 'discount': 0.7196986505819473}. Best is trial 246 with value: 244.31507276371707.[0m
[32m[I 2023-05-15 03:50:24,691][0m Trial 692 finished with value: 807.5163017446172 and parameters: {'c1': 2.7734357456076326, 'c2': 0.2564362068499463, 'eps': 1.3489686509556884, 'horizon': 5, 'discount': 0.6934057471334435}. Best is trial 246 with value: 244.31507276371707.[0m
[32m[I 2023-05-15 03:50:48,691][0m Trial 693 finished with value: 700.0822981857722 and parameters: {'c1': 0.4230008074598737, 'c2': 0.9800591901317096, 'eps': 2.727170303297124, 'horizon': 4, 'discount': 0.9420895826808603}. Best is trial 246 with value: 244.31507276371707.[0m
[32m[I 2023-05-15 03:51:11,772][0m Trial 694 finished with value: 1033.718742142581 and parameters: {'c1': 0.11545887878283456, 'c2': 1.1235934120607256, 'eps': 0.5310917013473453, 'horizon': 4, 'discount': 0.8245493341217411}. Best is trial 246 with value: 244.31507276371707.[0m
[32m[I 2023-05-15 03:51:26,984][0m Trial 695 finished with value: 289.7400245004303 and parameters: {'c1': 0.5600749950235802, 'c2': 4.129690788701179e-05, 'eps': 0.34081942162506296, 'horizon': 3, 'discount': 0.728858015158855}. Best is trial 246 with value: 244.31507276371707.[0m
[32m[I 2023-05-15 03:51:34,256][0m Trial 696 finished with value: 1180.6342254238673 and parameters: {'c1': 1.4955052593587665, 'c2': 2.0471380145148794, 'eps': 1.7035424501197027, 'horizon': 2, 'discount': 0.6525850072103675}. Best is trial 246 with value: 244.31507276371707.[0m
[32m[I 2023-05-15 03:51:41,571][0m Trial 697 finished with value: 832.800589166789 and parameters: {'c1': 2.817128880995208, 'c2': 1.4824200191118084, 'eps': 1.4997603083063986, 'horizon': 2, 'discount': 0.7593016740806735}. Best is trial 246 with value: 244.31507276371707.[0m
[32m[I 2023-05-15 03:51:49,589][0m Trial 698 finished with value: 1228.2801414653559 and parameters: {'c1': 2.861879897267383, 'c2': 2.9186665645504295, 'eps': 1.9180341216819898, 'horizon': 2, 'discount': 0.8711244728958467}. Best is trial 246 with value: 244.31507276371707.[0m
[32m[I 2023-05-15 03:51:57,081][0m Trial 699 finished with value: 1488.8147278118088 and parameters: {'c1': 1.4380266768662269, 'c2': 2.719672177050529, 'eps': 0.7460047010957586, 'horizon': 2, 'discount': 0.6031185029104867}. Best is trial 246 with value: 244.31507276371707.[0m
[32m[I 2023-05-15 03:52:37,728][0m Trial 700 finished with value: 1224.8059059766442 and parameters: {'c1': 0.4678029499152282, 'c2': 1.9106525061206412, 'eps': 0.9379216032015429, 'horizon': 5, 'discount': 0.7920273716245214}. Best is trial 246 with value: 244.31507276371707.[0m
[32m[I 2023-05-15 03:52:45,614][0m Trial 701 finished with value: 1250.0879278820846 and parameters: {'c1': 0.5667556794884338, 'c2': 2.294108145695189, 'eps': 0.8724495024248612, 'horizon': 2, 'discount': 0.7608417738239636}. Best is trial 246 with value: 244.31507276371707.[0m
[32m[I 2023-05-15 03:53:24,098][0m Trial 702 finished with value: 1288.5076971849833 and parameters: {'c1': 0.28681329981911075, 'c2': 2.5261485476604406, 'eps': 0.5053861019556011, 'horizon': 5, 'discount': 0.6826105666707334}. Best is trial 246 with value: 244.31507276371707.[0m
[32m[I 2023-05-15 03:54:05,133][0m Trial 703 finished with value: 1857.8898525162167 and parameters: {'c1': 1.5037665442648223, 'c2': 1.3163370463319368, 'eps': 2.7121277371710817, 'horizon': 5, 'discount': 0.8063874351298667}. Best is trial 246 with value: 244.31507276371707.[0m
[32m[I 2023-05-15 03:54:44,346][0m Trial 704 finished with value: 1769.8901751130147 and parameters: {'c1': 1.7365637585580664, 'c2': 2.9773562573457704, 'eps': 2.23034563648478, 'horizon': 5, 'discount': 0.6037677915017097}. Best is trial 246 with value: 244.31507276371707.[0m
[32m[I 2023-05-15 03:55:10,279][0m Trial 705 finished with value: 1081.5911385677878 and parameters: {'c1': 0.6039643280900455, 'c2': 2.670010085624189, 'eps': 0.3529571430465004, 'horizon': 4, 'discount': 0.8606577350397595}. Best is trial 246 with value: 244.31507276371707.[0m
[32m[I 2023-05-15 03:55:34,553][0m Trial 706 finished with value: 705.813436560595 and parameters: {'c1': 0.32954439669047664, 'c2': 1.873661555143031, 'eps': 1.1635050394786324, 'horizon': 4, 'discount': 0.9505995856312873}. Best is trial 246 with value: 244.31507276371707.[0m
[32m[I 2023-05-15 03:55:42,235][0m Trial 707 finished with value: 893.1572331022078 and parameters: {'c1': 2.8417898229746816, 'c2': 1.4131815956331555, 'eps': 2.1864910874534957, 'horizon': 2, 'discount': 0.7263307436637966}. Best is trial 246 with value: 244.31507276371707.[0m
[32m[I 2023-05-15 03:55:55,590][0m Trial 708 finished with value: 1303.1861942721011 and parameters: {'c1': 0.34301144941751893, 'c2': 1.786239243025376, 'eps': 1.3827157465340005, 'horizon': 3, 'discount': 0.7437203550475989}. Best is trial 246 with value: 244.31507276371707.[0m
[32m[I 2023-05-15 03:56:38,691][0m Trial 709 finished with value: 1578.1826565073065 and parameters: {'c1': 2.502299698600946, 'c2': 1.7009318482146005, 'eps': 0.3494160753683647, 'horizon': 5, 'discount': 0.6723138079612218}. Best is trial 246 with value: 244.31507276371707.[0m
[32m[I 2023-05-15 03:57:02,478][0m Trial 710 finished with value: 1338.054851179208 and parameters: {'c1': 0.5715198503811985, 'c2': 2.8913705030543317, 'eps': 0.7998862957850836, 'horizon': 4, 'discount': 0.831608257673736}. Best is trial 246 with value: 244.31507276371707.[0m
[32m[I 2023-05-15 03:57:28,679][0m Trial 711 finished with value: 1187.5698466759466 and parameters: {'c1': 2.9870184187019375, 'c2': 2.2785509856338684, 'eps': 0.7505056759150607, 'horizon': 4, 'discount': 0.8681407791884299}. Best is trial 246 with value: 244.31507276371707.[0m
