Best trial: 246. Best value: 244.315:  94%|█████████▎| 937/1000 [5:45:30<18:54, 18.01s/it]Best trial: 246. Best value: 244.315:  94%|█████████▎| 937/1000 [5:45:30<18:54, 18.01s/it]Best trial: 246. Best value: 244.315:  94%|█████████▍| 938/1000 [5:45:30<20:49, 20.16s/it]                                                                                          Best trial: 246. Best value: 244.315:  94%|█████████▍| 938/1000 [5:45:38<20:49, 20.16s/it]Best trial: 246. Best value: 244.315:  94%|█████████▍| 938/1000 [5:45:38<20:49, 20.16s/it]Best trial: 246. Best value: 244.315:  94%|█████████▍| 939/1000 [5:45:38<16:33, 16.28s/it]                                                                                          Best trial: 246. Best value: 244.315:  94%|█████████▍| 939/1000 [5:45:52<16:33, 16.28s/it]Best trial: 246. Best value: 244.315:  94%|█████████▍| 939/1000 [5:45:52<16:33, 16.28s/it]Best trial: 246. Best value: 244.315:  94%|█████████▍| 940/1000 [5:45:52<15:42, 15.71s/it]                                                                                          Best trial: 246. Best value: 244.315:  94%|█████████▍| 940/1000 [5:46:15<15:42, 15.71s/it]Best trial: 246. Best value: 244.315:  94%|█████████▍| 940/1000 [5:46:15<15:42, 15.71s/it]Best trial: 246. Best value: 244.315:  94%|█████████▍| 941/1000 [5:46:15<17:30, 17.80s/it]                                                                                          Best trial: 246. Best value: 244.315:  94%|█████████▍| 941/1000 [5:46:23<17:30, 17.80s/it]Best trial: 246. Best value: 244.315:  94%|█████████▍| 941/1000 [5:46:23<17:30, 17.80s/it]Best trial: 246. Best value: 244.315:  94%|█████████▍| 942/1000 [5:46:23<14:21, 14.85s/it]                                                                                          Best trial: 246. Best value: 244.315:  94%|█████████▍| 942/1000 [5:46:37<14:21, 14.85s/it]Best trial: 246. Best value: 244.315:  94%|█████████▍| 942/1000 [5:46:37<14:21, 14.85s/it]Best trial: 246. Best value: 244.315:  94%|█████████▍| 943/1000 [5:46:37<13:55, 14.66s/it]                                                                                          Best trial: 246. Best value: 244.315:  94%|█████████▍| 943/1000 [5:47:13<13:55, 14.66s/it]Best trial: 246. Best value: 244.315:  94%|█████████▍| 943/1000 [5:47:13<13:55, 14.66s/it]Best trial: 246. Best value: 244.315:  94%|█████████▍| 944/1000 [5:47:13<19:44, 21.15s/it]                                                                                          Best trial: 246. Best value: 244.315:  94%|█████████▍| 944/1000 [5:47:21<19:44, 21.15s/it]Best trial: 246. Best value: 244.315:  94%|█████████▍| 944/1000 [5:47:21<19:44, 21.15s/it]Best trial: 246. Best value: 244.315:  94%|█████████▍| 945/1000 [5:47:21<15:41, 17.12s/it]                                                                                          Best trial: 246. Best value: 244.315:  94%|█████████▍| 945/1000 [5:47:44<15:41, 17.12s/it]Best trial: 246. Best value: 244.315:  94%|█████████▍| 945/1000 [5:47:44<15:41, 17.12s/it]Best trial: 246. Best value: 244.315:  95%|█████████▍| 946/1000 [5:47:44<17:02, 18.94s/it]                                                                                          Best trial: 246. Best value: 244.315:  95%|█████████▍| 946/1000 [5:47:58<17:02, 18.94s/it]Best trial: 246. Best value: 244.315:  95%|█████████▍| 946/1000 [5:47:58<17:02, 18.94s/it]Best trial: 246. Best value: 244.315:  95%|█████████▍| 947/1000 [5:47:58<15:28, 17.52s/it]                                                                                          Best trial: 246. Best value: 244.315:  95%|█████████▍| 947/1000 [5:48:06<15:28, 17.52s/it]Best trial: 246. Best value: 244.315:  95%|█████████▍| 947/1000 [5:48:06<15:28, 17.52s/it]Best trial: 246. Best value: 244.315:  95%|█████████▍| 948/1000 [5:48:06<12:43, 14.68s/it]                                                                                          Best trial: 246. Best value: 244.315:  95%|█████████▍| 948/1000 [5:48:14<12:43, 14.68s/it]Best trial: 246. Best value: 244.315:  95%|█████████▍| 948/1000 [5:48:14<12:43, 14.68s/it]Best trial: 246. Best value: 244.315:  95%|█████████▍| 949/1000 [5:48:14<10:46, 12.68s/it]                                                                                          Best trial: 246. Best value: 244.315:  95%|█████████▍| 949/1000 [5:48:28<10:46, 12.68s/it]Best trial: 246. Best value: 244.315:  95%|█████████▍| 949/1000 [5:48:28<10:46, 12.68s/it]Best trial: 246. Best value: 244.315:  95%|█████████▌| 950/1000 [5:48:28<10:54, 13.08s/it]                                                                                          Best trial: 246. Best value: 244.315:  95%|█████████▌| 950/1000 [5:48:53<10:54, 13.08s/it]Best trial: 246. Best value: 244.315:  95%|█████████▌| 950/1000 [5:48:53<10:54, 13.08s/it]Best trial: 246. Best value: 244.315:  95%|█████████▌| 951/1000 [5:48:53<13:27, 16.47s/it]                                                                                          Best trial: 246. Best value: 244.315:  95%|█████████▌| 951/1000 [5:49:00<13:27, 16.47s/it]Best trial: 246. Best value: 244.315:  95%|█████████▌| 951/1000 [5:49:00<13:27, 16.47s/it]Best trial: 246. Best value: 244.315:  95%|█████████▌| 952/1000 [5:49:00<10:55, 13.65s/it]                                                                                          Best trial: 246. Best value: 244.315:  95%|█████████▌| 952/1000 [5:49:42<10:55, 13.65s/it]Best trial: 246. Best value: 244.315:  95%|█████████▌| 952/1000 [5:49:42<10:55, 13.65s/it]Best trial: 246. Best value: 244.315:  95%|█████████▌| 953/1000 [5:49:42<17:25, 22.24s/it]                                                                                          Best trial: 246. Best value: 244.315:  95%|█████████▌| 953/1000 [5:49:56<17:25, 22.24s/it]Best trial: 246. Best value: 244.315:  95%|█████████▌| 953/1000 [5:49:56<17:25, 22.24s/it]Best trial: 246. Best value: 244.315:  95%|█████████▌| 954/1000 [5:49:56<15:09, 19.76s/it]                                                                                          Best trial: 246. Best value: 244.315:  95%|█████████▌| 954/1000 [5:50:19<15:09, 19.76s/it]Best trial: 246. Best value: 244.315:  95%|█████████▌| 954/1000 [5:50:19<15:09, 19.76s/it]Best trial: 246. Best value: 244.315:  96%|█████████▌| 955/1000 [5:50:19<15:28, 20.64s/it]                                                                                          Best trial: 246. Best value: 244.315:  96%|█████████▌| 955/1000 [5:50:42<15:28, 20.64s/it]Best trial: 246. Best value: 244.315:  96%|█████████▌| 955/1000 [5:50:42<15:28, 20.64s/it]Best trial: 246. Best value: 244.315:  96%|█████████▌| 956/1000 [5:50:42<15:38, 21.33s/it]                                                                                          Best trial: 246. Best value: 244.315:  96%|█████████▌| 956/1000 [5:50:50<15:38, 21.33s/it]Best trial: 246. Best value: 244.315:  96%|█████████▌| 956/1000 [5:50:50<15:38, 21.33s/it]Best trial: 246. Best value: 244.315:  96%|█████████▌| 957/1000 [5:50:50<12:24, 17.31s/it]                                                                                          Best trial: 246. Best value: 244.315:  96%|█████████▌| 957/1000 [5:51:04<12:24, 17.31s/it]Best trial: 246. Best value: 244.315:  96%|█████████▌| 957/1000 [5:51:04<12:24, 17.31s/it]Best trial: 246. Best value: 244.315:  96%|█████████▌| 958/1000 [5:51:04<11:33, 16.50s/it]                                                                                          Best trial: 246. Best value: 244.315:  96%|█████████▌| 958/1000 [5:51:26<11:33, 16.50s/it]Best trial: 246. Best value: 244.315:  96%|█████████▌| 958/1000 [5:51:26<11:33, 16.50s/it]Best trial: 246. Best value: 244.315:  96%|█████████▌| 959/1000 [5:51:26<12:25, 18.19s/it]                                                                                          Best trial: 246. Best value: 244.315:  96%|█████████▌| 959/1000 [5:52:05<12:25, 18.19s/it]Best trial: 246. Best value: 244.315:  96%|█████████▌| 959/1000 [5:52:05<12:25, 18.19s/it]Best trial: 246. Best value: 244.315:  96%|█████████▌| 960/1000 [5:52:05<16:08, 24.22s/it]                                                                                          Best trial: 246. Best value: 244.315:  96%|█████████▌| 960/1000 [5:52:12<16:08, 24.22s/it]Best trial: 246. Best value: 244.315:  96%|█████████▌| 960/1000 [5:52:12<16:08, 24.22s/it]Best trial: 246. Best value: 244.315:  96%|█████████▌| 961/1000 [5:52:12<12:29, 19.21s/it]                                                                                          Best trial: 246. Best value: 244.315:  96%|█████████▌| 961/1000 [5:52:25<12:29, 19.21s/it]Best trial: 246. Best value: 244.315:  96%|█████████▌| 961/1000 [5:52:25<12:29, 19.21s/it]Best trial: 246. Best value: 244.315:  96%|█████████▌| 962/1000 [5:52:25<11:01, 17.41s/it]                                                                                          Best trial: 246. Best value: 244.315:  96%|█████████▌| 962/1000 [5:53:03<11:01, 17.41s/it]Best trial: 246. Best value: 244.315:  96%|█████████▌| 962/1000 [5:53:03<11:01, 17.41s/it]Best trial: 246. Best value: 244.315:  96%|█████████▋| 963/1000 [5:53:03<14:32, 23.58s/it]                                                                                          Best trial: 246. Best value: 244.315:  96%|█████████▋| 963/1000 [5:53:11<14:32, 23.58s/it]Best trial: 246. Best value: 244.315:  96%|█████████▋| 963/1000 [5:53:11<14:32, 23.58s/it]Best trial: 246. Best value: 244.315:  96%|█████████▋| 964/1000 [5:53:11<11:17, 18.83s/it]                                                                                          Best trial: 246. Best value: 244.315:  96%|█████████▋| 964/1000 [5:53:18<11:17, 18.83s/it]Best trial: 246. Best value: 244.315:  96%|█████████▋| 964/1000 [5:53:18<11:17, 18.83s/it]Best trial: 246. Best value: 244.315:  96%|█████████▋| 965/1000 [5:53:18<08:55, 15.31s/it]                                                                                          [32m[I 2023-05-15 05:18:14,045][0m Trial 937 finished with value: 1167.2834708354746 and parameters: {'c1': 0.8592609829453678, 'c2': 2.994157215152893, 'eps': 2.900956178427241, 'horizon': 4, 'discount': 0.894551286730262}. Best is trial 246 with value: 244.31507276371707.[0m
[32m[I 2023-05-15 05:18:21,283][0m Trial 938 finished with value: 518.3315390460575 and parameters: {'c1': 0.5631187952575486, 'c2': 0.6361193469790357, 'eps': 2.8253200293297827, 'horizon': 2, 'discount': 0.6072013528154494}. Best is trial 246 with value: 244.31507276371707.[0m
[32m[I 2023-05-15 05:18:35,665][0m Trial 939 finished with value: 684.2884556931876 and parameters: {'c1': 1.9658623760088747, 'c2': 0.8455893018699636, 'eps': 1.6457617722276656, 'horizon': 3, 'discount': 0.8914855154968537}. Best is trial 246 with value: 244.31507276371707.[0m
[32m[I 2023-05-15 05:18:58,329][0m Trial 940 finished with value: 640.1089335045124 and parameters: {'c1': 2.3746184673939044, 'c2': 1.1589927257480093, 'eps': 1.8554758317104887, 'horizon': 4, 'discount': 0.6162940061755946}. Best is trial 246 with value: 244.31507276371707.[0m
[32m[I 2023-05-15 05:19:06,304][0m Trial 941 finished with value: 1185.3164796727788 and parameters: {'c1': 0.10444661812870082, 'c2': 2.036064025446118, 'eps': 1.0186463691696592, 'horizon': 2, 'discount': 0.7495818190158269}. Best is trial 246 with value: 244.31507276371707.[0m
[32m[I 2023-05-15 05:19:20,526][0m Trial 942 finished with value: 1739.281990585443 and parameters: {'c1': 0.5848240027014177, 'c2': 2.4605798108788024, 'eps': 1.6895748020988262, 'horizon': 3, 'discount': 0.6943193069389996}. Best is trial 246 with value: 244.31507276371707.[0m
[32m[I 2023-05-15 05:19:56,821][0m Trial 943 finished with value: 1108.33620123719 and parameters: {'c1': 1.9462356924738846, 'c2': 0.5041374662370636, 'eps': 1.782580890582535, 'horizon': 5, 'discount': 0.806623226276437}. Best is trial 246 with value: 244.31507276371707.[0m
[32m[I 2023-05-15 05:20:04,544][0m Trial 944 finished with value: 448.89695854089194 and parameters: {'c1': 1.8807971676103734, 'c2': 2.094419814669944, 'eps': 2.799312635785267, 'horizon': 2, 'discount': 0.9807625385940408}. Best is trial 246 with value: 244.31507276371707.[0m
[32m[I 2023-05-15 05:20:27,715][0m Trial 945 finished with value: 597.9463858446015 and parameters: {'c1': 0.11596663948868713, 'c2': 0.8348688647954697, 'eps': 2.2093712596865003, 'horizon': 4, 'discount': 0.9918006417350167}. Best is trial 246 with value: 244.31507276371707.[0m
[32m[I 2023-05-15 05:20:41,916][0m Trial 946 finished with value: 718.603832914577 and parameters: {'c1': 0.23607267672941523, 'c2': 1.5503486794403212, 'eps': 2.7400672647742206, 'horizon': 3, 'discount': 0.814593888173768}. Best is trial 246 with value: 244.31507276371707.[0m
[32m[I 2023-05-15 05:20:49,987][0m Trial 947 finished with value: 1501.4491092748156 and parameters: {'c1': 1.1648882350287635, 'c2': 1.3299832384820844, 'eps': 2.7228832899621507, 'horizon': 2, 'discount': 0.8066489785350024}. Best is trial 246 with value: 244.31507276371707.[0m
[32m[I 2023-05-15 05:20:57,994][0m Trial 948 finished with value: 993.572985632208 and parameters: {'c1': 2.4032512107923893, 'c2': 2.7733109640082487, 'eps': 2.909986592233151, 'horizon': 2, 'discount': 0.7101486581414789}. Best is trial 246 with value: 244.31507276371707.[0m
[32m[I 2023-05-15 05:21:12,015][0m Trial 949 finished with value: 1244.4269009647808 and parameters: {'c1': 2.0783502313608597, 'c2': 1.4822637469509445, 'eps': 1.5477077741730858, 'horizon': 3, 'discount': 0.9570698362039717}. Best is trial 246 with value: 244.31507276371707.[0m
[32m[I 2023-05-15 05:21:36,393][0m Trial 950 finished with value: 1065.2085790559047 and parameters: {'c1': 1.231399717843499, 'c2': 0.6124353502672786, 'eps': 2.889819613262196, 'horizon': 4, 'discount': 0.6916039362573775}. Best is trial 246 with value: 244.31507276371707.[0m
[32m[I 2023-05-15 05:21:43,453][0m Trial 951 finished with value: 1030.9692998846458 and parameters: {'c1': 0.7451826589567482, 'c2': 1.7303510157437294, 'eps': 1.0964789863744229, 'horizon': 2, 'discount': 0.7989957107539754}. Best is trial 246 with value: 244.31507276371707.[0m
[32m[I 2023-05-15 05:22:25,740][0m Trial 952 finished with value: 1344.1199403939818 and parameters: {'c1': 1.9694423207274756, 'c2': 2.863013834057705, 'eps': 2.2411483232919873, 'horizon': 5, 'discount': 0.9009087419085264}. Best is trial 246 with value: 244.31507276371707.[0m
[32m[I 2023-05-15 05:22:39,729][0m Trial 953 finished with value: 982.8653142512583 and parameters: {'c1': 2.0518007574143047, 'c2': 1.3948052599113052, 'eps': 0.7341380250365875, 'horizon': 3, 'discount': 0.8952578232432409}. Best is trial 246 with value: 244.31507276371707.[0m
[32m[I 2023-05-15 05:23:02,413][0m Trial 954 finished with value: 741.8679103253273 and parameters: {'c1': 0.9945176878905446, 'c2': 0.23453112105360563, 'eps': 2.629910899149674, 'horizon': 4, 'discount': 0.6525836074794278}. Best is trial 246 with value: 244.31507276371707.[0m
[32m[I 2023-05-15 05:23:25,365][0m Trial 955 finished with value: 932.6468404087063 and parameters: {'c1': 2.1979869175354896, 'c2': 0.7561817033316899, 'eps': 2.5874627026672132, 'horizon': 4, 'discount': 0.6359916344699645}. Best is trial 246 with value: 244.31507276371707.[0m
[32m[I 2023-05-15 05:23:33,273][0m Trial 956 finished with value: 1376.1783720019628 and parameters: {'c1': 0.9212649018570698, 'c2': 2.250149053994668, 'eps': 2.004027397043671, 'horizon': 2, 'discount': 0.6752885073189634}. Best is trial 246 with value: 244.31507276371707.[0m
[32m[I 2023-05-15 05:23:47,899][0m Trial 957 finished with value: 960.3075093115598 and parameters: {'c1': 1.6989953248281768, 'c2': 2.067100460427306, 'eps': 0.6245234262786744, 'horizon': 3, 'discount': 0.7259926030666364}. Best is trial 246 with value: 244.31507276371707.[0m
[32m[I 2023-05-15 05:24:10,024][0m Trial 958 finished with value: 1225.5143400237334 and parameters: {'c1': 0.44299174183719525, 'c2': 1.510879817076473, 'eps': 1.6493327391783474, 'horizon': 4, 'discount': 0.9566270682150508}. Best is trial 246 with value: 244.31507276371707.[0m
[32m[I 2023-05-15 05:24:48,306][0m Trial 959 finished with value: 2255.742449261378 and parameters: {'c1': 0.46572047709439346, 'c2': 0.09231381569846275, 'eps': 1.785191706829007, 'horizon': 5, 'discount': 0.9429786082042118}. Best is trial 246 with value: 244.31507276371707.[0m
[32m[I 2023-05-15 05:24:55,844][0m Trial 960 finished with value: 1256.8991660272138 and parameters: {'c1': 1.516886119224571, 'c2': 0.9423585839385764, 'eps': 1.7854510970667434, 'horizon': 2, 'discount': 0.8813270053836674}. Best is trial 246 with value: 244.31507276371707.[0m
[32m[I 2023-05-15 05:25:09,048][0m Trial 961 finished with value: 1188.3927609632763 and parameters: {'c1': 1.3637380847900327, 'c2': 1.7205878867776339, 'eps': 2.4299093600437973, 'horizon': 3, 'discount': 0.9662836390583176}. Best is trial 246 with value: 244.31507276371707.[0m
[32m[I 2023-05-15 05:25:47,025][0m Trial 962 finished with value: 249.1531466976126 and parameters: {'c1': 2.9722892762895943, 'c2': 0.8197060859562213, 'eps': 1.0961809583541775, 'horizon': 5, 'discount': 0.7491515981472612}. Best is trial 246 with value: 244.31507276371707.[0m
[32m[I 2023-05-15 05:25:54,762][0m Trial 963 finished with value: 2010.2127500185209 and parameters: {'c1': 2.5174093042014736, 'c2': 1.5627062463535766, 'eps': 0.9523335961643016, 'horizon': 2, 'discount': 0.9291959506255216}. Best is trial 246 with value: 244.31507276371707.[0m
[32m[I 2023-05-15 05:26:01,866][0m Trial 964 finished with value: 1911.6063306744397 and parameters: {'c1': 0.16342671997691804, 'c2': 2.1914222960098364, 'eps': 0.7267146635389373, 'horizon': 2, 'discount': 0.6836982947658399}. Best is trial 246 with value: 244.31507276371707.[0m
