Best trial: 246. Best value: 244.315:  85%|████████▌ | 852/1000 [5:13:37<32:29, 13.17s/it]Best trial: 246. Best value: 244.315:  85%|████████▌ | 852/1000 [5:13:37<32:29, 13.17s/it]Best trial: 246. Best value: 244.315:  85%|████████▌ | 853/1000 [5:13:37<32:38, 13.33s/it]                                                                                          Best trial: 246. Best value: 244.315:  85%|████████▌ | 853/1000 [5:14:16<32:38, 13.33s/it]Best trial: 246. Best value: 244.315:  85%|████████▌ | 853/1000 [5:14:16<32:38, 13.33s/it]Best trial: 246. Best value: 244.315:  85%|████████▌ | 854/1000 [5:14:16<50:40, 20.83s/it]                                                                                          Best trial: 246. Best value: 244.315:  85%|████████▌ | 854/1000 [5:14:23<50:40, 20.83s/it]Best trial: 246. Best value: 244.315:  85%|████████▌ | 854/1000 [5:14:23<50:40, 20.83s/it]Best trial: 246. Best value: 244.315:  86%|████████▌ | 855/1000 [5:14:23<40:30, 16.76s/it]                                                                                          Best trial: 246. Best value: 244.315:  86%|████████▌ | 855/1000 [5:15:02<40:30, 16.76s/it]Best trial: 246. Best value: 244.315:  86%|████████▌ | 855/1000 [5:15:02<40:30, 16.76s/it]Best trial: 246. Best value: 244.315:  86%|████████▌ | 856/1000 [5:15:02<56:38, 23.60s/it]                                                                                          Best trial: 246. Best value: 244.315:  86%|████████▌ | 856/1000 [5:15:16<56:38, 23.60s/it]Best trial: 246. Best value: 244.315:  86%|████████▌ | 856/1000 [5:15:16<56:38, 23.60s/it]Best trial: 246. Best value: 244.315:  86%|████████▌ | 857/1000 [5:15:16<49:20, 20.70s/it]                                                                                          Best trial: 246. Best value: 244.315:  86%|████████▌ | 857/1000 [5:15:56<49:20, 20.70s/it]Best trial: 246. Best value: 244.315:  86%|████████▌ | 857/1000 [5:15:56<49:20, 20.70s/it]Best trial: 246. Best value: 244.315:  86%|████████▌ | 858/1000 [5:15:56<1:02:26, 26.39s/it]                                                                                            Best trial: 246. Best value: 244.315:  86%|████████▌ | 858/1000 [5:16:34<1:02:26, 26.39s/it]Best trial: 246. Best value: 244.315:  86%|████████▌ | 858/1000 [5:16:34<1:02:26, 26.39s/it]Best trial: 246. Best value: 244.315:  86%|████████▌ | 859/1000 [5:16:34<1:10:03, 29.82s/it]                                                                                            Best trial: 246. Best value: 244.315:  86%|████████▌ | 859/1000 [5:16:57<1:10:03, 29.82s/it]Best trial: 246. Best value: 244.315:  86%|████████▌ | 859/1000 [5:16:57<1:10:03, 29.82s/it]Best trial: 246. Best value: 244.315:  86%|████████▌ | 860/1000 [5:16:57<1:04:35, 27.68s/it]                                                                                            Best trial: 246. Best value: 244.315:  86%|████████▌ | 860/1000 [5:17:04<1:04:35, 27.68s/it]Best trial: 246. Best value: 244.315:  86%|████████▌ | 860/1000 [5:17:04<1:04:35, 27.68s/it]Best trial: 246. Best value: 244.315:  86%|████████▌ | 861/1000 [5:17:04<50:20, 21.73s/it]                                                                                            Best trial: 246. Best value: 244.315:  86%|████████▌ | 861/1000 [5:17:12<50:20, 21.73s/it]Best trial: 246. Best value: 244.315:  86%|████████▌ | 861/1000 [5:17:12<50:20, 21.73s/it]Best trial: 246. Best value: 244.315:  86%|████████▌ | 862/1000 [5:17:12<40:07, 17.45s/it]                                                                                          Best trial: 246. Best value: 244.315:  86%|████████▌ | 862/1000 [5:17:27<40:07, 17.45s/it]Best trial: 246. Best value: 244.315:  86%|████████▌ | 862/1000 [5:17:27<40:07, 17.45s/it]Best trial: 246. Best value: 244.315:  86%|████████▋ | 863/1000 [5:17:27<38:23, 16.82s/it]                                                                                          Best trial: 246. Best value: 244.315:  86%|████████▋ | 863/1000 [5:18:05<38:23, 16.82s/it]Best trial: 246. Best value: 244.315:  86%|████████▋ | 863/1000 [5:18:05<38:23, 16.82s/it]Best trial: 246. Best value: 244.315:  86%|████████▋ | 864/1000 [5:18:05<52:12, 23.03s/it]                                                                                          Best trial: 246. Best value: 244.315:  86%|████████▋ | 864/1000 [5:18:20<52:12, 23.03s/it]Best trial: 246. Best value: 244.315:  86%|████████▋ | 864/1000 [5:18:20<52:12, 23.03s/it]Best trial: 246. Best value: 244.315:  86%|████████▋ | 865/1000 [5:18:20<46:37, 20.72s/it]                                                                                          Best trial: 246. Best value: 244.315:  86%|████████▋ | 865/1000 [5:19:02<46:37, 20.72s/it]Best trial: 246. Best value: 244.315:  86%|████████▋ | 865/1000 [5:19:02<46:37, 20.72s/it]Best trial: 246. Best value: 244.315:  87%|████████▋ | 866/1000 [5:19:02<1:00:28, 27.08s/it]                                                                                            Best trial: 246. Best value: 244.315:  87%|████████▋ | 866/1000 [5:19:10<1:00:28, 27.08s/it]Best trial: 246. Best value: 244.315:  87%|████████▋ | 866/1000 [5:19:10<1:00:28, 27.08s/it]Best trial: 246. Best value: 244.315:  87%|████████▋ | 867/1000 [5:19:10<47:19, 21.35s/it]                                                                                            Best trial: 246. Best value: 244.315:  87%|████████▋ | 867/1000 [5:19:49<47:19, 21.35s/it]Best trial: 246. Best value: 244.315:  87%|████████▋ | 867/1000 [5:19:49<47:19, 21.35s/it]Best trial: 246. Best value: 244.315:  87%|████████▋ | 868/1000 [5:19:49<58:51, 26.76s/it]                                                                                          Best trial: 246. Best value: 244.315:  87%|████████▋ | 868/1000 [5:20:32<58:51, 26.76s/it]Best trial: 246. Best value: 244.315:  87%|████████▋ | 868/1000 [5:20:32<58:51, 26.76s/it]Best trial: 246. Best value: 244.315:  87%|████████▋ | 869/1000 [5:20:32<1:08:34, 31.41s/it]                                                                                            Best trial: 246. Best value: 244.315:  87%|████████▋ | 869/1000 [5:21:14<1:08:34, 31.41s/it]Best trial: 246. Best value: 244.315:  87%|████████▋ | 869/1000 [5:21:14<1:08:34, 31.41s/it]Best trial: 246. Best value: 244.315:  87%|████████▋ | 870/1000 [5:21:14<1:15:24, 34.80s/it]                                                                                            Best trial: 246. Best value: 244.315:  87%|████████▋ | 870/1000 [5:21:38<1:15:24, 34.80s/it]Best trial: 246. Best value: 244.315:  87%|████████▋ | 870/1000 [5:21:38<1:15:24, 34.80s/it]Best trial: 246. Best value: 244.315:  87%|████████▋ | 871/1000 [5:21:38<1:07:27, 31.37s/it]                                                                                            Best trial: 246. Best value: 244.315:  87%|████████▋ | 871/1000 [5:21:52<1:07:27, 31.37s/it]Best trial: 246. Best value: 244.315:  87%|████████▋ | 871/1000 [5:21:52<1:07:27, 31.37s/it]Best trial: 246. Best value: 244.315:  87%|████████▋ | 872/1000 [5:21:52<55:54, 26.21s/it]                                                                                            Best trial: 246. Best value: 244.315:  87%|████████▋ | 872/1000 [5:22:06<55:54, 26.21s/it]Best trial: 246. Best value: 244.315:  87%|████████▋ | 872/1000 [5:22:06<55:54, 26.21s/it]Best trial: 246. Best value: 244.315:  87%|████████▋ | 873/1000 [5:22:06<47:49, 22.59s/it]                                                                                          Best trial: 246. Best value: 244.315:  87%|████████▋ | 873/1000 [5:22:20<47:49, 22.59s/it]Best trial: 246. Best value: 244.315:  87%|████████▋ | 873/1000 [5:22:20<47:49, 22.59s/it]Best trial: 246. Best value: 244.315:  87%|████████▋ | 874/1000 [5:22:20<42:11, 20.09s/it]                                                                                          Best trial: 246. Best value: 244.315:  87%|████████▋ | 874/1000 [5:22:27<42:11, 20.09s/it]Best trial: 246. Best value: 244.315:  87%|████████▋ | 874/1000 [5:22:27<42:11, 20.09s/it]Best trial: 246. Best value: 244.315:  88%|████████▊ | 875/1000 [5:22:27<33:37, 16.14s/it]                                                                                          Best trial: 246. Best value: 244.315:  88%|████████▊ | 875/1000 [5:23:10<33:37, 16.14s/it]Best trial: 246. Best value: 244.315:  88%|████████▊ | 875/1000 [5:23:11<33:37, 16.14s/it]Best trial: 246. Best value: 244.315:  88%|████████▊ | 876/1000 [5:23:11<50:10, 24.28s/it]                                                                                          Best trial: 246. Best value: 244.315:  88%|████████▊ | 876/1000 [5:23:26<50:10, 24.28s/it]Best trial: 246. Best value: 244.315:  88%|████████▊ | 876/1000 [5:23:26<50:10, 24.28s/it]Best trial: 246. Best value: 244.315:  88%|████████▊ | 877/1000 [5:23:26<44:08, 21.53s/it]                                                                                          Best trial: 246. Best value: 244.315:  88%|████████▊ | 877/1000 [5:23:41<44:08, 21.53s/it]Best trial: 246. Best value: 244.315:  88%|████████▊ | 877/1000 [5:23:41<44:08, 21.53s/it]Best trial: 246. Best value: 244.315:  88%|████████▊ | 878/1000 [5:23:41<39:56, 19.64s/it]                                                                                          Best trial: 246. Best value: 244.315:  88%|████████▊ | 878/1000 [5:23:54<39:56, 19.64s/it]Best trial: 246. Best value: 244.315:  88%|████████▊ | 878/1000 [5:23:54<39:56, 19.64s/it]Best trial: 246. Best value: 244.315:  88%|████████▊ | 879/1000 [5:23:54<35:58, 17.84s/it]                                                                                          Best trial: 246. Best value: 244.315:  88%|████████▊ | 879/1000 [5:24:37<35:58, 17.84s/it]Best trial: 246. Best value: 244.315:  88%|████████▊ | 879/1000 [5:24:37<35:58, 17.84s/it]Best trial: 246. Best value: 244.315:  88%|████████▊ | 880/1000 [5:24:37<50:46, 25.39s/it]                                                                                          [32m[I 2023-05-15 04:46:20,951][0m Trial 852 finished with value: 1308.2012412664903 and parameters: {'c1': 2.2758016332318913, 'c2': 1.0777285306804445, 'eps': 2.5129054421711263, 'horizon': 3, 'discount': 0.8365273418516342}. Best is trial 246 with value: 244.31507276371707.[0m
[32m[I 2023-05-15 04:46:59,284][0m Trial 853 finished with value: 905.1597895027006 and parameters: {'c1': 0.3799169672692624, 'c2': 1.6218769190361573, 'eps': 1.090983563459566, 'horizon': 5, 'discount': 0.8645022481866534}. Best is trial 246 with value: 244.31507276371707.[0m
[32m[I 2023-05-15 04:47:06,556][0m Trial 854 finished with value: 1391.312947636824 and parameters: {'c1': 2.71875885881362, 'c2': 0.2434162730859023, 'eps': 2.869677689654041, 'horizon': 2, 'discount': 0.8616021671092563}. Best is trial 246 with value: 244.31507276371707.[0m
[32m[I 2023-05-15 04:47:46,110][0m Trial 855 finished with value: 433.06875336989253 and parameters: {'c1': 1.439518377076274, 'c2': 2.3112505944835977, 'eps': 1.3096907833975213, 'horizon': 5, 'discount': 0.7407623872654576}. Best is trial 246 with value: 244.31507276371707.[0m
[32m[I 2023-05-15 04:48:00,057][0m Trial 856 finished with value: 571.6156322753282 and parameters: {'c1': 2.2967054433576437, 'c2': 0.623788601773396, 'eps': 2.458910850782731, 'horizon': 3, 'discount': 0.6540463526863757}. Best is trial 246 with value: 244.31507276371707.[0m
[32m[I 2023-05-15 04:48:39,706][0m Trial 857 finished with value: 1108.0468183138908 and parameters: {'c1': 1.7646316106690398, 'c2': 1.7407819945000498, 'eps': 0.8938750697159917, 'horizon': 5, 'discount': 0.9525716326902185}. Best is trial 246 with value: 244.31507276371707.[0m
[32m[I 2023-05-15 04:49:17,520][0m Trial 858 finished with value: 679.5508078243687 and parameters: {'c1': 1.452679718367589, 'c2': 2.0788883935302374, 'eps': 1.9837748077566006, 'horizon': 5, 'discount': 0.7182429614701205}. Best is trial 246 with value: 244.31507276371707.[0m
[32m[I 2023-05-15 04:49:40,226][0m Trial 859 finished with value: 589.6048753705857 and parameters: {'c1': 0.4565697827079105, 'c2': 1.9979680401846276, 'eps': 2.033793257088667, 'horizon': 4, 'discount': 0.860304835902772}. Best is trial 246 with value: 244.31507276371707.[0m
[32m[I 2023-05-15 04:49:48,065][0m Trial 860 finished with value: 330.4082029521795 and parameters: {'c1': 0.17150358541899646, 'c2': 1.7607029675229273, 'eps': 2.1708651683182567, 'horizon': 2, 'discount': 0.6473491563688373}. Best is trial 246 with value: 244.31507276371707.[0m
[32m[I 2023-05-15 04:49:55,527][0m Trial 861 finished with value: 873.4370585633178 and parameters: {'c1': 1.5431016749953113, 'c2': 1.9153126747251727, 'eps': 2.3293820478230183, 'horizon': 2, 'discount': 0.8249935700232685}. Best is trial 246 with value: 244.31507276371707.[0m
[32m[I 2023-05-15 04:50:10,865][0m Trial 862 finished with value: 973.1382425140656 and parameters: {'c1': 2.771618971633645, 'c2': 1.9476951271576888, 'eps': 2.5038357701620133, 'horizon': 3, 'discount': 0.9524933843966094}. Best is trial 246 with value: 244.31507276371707.[0m
[32m[I 2023-05-15 04:50:48,411][0m Trial 863 finished with value: 415.14522030408045 and parameters: {'c1': 1.6941213133254873, 'c2': 1.3054825600649989, 'eps': 2.380772900542635, 'horizon': 5, 'discount': 0.6375584810450495}. Best is trial 246 with value: 244.31507276371707.[0m
[32m[I 2023-05-15 04:51:03,740][0m Trial 864 finished with value: 2797.426100041855 and parameters: {'c1': 2.9533748403364237, 'c2': 2.536763565185418, 'eps': 2.4970254289579863, 'horizon': 3, 'discount': 0.9906181046564132}. Best is trial 246 with value: 244.31507276371707.[0m
[32m[I 2023-05-15 04:51:45,659][0m Trial 865 finished with value: 1472.0515267078918 and parameters: {'c1': 2.97298639808523, 'c2': 0.07102636508036042, 'eps': 0.7709672306037887, 'horizon': 5, 'discount': 0.9830659729939459}. Best is trial 246 with value: 244.31507276371707.[0m
[32m[I 2023-05-15 04:51:53,642][0m Trial 866 finished with value: 1191.844006597599 and parameters: {'c1': 0.21821559205978225, 'c2': 2.9531167799063107, 'eps': 1.3403396660020588, 'horizon': 2, 'discount': 0.9654709083572492}. Best is trial 246 with value: 244.31507276371707.[0m
[32m[I 2023-05-15 04:52:33,004][0m Trial 867 finished with value: 244.68278631594956 and parameters: {'c1': 0.34468121952411457, 'c2': 0.3361986414013294, 'eps': 2.320878760041838, 'horizon': 5, 'discount': 0.6219991394594476}. Best is trial 246 with value: 244.31507276371707.[0m
[32m[I 2023-05-15 04:53:15,280][0m Trial 868 finished with value: 1287.765247177136 and parameters: {'c1': 1.7905649106945116, 'c2': 0.9636215753785482, 'eps': 0.4493264790254019, 'horizon': 5, 'discount': 0.9823911959005716}. Best is trial 246 with value: 244.31507276371707.[0m
[32m[I 2023-05-15 04:53:57,992][0m Trial 869 finished with value: 952.0402793785754 and parameters: {'c1': 0.15898806924584485, 'c2': 2.9856377159132985, 'eps': 2.97137512480954, 'horizon': 5, 'discount': 0.8213358233345106}. Best is trial 246 with value: 244.31507276371707.[0m
[32m[I 2023-05-15 04:54:21,369][0m Trial 870 finished with value: 805.2676116394927 and parameters: {'c1': 1.5187980614076046, 'c2': 0.6156724265495659, 'eps': 1.9402202672285542, 'horizon': 4, 'discount': 0.8437024379089585}. Best is trial 246 with value: 244.31507276371707.[0m
[32m[I 2023-05-15 04:54:35,528][0m Trial 871 finished with value: 674.3556479797833 and parameters: {'c1': 1.346175651473506, 'c2': 2.3539410002546206, 'eps': 1.2753475427231202, 'horizon': 3, 'discount': 0.7276767321684939}. Best is trial 246 with value: 244.31507276371707.[0m
[32m[I 2023-05-15 04:54:49,687][0m Trial 872 finished with value: 391.54747884298223 and parameters: {'c1': 0.30364403094590053, 'c2': 2.3707431112453, 'eps': 1.8333277657831932, 'horizon': 3, 'discount': 0.649118510475566}. Best is trial 246 with value: 244.31507276371707.[0m
[32m[I 2023-05-15 04:55:03,937][0m Trial 873 finished with value: 688.6563313846503 and parameters: {'c1': 0.4145436325957921, 'c2': 1.42034668309734, 'eps': 0.6301208035842643, 'horizon': 3, 'discount': 0.8233599314720651}. Best is trial 246 with value: 244.31507276371707.[0m
[32m[I 2023-05-15 04:55:10,859][0m Trial 874 finished with value: 1602.8672341336533 and parameters: {'c1': 2.334189599553917, 'c2': 0.6370722954735625, 'eps': 1.69346172815377, 'horizon': 2, 'discount': 0.9354653740958792}. Best is trial 246 with value: 244.31507276371707.[0m
[32m[I 2023-05-15 04:55:54,123][0m Trial 875 finished with value: 997.4106102069354 and parameters: {'c1': 1.8787955683006134, 'c2': 0.0682131862701959, 'eps': 1.4639668288714114, 'horizon': 5, 'discount': 0.8333905011653269}. Best is trial 246 with value: 244.31507276371707.[0m
[32m[I 2023-05-15 04:56:09,244][0m Trial 876 finished with value: 1189.7718276306655 and parameters: {'c1': 1.9475862090532416, 'c2': 1.7693916311067912, 'eps': 0.7010855503169835, 'horizon': 3, 'discount': 0.7595314293543841}. Best is trial 246 with value: 244.31507276371707.[0m
[32m[I 2023-05-15 04:56:24,487][0m Trial 877 finished with value: 480.8480856446098 and parameters: {'c1': 1.025589121214779, 'c2': 2.1042958442319932, 'eps': 0.3058988358994506, 'horizon': 3, 'discount': 0.6918613362136437}. Best is trial 246 with value: 244.31507276371707.[0m
[32m[I 2023-05-15 04:56:38,107][0m Trial 878 finished with value: 1027.8032949205344 and parameters: {'c1': 1.2228941138777585, 'c2': 1.9022321798924238, 'eps': 2.9449466858066446, 'horizon': 3, 'discount': 0.6890381413706599}. Best is trial 246 with value: 244.31507276371707.[0m
[32m[I 2023-05-15 04:57:21,115][0m Trial 879 finished with value: 1765.5272030914032 and parameters: {'c1': 2.89275646269093, 'c2': 1.0633111920039804, 'eps': 0.1391521436609769, 'horizon': 5, 'discount': 0.8164559334086403}. Best is trial 246 with value: 244.31507276371707.[0m
[32m[I 2023-05-15 04:57:36,366][0m Trial 880 finished with value: 1088.0327197012953 and parameters: {'c1': 1.79265410068718, 'c2': 2.3557694837888965, 'eps': 1.8354799500552959, 'horizon': 3, 'discount': 0.7862046495823266}. Best is trial 246 with value: 244.31507276371707.[0m
