Best trial: 246. Best value: 244.315:  66%|██████▌   | 655/1000 [4:04:03<1:29:10, 15.51s/it]Best trial: 246. Best value: 244.315:  66%|██████▌   | 655/1000 [4:04:03<1:29:10, 15.51s/it]Best trial: 246. Best value: 244.315:  66%|██████▌   | 656/1000 [4:04:03<2:10:07, 22.70s/it]                                                                                            Best trial: 246. Best value: 244.315:  66%|██████▌   | 656/1000 [4:04:18<2:10:07, 22.70s/it]Best trial: 246. Best value: 244.315:  66%|██████▌   | 656/1000 [4:04:18<2:10:07, 22.70s/it]Best trial: 246. Best value: 244.315:  66%|██████▌   | 657/1000 [4:04:18<1:57:13, 20.50s/it]                                                                                            Best trial: 246. Best value: 244.315:  66%|██████▌   | 657/1000 [4:04:26<1:57:13, 20.50s/it]Best trial: 246. Best value: 244.315:  66%|██████▌   | 657/1000 [4:04:26<1:57:13, 20.50s/it]Best trial: 246. Best value: 244.315:  66%|██████▌   | 658/1000 [4:04:26<1:34:59, 16.66s/it]                                                                                            Best trial: 246. Best value: 244.315:  66%|██████▌   | 658/1000 [4:04:41<1:34:59, 16.66s/it]Best trial: 246. Best value: 244.315:  66%|██████▌   | 658/1000 [4:04:41<1:34:59, 16.66s/it]Best trial: 246. Best value: 244.315:  66%|██████▌   | 659/1000 [4:04:41<1:32:18, 16.24s/it]                                                                                            Best trial: 246. Best value: 244.315:  66%|██████▌   | 659/1000 [4:04:48<1:32:18, 16.24s/it]Best trial: 246. Best value: 244.315:  66%|██████▌   | 659/1000 [4:04:48<1:32:18, 16.24s/it]Best trial: 246. Best value: 244.315:  66%|██████▌   | 660/1000 [4:04:48<1:16:57, 13.58s/it]                                                                                            Best trial: 246. Best value: 244.315:  66%|██████▌   | 660/1000 [4:05:27<1:16:57, 13.58s/it]Best trial: 246. Best value: 244.315:  66%|██████▌   | 660/1000 [4:05:27<1:16:57, 13.58s/it]Best trial: 246. Best value: 244.315:  66%|██████▌   | 661/1000 [4:05:27<1:58:37, 21.00s/it]                                                                                            Best trial: 246. Best value: 244.315:  66%|██████▌   | 661/1000 [4:06:11<1:58:37, 21.00s/it]Best trial: 246. Best value: 244.315:  66%|██████▌   | 661/1000 [4:06:11<1:58:37, 21.00s/it]Best trial: 246. Best value: 244.315:  66%|██████▌   | 662/1000 [4:06:11<2:38:25, 28.12s/it]                                                                                            Best trial: 246. Best value: 244.315:  66%|██████▌   | 662/1000 [4:06:54<2:38:25, 28.12s/it]Best trial: 246. Best value: 244.315:  66%|██████▌   | 662/1000 [4:06:54<2:38:25, 28.12s/it]Best trial: 246. Best value: 244.315:  66%|██████▋   | 663/1000 [4:06:54<3:02:07, 32.43s/it]                                                                                            Best trial: 246. Best value: 244.315:  66%|██████▋   | 663/1000 [4:07:02<3:02:07, 32.43s/it]Best trial: 246. Best value: 244.315:  66%|██████▋   | 663/1000 [4:07:02<3:02:07, 32.43s/it]Best trial: 246. Best value: 244.315:  66%|██████▋   | 664/1000 [4:07:02<2:20:23, 25.07s/it]                                                                                            Best trial: 246. Best value: 244.315:  66%|██████▋   | 664/1000 [4:07:41<2:20:23, 25.07s/it]Best trial: 246. Best value: 244.315:  66%|██████▋   | 664/1000 [4:07:41<2:20:23, 25.07s/it]Best trial: 246. Best value: 244.315:  66%|██████▋   | 665/1000 [4:07:41<2:44:19, 29.43s/it]                                                                                            Best trial: 246. Best value: 244.315:  66%|██████▋   | 665/1000 [4:08:05<2:44:19, 29.43s/it]Best trial: 246. Best value: 244.315:  66%|██████▋   | 665/1000 [4:08:05<2:44:19, 29.43s/it]Best trial: 246. Best value: 244.315:  67%|██████▋   | 666/1000 [4:08:05<2:33:33, 27.58s/it]                                                                                            Best trial: 246. Best value: 244.315:  67%|██████▋   | 666/1000 [4:08:30<2:33:33, 27.58s/it]Best trial: 246. Best value: 244.315:  67%|██████▋   | 666/1000 [4:08:30<2:33:33, 27.58s/it]Best trial: 246. Best value: 244.315:  67%|██████▋   | 667/1000 [4:08:30<2:28:56, 26.84s/it]                                                                                            Best trial: 246. Best value: 244.315:  67%|██████▋   | 667/1000 [4:09:07<2:28:56, 26.84s/it]Best trial: 246. Best value: 244.315:  67%|██████▋   | 667/1000 [4:09:07<2:28:56, 26.84s/it]Best trial: 246. Best value: 244.315:  67%|██████▋   | 668/1000 [4:09:07<2:45:55, 29.99s/it]                                                                                            Best trial: 246. Best value: 244.315:  67%|██████▋   | 668/1000 [4:09:48<2:45:55, 29.99s/it]Best trial: 246. Best value: 244.315:  67%|██████▋   | 668/1000 [4:09:48<2:45:55, 29.99s/it]Best trial: 246. Best value: 244.315:  67%|██████▋   | 669/1000 [4:09:48<3:03:09, 33.20s/it]                                                                                            Best trial: 246. Best value: 244.315:  67%|██████▋   | 669/1000 [4:10:31<3:03:09, 33.20s/it]Best trial: 246. Best value: 244.315:  67%|██████▋   | 669/1000 [4:10:31<3:03:09, 33.20s/it]Best trial: 246. Best value: 244.315:  67%|██████▋   | 670/1000 [4:10:31<3:19:23, 36.25s/it]                                                                                            Best trial: 246. Best value: 244.315:  67%|██████▋   | 670/1000 [4:11:11<3:19:23, 36.25s/it]Best trial: 246. Best value: 244.315:  67%|██████▋   | 670/1000 [4:11:11<3:19:23, 36.25s/it]Best trial: 246. Best value: 244.315:  67%|██████▋   | 671/1000 [4:11:11<3:24:52, 37.36s/it]                                                                                            Best trial: 246. Best value: 244.315:  67%|██████▋   | 671/1000 [4:11:25<3:24:52, 37.36s/it]Best trial: 246. Best value: 244.315:  67%|██████▋   | 671/1000 [4:11:25<3:24:52, 37.36s/it]Best trial: 246. Best value: 244.315:  67%|██████▋   | 672/1000 [4:11:25<2:44:57, 30.18s/it]                                                                                            Best trial: 246. Best value: 244.315:  67%|██████▋   | 672/1000 [4:11:51<2:44:57, 30.18s/it]Best trial: 246. Best value: 244.315:  67%|██████▋   | 672/1000 [4:11:51<2:44:57, 30.18s/it]Best trial: 246. Best value: 244.315:  67%|██████▋   | 673/1000 [4:11:51<2:37:58, 28.98s/it]                                                                                            Best trial: 246. Best value: 244.315:  67%|██████▋   | 673/1000 [4:12:15<2:37:58, 28.98s/it]Best trial: 246. Best value: 244.315:  67%|██████▋   | 673/1000 [4:12:15<2:37:58, 28.98s/it]Best trial: 246. Best value: 244.315:  67%|██████▋   | 674/1000 [4:12:15<2:29:39, 27.54s/it]                                                                                            Best trial: 246. Best value: 244.315:  67%|██████▋   | 674/1000 [4:12:22<2:29:39, 27.54s/it]Best trial: 246. Best value: 244.315:  67%|██████▋   | 674/1000 [4:12:22<2:29:39, 27.54s/it]Best trial: 246. Best value: 244.315:  68%|██████▊   | 675/1000 [4:12:22<1:56:03, 21.42s/it]                                                                                            Best trial: 246. Best value: 244.315:  68%|██████▊   | 675/1000 [4:13:01<1:56:03, 21.42s/it]Best trial: 246. Best value: 244.315:  68%|██████▊   | 675/1000 [4:13:01<1:56:03, 21.42s/it]Best trial: 246. Best value: 244.315:  68%|██████▊   | 676/1000 [4:13:01<2:24:03, 26.68s/it]                                                                                            Best trial: 246. Best value: 244.315:  68%|██████▊   | 676/1000 [4:13:16<2:24:03, 26.68s/it]Best trial: 246. Best value: 244.315:  68%|██████▊   | 676/1000 [4:13:16<2:24:03, 26.68s/it]Best trial: 246. Best value: 244.315:  68%|██████▊   | 677/1000 [4:13:16<2:04:56, 23.21s/it]                                                                                            Best trial: 246. Best value: 244.315:  68%|██████▊   | 677/1000 [4:13:23<2:04:56, 23.21s/it]Best trial: 246. Best value: 244.315:  68%|██████▊   | 677/1000 [4:13:23<2:04:56, 23.21s/it]Best trial: 246. Best value: 244.315:  68%|██████▊   | 678/1000 [4:13:23<1:37:52, 18.24s/it]                                                                                            Best trial: 246. Best value: 244.315:  68%|██████▊   | 678/1000 [4:13:30<1:37:52, 18.24s/it]Best trial: 246. Best value: 244.315:  68%|██████▊   | 678/1000 [4:13:30<1:37:52, 18.24s/it]Best trial: 246. Best value: 244.315:  68%|██████▊   | 679/1000 [4:13:30<1:20:29, 15.04s/it]                                                                                            Best trial: 246. Best value: 244.315:  68%|██████▊   | 679/1000 [4:13:53<1:20:29, 15.04s/it]Best trial: 246. Best value: 244.315:  68%|██████▊   | 679/1000 [4:13:53<1:20:29, 15.04s/it]Best trial: 246. Best value: 244.315:  68%|██████▊   | 680/1000 [4:13:53<1:32:53, 17.42s/it]                                                                                            Best trial: 246. Best value: 244.315:  68%|██████▊   | 680/1000 [4:14:01<1:32:53, 17.42s/it]Best trial: 246. Best value: 244.315:  68%|██████▊   | 680/1000 [4:14:01<1:32:53, 17.42s/it]Best trial: 246. Best value: 244.315:  68%|██████▊   | 681/1000 [4:14:01<1:16:31, 14.39s/it]                                                                                            Best trial: 246. Best value: 244.315:  68%|██████▊   | 681/1000 [4:14:40<1:16:31, 14.39s/it]Best trial: 246. Best value: 244.315:  68%|██████▊   | 681/1000 [4:14:40<1:16:31, 14.39s/it]Best trial: 246. Best value: 244.315:  68%|██████▊   | 682/1000 [4:14:40<1:55:13, 21.74s/it]                                                                                            Best trial: 246. Best value: 244.315:  68%|██████▊   | 682/1000 [4:15:05<1:55:13, 21.74s/it]Best trial: 246. Best value: 244.315:  68%|██████▊   | 682/1000 [4:15:05<1:55:13, 21.74s/it]Best trial: 246. Best value: 244.315:  68%|██████▊   | 683/1000 [4:15:05<2:00:44, 22.85s/it]                                                                                            Best trial: 246. Best value: 244.315:  68%|██████▊   | 683/1000 [4:15:29<2:00:44, 22.85s/it]Best trial: 246. Best value: 244.315:  68%|██████▊   | 683/1000 [4:15:29<2:00:44, 22.85s/it]Best trial: 246. Best value: 244.315:  68%|██████▊   | 684/1000 [4:15:29<2:02:00, 23.17s/it]                                                                                            [32m[I 2023-05-15 03:36:46,278][0m Trial 655 finished with value: 264.743586427693 and parameters: {'c1': 1.775415046181282, 'c2': 0.49100681663796697, 'eps': 1.6487326397410222, 'horizon': 5, 'discount': 0.9264990852700563}. Best is trial 246 with value: 244.31507276371707.[0m
[32m[I 2023-05-15 03:37:01,672][0m Trial 656 finished with value: 1332.6306049988339 and parameters: {'c1': 2.466948467087177, 'c2': 2.849348888470029, 'eps': 1.0237387259350461, 'horizon': 3, 'discount': 0.9530624938217659}. Best is trial 246 with value: 244.31507276371707.[0m
[32m[I 2023-05-15 03:37:09,375][0m Trial 657 finished with value: 1123.8395734911583 and parameters: {'c1': 1.872746761554249, 'c2': 1.6988129605381612, 'eps': 0.9995302601844029, 'horizon': 2, 'discount': 0.8066082975436676}. Best is trial 246 with value: 244.31507276371707.[0m
[32m[I 2023-05-15 03:37:24,633][0m Trial 658 finished with value: 1047.3217881949445 and parameters: {'c1': 1.6404511819157537, 'c2': 2.585782148526757, 'eps': 0.4481511577287235, 'horizon': 3, 'discount': 0.8411552497734782}. Best is trial 246 with value: 244.31507276371707.[0m
[32m[I 2023-05-15 03:37:32,000][0m Trial 659 finished with value: 1435.8053372397578 and parameters: {'c1': 0.8582202269365934, 'c2': 1.313582998586424, 'eps': 0.2927463256357431, 'horizon': 2, 'discount': 0.9356793987786245}. Best is trial 246 with value: 244.31507276371707.[0m
[32m[I 2023-05-15 03:38:10,299][0m Trial 660 finished with value: 1383.336358148098 and parameters: {'c1': 1.109974219704748, 'c2': 0.795403578541211, 'eps': 2.08432262441225, 'horizon': 5, 'discount': 0.6986039666226367}. Best is trial 246 with value: 244.31507276371707.[0m
[32m[I 2023-05-15 03:38:55,053][0m Trial 661 finished with value: 302.99405013225805 and parameters: {'c1': 2.1853158044738197, 'c2': 1.5025711220206592, 'eps': 2.8351512470150357, 'horizon': 5, 'discount': 0.9012352135234097}. Best is trial 246 with value: 244.31507276371707.[0m
[32m[I 2023-05-15 03:39:37,523][0m Trial 662 finished with value: 370.4260255162852 and parameters: {'c1': 2.009201044400526, 'c2': 0.6784792407160151, 'eps': 2.98815389927205, 'horizon': 5, 'discount': 0.9871875524973721}. Best is trial 246 with value: 244.31507276371707.[0m
[32m[I 2023-05-15 03:39:45,423][0m Trial 663 finished with value: 1263.8595409251855 and parameters: {'c1': 2.0037921313377267, 'c2': 1.6984067730699999, 'eps': 1.5342845487164627, 'horizon': 2, 'discount': 0.9615182173902519}. Best is trial 246 with value: 244.31507276371707.[0m
[32m[I 2023-05-15 03:40:25,027][0m Trial 664 finished with value: 323.84867796747574 and parameters: {'c1': 1.198241344308074, 'c2': 2.804293836719774, 'eps': 1.8091944017850459, 'horizon': 5, 'discount': 0.8563640219854345}. Best is trial 246 with value: 244.31507276371707.[0m
[32m[I 2023-05-15 03:40:48,305][0m Trial 665 finished with value: 327.9688382431667 and parameters: {'c1': 2.9723423598658956, 'c2': 0.7159665796494548, 'eps': 2.265339499710412, 'horizon': 4, 'discount': 0.9049447078258328}. Best is trial 246 with value: 244.31507276371707.[0m
[32m[I 2023-05-15 03:41:13,395][0m Trial 666 finished with value: 814.483217842614 and parameters: {'c1': 0.9867793165149196, 'c2': 1.163946198196127, 'eps': 0.2606112646027118, 'horizon': 4, 'discount': 0.9488482604900424}. Best is trial 246 with value: 244.31507276371707.[0m
[32m[I 2023-05-15 03:41:50,734][0m Trial 667 finished with value: 274.65670101476906 and parameters: {'c1': 2.2945340871673423, 'c2': 0.3354111375178097, 'eps': 1.3294697556226887, 'horizon': 5, 'discount': 0.6477782350172009}. Best is trial 246 with value: 244.31507276371707.[0m
[32m[I 2023-05-15 03:42:31,432][0m Trial 668 finished with value: 634.9083964596442 and parameters: {'c1': 0.7589673253091144, 'c2': 1.0610079811573194, 'eps': 1.6252812135373271, 'horizon': 5, 'discount': 0.7029133352332494}. Best is trial 246 with value: 244.31507276371707.[0m
[32m[I 2023-05-15 03:43:14,810][0m Trial 669 finished with value: 540.8748406563078 and parameters: {'c1': 1.8515595513727794, 'c2': 0.042982749833545, 'eps': 2.0681238836516624, 'horizon': 5, 'discount': 0.9405195704038104}. Best is trial 246 with value: 244.31507276371707.[0m
[32m[I 2023-05-15 03:43:54,764][0m Trial 670 finished with value: 417.48446152187944 and parameters: {'c1': 0.293393947605636, 'c2': 2.1159774508661697, 'eps': 1.9626110030084518, 'horizon': 5, 'discount': 0.9261869062548529}. Best is trial 246 with value: 244.31507276371707.[0m
[32m[I 2023-05-15 03:44:08,171][0m Trial 671 finished with value: 397.7970178212381 and parameters: {'c1': 0.7726930235953975, 'c2': 0.3950257658722599, 'eps': 2.4658130485633993, 'horizon': 3, 'discount': 0.6620626903335683}. Best is trial 246 with value: 244.31507276371707.[0m
[32m[I 2023-05-15 03:44:34,376][0m Trial 672 finished with value: 928.1160663721639 and parameters: {'c1': 1.3832339678803978, 'c2': 2.909420392881782, 'eps': 1.5739350330225814, 'horizon': 4, 'discount': 0.6341690799611883}. Best is trial 246 with value: 244.31507276371707.[0m
[32m[I 2023-05-15 03:44:58,560][0m Trial 673 finished with value: 535.7964569702868 and parameters: {'c1': 0.6816911754830454, 'c2': 1.9987174616885355, 'eps': 2.9041636374114392, 'horizon': 4, 'discount': 0.9599493670273751}. Best is trial 246 with value: 244.31507276371707.[0m
[32m[I 2023-05-15 03:45:05,705][0m Trial 674 finished with value: 561.5719504177822 and parameters: {'c1': 0.4864379559458497, 'c2': 0.7373004633323519, 'eps': 1.5007541416897774, 'horizon': 2, 'discount': 0.9956098922900538}. Best is trial 246 with value: 244.31507276371707.[0m
[32m[I 2023-05-15 03:45:44,638][0m Trial 675 finished with value: 339.41213611107327 and parameters: {'c1': 1.2674382028624835, 'c2': 2.359693742083439, 'eps': 1.8359054525148248, 'horizon': 5, 'discount': 0.6817710211087352}. Best is trial 246 with value: 244.31507276371707.[0m
[32m[I 2023-05-15 03:45:59,757][0m Trial 676 finished with value: 1324.3674289653597 and parameters: {'c1': 2.857028767785374, 'c2': 1.694405250543359, 'eps': 1.9476896341998287, 'horizon': 3, 'discount': 0.6292064011002074}. Best is trial 246 with value: 244.31507276371707.[0m
[32m[I 2023-05-15 03:46:06,392][0m Trial 677 finished with value: 609.7398678328187 and parameters: {'c1': 0.5210872418736225, 'c2': 0.48049208075355976, 'eps': 1.6034779368097134, 'horizon': 2, 'discount': 0.66862303110396}. Best is trial 246 with value: 244.31507276371707.[0m
[32m[I 2023-05-15 03:46:13,987][0m Trial 678 finished with value: 1236.0939259386296 and parameters: {'c1': 0.7644833743408983, 'c2': 1.4144302452683237, 'eps': 1.1775653871684106, 'horizon': 2, 'discount': 0.6385999671894554}. Best is trial 246 with value: 244.31507276371707.[0m
[32m[I 2023-05-15 03:46:36,941][0m Trial 679 finished with value: 543.5306307159468 and parameters: {'c1': 1.798026282031881, 'c2': 0.16142329387468568, 'eps': 1.189838173529756, 'horizon': 4, 'discount': 0.8369928159468392}. Best is trial 246 with value: 244.31507276371707.[0m
[32m[I 2023-05-15 03:46:44,279][0m Trial 680 finished with value: 793.167574093256 and parameters: {'c1': 1.344022361937534, 'c2': 1.7322740214522634, 'eps': 0.146226369718835, 'horizon': 2, 'discount': 0.8688712640516008}. Best is trial 246 with value: 244.31507276371707.[0m
[32m[I 2023-05-15 03:47:23,163][0m Trial 681 finished with value: 837.2814330481604 and parameters: {'c1': 1.2635489930243091, 'c2': 0.5660271565666021, 'eps': 1.4554930372743282, 'horizon': 5, 'discount': 0.9165750252278724}. Best is trial 246 with value: 244.31507276371707.[0m
[32m[I 2023-05-15 03:47:48,612][0m Trial 682 finished with value: 742.2178733461297 and parameters: {'c1': 2.973154878545219, 'c2': 2.7598569367107393, 'eps': 2.3681823467926573, 'horizon': 4, 'discount': 0.7372273923384469}. Best is trial 246 with value: 244.31507276371707.[0m
[32m[I 2023-05-15 03:48:12,506][0m Trial 683 finished with value: 1192.38792905766 and parameters: {'c1': 1.732737344894109, 'c2': 0.8402636576142296, 'eps': 1.9182462280409378, 'horizon': 4, 'discount': 0.6778151680352291}. Best is trial 246 with value: 244.31507276371707.[0m
