Best trial: 246. Best value: 244.315:  82%|████████▏ | 824/1000 [5:03:34<47:38, 16.24s/it]Best trial: 246. Best value: 244.315:  82%|████████▏ | 824/1000 [5:03:34<47:38, 16.24s/it]Best trial: 246. Best value: 244.315:  82%|████████▎ | 825/1000 [5:03:34<55:08, 18.91s/it]                                                                                          Best trial: 246. Best value: 244.315:  82%|████████▎ | 825/1000 [5:04:19<55:08, 18.91s/it]Best trial: 246. Best value: 244.315:  82%|████████▎ | 825/1000 [5:04:19<55:08, 18.91s/it]Best trial: 246. Best value: 244.315:  83%|████████▎ | 826/1000 [5:04:19<1:17:21, 26.67s/it]                                                                                            Best trial: 246. Best value: 244.315:  83%|████████▎ | 826/1000 [5:05:00<1:17:21, 26.67s/it]Best trial: 246. Best value: 244.315:  83%|████████▎ | 826/1000 [5:05:00<1:17:21, 26.67s/it]Best trial: 246. Best value: 244.315:  83%|████████▎ | 827/1000 [5:05:00<1:29:23, 31.00s/it]                                                                                            Best trial: 246. Best value: 244.315:  83%|████████▎ | 827/1000 [5:05:41<1:29:23, 31.00s/it]Best trial: 246. Best value: 244.315:  83%|████████▎ | 827/1000 [5:05:41<1:29:23, 31.00s/it]Best trial: 246. Best value: 244.315:  83%|████████▎ | 828/1000 [5:05:41<1:37:15, 33.93s/it]                                                                                            Best trial: 246. Best value: 244.315:  83%|████████▎ | 828/1000 [5:06:24<1:37:15, 33.93s/it]Best trial: 246. Best value: 244.315:  83%|████████▎ | 828/1000 [5:06:24<1:37:15, 33.93s/it]Best trial: 246. Best value: 244.315:  83%|████████▎ | 829/1000 [5:06:24<1:44:07, 36.53s/it]                                                                                            Best trial: 246. Best value: 244.315:  83%|████████▎ | 829/1000 [5:07:04<1:44:07, 36.53s/it]Best trial: 246. Best value: 244.315:  83%|████████▎ | 829/1000 [5:07:04<1:44:07, 36.53s/it]Best trial: 246. Best value: 244.315:  83%|████████▎ | 830/1000 [5:07:04<1:46:56, 37.75s/it]                                                                                            Best trial: 246. Best value: 244.315:  83%|████████▎ | 830/1000 [5:07:27<1:46:56, 37.75s/it]Best trial: 246. Best value: 244.315:  83%|████████▎ | 830/1000 [5:07:27<1:46:56, 37.75s/it]Best trial: 246. Best value: 244.315:  83%|████████▎ | 831/1000 [5:07:27<1:33:50, 33.32s/it]                                                                                            Best trial: 246. Best value: 244.315:  83%|████████▎ | 831/1000 [5:07:35<1:33:50, 33.32s/it]Best trial: 246. Best value: 244.315:  83%|████████▎ | 831/1000 [5:07:35<1:33:50, 33.32s/it]Best trial: 246. Best value: 244.315:  83%|████████▎ | 832/1000 [5:07:35<1:11:56, 25.69s/it]                                                                                            Best trial: 246. Best value: 244.315:  83%|████████▎ | 832/1000 [5:08:00<1:11:56, 25.69s/it]Best trial: 246. Best value: 244.315:  83%|████████▎ | 832/1000 [5:08:00<1:11:56, 25.69s/it]Best trial: 246. Best value: 244.315:  83%|████████▎ | 833/1000 [5:08:00<1:10:25, 25.30s/it]                                                                                            Best trial: 246. Best value: 244.315:  83%|████████▎ | 833/1000 [5:08:14<1:10:25, 25.30s/it]Best trial: 246. Best value: 244.315:  83%|████████▎ | 833/1000 [5:08:14<1:10:25, 25.30s/it]Best trial: 246. Best value: 244.315:  83%|████████▎ | 834/1000 [5:08:14<1:01:19, 22.17s/it]                                                                                            Best trial: 246. Best value: 244.315:  83%|████████▎ | 834/1000 [5:08:39<1:01:19, 22.17s/it]Best trial: 246. Best value: 244.315:  83%|████████▎ | 834/1000 [5:08:39<1:01:19, 22.17s/it]Best trial: 246. Best value: 244.315:  84%|████████▎ | 835/1000 [5:08:39<1:02:35, 22.76s/it]                                                                                            Best trial: 246. Best value: 244.315:  84%|████████▎ | 835/1000 [5:09:05<1:02:35, 22.76s/it]Best trial: 246. Best value: 244.315:  84%|████████▎ | 835/1000 [5:09:05<1:02:35, 22.76s/it]Best trial: 246. Best value: 244.315:  84%|████████▎ | 836/1000 [5:09:05<1:05:13, 23.86s/it]                                                                                            Best trial: 246. Best value: 244.315:  84%|████████▎ | 836/1000 [5:09:12<1:05:13, 23.86s/it]Best trial: 246. Best value: 244.315:  84%|████████▎ | 836/1000 [5:09:12<1:05:13, 23.86s/it]Best trial: 246. Best value: 244.315:  84%|████████▎ | 837/1000 [5:09:12<51:01, 18.78s/it]                                                                                            Best trial: 246. Best value: 244.315:  84%|████████▎ | 837/1000 [5:09:19<51:01, 18.78s/it]Best trial: 246. Best value: 244.315:  84%|████████▎ | 837/1000 [5:09:19<51:01, 18.78s/it]Best trial: 246. Best value: 244.315:  84%|████████▍ | 838/1000 [5:09:19<41:19, 15.31s/it]                                                                                          Best trial: 246. Best value: 244.315:  84%|████████▍ | 838/1000 [5:09:41<41:19, 15.31s/it]Best trial: 246. Best value: 244.315:  84%|████████▍ | 838/1000 [5:09:41<41:19, 15.31s/it]Best trial: 246. Best value: 244.315:  84%|████████▍ | 839/1000 [5:09:41<46:37, 17.38s/it]                                                                                          Best trial: 246. Best value: 244.315:  84%|████████▍ | 839/1000 [5:10:05<46:37, 17.38s/it]Best trial: 246. Best value: 244.315:  84%|████████▍ | 839/1000 [5:10:05<46:37, 17.38s/it]Best trial: 246. Best value: 244.315:  84%|████████▍ | 840/1000 [5:10:05<51:03, 19.15s/it]                                                                                          Best trial: 246. Best value: 244.315:  84%|████████▍ | 840/1000 [5:10:20<51:03, 19.15s/it]Best trial: 246. Best value: 244.315:  84%|████████▍ | 840/1000 [5:10:20<51:03, 19.15s/it]Best trial: 246. Best value: 244.315:  84%|████████▍ | 841/1000 [5:10:20<47:41, 17.99s/it]                                                                                          Best trial: 246. Best value: 244.315:  84%|████████▍ | 841/1000 [5:10:27<47:41, 17.99s/it]Best trial: 246. Best value: 244.315:  84%|████████▍ | 841/1000 [5:10:27<47:41, 17.99s/it]Best trial: 246. Best value: 244.315:  84%|████████▍ | 842/1000 [5:10:27<39:08, 14.86s/it]                                                                                          Best trial: 246. Best value: 244.315:  84%|████████▍ | 842/1000 [5:10:35<39:08, 14.86s/it]Best trial: 246. Best value: 244.315:  84%|████████▍ | 842/1000 [5:10:35<39:08, 14.86s/it]Best trial: 246. Best value: 244.315:  84%|████████▍ | 843/1000 [5:10:35<33:02, 12.63s/it]                                                                                          Best trial: 246. Best value: 244.315:  84%|████████▍ | 843/1000 [5:11:14<33:02, 12.63s/it]Best trial: 246. Best value: 244.315:  84%|████████▍ | 843/1000 [5:11:14<33:02, 12.63s/it]Best trial: 246. Best value: 244.315:  84%|████████▍ | 844/1000 [5:11:14<53:13, 20.47s/it]                                                                                          Best trial: 246. Best value: 244.315:  84%|████████▍ | 844/1000 [5:11:39<53:13, 20.47s/it]Best trial: 246. Best value: 244.315:  84%|████████▍ | 844/1000 [5:11:39<53:13, 20.47s/it]Best trial: 246. Best value: 244.315:  84%|████████▍ | 845/1000 [5:11:39<56:26, 21.85s/it]                                                                                          Best trial: 246. Best value: 244.315:  84%|████████▍ | 845/1000 [5:11:52<56:26, 21.85s/it]Best trial: 246. Best value: 244.315:  84%|████████▍ | 845/1000 [5:11:52<56:26, 21.85s/it]Best trial: 246. Best value: 244.315:  85%|████████▍ | 846/1000 [5:11:52<49:42, 19.37s/it]                                                                                          Best trial: 246. Best value: 244.315:  85%|████████▍ | 846/1000 [5:11:59<49:42, 19.37s/it]Best trial: 246. Best value: 244.315:  85%|████████▍ | 846/1000 [5:11:59<49:42, 19.37s/it]Best trial: 246. Best value: 244.315:  85%|████████▍ | 847/1000 [5:11:59<39:39, 15.55s/it]                                                                                          Best trial: 246. Best value: 244.315:  85%|████████▍ | 847/1000 [5:12:48<39:39, 15.55s/it]Best trial: 246. Best value: 244.315:  85%|████████▍ | 847/1000 [5:12:48<39:39, 15.55s/it]Best trial: 246. Best value: 244.315:  85%|████████▍ | 848/1000 [5:12:48<1:05:09, 25.72s/it]                                                                                            Best trial: 246. Best value: 244.315:  85%|████████▍ | 848/1000 [5:12:55<1:05:09, 25.72s/it]Best trial: 246. Best value: 244.315:  85%|████████▍ | 848/1000 [5:12:55<1:05:09, 25.72s/it]Best trial: 246. Best value: 244.315:  85%|████████▍ | 849/1000 [5:12:55<50:08, 19.92s/it]                                                                                            Best trial: 246. Best value: 244.315:  85%|████████▍ | 849/1000 [5:13:02<50:08, 19.92s/it]Best trial: 246. Best value: 244.315:  85%|████████▍ | 849/1000 [5:13:02<50:08, 19.92s/it]Best trial: 246. Best value: 244.315:  85%|████████▌ | 850/1000 [5:13:02<40:01, 16.01s/it]                                                                                          Best trial: 246. Best value: 244.315:  85%|████████▌ | 850/1000 [5:13:16<40:01, 16.01s/it]Best trial: 246. Best value: 244.315:  85%|████████▌ | 850/1000 [5:13:16<40:01, 16.01s/it]Best trial: 246. Best value: 244.315:  85%|████████▌ | 851/1000 [5:13:16<38:22, 15.45s/it]                                                                                          Best trial: 246. Best value: 244.315:  85%|████████▌ | 851/1000 [5:13:24<38:22, 15.45s/it]Best trial: 246. Best value: 244.315:  85%|████████▌ | 851/1000 [5:13:24<38:22, 15.45s/it]Best trial: 246. Best value: 244.315:  85%|████████▌ | 852/1000 [5:13:24<32:29, 13.17s/it]                                                                                          [32m[I 2023-05-15 04:36:18,047][0m Trial 824 finished with value: 727.6708616805112 and parameters: {'c1': 1.1061961881169302, 'c2': 2.279542083081543, 'eps': 1.5873097893047712, 'horizon': 4, 'discount': 0.6043851168665709}. Best is trial 246 with value: 244.31507276371707.[0m
[32m[I 2023-05-15 04:37:02,840][0m Trial 825 finished with value: 1239.9810223698548 and parameters: {'c1': 2.2428263409578735, 'c2': 2.701238980456984, 'eps': 2.5625262461197527, 'horizon': 5, 'discount': 0.7509813143589605}. Best is trial 246 with value: 244.31507276371707.[0m
[32m[I 2023-05-15 04:37:43,936][0m Trial 826 finished with value: 1231.485203571123 and parameters: {'c1': 1.055306157480083, 'c2': 2.2973625607086845, 'eps': 0.8909535841408631, 'horizon': 5, 'discount': 0.966394613714255}. Best is trial 246 with value: 244.31507276371707.[0m
[32m[I 2023-05-15 04:38:24,696][0m Trial 827 finished with value: 1115.5449444709893 and parameters: {'c1': 2.54529508250314, 'c2': 0.9211549142670857, 'eps': 0.5226875430263448, 'horizon': 5, 'discount': 0.8201107904991227}. Best is trial 246 with value: 244.31507276371707.[0m
[32m[I 2023-05-15 04:39:07,306][0m Trial 828 finished with value: 537.2779459835143 and parameters: {'c1': 1.6253029263717917, 'c2': 1.0260548488471237, 'eps': 0.5073466208570021, 'horizon': 5, 'discount': 0.8958096478462754}. Best is trial 246 with value: 244.31507276371707.[0m
[32m[I 2023-05-15 04:39:47,880][0m Trial 829 finished with value: 1213.8057090856732 and parameters: {'c1': 1.9465831092516486, 'c2': 1.4842616670676234, 'eps': 2.5213302954990375, 'horizon': 5, 'discount': 0.9320220262857474}. Best is trial 246 with value: 244.31507276371707.[0m
[32m[I 2023-05-15 04:40:10,872][0m Trial 830 finished with value: 951.3480261841233 and parameters: {'c1': 0.7643757854344141, 'c2': 2.3282890480364347, 'eps': 1.3661545174735994, 'horizon': 4, 'discount': 0.6054874469821058}. Best is trial 246 with value: 244.31507276371707.[0m
[32m[I 2023-05-15 04:40:18,775][0m Trial 831 finished with value: 1737.2668022839907 and parameters: {'c1': 1.0059970663654159, 'c2': 2.24633517178933, 'eps': 1.7593985670774166, 'horizon': 2, 'discount': 0.6487948199174675}. Best is trial 246 with value: 244.31507276371707.[0m
[32m[I 2023-05-15 04:40:43,159][0m Trial 832 finished with value: 558.7184848443833 and parameters: {'c1': 0.16297777513181388, 'c2': 2.655809559267294, 'eps': 1.9472941827735863, 'horizon': 4, 'discount': 0.8917644718828153}. Best is trial 246 with value: 244.31507276371707.[0m
[32m[I 2023-05-15 04:40:58,009][0m Trial 833 finished with value: 1259.0137422244218 and parameters: {'c1': 2.1292002098953797, 'c2': 1.8581355746359733, 'eps': 0.923925621105992, 'horizon': 3, 'discount': 0.9204170133685319}. Best is trial 246 with value: 244.31507276371707.[0m
[32m[I 2023-05-15 04:41:22,153][0m Trial 834 finished with value: 1018.5272923033908 and parameters: {'c1': 2.814007035521421, 'c2': 1.4225813343022522, 'eps': 1.6307251223149501, 'horizon': 4, 'discount': 0.7541340790371514}. Best is trial 246 with value: 244.31507276371707.[0m
[32m[I 2023-05-15 04:41:48,588][0m Trial 835 finished with value: 1399.3836655432642 and parameters: {'c1': 0.7606111827495275, 'c2': 1.3494028881524724, 'eps': 1.2849149056522673, 'horizon': 4, 'discount': 0.7696119473385533}. Best is trial 246 with value: 244.31507276371707.[0m
[32m[I 2023-05-15 04:41:55,515][0m Trial 836 finished with value: 903.138879165379 and parameters: {'c1': 1.065942944878436, 'c2': 0.7072744516827859, 'eps': 1.8002139479213208, 'horizon': 2, 'discount': 0.6522501696297892}. Best is trial 246 with value: 244.31507276371707.[0m
[32m[I 2023-05-15 04:42:02,711][0m Trial 837 finished with value: 1380.991346637942 and parameters: {'c1': 1.6578313103679392, 'c2': 1.2115598096388998, 'eps': 1.354178806630151, 'horizon': 2, 'discount': 0.9417563310630632}. Best is trial 246 with value: 244.31507276371707.[0m
[32m[I 2023-05-15 04:42:24,921][0m Trial 838 finished with value: 365.8784099298827 and parameters: {'c1': 1.4471051967026578, 'c2': 0.5258145722596943, 'eps': 0.6055136480613568, 'horizon': 4, 'discount': 0.9888638327893107}. Best is trial 246 with value: 244.31507276371707.[0m
[32m[I 2023-05-15 04:42:48,205][0m Trial 839 finished with value: 391.6762798189675 and parameters: {'c1': 0.5820915720513209, 'c2': 1.996640983142754, 'eps': 1.7770344255871335, 'horizon': 4, 'discount': 0.7977108025798774}. Best is trial 246 with value: 244.31507276371707.[0m
[32m[I 2023-05-15 04:43:03,507][0m Trial 840 finished with value: 1017.0412536181893 and parameters: {'c1': 0.7190221359180969, 'c2': 2.412757139953375, 'eps': 1.0616399433614603, 'horizon': 3, 'discount': 0.7918598557921862}. Best is trial 246 with value: 244.31507276371707.[0m
[32m[I 2023-05-15 04:43:11,059][0m Trial 841 finished with value: 972.9845584947816 and parameters: {'c1': 0.9575854460812063, 'c2': 1.0508189904996792, 'eps': 0.22139591564050726, 'horizon': 2, 'discount': 0.8844195288854342}. Best is trial 246 with value: 244.31507276371707.[0m
[32m[I 2023-05-15 04:43:18,479][0m Trial 842 finished with value: 1149.6208026236195 and parameters: {'c1': 0.5752991777891545, 'c2': 1.628853625072903, 'eps': 2.8578279446306096, 'horizon': 2, 'discount': 0.6923317033093248}. Best is trial 246 with value: 244.31507276371707.[0m
[32m[I 2023-05-15 04:43:57,244][0m Trial 843 finished with value: 315.8018848470525 and parameters: {'c1': 2.379698175004145, 'c2': 0.4066352418113707, 'eps': 1.6890424165824447, 'horizon': 5, 'discount': 0.911019116496457}. Best is trial 246 with value: 244.31507276371707.[0m
[32m[I 2023-05-15 04:44:22,311][0m Trial 844 finished with value: 1314.6375815056895 and parameters: {'c1': 2.6131966086591207, 'c2': 2.2795178378793284, 'eps': 2.4106436449413313, 'horizon': 4, 'discount': 0.8636952552303687}. Best is trial 246 with value: 244.31507276371707.[0m
[32m[I 2023-05-15 04:44:35,888][0m Trial 845 finished with value: 1008.1285331367609 and parameters: {'c1': 1.8016866978836172, 'c2': 0.41552520922270086, 'eps': 0.2568088359323556, 'horizon': 3, 'discount': 0.7421280607055276}. Best is trial 246 with value: 244.31507276371707.[0m
[32m[I 2023-05-15 04:44:42,546][0m Trial 846 finished with value: 1426.1739922789588 and parameters: {'c1': 0.31852760505555033, 'c2': 1.1122291555810997, 'eps': 2.7130483483573964, 'horizon': 2, 'discount': 0.6868581723841436}. Best is trial 246 with value: 244.31507276371707.[0m
[32m[I 2023-05-15 04:45:31,997][0m Trial 847 finished with value: 1803.3378703413678 and parameters: {'c1': 0.02954136097244442, 'c2': 0.3724351406525571, 'eps': 1.1278349639123681, 'horizon': 5, 'discount': 0.9109926948453823}. Best is trial 246 with value: 244.31507276371707.[0m
[32m[I 2023-05-15 04:45:38,383][0m Trial 848 finished with value: 247.01923023596643 and parameters: {'c1': 0.08616410311768719, 'c2': 0.15853011363045244, 'eps': 1.888122657661067, 'horizon': 2, 'discount': 0.8457591361041852}. Best is trial 246 with value: 244.31507276371707.[0m
[32m[I 2023-05-15 04:45:45,254][0m Trial 849 finished with value: 602.6882628984847 and parameters: {'c1': 1.7335844619191914, 'c2': 2.14252955405431, 'eps': 2.2274882053889407, 'horizon': 2, 'discount': 0.9416751694655161}. Best is trial 246 with value: 244.31507276371707.[0m
[32m[I 2023-05-15 04:45:59,413][0m Trial 850 finished with value: 711.944871114059 and parameters: {'c1': 2.5463950636189274, 'c2': 1.212606165538542, 'eps': 2.7422853416215873, 'horizon': 3, 'discount': 0.8866466913503663}. Best is trial 246 with value: 244.31507276371707.[0m
[32m[I 2023-05-15 04:46:07,268][0m Trial 851 finished with value: 1458.0828032168395 and parameters: {'c1': 0.8528561491732279, 'c2': 1.6946837888509274, 'eps': 2.217703051231986, 'horizon': 2, 'discount': 0.8993126661769131}. Best is trial 246 with value: 244.31507276371707.[0m
