Best trial: 55. Best value: 244.484:  14%|█▍        | 145/1000 [54:29<4:12:29, 17.72s/it]Best trial: 55. Best value: 244.484:  14%|█▍        | 145/1000 [54:29<4:12:29, 17.72s/it]Best trial: 55. Best value: 244.484:  15%|█▍        | 146/1000 [54:29<5:50:49, 24.65s/it]                                                                                         Best trial: 55. Best value: 244.484:  15%|█▍        | 146/1000 [54:43<5:50:49, 24.65s/it]Best trial: 55. Best value: 244.484:  15%|█▍        | 146/1000 [54:43<5:50:49, 24.65s/it]Best trial: 55. Best value: 244.484:  15%|█▍        | 147/1000 [54:43<5:05:52, 21.52s/it]                                                                                         Best trial: 55. Best value: 244.484:  15%|█▍        | 147/1000 [54:52<5:05:52, 21.52s/it]Best trial: 55. Best value: 244.484:  15%|█▍        | 147/1000 [54:52<5:05:52, 21.52s/it]Best trial: 55. Best value: 244.484:  15%|█▍        | 148/1000 [54:52<4:08:37, 17.51s/it]                                                                                         Best trial: 55. Best value: 244.484:  15%|█▍        | 148/1000 [54:59<4:08:37, 17.51s/it]Best trial: 55. Best value: 244.484:  15%|█▍        | 148/1000 [54:59<4:08:37, 17.51s/it]Best trial: 55. Best value: 244.484:  15%|█▍        | 149/1000 [54:59<3:27:14, 14.61s/it]                                                                                         Best trial: 55. Best value: 244.484:  15%|█▍        | 149/1000 [55:07<3:27:14, 14.61s/it]Best trial: 55. Best value: 244.484:  15%|█▍        | 149/1000 [55:07<3:27:14, 14.61s/it]Best trial: 55. Best value: 244.484:  15%|█▌        | 150/1000 [55:07<2:56:09, 12.43s/it]                                                                                         Best trial: 55. Best value: 244.484:  15%|█▌        | 150/1000 [55:30<2:56:09, 12.43s/it]Best trial: 55. Best value: 244.484:  15%|█▌        | 150/1000 [55:30<2:56:09, 12.43s/it]Best trial: 55. Best value: 244.484:  15%|█▌        | 151/1000 [55:30<3:40:45, 15.60s/it]                                                                                         Best trial: 55. Best value: 244.484:  15%|█▌        | 151/1000 [55:55<3:40:45, 15.60s/it]Best trial: 55. Best value: 244.484:  15%|█▌        | 151/1000 [55:55<3:40:45, 15.60s/it]Best trial: 55. Best value: 244.484:  15%|█▌        | 152/1000 [55:55<4:20:40, 18.44s/it]                                                                                         Best trial: 55. Best value: 244.484:  15%|█▌        | 152/1000 [56:02<4:20:40, 18.44s/it]Best trial: 55. Best value: 244.484:  15%|█▌        | 152/1000 [56:02<4:20:40, 18.44s/it]Best trial: 55. Best value: 244.484:  15%|█▌        | 153/1000 [56:02<3:33:29, 15.12s/it]                                                                                         Best trial: 55. Best value: 244.484:  15%|█▌        | 153/1000 [56:42<3:33:29, 15.12s/it]Best trial: 55. Best value: 244.484:  15%|█▌        | 153/1000 [56:42<3:33:29, 15.12s/it]Best trial: 55. Best value: 244.484:  15%|█▌        | 154/1000 [56:42<5:17:54, 22.55s/it]                                                                                         Best trial: 55. Best value: 244.484:  15%|█▌        | 154/1000 [56:57<5:17:54, 22.55s/it]Best trial: 55. Best value: 244.484:  15%|█▌        | 154/1000 [56:57<5:17:54, 22.55s/it]Best trial: 55. Best value: 244.484:  16%|█▌        | 155/1000 [56:57<4:43:40, 20.14s/it]                                                                                         Best trial: 55. Best value: 244.484:  16%|█▌        | 155/1000 [57:21<4:43:40, 20.14s/it]Best trial: 55. Best value: 244.484:  16%|█▌        | 155/1000 [57:21<4:43:40, 20.14s/it]Best trial: 55. Best value: 244.484:  16%|█▌        | 156/1000 [57:21<5:02:15, 21.49s/it]                                                                                         Best trial: 55. Best value: 244.484:  16%|█▌        | 156/1000 [57:47<5:02:15, 21.49s/it]Best trial: 55. Best value: 244.484:  16%|█▌        | 156/1000 [57:47<5:02:15, 21.49s/it]Best trial: 55. Best value: 244.484:  16%|█▌        | 157/1000 [57:47<5:20:08, 22.79s/it]                                                                                         Best trial: 55. Best value: 244.484:  16%|█▌        | 157/1000 [58:27<5:20:08, 22.79s/it]Best trial: 55. Best value: 244.484:  16%|█▌        | 157/1000 [58:27<5:20:08, 22.79s/it]Best trial: 55. Best value: 244.484:  16%|█▌        | 158/1000 [58:27<6:30:25, 27.82s/it]                                                                                         Best trial: 55. Best value: 244.484:  16%|█▌        | 158/1000 [59:09<6:30:25, 27.82s/it]Best trial: 55. Best value: 244.484:  16%|█▌        | 158/1000 [59:09<6:30:25, 27.82s/it]Best trial: 55. Best value: 244.484:  16%|█▌        | 159/1000 [59:09<7:30:12, 32.12s/it]                                                                                         Best trial: 55. Best value: 244.484:  16%|█▌        | 159/1000 [59:47<7:30:12, 32.12s/it]Best trial: 55. Best value: 244.484:  16%|█▌        | 159/1000 [59:47<7:30:12, 32.12s/it]Best trial: 55. Best value: 244.484:  16%|█▌        | 160/1000 [59:47<7:55:25, 33.96s/it]                                                                                         Best trial: 55. Best value: 244.484:  16%|█▌        | 160/1000 [1:00:00<7:55:25, 33.96s/it]Best trial: 55. Best value: 244.484:  16%|█▌        | 160/1000 [1:00:00<7:55:25, 33.96s/it]Best trial: 55. Best value: 244.484:  16%|█▌        | 161/1000 [1:00:00<6:27:49, 27.74s/it]                                                                                           Best trial: 55. Best value: 244.484:  16%|█▌        | 161/1000 [1:00:08<6:27:49, 27.74s/it]Best trial: 55. Best value: 244.484:  16%|█▌        | 161/1000 [1:00:08<6:27:49, 27.74s/it]Best trial: 55. Best value: 244.484:  16%|█▌        | 162/1000 [1:00:08<5:04:50, 21.83s/it]                                                                                           Best trial: 55. Best value: 244.484:  16%|█▌        | 162/1000 [1:00:23<5:04:50, 21.83s/it]Best trial: 55. Best value: 244.484:  16%|█▌        | 162/1000 [1:00:23<5:04:50, 21.83s/it]Best trial: 55. Best value: 244.484:  16%|█▋        | 163/1000 [1:00:23<4:36:38, 19.83s/it]                                                                                           Best trial: 55. Best value: 244.484:  16%|█▋        | 163/1000 [1:00:39<4:36:38, 19.83s/it]Best trial: 55. Best value: 244.484:  16%|█▋        | 163/1000 [1:00:39<4:36:38, 19.83s/it]Best trial: 55. Best value: 244.484:  16%|█▋        | 164/1000 [1:00:39<4:16:59, 18.44s/it]                                                                                           Best trial: 55. Best value: 244.484:  16%|█▋        | 164/1000 [1:00:46<4:16:59, 18.44s/it]Best trial: 55. Best value: 244.484:  16%|█▋        | 164/1000 [1:00:46<4:16:59, 18.44s/it]Best trial: 55. Best value: 244.484:  16%|█▋        | 165/1000 [1:00:46<3:28:22, 14.97s/it]                                                                                           Best trial: 55. Best value: 244.484:  16%|█▋        | 165/1000 [1:01:34<3:28:22, 14.97s/it]Best trial: 55. Best value: 244.484:  16%|█▋        | 165/1000 [1:01:34<3:28:22, 14.97s/it]Best trial: 55. Best value: 244.484:  17%|█▋        | 166/1000 [1:01:34<5:45:57, 24.89s/it]                                                                                           Best trial: 55. Best value: 244.484:  17%|█▋        | 166/1000 [1:02:16<5:45:57, 24.89s/it]Best trial: 55. Best value: 244.484:  17%|█▋        | 166/1000 [1:02:16<5:45:57, 24.89s/it]Best trial: 55. Best value: 244.484:  17%|█▋        | 167/1000 [1:02:16<6:57:12, 30.05s/it]                                                                                           Best trial: 55. Best value: 244.484:  17%|█▋        | 167/1000 [1:02:59<6:57:12, 30.05s/it]Best trial: 55. Best value: 244.484:  17%|█▋        | 167/1000 [1:02:59<6:57:12, 30.05s/it]Best trial: 55. Best value: 244.484:  17%|█▋        | 168/1000 [1:02:59<7:50:04, 33.90s/it]                                                                                           Best trial: 55. Best value: 244.484:  17%|█▋        | 168/1000 [1:03:06<7:50:04, 33.90s/it]Best trial: 55. Best value: 244.484:  17%|█▋        | 168/1000 [1:03:06<7:50:04, 33.90s/it]Best trial: 55. Best value: 244.484:  17%|█▋        | 169/1000 [1:03:06<6:00:51, 26.05s/it]                                                                                           Best trial: 55. Best value: 244.484:  17%|█▋        | 169/1000 [1:03:21<6:00:51, 26.05s/it]Best trial: 55. Best value: 244.484:  17%|█▋        | 169/1000 [1:03:21<6:00:51, 26.05s/it]Best trial: 55. Best value: 244.484:  17%|█▋        | 170/1000 [1:03:21<5:11:18, 22.50s/it]                                                                                           Best trial: 55. Best value: 244.484:  17%|█▋        | 170/1000 [1:03:28<5:11:18, 22.50s/it]Best trial: 55. Best value: 244.484:  17%|█▋        | 170/1000 [1:03:28<5:11:18, 22.50s/it]Best trial: 55. Best value: 244.484:  17%|█▋        | 171/1000 [1:03:28<4:10:15, 18.11s/it]                                                                                           Best trial: 55. Best value: 244.484:  17%|█▋        | 171/1000 [1:03:37<4:10:15, 18.11s/it]Best trial: 55. Best value: 244.484:  17%|█▋        | 171/1000 [1:03:37<4:10:15, 18.11s/it]Best trial: 55. Best value: 244.484:  17%|█▋        | 172/1000 [1:03:37<3:29:19, 15.17s/it]                                                                                           Best trial: 55. Best value: 244.484:  17%|█▋        | 172/1000 [1:04:00<3:29:19, 15.17s/it]Best trial: 55. Best value: 244.484:  17%|█▋        | 172/1000 [1:04:00<3:29:19, 15.17s/it]Best trial: 55. Best value: 244.484:  17%|█▋        | 173/1000 [1:04:00<4:00:52, 17.48s/it]                                                                                           Best trial: 55. Best value: 244.484:  17%|█▋        | 173/1000 [1:04:14<4:00:52, 17.48s/it]Best trial: 55. Best value: 244.484:  17%|█▋        | 173/1000 [1:04:14<4:00:52, 17.48s/it]Best trial: 55. Best value: 244.484:  17%|█▋        | 174/1000 [1:04:14<3:49:38, 16.68s/it]                                                                                           [32m[I 2023-05-15 00:27:12,860][0m Trial 145 finished with value: 994.3072446892902 and parameters: {'c1': 0.2725549176152626, 'c2': 1.440701982424979, 'eps': 2.8935253723236998, 'horizon': 5, 'discount': 0.7328942908537754}. Best is trial 55 with value: 244.48419672566837.[0m
[32m[I 2023-05-15 00:27:27,067][0m Trial 146 finished with value: 335.0655461718234 and parameters: {'c1': 1.159809717925433, 'c2': 0.18391518062174106, 'eps': 2.667131516750351, 'horizon': 3, 'discount': 0.8381022359426968}. Best is trial 55 with value: 244.48419672566837.[0m
[32m[I 2023-05-15 00:27:35,226][0m Trial 147 finished with value: 1792.7720302386047 and parameters: {'c1': 2.2220180770724385, 'c2': 1.9093348957791598, 'eps': 2.6420920457642625, 'horizon': 2, 'discount': 0.9784547124215396}. Best is trial 55 with value: 244.48419672566837.[0m
[32m[I 2023-05-15 00:27:43,079][0m Trial 148 finished with value: 1284.5341595881137 and parameters: {'c1': 1.338099559500164, 'c2': 1.958901472165294, 'eps': 1.4772841069920273, 'horizon': 2, 'discount': 0.6868683391064585}. Best is trial 55 with value: 244.48419672566837.[0m
[32m[I 2023-05-15 00:27:50,434][0m Trial 149 finished with value: 1214.1509780843185 and parameters: {'c1': 2.8249685972827145, 'c2': 1.53549079992499, 'eps': 2.0363881317732098, 'horizon': 2, 'discount': 0.6428236343578384}. Best is trial 55 with value: 244.48419672566837.[0m
[32m[I 2023-05-15 00:28:13,420][0m Trial 150 finished with value: 647.5089708361244 and parameters: {'c1': 2.6951646521539816, 'c2': 0.4731490496448033, 'eps': 2.7869068267063417, 'horizon': 4, 'discount': 0.8943852823595542}. Best is trial 55 with value: 244.48419672566837.[0m
[32m[I 2023-05-15 00:28:38,501][0m Trial 151 finished with value: 736.4289190353554 and parameters: {'c1': 0.61586944806272, 'c2': 0.03854320362471986, 'eps': 0.5303327315018951, 'horizon': 4, 'discount': 0.7360508963390424}. Best is trial 55 with value: 244.48419672566837.[0m
[32m[I 2023-05-15 00:28:45,878][0m Trial 152 finished with value: 805.2351913048697 and parameters: {'c1': 0.5069963339165753, 'c2': 1.5586303339632464, 'eps': 0.9953993149010756, 'horizon': 2, 'discount': 0.9793766507587909}. Best is trial 55 with value: 244.48419672566837.[0m
[32m[I 2023-05-15 00:29:25,743][0m Trial 153 finished with value: 1225.618064596611 and parameters: {'c1': 2.7217853845988857, 'c2': 2.0851475102214967, 'eps': 2.474863565727741, 'horizon': 5, 'discount': 0.9665018677503084}. Best is trial 55 with value: 244.48419672566837.[0m
[32m[I 2023-05-15 00:29:40,275][0m Trial 154 finished with value: 1684.2145130946665 and parameters: {'c1': 1.431608167215292, 'c2': 1.2396789795953438, 'eps': 2.226773997570876, 'horizon': 3, 'discount': 0.7777041799851342}. Best is trial 55 with value: 244.48419672566837.[0m
[32m[I 2023-05-15 00:30:04,903][0m Trial 155 finished with value: 1349.6749014655427 and parameters: {'c1': 1.7118355591150896, 'c2': 2.9845759736217037, 'eps': 2.6928492386381135, 'horizon': 4, 'discount': 0.6130357265945139}. Best is trial 55 with value: 244.48419672566837.[0m
[32m[I 2023-05-15 00:30:30,716][0m Trial 156 finished with value: 1033.7906090856932 and parameters: {'c1': 2.9915039788174105, 'c2': 1.534490425812904, 'eps': 1.285226931782075, 'horizon': 4, 'discount': 0.7682858309903347}. Best is trial 55 with value: 244.48419672566837.[0m
[32m[I 2023-05-15 00:31:10,288][0m Trial 157 finished with value: 1194.0313062995733 and parameters: {'c1': 1.8904173303672778, 'c2': 0.9828709476849353, 'eps': 2.152318660724649, 'horizon': 5, 'discount': 0.8807065835470297}. Best is trial 55 with value: 244.48419672566837.[0m
[32m[I 2023-05-15 00:31:52,435][0m Trial 158 finished with value: 1143.934508782958 and parameters: {'c1': 1.872583119017659, 'c2': 2.229501136893677, 'eps': 0.8283286995234723, 'horizon': 5, 'discount': 0.6109834409023936}. Best is trial 55 with value: 244.48419672566837.[0m
[32m[I 2023-05-15 00:32:30,688][0m Trial 159 finished with value: 1270.9810010545323 and parameters: {'c1': 1.7406748506193037, 'c2': 2.19720955252692, 'eps': 2.3920871593786712, 'horizon': 5, 'discount': 0.9201716153223869}. Best is trial 55 with value: 244.48419672566837.[0m
[32m[I 2023-05-15 00:32:43,901][0m Trial 160 finished with value: 1167.0958247064095 and parameters: {'c1': 2.905406174155983, 'c2': 0.5445410794884662, 'eps': 2.958823880838297, 'horizon': 3, 'discount': 0.9728140789978024}. Best is trial 55 with value: 244.48419672566837.[0m
[32m[I 2023-05-15 00:32:51,941][0m Trial 161 finished with value: 1388.0680315135992 and parameters: {'c1': 0.9560454886114755, 'c2': 2.6144646150518027, 'eps': 1.147937920264378, 'horizon': 2, 'discount': 0.9474521847144173}. Best is trial 55 with value: 244.48419672566837.[0m
[32m[I 2023-05-15 00:33:07,115][0m Trial 162 finished with value: 305.8369782052133 and parameters: {'c1': 2.8460493633979613, 'c2': 1.008406096272667, 'eps': 2.189922469075145, 'horizon': 3, 'discount': 0.6098986346122152}. Best is trial 55 with value: 244.48419672566837.[0m
[32m[I 2023-05-15 00:33:22,322][0m Trial 163 finished with value: 1271.27966114786 and parameters: {'c1': 2.1220567633123855, 'c2': 2.567072802578355, 'eps': 1.4369068007206096, 'horizon': 3, 'discount': 0.7688950757351124}. Best is trial 55 with value: 244.48419672566837.[0m
[32m[I 2023-05-15 00:33:29,197][0m Trial 164 finished with value: 303.2354613272248 and parameters: {'c1': 1.4972749207658, 'c2': 0.7013210161189245, 'eps': 1.174449949356004, 'horizon': 2, 'discount': 0.9389386897628031}. Best is trial 55 with value: 244.48419672566837.[0m
[32m[I 2023-05-15 00:34:17,223][0m Trial 165 finished with value: 1764.151392261912 and parameters: {'c1': 1.7254002120573477, 'c2': 2.8929255457898018, 'eps': 0.6638272385979276, 'horizon': 5, 'discount': 0.8886716551039242}. Best is trial 55 with value: 244.48419672566837.[0m
[32m[I 2023-05-15 00:34:59,318][0m Trial 166 finished with value: 1035.7700957937016 and parameters: {'c1': 2.601540392214985, 'c2': 1.557649370690353, 'eps': 0.20391578554218498, 'horizon': 5, 'discount': 0.6276051767722446}. Best is trial 55 with value: 244.48419672566837.[0m
[32m[I 2023-05-15 00:35:42,199][0m Trial 167 finished with value: 1101.2442712020215 and parameters: {'c1': 1.797811973328534, 'c2': 2.7904187020197577, 'eps': 1.2206712755298101, 'horizon': 5, 'discount': 0.6517361569174117}. Best is trial 55 with value: 244.48419672566837.[0m
[32m[I 2023-05-15 00:35:49,949][0m Trial 168 finished with value: 1277.4779224101444 and parameters: {'c1': 2.5744729904532773, 'c2': 1.8950555485497866, 'eps': 0.4320437588049656, 'horizon': 2, 'discount': 0.770171688552991}. Best is trial 55 with value: 244.48419672566837.[0m
[32m[I 2023-05-15 00:36:04,168][0m Trial 169 finished with value: 1090.2326757605447 and parameters: {'c1': 0.5932648923744795, 'c2': 2.146530538333078, 'eps': 2.7949575205245694, 'horizon': 3, 'discount': 0.9654424264561053}. Best is trial 55 with value: 244.48419672566837.[0m
[32m[I 2023-05-15 00:36:12,035][0m Trial 170 finished with value: 1185.7035563913705 and parameters: {'c1': 2.794674914888745, 'c2': 2.233576361411255, 'eps': 0.6138885844461471, 'horizon': 2, 'discount': 0.7974177889307246}. Best is trial 55 with value: 244.48419672566837.[0m
[32m[I 2023-05-15 00:36:20,333][0m Trial 171 finished with value: 574.4406558780889 and parameters: {'c1': 0.8600186653521954, 'c2': 2.4326031499418, 'eps': 1.2423161514977539, 'horizon': 2, 'discount': 0.6364657911157041}. Best is trial 55 with value: 244.48419672566837.[0m
[32m[I 2023-05-15 00:36:43,192][0m Trial 172 finished with value: 857.8691844951196 and parameters: {'c1': 1.943792709869021, 'c2': 0.5991051226332755, 'eps': 2.2908549196386727, 'horizon': 4, 'discount': 0.6640177788724595}. Best is trial 55 with value: 244.48419672566837.[0m
[32m[I 2023-05-15 00:36:58,021][0m Trial 173 finished with value: 963.0976356284489 and parameters: {'c1': 2.9329280503689494, 'c2': 2.3453607730696175, 'eps': 2.820774652781999, 'horizon': 3, 'discount': 0.8814349561048789}. Best is trial 55 with value: 244.48419672566837.[0m
