Best trial: 246. Best value: 244.315:  60%|█████▉    | 599/1000 [3:43:23<2:09:51, 19.43s/it]Best trial: 246. Best value: 244.315:  60%|█████▉    | 599/1000 [3:43:23<2:09:51, 19.43s/it]Best trial: 246. Best value: 244.315:  60%|██████    | 600/1000 [3:43:23<2:45:13, 24.78s/it]                                                                                            Best trial: 246. Best value: 244.315:  60%|██████    | 600/1000 [3:43:31<2:45:13, 24.78s/it]Best trial: 246. Best value: 244.315:  60%|██████    | 600/1000 [3:43:31<2:45:13, 24.78s/it]Best trial: 246. Best value: 244.315:  60%|██████    | 601/1000 [3:43:31<2:12:05, 19.86s/it]                                                                                            Best trial: 246. Best value: 244.315:  60%|██████    | 601/1000 [3:43:45<2:12:05, 19.86s/it]Best trial: 246. Best value: 244.315:  60%|██████    | 601/1000 [3:43:45<2:12:05, 19.86s/it]Best trial: 246. Best value: 244.315:  60%|██████    | 602/1000 [3:43:45<2:00:19, 18.14s/it]                                                                                            Best trial: 246. Best value: 244.315:  60%|██████    | 602/1000 [3:43:53<2:00:19, 18.14s/it]Best trial: 246. Best value: 244.315:  60%|██████    | 602/1000 [3:43:53<2:00:19, 18.14s/it]Best trial: 246. Best value: 244.315:  60%|██████    | 603/1000 [3:43:53<1:38:54, 14.95s/it]                                                                                            Best trial: 246. Best value: 244.315:  60%|██████    | 603/1000 [3:44:00<1:38:54, 14.95s/it]Best trial: 246. Best value: 244.315:  60%|██████    | 603/1000 [3:44:00<1:38:54, 14.95s/it]Best trial: 246. Best value: 244.315:  60%|██████    | 604/1000 [3:44:00<1:22:52, 12.56s/it]                                                                                            Best trial: 246. Best value: 244.315:  60%|██████    | 604/1000 [3:44:07<1:22:52, 12.56s/it]Best trial: 246. Best value: 244.315:  60%|██████    | 604/1000 [3:44:07<1:22:52, 12.56s/it]Best trial: 246. Best value: 244.315:  60%|██████    | 605/1000 [3:44:07<1:12:05, 10.95s/it]                                                                                            Best trial: 246. Best value: 244.315:  60%|██████    | 605/1000 [3:44:22<1:12:05, 10.95s/it]Best trial: 246. Best value: 244.315:  60%|██████    | 605/1000 [3:44:22<1:12:05, 10.95s/it]Best trial: 246. Best value: 244.315:  61%|██████    | 606/1000 [3:44:22<1:19:46, 12.15s/it]                                                                                            Best trial: 246. Best value: 244.315:  61%|██████    | 606/1000 [3:44:29<1:19:46, 12.15s/it]Best trial: 246. Best value: 244.315:  61%|██████    | 606/1000 [3:44:29<1:19:46, 12.15s/it]Best trial: 246. Best value: 244.315:  61%|██████    | 607/1000 [3:44:29<1:09:59, 10.69s/it]                                                                                            Best trial: 246. Best value: 244.315:  61%|██████    | 607/1000 [3:44:44<1:09:59, 10.69s/it]Best trial: 246. Best value: 244.315:  61%|██████    | 607/1000 [3:44:44<1:09:59, 10.69s/it]Best trial: 246. Best value: 244.315:  61%|██████    | 608/1000 [3:44:44<1:18:13, 11.97s/it]                                                                                            Best trial: 246. Best value: 244.315:  61%|██████    | 608/1000 [3:44:52<1:18:13, 11.97s/it]Best trial: 246. Best value: 244.315:  61%|██████    | 608/1000 [3:44:52<1:18:13, 11.97s/it]Best trial: 246. Best value: 244.315:  61%|██████    | 609/1000 [3:44:52<1:09:28, 10.66s/it]                                                                                            Best trial: 246. Best value: 244.315:  61%|██████    | 609/1000 [3:45:30<1:09:28, 10.66s/it]Best trial: 246. Best value: 244.315:  61%|██████    | 609/1000 [3:45:31<1:09:28, 10.66s/it]Best trial: 246. Best value: 244.315:  61%|██████    | 610/1000 [3:45:31<2:04:22, 19.14s/it]                                                                                            Best trial: 246. Best value: 244.315:  61%|██████    | 610/1000 [3:45:45<2:04:22, 19.14s/it]Best trial: 246. Best value: 244.315:  61%|██████    | 610/1000 [3:45:45<2:04:22, 19.14s/it]Best trial: 246. Best value: 244.315:  61%|██████    | 611/1000 [3:45:45<1:55:07, 17.76s/it]                                                                                            Best trial: 246. Best value: 244.315:  61%|██████    | 611/1000 [3:46:11<1:55:07, 17.76s/it]Best trial: 246. Best value: 244.315:  61%|██████    | 611/1000 [3:46:11<1:55:07, 17.76s/it]Best trial: 246. Best value: 244.315:  61%|██████    | 612/1000 [3:46:11<2:11:12, 20.29s/it]                                                                                            Best trial: 246. Best value: 244.315:  61%|██████    | 612/1000 [3:46:35<2:11:12, 20.29s/it]Best trial: 246. Best value: 244.315:  61%|██████    | 612/1000 [3:46:35<2:11:12, 20.29s/it]Best trial: 246. Best value: 244.315:  61%|██████▏   | 613/1000 [3:46:35<2:17:20, 21.29s/it]                                                                                            Best trial: 246. Best value: 244.315:  61%|██████▏   | 613/1000 [3:46:43<2:17:20, 21.29s/it]Best trial: 246. Best value: 244.315:  61%|██████▏   | 613/1000 [3:46:43<2:17:20, 21.29s/it]Best trial: 246. Best value: 244.315:  61%|██████▏   | 614/1000 [3:46:43<1:51:39, 17.36s/it]                                                                                            Best trial: 246. Best value: 244.315:  61%|██████▏   | 614/1000 [3:47:26<1:51:39, 17.36s/it]Best trial: 246. Best value: 244.315:  61%|██████▏   | 614/1000 [3:47:26<1:51:39, 17.36s/it]Best trial: 246. Best value: 244.315:  62%|██████▏   | 615/1000 [3:47:26<2:40:37, 25.03s/it]                                                                                            Best trial: 246. Best value: 244.315:  62%|██████▏   | 615/1000 [3:47:49<2:40:37, 25.03s/it]Best trial: 246. Best value: 244.315:  62%|██████▏   | 615/1000 [3:47:49<2:40:37, 25.03s/it]Best trial: 246. Best value: 244.315:  62%|██████▏   | 616/1000 [3:47:49<2:37:09, 24.56s/it]                                                                                            Best trial: 246. Best value: 244.315:  62%|██████▏   | 616/1000 [3:48:31<2:37:09, 24.56s/it]Best trial: 246. Best value: 244.315:  62%|██████▏   | 616/1000 [3:48:31<2:37:09, 24.56s/it]Best trial: 246. Best value: 244.315:  62%|██████▏   | 617/1000 [3:48:31<3:09:18, 29.66s/it]                                                                                            Best trial: 246. Best value: 244.315:  62%|██████▏   | 617/1000 [3:48:46<3:09:18, 29.66s/it]Best trial: 246. Best value: 244.315:  62%|██████▏   | 617/1000 [3:48:46<3:09:18, 29.66s/it]Best trial: 246. Best value: 244.315:  62%|██████▏   | 618/1000 [3:48:46<2:40:20, 25.19s/it]                                                                                            Best trial: 246. Best value: 244.315:  62%|██████▏   | 618/1000 [3:49:00<2:40:20, 25.19s/it]Best trial: 246. Best value: 244.315:  62%|██████▏   | 618/1000 [3:49:00<2:40:20, 25.19s/it]Best trial: 246. Best value: 244.315:  62%|██████▏   | 619/1000 [3:49:00<2:18:36, 21.83s/it]                                                                                            Best trial: 246. Best value: 244.315:  62%|██████▏   | 619/1000 [3:49:39<2:18:36, 21.83s/it]Best trial: 246. Best value: 244.315:  62%|██████▏   | 619/1000 [3:49:39<2:18:36, 21.83s/it]Best trial: 246. Best value: 244.315:  62%|██████▏   | 620/1000 [3:49:39<2:52:06, 27.17s/it]                                                                                            Best trial: 246. Best value: 244.315:  62%|██████▏   | 620/1000 [3:49:53<2:52:06, 27.17s/it]Best trial: 246. Best value: 244.315:  62%|██████▏   | 620/1000 [3:49:53<2:52:06, 27.17s/it]Best trial: 246. Best value: 244.315:  62%|██████▏   | 621/1000 [3:49:53<2:26:14, 23.15s/it]                                                                                            Best trial: 246. Best value: 244.315:  62%|██████▏   | 621/1000 [3:50:33<2:26:14, 23.15s/it]Best trial: 246. Best value: 244.315:  62%|██████▏   | 621/1000 [3:50:33<2:26:14, 23.15s/it]Best trial: 246. Best value: 244.315:  62%|██████▏   | 622/1000 [3:50:33<2:58:18, 28.30s/it]                                                                                            Best trial: 246. Best value: 244.315:  62%|██████▏   | 622/1000 [3:50:41<2:58:18, 28.30s/it]Best trial: 246. Best value: 244.315:  62%|██████▏   | 622/1000 [3:50:41<2:58:18, 28.30s/it]Best trial: 246. Best value: 244.315:  62%|██████▏   | 623/1000 [3:50:41<2:18:15, 22.00s/it]                                                                                            Best trial: 246. Best value: 244.315:  62%|██████▏   | 623/1000 [3:50:49<2:18:15, 22.00s/it]Best trial: 246. Best value: 244.315:  62%|██████▏   | 623/1000 [3:50:49<2:18:15, 22.00s/it]Best trial: 246. Best value: 244.315:  62%|██████▏   | 624/1000 [3:50:49<1:51:10, 17.74s/it]                                                                                            Best trial: 246. Best value: 244.315:  62%|██████▏   | 624/1000 [3:51:11<1:51:10, 17.74s/it]Best trial: 246. Best value: 244.315:  62%|██████▏   | 624/1000 [3:51:11<1:51:10, 17.74s/it]Best trial: 246. Best value: 244.315:  62%|██████▎   | 625/1000 [3:51:11<1:58:47, 19.01s/it]                                                                                            Best trial: 246. Best value: 244.315:  62%|██████▎   | 625/1000 [3:51:53<1:58:47, 19.01s/it]Best trial: 246. Best value: 244.315:  62%|██████▎   | 625/1000 [3:51:53<1:58:47, 19.01s/it]Best trial: 246. Best value: 244.315:  63%|██████▎   | 626/1000 [3:51:53<2:41:51, 25.97s/it]                                                                                            Best trial: 246. Best value: 244.315:  63%|██████▎   | 626/1000 [3:52:17<2:41:51, 25.97s/it]Best trial: 246. Best value: 244.315:  63%|██████▎   | 626/1000 [3:52:17<2:41:51, 25.97s/it]Best trial: 246. Best value: 244.315:  63%|██████▎   | 627/1000 [3:52:17<2:39:04, 25.59s/it]                                                                                            [32m[I 2023-05-15 03:16:06,247][0m Trial 599 finished with value: 1103.2883055479892 and parameters: {'c1': 0.40915030378317385, 'c2': 0.9195112737966749, 'eps': 2.1292038739792876, 'horizon': 5, 'discount': 0.6813323774544656}. Best is trial 246 with value: 244.31507276371707.[0m
[32m[I 2023-05-15 03:16:14,629][0m Trial 600 finished with value: 1262.460782522199 and parameters: {'c1': 2.7660510810017707, 'c2': 2.7837903571075078, 'eps': 1.4429166424607844, 'horizon': 2, 'discount': 0.9338550469219592}. Best is trial 246 with value: 244.31507276371707.[0m
[32m[I 2023-05-15 03:16:28,747][0m Trial 601 finished with value: 434.5290195287189 and parameters: {'c1': 2.2977929535768777, 'c2': 0.9134339206778362, 'eps': 2.2408132192116743, 'horizon': 3, 'discount': 0.7509152956806482}. Best is trial 246 with value: 244.31507276371707.[0m
[32m[I 2023-05-15 03:16:36,249][0m Trial 602 finished with value: 973.2340000577578 and parameters: {'c1': 2.4982154455375727, 'c2': 0.4456793808171141, 'eps': 1.7385073292036342, 'horizon': 2, 'discount': 0.6586331022824746}. Best is trial 246 with value: 244.31507276371707.[0m
[32m[I 2023-05-15 03:16:43,231][0m Trial 603 finished with value: 245.48692335753458 and parameters: {'c1': 0.7867669539786196, 'c2': 0.0549244090459754, 'eps': 2.9701488585133125, 'horizon': 2, 'discount': 0.9216281548763413}. Best is trial 246 with value: 244.31507276371707.[0m
[32m[I 2023-05-15 03:16:50,434][0m Trial 604 finished with value: 1260.755207443637 and parameters: {'c1': 2.8251534726279037, 'c2': 0.31761788554419135, 'eps': 0.8819867088776719, 'horizon': 2, 'discount': 0.7585874461697353}. Best is trial 246 with value: 244.31507276371707.[0m
[32m[I 2023-05-15 03:17:05,373][0m Trial 605 finished with value: 1134.0325766118988 and parameters: {'c1': 1.8876030017533028, 'c2': 2.438166729944244, 'eps': 2.9453771687573553, 'horizon': 3, 'discount': 0.8845152062716004}. Best is trial 246 with value: 244.31507276371707.[0m
[32m[I 2023-05-15 03:17:12,647][0m Trial 606 finished with value: 1107.9098380687326 and parameters: {'c1': 0.5121353846489981, 'c2': 1.0398617044381462, 'eps': 2.583974254250262, 'horizon': 2, 'discount': 0.7549979998155297}. Best is trial 246 with value: 244.31507276371707.[0m
[32m[I 2023-05-15 03:17:27,622][0m Trial 607 finished with value: 1389.4346558951265 and parameters: {'c1': 0.803181118465387, 'c2': 2.327796281062757, 'eps': 1.6767514019476935, 'horizon': 3, 'discount': 0.8852177956797084}. Best is trial 246 with value: 244.31507276371707.[0m
[32m[I 2023-05-15 03:17:35,221][0m Trial 608 finished with value: 830.3047419861776 and parameters: {'c1': 0.8691857725448662, 'c2': 0.8873096367636193, 'eps': 2.003830878154783, 'horizon': 2, 'discount': 0.8439360361742851}. Best is trial 246 with value: 244.31507276371707.[0m
[32m[I 2023-05-15 03:18:14,130][0m Trial 609 finished with value: 523.004431919918 and parameters: {'c1': 1.662047325187062, 'c2': 1.4173214070150384, 'eps': 0.3609836633952611, 'horizon': 5, 'discount': 0.8659100398689671}. Best is trial 246 with value: 244.31507276371707.[0m
[32m[I 2023-05-15 03:18:28,669][0m Trial 610 finished with value: 1506.5536493261886 and parameters: {'c1': 2.6928166577908277, 'c2': 2.7395483700001577, 'eps': 0.9966448993047914, 'horizon': 3, 'discount': 0.7000017698873775}. Best is trial 246 with value: 244.31507276371707.[0m
[32m[I 2023-05-15 03:18:54,868][0m Trial 611 finished with value: 940.9302778234385 and parameters: {'c1': 2.60402794861378, 'c2': 2.7949772795471626, 'eps': 1.479365660524079, 'horizon': 4, 'discount': 0.9853999562491438}. Best is trial 246 with value: 244.31507276371707.[0m
[32m[I 2023-05-15 03:19:18,508][0m Trial 612 finished with value: 269.22569998036397 and parameters: {'c1': 2.3679448282551627, 'c2': 0.8578844993519147, 'eps': 1.7457215567481164, 'horizon': 4, 'discount': 0.9476089743184762}. Best is trial 246 with value: 244.31507276371707.[0m
[32m[I 2023-05-15 03:19:26,674][0m Trial 613 finished with value: 1954.6050594867927 and parameters: {'c1': 1.9693192968225348, 'c2': 2.961340067789332, 'eps': 2.3445398504477746, 'horizon': 2, 'discount': 0.61499902906346}. Best is trial 246 with value: 244.31507276371707.[0m
[32m[I 2023-05-15 03:20:09,618][0m Trial 614 finished with value: 662.3276799745531 and parameters: {'c1': 1.497134947644434, 'c2': 1.5211141183516068, 'eps': 1.7275408568406465, 'horizon': 5, 'discount': 0.9933173902556026}. Best is trial 246 with value: 244.31507276371707.[0m
[32m[I 2023-05-15 03:20:33,063][0m Trial 615 finished with value: 939.1404951038654 and parameters: {'c1': 2.3026238712626417, 'c2': 0.5472627635543857, 'eps': 1.9589127729026068, 'horizon': 4, 'discount': 0.6773628470073254}. Best is trial 246 with value: 244.31507276371707.[0m
[32m[I 2023-05-15 03:21:14,621][0m Trial 616 finished with value: 518.0733632614239 and parameters: {'c1': 1.1257618089595933, 'c2': 1.2770935158396772, 'eps': 1.6806689562583064, 'horizon': 5, 'discount': 0.7036797106479056}. Best is trial 246 with value: 244.31507276371707.[0m
[32m[I 2023-05-15 03:21:29,374][0m Trial 617 finished with value: 1349.2809423222996 and parameters: {'c1': 1.6656059071709173, 'c2': 1.6819506404680709, 'eps': 2.2900464249875676, 'horizon': 3, 'discount': 0.6301010596803099}. Best is trial 246 with value: 244.31507276371707.[0m
[32m[I 2023-05-15 03:21:43,363][0m Trial 618 finished with value: 1008.8357392955902 and parameters: {'c1': 0.6208272894179576, 'c2': 1.9547488277866787, 'eps': 0.28410424829017844, 'horizon': 3, 'discount': 0.7873586838123624}. Best is trial 246 with value: 244.31507276371707.[0m
[32m[I 2023-05-15 03:22:23,016][0m Trial 619 finished with value: 1708.962366879838 and parameters: {'c1': 0.1366163955338232, 'c2': 1.8910444402743738, 'eps': 1.1105194045765445, 'horizon': 5, 'discount': 0.6093788239583233}. Best is trial 246 with value: 244.31507276371707.[0m
[32m[I 2023-05-15 03:22:36,782][0m Trial 620 finished with value: 693.323570990536 and parameters: {'c1': 1.2008925507225512, 'c2': 0.7454513803010463, 'eps': 1.5500634429773685, 'horizon': 3, 'discount': 0.7565061889147747}. Best is trial 246 with value: 244.31507276371707.[0m
[32m[I 2023-05-15 03:23:17,109][0m Trial 621 finished with value: 1335.5013973547757 and parameters: {'c1': 1.8449910918034926, 'c2': 0.3367783485060658, 'eps': 2.668790021701045, 'horizon': 5, 'discount': 0.9732088953934331}. Best is trial 246 with value: 244.31507276371707.[0m
[32m[I 2023-05-15 03:23:24,414][0m Trial 622 finished with value: 973.5373478414036 and parameters: {'c1': 2.1873124172568206, 'c2': 1.111735892317898, 'eps': 2.210551881009906, 'horizon': 2, 'discount': 0.624100513164205}. Best is trial 246 with value: 244.31507276371707.[0m
[32m[I 2023-05-15 03:23:32,204][0m Trial 623 finished with value: 1135.1809078927492 and parameters: {'c1': 1.484137193771431, 'c2': 2.8514086924629876, 'eps': 2.763918917871024, 'horizon': 2, 'discount': 0.8758788519939853}. Best is trial 246 with value: 244.31507276371707.[0m
[32m[I 2023-05-15 03:23:54,162][0m Trial 624 finished with value: 640.5040479616805 and parameters: {'c1': 0.09448053175988758, 'c2': 0.7898496775177494, 'eps': 1.2025353716785827, 'horizon': 4, 'discount': 0.7110277761635229}. Best is trial 246 with value: 244.31507276371707.[0m
[32m[I 2023-05-15 03:24:36,369][0m Trial 625 finished with value: 1310.2534673588643 and parameters: {'c1': 2.9863369748050417, 'c2': 2.663181863780635, 'eps': 0.3847157034914872, 'horizon': 5, 'discount': 0.9714765238054197}. Best is trial 246 with value: 244.31507276371707.[0m
[32m[I 2023-05-15 03:25:01,077][0m Trial 626 finished with value: 930.1127839918272 and parameters: {'c1': 2.6428498793545097, 'c2': 1.721768983472065, 'eps': 0.7963468403009142, 'horizon': 4, 'discount': 0.7086605898936205}. Best is trial 246 with value: 244.31507276371707.[0m
