Best trial: 246. Best value: 244.315:  32%|███▏      | 318/1000 [1:57:44<4:44:11, 25.00s/it]Best trial: 246. Best value: 244.315:  32%|███▏      | 318/1000 [1:57:44<4:44:11, 25.00s/it]Best trial: 246. Best value: 244.315:  32%|███▏      | 319/1000 [1:57:44<3:41:32, 19.52s/it]                                                                                            Best trial: 246. Best value: 244.315:  32%|███▏      | 319/1000 [1:57:51<3:41:32, 19.52s/it]Best trial: 246. Best value: 244.315:  32%|███▏      | 319/1000 [1:57:51<3:41:32, 19.52s/it]Best trial: 246. Best value: 244.315:  32%|███▏      | 320/1000 [1:57:51<3:01:06, 15.98s/it]                                                                                            Best trial: 246. Best value: 244.315:  32%|███▏      | 320/1000 [1:58:06<3:01:06, 15.98s/it]Best trial: 246. Best value: 244.315:  32%|███▏      | 320/1000 [1:58:06<3:01:06, 15.98s/it]Best trial: 246. Best value: 244.315:  32%|███▏      | 321/1000 [1:58:06<2:56:03, 15.56s/it]                                                                                            Best trial: 246. Best value: 244.315:  32%|███▏      | 321/1000 [1:58:21<2:56:03, 15.56s/it]Best trial: 246. Best value: 244.315:  32%|███▏      | 321/1000 [1:58:21<2:56:03, 15.56s/it]Best trial: 246. Best value: 244.315:  32%|███▏      | 322/1000 [1:58:21<2:55:24, 15.52s/it]                                                                                            Best trial: 246. Best value: 244.315:  32%|███▏      | 322/1000 [1:59:03<2:55:24, 15.52s/it]Best trial: 246. Best value: 244.315:  32%|███▏      | 322/1000 [1:59:03<2:55:24, 15.52s/it]Best trial: 246. Best value: 244.315:  32%|███▏      | 323/1000 [1:59:03<4:22:45, 23.29s/it]                                                                                            Best trial: 246. Best value: 244.315:  32%|███▏      | 323/1000 [1:59:17<4:22:45, 23.29s/it]Best trial: 246. Best value: 244.315:  32%|███▏      | 323/1000 [1:59:17<4:22:45, 23.29s/it]Best trial: 246. Best value: 244.315:  32%|███▏      | 324/1000 [1:59:17<3:52:54, 20.67s/it]                                                                                            Best trial: 246. Best value: 244.315:  32%|███▏      | 324/1000 [1:59:32<3:52:54, 20.67s/it]Best trial: 246. Best value: 244.315:  32%|███▏      | 324/1000 [1:59:32<3:52:54, 20.67s/it]Best trial: 246. Best value: 244.315:  32%|███▎      | 325/1000 [1:59:32<3:32:34, 18.89s/it]                                                                                            Best trial: 246. Best value: 244.315:  32%|███▎      | 325/1000 [2:00:11<3:32:34, 18.89s/it]Best trial: 246. Best value: 244.315:  32%|███▎      | 325/1000 [2:00:11<3:32:34, 18.89s/it]Best trial: 246. Best value: 244.315:  33%|███▎      | 326/1000 [2:00:11<4:39:25, 24.87s/it]                                                                                            Best trial: 246. Best value: 244.315:  33%|███▎      | 326/1000 [2:00:36<4:39:25, 24.87s/it]Best trial: 246. Best value: 244.315:  33%|███▎      | 326/1000 [2:00:36<4:39:25, 24.87s/it]Best trial: 246. Best value: 244.315:  33%|███▎      | 327/1000 [2:00:36<4:41:26, 25.09s/it]                                                                                            Best trial: 246. Best value: 244.315:  33%|███▎      | 327/1000 [2:00:50<4:41:26, 25.09s/it]Best trial: 246. Best value: 244.315:  33%|███▎      | 327/1000 [2:00:50<4:41:26, 25.09s/it]Best trial: 246. Best value: 244.315:  33%|███▎      | 328/1000 [2:00:50<4:03:07, 21.71s/it]                                                                                            Best trial: 246. Best value: 244.315:  33%|███▎      | 328/1000 [2:01:05<4:03:07, 21.71s/it]Best trial: 246. Best value: 244.315:  33%|███▎      | 328/1000 [2:01:05<4:03:07, 21.71s/it]Best trial: 246. Best value: 244.315:  33%|███▎      | 329/1000 [2:01:05<3:39:37, 19.64s/it]                                                                                            Best trial: 246. Best value: 244.315:  33%|███▎      | 329/1000 [2:01:47<3:39:37, 19.64s/it]Best trial: 246. Best value: 244.315:  33%|███▎      | 329/1000 [2:01:47<3:39:37, 19.64s/it]Best trial: 246. Best value: 244.315:  33%|███▎      | 330/1000 [2:01:47<4:53:14, 26.26s/it]                                                                                            Best trial: 246. Best value: 244.315:  33%|███▎      | 330/1000 [2:02:02<4:53:14, 26.26s/it]Best trial: 246. Best value: 244.315:  33%|███▎      | 330/1000 [2:02:02<4:53:14, 26.26s/it]Best trial: 246. Best value: 244.315:  33%|███▎      | 331/1000 [2:02:02<4:14:44, 22.85s/it]                                                                                            Best trial: 246. Best value: 244.315:  33%|███▎      | 331/1000 [2:02:26<4:14:44, 22.85s/it]Best trial: 246. Best value: 244.315:  33%|███▎      | 331/1000 [2:02:26<4:14:44, 22.85s/it]Best trial: 246. Best value: 244.315:  33%|███▎      | 332/1000 [2:02:26<4:19:20, 23.29s/it]                                                                                            Best trial: 246. Best value: 244.315:  33%|███▎      | 332/1000 [2:03:07<4:19:20, 23.29s/it]Best trial: 246. Best value: 244.315:  33%|███▎      | 332/1000 [2:03:07<4:19:20, 23.29s/it]Best trial: 246. Best value: 244.315:  33%|███▎      | 333/1000 [2:03:07<5:18:57, 28.69s/it]                                                                                            Best trial: 246. Best value: 244.315:  33%|███▎      | 333/1000 [2:03:47<5:18:57, 28.69s/it]Best trial: 246. Best value: 244.315:  33%|███▎      | 333/1000 [2:03:47<5:18:57, 28.69s/it]Best trial: 246. Best value: 244.315:  33%|███▎      | 334/1000 [2:03:47<5:54:49, 31.97s/it]                                                                                            Best trial: 246. Best value: 244.315:  33%|███▎      | 334/1000 [2:03:54<5:54:49, 31.97s/it]Best trial: 246. Best value: 244.315:  33%|███▎      | 334/1000 [2:03:54<5:54:49, 31.97s/it]Best trial: 246. Best value: 244.315:  34%|███▎      | 335/1000 [2:03:54<4:33:25, 24.67s/it]                                                                                            Best trial: 246. Best value: 244.315:  34%|███▎      | 335/1000 [2:04:34<4:33:25, 24.67s/it]Best trial: 246. Best value: 244.315:  34%|███▎      | 335/1000 [2:04:34<4:33:25, 24.67s/it]Best trial: 246. Best value: 244.315:  34%|███▎      | 336/1000 [2:04:34<5:21:39, 29.07s/it]                                                                                            Best trial: 246. Best value: 244.315:  34%|███▎      | 336/1000 [2:04:48<5:21:39, 29.07s/it]Best trial: 246. Best value: 244.315:  34%|███▎      | 336/1000 [2:04:48<5:21:39, 29.07s/it]Best trial: 246. Best value: 244.315:  34%|███▎      | 337/1000 [2:04:48<4:32:31, 24.66s/it]                                                                                            Best trial: 246. Best value: 244.315:  34%|███▎      | 337/1000 [2:04:56<4:32:31, 24.66s/it]Best trial: 246. Best value: 244.315:  34%|███▎      | 337/1000 [2:04:56<4:32:31, 24.66s/it]Best trial: 246. Best value: 244.315:  34%|███▍      | 338/1000 [2:04:56<3:36:08, 19.59s/it]                                                                                            Best trial: 246. Best value: 244.315:  34%|███▍      | 338/1000 [2:05:04<3:36:08, 19.59s/it]Best trial: 246. Best value: 244.315:  34%|███▍      | 338/1000 [2:05:04<3:36:08, 19.59s/it]Best trial: 246. Best value: 244.315:  34%|███▍      | 339/1000 [2:05:04<2:56:34, 16.03s/it]                                                                                            Best trial: 246. Best value: 244.315:  34%|███▍      | 339/1000 [2:05:26<2:56:34, 16.03s/it]Best trial: 246. Best value: 244.315:  34%|███▍      | 339/1000 [2:05:26<2:56:34, 16.03s/it]Best trial: 246. Best value: 244.315:  34%|███▍      | 340/1000 [2:05:26<3:18:22, 18.03s/it]                                                                                            Best trial: 246. Best value: 244.315:  34%|███▍      | 340/1000 [2:05:40<3:18:22, 18.03s/it]Best trial: 246. Best value: 244.315:  34%|███▍      | 340/1000 [2:05:40<3:18:22, 18.03s/it]Best trial: 246. Best value: 244.315:  34%|███▍      | 341/1000 [2:05:40<3:02:54, 16.65s/it]                                                                                            Best trial: 246. Best value: 244.315:  34%|███▍      | 341/1000 [2:05:53<3:02:54, 16.65s/it]Best trial: 246. Best value: 244.315:  34%|███▍      | 341/1000 [2:05:53<3:02:54, 16.65s/it]Best trial: 246. Best value: 244.315:  34%|███▍      | 342/1000 [2:05:53<2:50:48, 15.57s/it]                                                                                            Best trial: 246. Best value: 244.315:  34%|███▍      | 342/1000 [2:06:17<2:50:48, 15.57s/it]Best trial: 246. Best value: 244.315:  34%|███▍      | 342/1000 [2:06:17<2:50:48, 15.57s/it]Best trial: 246. Best value: 244.315:  34%|███▍      | 343/1000 [2:06:17<3:18:53, 18.16s/it]                                                                                            Best trial: 246. Best value: 244.315:  34%|███▍      | 343/1000 [2:06:58<3:18:53, 18.16s/it]Best trial: 246. Best value: 244.315:  34%|███▍      | 343/1000 [2:06:58<3:18:53, 18.16s/it]Best trial: 246. Best value: 244.315:  34%|███▍      | 344/1000 [2:06:58<4:34:05, 25.07s/it]                                                                                            Best trial: 246. Best value: 244.315:  34%|███▍      | 344/1000 [2:07:23<4:34:05, 25.07s/it]Best trial: 246. Best value: 244.315:  34%|███▍      | 344/1000 [2:07:23<4:34:05, 25.07s/it]Best trial: 246. Best value: 244.315:  34%|███▍      | 345/1000 [2:07:23<4:32:36, 24.97s/it]                                                                                            Best trial: 246. Best value: 244.315:  34%|███▍      | 345/1000 [2:07:31<4:32:36, 24.97s/it]Best trial: 246. Best value: 244.315:  34%|███▍      | 345/1000 [2:07:31<4:32:36, 24.97s/it]Best trial: 246. Best value: 244.315:  35%|███▍      | 346/1000 [2:07:31<3:35:03, 19.73s/it]                                                                                            [32m[I 2023-05-15 01:30:27,139][0m Trial 318 finished with value: 657.5722059151718 and parameters: {'c1': 0.49986532741697154, 'c2': 0.08607791036237278, 'eps': 1.8209225764417125, 'horizon': 2, 'discount': 0.8423179200115198}. Best is trial 246 with value: 244.31507276371707.[0m
[32m[I 2023-05-15 01:30:34,863][0m Trial 319 finished with value: 924.8250563439547 and parameters: {'c1': 1.8693782260795762, 'c2': 2.968212485377066, 'eps': 2.167748292759335, 'horizon': 2, 'discount': 0.6678666498181933}. Best is trial 246 with value: 244.31507276371707.[0m
[32m[I 2023-05-15 01:30:49,433][0m Trial 320 finished with value: 1629.5897561048994 and parameters: {'c1': 2.1250376410122196, 'c2': 1.581865760972494, 'eps': 2.1796876805704133, 'horizon': 3, 'discount': 0.6224717576211142}. Best is trial 246 with value: 244.31507276371707.[0m
[32m[I 2023-05-15 01:31:04,876][0m Trial 321 finished with value: 1389.2360256094742 and parameters: {'c1': 2.451453947632916, 'c2': 2.3968807000673094, 'eps': 2.9688312478758445, 'horizon': 3, 'discount': 0.7011707660837136}. Best is trial 246 with value: 244.31507276371707.[0m
[32m[I 2023-05-15 01:31:46,281][0m Trial 322 finished with value: 1251.294282689533 and parameters: {'c1': 0.7888754917670916, 'c2': 0.9829047819500919, 'eps': 0.3332582778500354, 'horizon': 5, 'discount': 0.7418712835737226}. Best is trial 246 with value: 244.31507276371707.[0m
[32m[I 2023-05-15 01:32:00,852][0m Trial 323 finished with value: 847.8674520186792 and parameters: {'c1': 0.8204140300644941, 'c2': 2.841692270595527, 'eps': 0.47495209258386983, 'horizon': 3, 'discount': 0.7553383599801071}. Best is trial 246 with value: 244.31507276371707.[0m
[32m[I 2023-05-15 01:32:15,599][0m Trial 324 finished with value: 716.5215224128923 and parameters: {'c1': 0.7954582491277286, 'c2': 1.5265423009709371, 'eps': 2.2167501798126206, 'horizon': 3, 'discount': 0.9640591648429713}. Best is trial 246 with value: 244.31507276371707.[0m
[32m[I 2023-05-15 01:32:54,428][0m Trial 325 finished with value: 414.539422725792 and parameters: {'c1': 0.6043986660109189, 'c2': 0.790470891371435, 'eps': 0.3684323414371786, 'horizon': 5, 'discount': 0.6367173380123838}. Best is trial 246 with value: 244.31507276371707.[0m
[32m[I 2023-05-15 01:33:20,025][0m Trial 326 finished with value: 626.2037356443245 and parameters: {'c1': 1.073402923839431, 'c2': 1.3813138013059891, 'eps': 2.5429425037572106, 'horizon': 4, 'discount': 0.821255561569475}. Best is trial 246 with value: 244.31507276371707.[0m
[32m[I 2023-05-15 01:33:33,835][0m Trial 327 finished with value: 1233.7217906266599 and parameters: {'c1': 2.0549251045500547, 'c2': 1.0543611981404886, 'eps': 2.2774165518208327, 'horizon': 3, 'discount': 0.8016201210801079}. Best is trial 246 with value: 244.31507276371707.[0m
[32m[I 2023-05-15 01:33:48,646][0m Trial 328 finished with value: 882.1921250415346 and parameters: {'c1': 2.468626823318562, 'c2': 0.8913362442997456, 'eps': 2.1743144615621066, 'horizon': 3, 'discount': 0.6636000546449614}. Best is trial 246 with value: 244.31507276371707.[0m
[32m[I 2023-05-15 01:34:30,356][0m Trial 329 finished with value: 420.8157039166738 and parameters: {'c1': 2.8774927315254244, 'c2': 1.8357656663480875, 'eps': 1.7572007192300987, 'horizon': 5, 'discount': 0.9132691615168381}. Best is trial 246 with value: 244.31507276371707.[0m
[32m[I 2023-05-15 01:34:45,239][0m Trial 330 finished with value: 1146.4377992876161 and parameters: {'c1': 0.8025880216450403, 'c2': 2.2418826676054384, 'eps': 1.5508623609967442, 'horizon': 3, 'discount': 0.8200191927985905}. Best is trial 246 with value: 244.31507276371707.[0m
[32m[I 2023-05-15 01:35:09,573][0m Trial 331 finished with value: 1001.6953676464094 and parameters: {'c1': 0.7283018333860827, 'c2': 2.4009474678761915, 'eps': 2.8460244877205234, 'horizon': 4, 'discount': 0.8821600366734187}. Best is trial 246 with value: 244.31507276371707.[0m
[32m[I 2023-05-15 01:35:50,860][0m Trial 332 finished with value: 1458.3142909308008 and parameters: {'c1': 2.6526948865248388, 'c2': 1.640752270598979, 'eps': 1.9670143132085887, 'horizon': 5, 'discount': 0.9931539780345234}. Best is trial 246 with value: 244.31507276371707.[0m
[32m[I 2023-05-15 01:36:30,469][0m Trial 333 finished with value: 362.6256782936741 and parameters: {'c1': 2.7754939110370818, 'c2': 0.8970058892128212, 'eps': 2.4765180441970074, 'horizon': 5, 'discount': 0.8026889848769463}. Best is trial 246 with value: 244.31507276371707.[0m
[32m[I 2023-05-15 01:36:38,115][0m Trial 334 finished with value: 1190.9074808583186 and parameters: {'c1': 1.6842353575858162, 'c2': 1.1636308884287578, 'eps': 2.6466873298641564, 'horizon': 2, 'discount': 0.6427319651941218}. Best is trial 246 with value: 244.31507276371707.[0m
[32m[I 2023-05-15 01:37:17,438][0m Trial 335 finished with value: 458.7197075409987 and parameters: {'c1': 2.2359780234825983, 'c2': 0.4916191401771637, 'eps': 0.3043873520397007, 'horizon': 5, 'discount': 0.6010102195148939}. Best is trial 246 with value: 244.31507276371707.[0m
[32m[I 2023-05-15 01:37:31,829][0m Trial 336 finished with value: 1397.7814233589297 and parameters: {'c1': 2.7302354000907263, 'c2': 2.644082169091949, 'eps': 1.6215580617341647, 'horizon': 3, 'discount': 0.6495527594852483}. Best is trial 246 with value: 244.31507276371707.[0m
[32m[I 2023-05-15 01:37:39,580][0m Trial 337 finished with value: 1562.3807537220043 and parameters: {'c1': 1.5349918771934496, 'c2': 2.590092771534507, 'eps': 1.6495744438461792, 'horizon': 2, 'discount': 0.8056266382783834}. Best is trial 246 with value: 244.31507276371707.[0m
[32m[I 2023-05-15 01:37:47,297][0m Trial 338 finished with value: 1465.2871906098142 and parameters: {'c1': 1.1890424477664108, 'c2': 1.7022118423250616, 'eps': 1.9627317109242628, 'horizon': 2, 'discount': 0.7705079487016618}. Best is trial 246 with value: 244.31507276371707.[0m
[32m[I 2023-05-15 01:38:10,014][0m Trial 339 finished with value: 1429.2558127128532 and parameters: {'c1': 2.4066529813563147, 'c2': 1.1969476921191167, 'eps': 2.7649794078610372, 'horizon': 4, 'discount': 0.9464928059064599}. Best is trial 246 with value: 244.31507276371707.[0m
[32m[I 2023-05-15 01:38:23,447][0m Trial 340 finished with value: 1190.4965656046559 and parameters: {'c1': 2.351711967972082, 'c2': 0.5712715367936462, 'eps': 1.5479668323344618, 'horizon': 3, 'discount': 0.7024962464867737}. Best is trial 246 with value: 244.31507276371707.[0m
[32m[I 2023-05-15 01:38:36,503][0m Trial 341 finished with value: 952.689946158676 and parameters: {'c1': 0.4710665827466446, 'c2': 0.7637775992226478, 'eps': 0.5211700568307615, 'horizon': 3, 'discount': 0.6525381978034297}. Best is trial 246 with value: 244.31507276371707.[0m
[32m[I 2023-05-15 01:39:00,706][0m Trial 342 finished with value: 981.5316579976294 and parameters: {'c1': 2.398271700246075, 'c2': 0.5087674025207743, 'eps': 2.9870665719778944, 'horizon': 4, 'discount': 0.7363401172392019}. Best is trial 246 with value: 244.31507276371707.[0m
[32m[I 2023-05-15 01:39:41,891][0m Trial 343 finished with value: 720.0230661371085 and parameters: {'c1': 1.457012385322407, 'c2': 1.130005990038279, 'eps': 1.222875635938314, 'horizon': 5, 'discount': 0.6614050011382656}. Best is trial 246 with value: 244.31507276371707.[0m
[32m[I 2023-05-15 01:40:06,631][0m Trial 344 finished with value: 1309.7776904184557 and parameters: {'c1': 2.9606235146296926, 'c2': 1.1864022434285795, 'eps': 2.6394602610657403, 'horizon': 4, 'discount': 0.6808793147867023}. Best is trial 246 with value: 244.31507276371707.[0m
[32m[I 2023-05-15 01:40:14,135][0m Trial 345 finished with value: 576.0209957227418 and parameters: {'c1': 0.2860324974475431, 'c2': 1.028399938165312, 'eps': 2.785251412864899, 'horizon': 2, 'discount': 0.715330266895486}. Best is trial 246 with value: 244.31507276371707.[0m
