Best trial: 246. Best value: 244.315:  96%|█████████▋| 965/1000 [5:53:33<08:55, 15.31s/it]Best trial: 246. Best value: 244.315:  96%|█████████▋| 965/1000 [5:53:33<08:55, 15.31s/it]Best trial: 246. Best value: 244.315:  97%|█████████▋| 966/1000 [5:53:33<08:33, 15.11s/it]                                                                                          Best trial: 246. Best value: 244.315:  97%|█████████▋| 966/1000 [5:53:48<08:33, 15.11s/it]Best trial: 246. Best value: 244.315:  97%|█████████▋| 966/1000 [5:53:48<08:33, 15.11s/it]Best trial: 246. Best value: 244.315:  97%|█████████▋| 967/1000 [5:53:48<08:18, 15.12s/it]                                                                                          Best trial: 246. Best value: 244.315:  97%|█████████▋| 967/1000 [5:53:56<08:18, 15.12s/it]Best trial: 246. Best value: 244.315:  97%|█████████▋| 967/1000 [5:53:56<08:18, 15.12s/it]Best trial: 246. Best value: 244.315:  97%|█████████▋| 968/1000 [5:53:56<06:57, 13.04s/it]                                                                                          Best trial: 246. Best value: 244.315:  97%|█████████▋| 968/1000 [5:54:39<06:57, 13.04s/it]Best trial: 246. Best value: 244.315:  97%|█████████▋| 968/1000 [5:54:39<06:57, 13.04s/it]Best trial: 246. Best value: 244.315:  97%|█████████▋| 969/1000 [5:54:39<11:19, 21.92s/it]                                                                                          Best trial: 246. Best value: 244.315:  97%|█████████▋| 969/1000 [5:55:04<11:19, 21.92s/it]Best trial: 246. Best value: 244.315:  97%|█████████▋| 969/1000 [5:55:04<11:19, 21.92s/it]Best trial: 246. Best value: 244.315:  97%|█████████▋| 970/1000 [5:55:04<11:28, 22.94s/it]                                                                                          Best trial: 246. Best value: 244.315:  97%|█████████▋| 970/1000 [5:55:19<11:28, 22.94s/it]Best trial: 246. Best value: 244.315:  97%|█████████▋| 970/1000 [5:55:19<11:28, 22.94s/it]Best trial: 246. Best value: 244.315:  97%|█████████▋| 971/1000 [5:55:19<09:54, 20.52s/it]                                                                                          Best trial: 246. Best value: 244.315:  97%|█████████▋| 971/1000 [5:55:42<09:54, 20.52s/it]Best trial: 246. Best value: 244.315:  97%|█████████▋| 971/1000 [5:55:42<09:54, 20.52s/it]Best trial: 246. Best value: 244.315:  97%|█████████▋| 972/1000 [5:55:42<09:54, 21.23s/it]                                                                                          Best trial: 246. Best value: 244.315:  97%|█████████▋| 972/1000 [5:55:56<09:54, 21.23s/it]Best trial: 246. Best value: 244.315:  97%|█████████▋| 972/1000 [5:55:56<09:54, 21.23s/it]Best trial: 246. Best value: 244.315:  97%|█████████▋| 973/1000 [5:55:56<08:34, 19.05s/it]                                                                                          Best trial: 246. Best value: 244.315:  97%|█████████▋| 973/1000 [5:56:09<08:34, 19.05s/it]Best trial: 246. Best value: 244.315:  97%|█████████▋| 973/1000 [5:56:09<08:34, 19.05s/it]Best trial: 246. Best value: 244.315:  97%|█████████▋| 974/1000 [5:56:09<07:30, 17.35s/it]                                                                                          Best trial: 246. Best value: 244.315:  97%|█████████▋| 974/1000 [5:56:17<07:30, 17.35s/it]Best trial: 246. Best value: 244.315:  97%|█████████▋| 974/1000 [5:56:17<07:30, 17.35s/it]Best trial: 246. Best value: 244.315:  98%|█████████▊| 975/1000 [5:56:17<05:59, 14.37s/it]                                                                                          Best trial: 246. Best value: 244.315:  98%|█████████▊| 975/1000 [5:56:56<05:59, 14.37s/it]Best trial: 246. Best value: 244.315:  98%|█████████▊| 975/1000 [5:56:56<05:59, 14.37s/it]Best trial: 246. Best value: 244.315:  98%|█████████▊| 976/1000 [5:56:56<08:41, 21.75s/it]                                                                                          Best trial: 246. Best value: 244.315:  98%|█████████▊| 976/1000 [5:57:03<08:41, 21.75s/it]Best trial: 246. Best value: 244.315:  98%|█████████▊| 976/1000 [5:57:03<08:41, 21.75s/it]Best trial: 246. Best value: 244.315:  98%|█████████▊| 977/1000 [5:57:03<06:41, 17.45s/it]                                                                                          Best trial: 246. Best value: 244.315:  98%|█████████▊| 977/1000 [5:57:44<06:41, 17.45s/it]Best trial: 246. Best value: 244.315:  98%|█████████▊| 977/1000 [5:57:44<06:41, 17.45s/it]Best trial: 246. Best value: 244.315:  98%|█████████▊| 978/1000 [5:57:44<08:59, 24.52s/it]                                                                                          Best trial: 246. Best value: 244.315:  98%|█████████▊| 978/1000 [5:58:25<08:59, 24.52s/it]Best trial: 246. Best value: 244.315:  98%|█████████▊| 978/1000 [5:58:25<08:59, 24.52s/it]Best trial: 246. Best value: 244.315:  98%|█████████▊| 979/1000 [5:58:25<10:18, 29.43s/it]                                                                                          Best trial: 246. Best value: 244.315:  98%|█████████▊| 979/1000 [5:58:38<10:18, 29.43s/it]Best trial: 246. Best value: 244.315:  98%|█████████▊| 979/1000 [5:58:38<10:18, 29.43s/it]Best trial: 246. Best value: 244.315:  98%|█████████▊| 980/1000 [5:58:38<08:11, 24.58s/it]                                                                                          Best trial: 246. Best value: 244.315:  98%|█████████▊| 980/1000 [5:59:16<08:11, 24.58s/it]Best trial: 246. Best value: 244.315:  98%|█████████▊| 980/1000 [5:59:16<08:11, 24.58s/it]Best trial: 246. Best value: 244.315:  98%|█████████▊| 981/1000 [5:59:16<09:01, 28.50s/it]                                                                                          Best trial: 246. Best value: 244.315:  98%|█████████▊| 981/1000 [5:59:29<09:01, 28.50s/it]Best trial: 246. Best value: 244.315:  98%|█████████▊| 981/1000 [5:59:29<09:01, 28.50s/it]Best trial: 246. Best value: 244.315:  98%|█████████▊| 982/1000 [5:59:29<07:10, 23.93s/it]                                                                                          Best trial: 246. Best value: 244.315:  98%|█████████▊| 982/1000 [5:59:53<07:10, 23.93s/it]Best trial: 246. Best value: 244.315:  98%|█████████▊| 982/1000 [5:59:53<07:10, 23.93s/it]Best trial: 246. Best value: 244.315:  98%|█████████▊| 983/1000 [5:59:53<06:48, 24.05s/it]                                                                                          Best trial: 246. Best value: 244.315:  98%|█████████▊| 983/1000 [6:00:17<06:48, 24.05s/it]Best trial: 246. Best value: 244.315:  98%|█████████▊| 983/1000 [6:00:17<06:48, 24.05s/it]Best trial: 246. Best value: 244.315:  98%|█████████▊| 984/1000 [6:00:17<06:23, 23.97s/it]                                                                                          Best trial: 246. Best value: 244.315:  98%|█████████▊| 984/1000 [6:00:39<06:23, 23.97s/it]Best trial: 246. Best value: 244.315:  98%|█████████▊| 984/1000 [6:00:39<06:23, 23.97s/it]Best trial: 246. Best value: 244.315:  98%|█████████▊| 985/1000 [6:00:39<05:49, 23.27s/it]                                                                                          Best trial: 246. Best value: 244.315:  98%|█████████▊| 985/1000 [6:01:19<05:49, 23.27s/it]Best trial: 246. Best value: 244.315:  98%|█████████▊| 985/1000 [6:01:19<05:49, 23.27s/it]Best trial: 246. Best value: 244.315:  99%|█████████▊| 986/1000 [6:01:19<06:36, 28.33s/it]                                                                                          Best trial: 246. Best value: 244.315:  99%|█████████▊| 986/1000 [6:01:33<06:36, 28.33s/it]Best trial: 246. Best value: 244.315:  99%|█████████▊| 986/1000 [6:01:33<06:36, 28.33s/it]Best trial: 246. Best value: 244.315:  99%|█████████▊| 987/1000 [6:01:33<05:12, 24.01s/it]                                                                                          Best trial: 246. Best value: 244.315:  99%|█████████▊| 987/1000 [6:01:57<05:12, 24.01s/it]Best trial: 246. Best value: 244.315:  99%|█████████▊| 987/1000 [6:01:57<05:12, 24.01s/it]Best trial: 246. Best value: 244.315:  99%|█████████▉| 988/1000 [6:01:57<04:49, 24.10s/it]                                                                                          Best trial: 246. Best value: 244.315:  99%|█████████▉| 988/1000 [6:02:22<04:49, 24.10s/it]Best trial: 246. Best value: 244.315:  99%|█████████▉| 988/1000 [6:02:22<04:49, 24.10s/it]Best trial: 246. Best value: 244.315:  99%|█████████▉| 989/1000 [6:02:22<04:26, 24.23s/it]                                                                                          Best trial: 246. Best value: 244.315:  99%|█████████▉| 989/1000 [6:02:29<04:26, 24.23s/it]Best trial: 246. Best value: 244.315:  99%|█████████▉| 989/1000 [6:02:29<04:26, 24.23s/it]Best trial: 246. Best value: 244.315:  99%|█████████▉| 990/1000 [6:02:29<03:12, 19.23s/it]                                                                                          Best trial: 246. Best value: 244.315:  99%|█████████▉| 990/1000 [6:02:43<03:12, 19.23s/it]Best trial: 246. Best value: 244.315:  99%|█████████▉| 990/1000 [6:02:43<03:12, 19.23s/it]Best trial: 246. Best value: 244.315:  99%|█████████▉| 991/1000 [6:02:43<02:36, 17.40s/it]                                                                                          Best trial: 246. Best value: 244.315:  99%|█████████▉| 991/1000 [6:03:23<02:36, 17.40s/it]Best trial: 246. Best value: 244.315:  99%|█████████▉| 991/1000 [6:03:23<02:36, 17.40s/it]Best trial: 246. Best value: 244.315:  99%|█████████▉| 992/1000 [6:03:23<03:15, 24.45s/it]                                                                                          Best trial: 246. Best value: 244.315:  99%|█████████▉| 992/1000 [6:03:46<03:15, 24.45s/it]Best trial: 246. Best value: 244.315:  99%|█████████▉| 992/1000 [6:03:46<03:15, 24.45s/it]Best trial: 246. Best value: 244.315:  99%|█████████▉| 993/1000 [6:03:46<02:47, 23.92s/it]                                                                                          [32m[I 2023-05-15 05:26:16,515][0m Trial 965 finished with value: 1016.1830280038074 and parameters: {'c1': 0.4425781972325431, 'c2': 2.2612819140457763, 'eps': 1.0844297898295632, 'horizon': 3, 'discount': 0.7028994333576012}. Best is trial 246 with value: 244.31507276371707.[0m
[32m[I 2023-05-15 05:26:31,648][0m Trial 966 finished with value: 1317.4018951775663 and parameters: {'c1': 0.01652528337372683, 'c2': 2.5202578313276844, 'eps': 2.1451082691166308, 'horizon': 3, 'discount': 0.8388856706676631}. Best is trial 246 with value: 244.31507276371707.[0m
[32m[I 2023-05-15 05:26:39,841][0m Trial 967 finished with value: 1271.4149806361643 and parameters: {'c1': 0.8335886752633933, 'c2': 2.7786158814169064, 'eps': 0.613228899693983, 'horizon': 2, 'discount': 0.8843727886840645}. Best is trial 246 with value: 244.31507276371707.[0m
[32m[I 2023-05-15 05:27:22,467][0m Trial 968 finished with value: 1216.2702171202047 and parameters: {'c1': 2.44442772267245, 'c2': 2.7166283775287976, 'eps': 0.7175407130041017, 'horizon': 5, 'discount': 0.689793361941424}. Best is trial 246 with value: 244.31507276371707.[0m
[32m[I 2023-05-15 05:27:47,793][0m Trial 969 finished with value: 815.50384699643 and parameters: {'c1': 1.6872570486697716, 'c2': 2.851653007567353, 'eps': 2.962452213485873, 'horizon': 4, 'discount': 0.8253842240530121}. Best is trial 246 with value: 244.31507276371707.[0m
[32m[I 2023-05-15 05:28:02,656][0m Trial 970 finished with value: 1012.274484649527 and parameters: {'c1': 1.6102688647909043, 'c2': 1.5102749759754426, 'eps': 2.264005680740513, 'horizon': 3, 'discount': 0.992027819499353}. Best is trial 246 with value: 244.31507276371707.[0m
[32m[I 2023-05-15 05:28:25,541][0m Trial 971 finished with value: 1021.0057340005676 and parameters: {'c1': 0.1922277872681999, 'c2': 0.9351627794908491, 'eps': 1.1773847287747403, 'horizon': 4, 'discount': 0.7555354471126859}. Best is trial 246 with value: 244.31507276371707.[0m
[32m[I 2023-05-15 05:28:39,525][0m Trial 972 finished with value: 887.464018695687 and parameters: {'c1': 2.9301773292754314, 'c2': 0.06061495291387309, 'eps': 1.3113865556912838, 'horizon': 3, 'discount': 0.8387880250581632}. Best is trial 246 with value: 244.31507276371707.[0m
[32m[I 2023-05-15 05:28:52,884][0m Trial 973 finished with value: 1397.1253896369499 and parameters: {'c1': 1.7644521006564093, 'c2': 0.8816062661615568, 'eps': 1.4801579150095432, 'horizon': 3, 'discount': 0.7814545011667384}. Best is trial 246 with value: 244.31507276371707.[0m
[32m[I 2023-05-15 05:29:00,323][0m Trial 974 finished with value: 1037.835340965569 and parameters: {'c1': 1.9221894781782378, 'c2': 1.1829114055449947, 'eps': 0.16998207491643763, 'horizon': 2, 'discount': 0.6573594925754225}. Best is trial 246 with value: 244.31507276371707.[0m
[32m[I 2023-05-15 05:29:39,275][0m Trial 975 finished with value: 431.1198108000758 and parameters: {'c1': 1.7794831317359745, 'c2': 0.9009429606568483, 'eps': 0.6881717480282179, 'horizon': 5, 'discount': 0.9026834672251469}. Best is trial 246 with value: 244.31507276371707.[0m
[32m[I 2023-05-15 05:29:46,696][0m Trial 976 finished with value: 914.3971824672664 and parameters: {'c1': 0.6362862150635186, 'c2': 1.893249124397757, 'eps': 2.798944723061114, 'horizon': 2, 'discount': 0.9833785740279819}. Best is trial 246 with value: 244.31507276371707.[0m
[32m[I 2023-05-15 05:30:27,731][0m Trial 977 finished with value: 1214.2026212256412 and parameters: {'c1': 1.6312102409762814, 'c2': 0.6000877597689844, 'eps': 0.38777309876090305, 'horizon': 5, 'discount': 0.9026449721754295}. Best is trial 246 with value: 244.31507276371707.[0m
[32m[I 2023-05-15 05:31:08,606][0m Trial 978 finished with value: 412.0172202335 and parameters: {'c1': 2.857166913161783, 'c2': 1.7984299182045391, 'eps': 0.8356803978825288, 'horizon': 5, 'discount': 0.9767988724974311}. Best is trial 246 with value: 244.31507276371707.[0m
[32m[I 2023-05-15 05:31:21,866][0m Trial 979 finished with value: 661.1251415911306 and parameters: {'c1': 1.8906854593218245, 'c2': 0.15518856189404018, 'eps': 2.944203491906795, 'horizon': 3, 'discount': 0.7924077838807904}. Best is trial 246 with value: 244.31507276371707.[0m
[32m[I 2023-05-15 05:31:59,528][0m Trial 980 finished with value: 723.2741133208104 and parameters: {'c1': 0.15929361602262504, 'c2': 0.8255322121533014, 'eps': 0.3619883859993933, 'horizon': 5, 'discount': 0.7990824342452445}. Best is trial 246 with value: 244.31507276371707.[0m
[32m[I 2023-05-15 05:32:12,779][0m Trial 981 finished with value: 358.21320623231696 and parameters: {'c1': 1.4087403493274047, 'c2': 0.9276166351890953, 'eps': 1.0267437197557379, 'horizon': 3, 'discount': 0.998335080646592}. Best is trial 246 with value: 244.31507276371707.[0m
[32m[I 2023-05-15 05:32:37,115][0m Trial 982 finished with value: 516.8285456696021 and parameters: {'c1': 0.02528920095946041, 'c2': 1.0783515738832965, 'eps': 0.7689797148030869, 'horizon': 4, 'discount': 0.893170152741271}. Best is trial 246 with value: 244.31507276371707.[0m
[32m[I 2023-05-15 05:33:00,881][0m Trial 983 finished with value: 918.1920137964921 and parameters: {'c1': 2.3286814639654967, 'c2': 1.5611458164283858, 'eps': 2.5849640697774374, 'horizon': 4, 'discount': 0.78538719966991}. Best is trial 246 with value: 244.31507276371707.[0m
[32m[I 2023-05-15 05:33:22,539][0m Trial 984 finished with value: 947.4294426367866 and parameters: {'c1': 1.6754525698940004, 'c2': 1.0850206149034545, 'eps': 2.6569474291459794, 'horizon': 4, 'discount': 0.899957866230374}. Best is trial 246 with value: 244.31507276371707.[0m
[32m[I 2023-05-15 05:34:02,678][0m Trial 985 finished with value: 689.8059058029509 and parameters: {'c1': 1.0917953202912276, 'c2': 2.001394978515973, 'eps': 0.9994496144808966, 'horizon': 5, 'discount': 0.779622489699147}. Best is trial 246 with value: 244.31507276371707.[0m
[32m[I 2023-05-15 05:34:16,602][0m Trial 986 finished with value: 1162.6238313657084 and parameters: {'c1': 1.9945848005885027, 'c2': 0.966371439859782, 'eps': 1.8349281654253617, 'horizon': 3, 'discount': 0.8673479348081823}. Best is trial 246 with value: 244.31507276371707.[0m
[32m[I 2023-05-15 05:34:40,928][0m Trial 987 finished with value: 1191.4373764134 and parameters: {'c1': 1.1798627518991103, 'c2': 2.1437967042716135, 'eps': 0.21679052177800212, 'horizon': 4, 'discount': 0.6730877427204772}. Best is trial 246 with value: 244.31507276371707.[0m
[32m[I 2023-05-15 05:35:05,447][0m Trial 988 finished with value: 630.3169664454472 and parameters: {'c1': 0.9394974165127137, 'c2': 1.1835319907221589, 'eps': 1.8232913331095246, 'horizon': 4, 'discount': 0.9704898273845044}. Best is trial 246 with value: 244.31507276371707.[0m
[32m[I 2023-05-15 05:35:13,010][0m Trial 989 finished with value: 1296.3099492837528 and parameters: {'c1': 0.2678404252322618, 'c2': 2.620399717166948, 'eps': 0.4871670960997677, 'horizon': 2, 'discount': 0.7951306189277701}. Best is trial 246 with value: 244.31507276371707.[0m
[32m[I 2023-05-15 05:35:26,131][0m Trial 990 finished with value: 578.0136283689621 and parameters: {'c1': 0.6863610437800794, 'c2': 0.5259336637121772, 'eps': 2.9913175568858024, 'horizon': 3, 'discount': 0.7449855502511611}. Best is trial 246 with value: 244.31507276371707.[0m
[32m[I 2023-05-15 05:36:07,046][0m Trial 991 finished with value: 1071.9735885853033 and parameters: {'c1': 1.430377857212169, 'c2': 2.5018532738912427, 'eps': 1.3709397088678577, 'horizon': 5, 'discount': 0.8451243091750473}. Best is trial 246 with value: 244.31507276371707.[0m
[32m[I 2023-05-15 05:36:29,733][0m Trial 992 finished with value: 981.8792387147369 and parameters: {'c1': 1.0244415920437209, 'c2': 1.9172090588292683, 'eps': 1.044797124665894, 'horizon': 4, 'discount': 0.9354378754783453}. Best is trial 246 with value: 244.31507276371707.[0m
[32m[I 2023-05-15 05:36:37,610][0m Trial 993 finished with value: 644.7625229173404 and parameters: {'c1': 2.486597727315523, 'c2': 1.5888351794338675, 'eps': 1.759457643218834, 'horizon': 2, 'discount': 0.8043644275507945}. Best is trial 246 with value: 244.31507276371707.[0mBest trial: 246. Best value: 244.315:  99%|█████████▉| 993/1000 [6:03:54<02:47, 23.92s/it]Best trial: 246. Best value: 244.315:  99%|█████████▉| 993/1000 [6:03:54<02:47, 23.92s/it]Best trial: 246. Best value: 244.315:  99%|█████████▉| 994/1000 [6:03:54<01:54, 19.11s/it]                                                                                          Best trial: 246. Best value: 244.315:  99%|█████████▉| 994/1000 [6:04:36<01:54, 19.11s/it]Best trial: 246. Best value: 244.315:  99%|█████████▉| 994/1000 [6:04:36<01:54, 19.11s/it]Best trial: 246. Best value: 244.315: 100%|█████████▉| 995/1000 [6:04:36<02:09, 25.93s/it]                                                                                          Best trial: 246. Best value: 244.315: 100%|█████████▉| 995/1000 [6:05:01<02:09, 25.93s/it]Best trial: 246. Best value: 244.315: 100%|█████████▉| 995/1000 [6:05:01<02:09, 25.93s/it]Best trial: 246. Best value: 244.315: 100%|█████████▉| 996/1000 [6:05:01<01:43, 25.82s/it]                                                                                          Best trial: 246. Best value: 244.315: 100%|█████████▉| 996/1000 [6:05:16<01:43, 25.82s/it]Best trial: 246. Best value: 244.315: 100%|█████████▉| 996/1000 [6:05:16<01:43, 25.82s/it]Best trial: 246. Best value: 244.315: 100%|█████████▉| 997/1000 [6:05:16<01:07, 22.43s/it]                                                                                          Best trial: 246. Best value: 244.315: 100%|█████████▉| 997/1000 [6:05:57<01:07, 22.43s/it]Best trial: 246. Best value: 244.315: 100%|█████████▉| 997/1000 [6:05:57<01:07, 22.43s/it]Best trial: 246. Best value: 244.315: 100%|█████████▉| 998/1000 [6:05:57<00:55, 27.92s/it]                                                                                          Best trial: 246. Best value: 244.315: 100%|█████████▉| 998/1000 [6:06:37<00:55, 27.92s/it]Best trial: 246. Best value: 244.315: 100%|█████████▉| 998/1000 [6:06:37<00:55, 27.92s/it]Best trial: 246. Best value: 244.315: 100%|█████████▉| 999/1000 [6:06:37<00:31, 31.63s/it]                                                                                          Best trial: 246. Best value: 244.315: 100%|█████████▉| 999/1000 [6:06:51<00:31, 31.63s/it]Best trial: 246. Best value: 244.315: 100%|█████████▉| 999/1000 [6:06:51<00:31, 31.63s/it]Best trial: 246. Best value: 244.315: 100%|██████████| 1000/1000 [6:06:51<00:00, 26.29s/it]Best trial: 246. Best value: 244.315: 100%|██████████| 1000/1000 [6:06:51<00:00, 22.01s/it]

[32m[I 2023-05-15 05:37:19,463][0m Trial 994 finished with value: 1203.4211711214525 and parameters: {'c1': 1.5523793160867632, 'c2': 1.5351245494730543, 'eps': 2.863516322743756, 'horizon': 5, 'discount': 0.7027804398577339}. Best is trial 246 with value: 244.31507276371707.[0m
[32m[I 2023-05-15 05:37:45,027][0m Trial 995 finished with value: 863.6327068819512 and parameters: {'c1': 1.4601864250231478, 'c2': 2.1840618080990533, 'eps': 1.705527033164645, 'horizon': 4, 'discount': 0.9747095900575334}. Best is trial 246 with value: 244.31507276371707.[0m
[32m[I 2023-05-15 05:37:59,555][0m Trial 996 finished with value: 1187.1758972769303 and parameters: {'c1': 1.1266162966869526, 'c2': 2.241069542136045, 'eps': 0.5572726040258765, 'horizon': 3, 'discount': 0.7269390850305933}. Best is trial 246 with value: 244.31507276371707.[0m
