Best trial: 55. Best value: 244.484:  12%|█▏        | 116/1000 [40:47<3:43:58, 15.20s/it]Best trial: 55. Best value: 244.484:  12%|█▏        | 116/1000 [40:47<3:43:58, 15.20s/it]Best trial: 55. Best value: 244.484:  12%|█▏        | 117/1000 [40:47<3:37:06, 14.75s/it]                                                                                         Best trial: 55. Best value: 244.484:  12%|█▏        | 117/1000 [41:14<3:37:06, 14.75s/it]Best trial: 55. Best value: 244.484:  12%|█▏        | 117/1000 [41:14<3:37:06, 14.75s/it]Best trial: 55. Best value: 244.484:  12%|█▏        | 118/1000 [41:14<4:28:55, 18.29s/it]                                                                                         Best trial: 55. Best value: 244.484:  12%|█▏        | 118/1000 [41:28<4:28:55, 18.29s/it]Best trial: 55. Best value: 244.484:  12%|█▏        | 118/1000 [41:28<4:28:55, 18.29s/it]Best trial: 55. Best value: 244.484:  12%|█▏        | 119/1000 [41:28<4:10:17, 17.05s/it]                                                                                         Best trial: 55. Best value: 244.484:  12%|█▏        | 119/1000 [42:07<4:10:17, 17.05s/it]Best trial: 55. Best value: 244.484:  12%|█▏        | 119/1000 [42:07<4:10:17, 17.05s/it]Best trial: 55. Best value: 244.484:  12%|█▏        | 120/1000 [42:07<5:49:09, 23.81s/it]                                                                                         Best trial: 55. Best value: 244.484:  12%|█▏        | 120/1000 [42:48<5:49:09, 23.81s/it]Best trial: 55. Best value: 244.484:  12%|█▏        | 120/1000 [42:48<5:49:09, 23.81s/it]Best trial: 55. Best value: 244.484:  12%|█▏        | 121/1000 [42:48<7:03:44, 28.92s/it]                                                                                         Best trial: 55. Best value: 244.484:  12%|█▏        | 121/1000 [43:26<7:03:44, 28.92s/it]Best trial: 55. Best value: 244.484:  12%|█▏        | 121/1000 [43:26<7:03:44, 28.92s/it]Best trial: 55. Best value: 244.484:  12%|█▏        | 122/1000 [43:26<7:42:44, 31.62s/it]                                                                                         Best trial: 55. Best value: 244.484:  12%|█▏        | 122/1000 [44:07<7:42:44, 31.62s/it]Best trial: 55. Best value: 244.484:  12%|█▏        | 122/1000 [44:07<7:42:44, 31.62s/it]Best trial: 55. Best value: 244.484:  12%|█▏        | 123/1000 [44:07<8:24:00, 34.48s/it]                                                                                         Best trial: 55. Best value: 244.484:  12%|█▏        | 123/1000 [44:50<8:24:00, 34.48s/it]Best trial: 55. Best value: 244.484:  12%|█▏        | 123/1000 [44:50<8:24:00, 34.48s/it]Best trial: 55. Best value: 244.484:  12%|█▏        | 124/1000 [44:50<9:00:24, 37.01s/it]                                                                                         Best trial: 55. Best value: 244.484:  12%|█▏        | 124/1000 [45:14<9:00:24, 37.01s/it]Best trial: 55. Best value: 244.484:  12%|█▏        | 124/1000 [45:14<9:00:24, 37.01s/it]Best trial: 55. Best value: 244.484:  12%|█▎        | 125/1000 [45:14<8:01:41, 33.03s/it]                                                                                         Best trial: 55. Best value: 244.484:  12%|█▎        | 125/1000 [45:21<8:01:41, 33.03s/it]Best trial: 55. Best value: 244.484:  12%|█▎        | 125/1000 [45:21<8:01:41, 33.03s/it]Best trial: 55. Best value: 244.484:  13%|█▎        | 126/1000 [45:21<6:07:11, 25.21s/it]                                                                                         Best trial: 55. Best value: 244.484:  13%|█▎        | 126/1000 [45:35<6:07:11, 25.21s/it]Best trial: 55. Best value: 244.484:  13%|█▎        | 126/1000 [45:35<6:07:11, 25.21s/it]Best trial: 55. Best value: 244.484:  13%|█▎        | 127/1000 [45:35<5:18:06, 21.86s/it]                                                                                         Best trial: 55. Best value: 244.484:  13%|█▎        | 127/1000 [45:59<5:18:06, 21.86s/it]Best trial: 55. Best value: 244.484:  13%|█▎        | 127/1000 [45:59<5:18:06, 21.86s/it]Best trial: 55. Best value: 244.484:  13%|█▎        | 128/1000 [45:59<5:27:17, 22.52s/it]                                                                                         Best trial: 55. Best value: 244.484:  13%|█▎        | 128/1000 [46:40<5:27:17, 22.52s/it]Best trial: 55. Best value: 244.484:  13%|█▎        | 128/1000 [46:40<5:27:17, 22.52s/it]Best trial: 55. Best value: 244.484:  13%|█▎        | 129/1000 [46:40<6:45:54, 27.96s/it]                                                                                         Best trial: 55. Best value: 244.484:  13%|█▎        | 129/1000 [47:17<6:45:54, 27.96s/it]Best trial: 55. Best value: 244.484:  13%|█▎        | 129/1000 [47:17<6:45:54, 27.96s/it]Best trial: 55. Best value: 244.484:  13%|█▎        | 130/1000 [47:17<7:26:24, 30.79s/it]                                                                                         Best trial: 55. Best value: 244.484:  13%|█▎        | 130/1000 [47:41<7:26:24, 30.79s/it]Best trial: 55. Best value: 244.484:  13%|█▎        | 130/1000 [47:41<7:26:24, 30.79s/it]Best trial: 55. Best value: 244.484:  13%|█▎        | 131/1000 [47:41<6:56:37, 28.77s/it]                                                                                         Best trial: 55. Best value: 244.484:  13%|█▎        | 131/1000 [48:23<6:56:37, 28.77s/it]Best trial: 55. Best value: 244.484:  13%|█▎        | 131/1000 [48:23<6:56:37, 28.77s/it]Best trial: 55. Best value: 244.484:  13%|█▎        | 132/1000 [48:23<7:53:28, 32.73s/it]                                                                                         Best trial: 55. Best value: 244.484:  13%|█▎        | 132/1000 [49:04<7:53:28, 32.73s/it]Best trial: 55. Best value: 244.484:  13%|█▎        | 132/1000 [49:04<7:53:28, 32.73s/it]Best trial: 55. Best value: 244.484:  13%|█▎        | 133/1000 [49:04<8:29:35, 35.27s/it]                                                                                         Best trial: 55. Best value: 244.484:  13%|█▎        | 133/1000 [49:12<8:29:35, 35.27s/it]Best trial: 55. Best value: 244.484:  13%|█▎        | 133/1000 [49:12<8:29:35, 35.27s/it]Best trial: 55. Best value: 244.484:  13%|█▎        | 134/1000 [49:12<6:28:12, 26.90s/it]                                                                                         Best trial: 55. Best value: 244.484:  13%|█▎        | 134/1000 [49:52<6:28:12, 26.90s/it]Best trial: 55. Best value: 244.484:  13%|█▎        | 134/1000 [49:52<6:28:12, 26.90s/it]Best trial: 55. Best value: 244.484:  14%|█▎        | 135/1000 [49:52<7:26:40, 30.98s/it]                                                                                         Best trial: 55. Best value: 244.484:  14%|█▎        | 135/1000 [50:33<7:26:40, 30.98s/it]Best trial: 55. Best value: 244.484:  14%|█▎        | 135/1000 [50:33<7:26:40, 30.98s/it]Best trial: 55. Best value: 244.484:  14%|█▎        | 136/1000 [50:33<8:07:10, 33.83s/it]                                                                                         Best trial: 55. Best value: 244.484:  14%|█▎        | 136/1000 [50:55<8:07:10, 33.83s/it]Best trial: 55. Best value: 244.484:  14%|█▎        | 136/1000 [50:55<8:07:10, 33.83s/it]Best trial: 55. Best value: 244.484:  14%|█▎        | 137/1000 [50:55<7:15:47, 30.30s/it]                                                                                         Best trial: 55. Best value: 244.484:  14%|█▎        | 137/1000 [51:20<7:15:47, 30.30s/it]Best trial: 55. Best value: 244.484:  14%|█▎        | 137/1000 [51:20<7:15:47, 30.30s/it]Best trial: 55. Best value: 244.484:  14%|█▍        | 138/1000 [51:20<6:53:33, 28.79s/it]                                                                                         Best trial: 55. Best value: 244.484:  14%|█▍        | 138/1000 [51:58<6:53:33, 28.79s/it]Best trial: 55. Best value: 244.484:  14%|█▍        | 138/1000 [51:58<6:53:33, 28.79s/it]Best trial: 55. Best value: 244.484:  14%|█▍        | 139/1000 [51:58<7:32:18, 31.52s/it]                                                                                         Best trial: 55. Best value: 244.484:  14%|█▍        | 139/1000 [52:05<7:32:18, 31.52s/it]Best trial: 55. Best value: 244.484:  14%|█▍        | 139/1000 [52:05<7:32:18, 31.52s/it]Best trial: 55. Best value: 244.484:  14%|█▍        | 140/1000 [52:05<5:46:05, 24.15s/it]                                                                                         Best trial: 55. Best value: 244.484:  14%|█▍        | 140/1000 [52:31<5:46:05, 24.15s/it]Best trial: 55. Best value: 244.484:  14%|█▍        | 140/1000 [52:31<5:46:05, 24.15s/it]Best trial: 55. Best value: 244.484:  14%|█▍        | 141/1000 [52:31<5:53:04, 24.66s/it]                                                                                         Best trial: 55. Best value: 244.484:  14%|█▍        | 141/1000 [53:11<5:53:04, 24.66s/it]Best trial: 55. Best value: 244.484:  14%|█▍        | 141/1000 [53:11<5:53:04, 24.66s/it]Best trial: 55. Best value: 244.484:  14%|█▍        | 142/1000 [53:11<6:59:23, 29.33s/it]                                                                                         Best trial: 55. Best value: 244.484:  14%|█▍        | 142/1000 [53:26<6:59:23, 29.33s/it]Best trial: 55. Best value: 244.484:  14%|█▍        | 142/1000 [53:26<6:59:23, 29.33s/it]Best trial: 55. Best value: 244.484:  14%|█▍        | 143/1000 [53:26<5:56:40, 24.97s/it]                                                                                         Best trial: 55. Best value: 244.484:  14%|█▍        | 143/1000 [53:41<5:56:40, 24.97s/it]Best trial: 55. Best value: 244.484:  14%|█▍        | 143/1000 [53:41<5:56:40, 24.97s/it]Best trial: 55. Best value: 244.484:  14%|█▍        | 144/1000 [53:41<5:13:51, 22.00s/it]                                                                                         Best trial: 55. Best value: 244.484:  14%|█▍        | 144/1000 [53:48<5:13:51, 22.00s/it]Best trial: 55. Best value: 244.484:  14%|█▍        | 144/1000 [53:48<5:13:51, 22.00s/it]Best trial: 55. Best value: 244.484:  14%|█▍        | 145/1000 [53:48<4:12:29, 17.72s/it]                                                                                         [32m[I 2023-05-15 00:13:30,666][0m Trial 116 finished with value: 1365.6869840140098 and parameters: {'c1': 0.6585083828760944, 'c2': 1.973324840214576, 'eps': 1.5114475565757435, 'horizon': 3, 'discount': 0.8720716243660126}. Best is trial 55 with value: 244.48419672566837.[0m
[32m[I 2023-05-15 00:13:57,222][0m Trial 117 finished with value: 1206.611387088638 and parameters: {'c1': 2.7208750447652768, 'c2': 1.3033892279025583, 'eps': 2.78670718246607, 'horizon': 4, 'discount': 0.6270791286989482}. Best is trial 55 with value: 244.48419672566837.[0m
[32m[I 2023-05-15 00:14:11,357][0m Trial 118 finished with value: 271.4944373836522 and parameters: {'c1': 2.0549733513370168, 'c2': 0.04910826436444271, 'eps': 0.1573437917817884, 'horizon': 3, 'discount': 0.7358960099296386}. Best is trial 55 with value: 244.48419672566837.[0m
[32m[I 2023-05-15 00:14:50,937][0m Trial 119 finished with value: 552.0684269655494 and parameters: {'c1': 0.8044083294734173, 'c2': 0.298183073846117, 'eps': 1.3827932546648245, 'horizon': 5, 'discount': 0.93991383686787}. Best is trial 55 with value: 244.48419672566837.[0m
[32m[I 2023-05-15 00:15:31,802][0m Trial 120 finished with value: 384.6885415806135 and parameters: {'c1': 0.017625146405925607, 'c2': 1.808560962853056, 'eps': 0.8166696360672285, 'horizon': 5, 'discount': 0.9313607497988204}. Best is trial 55 with value: 244.48419672566837.[0m
[32m[I 2023-05-15 00:16:09,721][0m Trial 121 finished with value: 1242.2420135140771 and parameters: {'c1': 1.6071034376695263, 'c2': 1.040968029475315, 'eps': 2.0665801185523285, 'horizon': 5, 'discount': 0.7327213677712494}. Best is trial 55 with value: 244.48419672566837.[0m
[32m[I 2023-05-15 00:16:50,875][0m Trial 122 finished with value: 1211.506503722805 and parameters: {'c1': 0.17621910609991642, 'c2': 2.349788574379184, 'eps': 1.1778838082371426, 'horizon': 5, 'discount': 0.9565233961603675}. Best is trial 55 with value: 244.48419672566837.[0m
[32m[I 2023-05-15 00:17:33,800][0m Trial 123 finished with value: 460.9097498813095 and parameters: {'c1': 1.4744200589304906, 'c2': 2.8311702724629435, 'eps': 2.101653521222325, 'horizon': 5, 'discount': 0.9307048846216825}. Best is trial 55 with value: 244.48419672566837.[0m
[32m[I 2023-05-15 00:17:57,530][0m Trial 124 finished with value: 477.29921410432894 and parameters: {'c1': 2.9563090674568344, 'c2': 0.23164365444252932, 'eps': 0.15008692960423475, 'horizon': 4, 'discount': 0.6612573871939976}. Best is trial 55 with value: 244.48419672566837.[0m
[32m[I 2023-05-15 00:18:04,487][0m Trial 125 finished with value: 1176.1076305971778 and parameters: {'c1': 1.3632102200186287, 'c2': 0.45833867342469514, 'eps': 2.621656583807253, 'horizon': 2, 'discount': 0.9564191977153271}. Best is trial 55 with value: 244.48419672566837.[0m
[32m[I 2023-05-15 00:18:18,545][0m Trial 126 finished with value: 1220.9205731169482 and parameters: {'c1': 0.6161215002364346, 'c2': 1.809173379011782, 'eps': 0.4246442396900445, 'horizon': 3, 'discount': 0.755721220866164}. Best is trial 55 with value: 244.48419672566837.[0m
[32m[I 2023-05-15 00:18:42,600][0m Trial 127 finished with value: 603.3636987644796 and parameters: {'c1': 2.8961269131664453, 'c2': 2.979712930887339, 'eps': 2.9730611339444177, 'horizon': 4, 'discount': 0.8400490413302799}. Best is trial 55 with value: 244.48419672566837.[0m
[32m[I 2023-05-15 00:19:23,258][0m Trial 128 finished with value: 319.7162939414215 and parameters: {'c1': 2.825631826949562, 'c2': 1.5728812357695632, 'eps': 1.8053635443240188, 'horizon': 5, 'discount': 0.9025749877110973}. Best is trial 55 with value: 244.48419672566837.[0m
[32m[I 2023-05-15 00:20:00,637][0m Trial 129 finished with value: 337.745943148764 and parameters: {'c1': 1.0686359211889327, 'c2': 1.8759275482410644, 'eps': 2.8742963785784097, 'horizon': 5, 'discount': 0.6092001795127441}. Best is trial 55 with value: 244.48419672566837.[0m
[32m[I 2023-05-15 00:20:24,687][0m Trial 130 finished with value: 1188.4647095969144 and parameters: {'c1': 0.9537501086402477, 'c2': 1.7558901933544941, 'eps': 1.4152815597613375, 'horizon': 4, 'discount': 0.7848078428315756}. Best is trial 55 with value: 244.48419672566837.[0m
[32m[I 2023-05-15 00:21:06,661][0m Trial 131 finished with value: 854.7764904392426 and parameters: {'c1': 1.213906885358977, 'c2': 0.18456233275688505, 'eps': 0.610013779822506, 'horizon': 5, 'discount': 0.8287668605194753}. Best is trial 55 with value: 244.48419672566837.[0m
[32m[I 2023-05-15 00:21:47,847][0m Trial 132 finished with value: 1123.677724163911 and parameters: {'c1': 1.2675455367892847, 'c2': 1.5257908009608854, 'eps': 2.1251948418865254, 'horizon': 5, 'discount': 0.6989673992167857}. Best is trial 55 with value: 244.48419672566837.[0m
[32m[I 2023-05-15 00:21:55,215][0m Trial 133 finished with value: 386.23582769851 and parameters: {'c1': 2.791450908888246, 'c2': 0.7085962650327201, 'eps': 1.7654608640812526, 'horizon': 2, 'discount': 0.6684778261365607}. Best is trial 55 with value: 244.48419672566837.[0m
[32m[I 2023-05-15 00:22:35,736][0m Trial 134 finished with value: 1173.0002765568277 and parameters: {'c1': 1.9210498746503903, 'c2': 0.4724681176122514, 'eps': 1.2093065186318994, 'horizon': 5, 'discount': 0.8395385426423139}. Best is trial 55 with value: 244.48419672566837.[0m
[32m[I 2023-05-15 00:23:16,211][0m Trial 135 finished with value: 871.1713906998943 and parameters: {'c1': 1.8907166109053128, 'c2': 2.3810497556514862, 'eps': 0.1399634054899529, 'horizon': 5, 'discount': 0.8865146177716905}. Best is trial 55 with value: 244.48419672566837.[0m
[32m[I 2023-05-15 00:23:38,266][0m Trial 136 finished with value: 1376.8440547197297 and parameters: {'c1': 2.3772854040331524, 'c2': 0.3799723183650492, 'eps': 0.14811450448787358, 'horizon': 4, 'discount': 0.6846689706522516}. Best is trial 55 with value: 244.48419672566837.[0m
[32m[I 2023-05-15 00:24:03,524][0m Trial 137 finished with value: 1079.715525811498 and parameters: {'c1': 1.511932617415366, 'c2': 2.720633781449437, 'eps': 1.3678048134259473, 'horizon': 4, 'discount': 0.8938973085153992}. Best is trial 55 with value: 244.48419672566837.[0m
[32m[I 2023-05-15 00:24:41,419][0m Trial 138 finished with value: 638.4986893129089 and parameters: {'c1': 0.13419563033454474, 'c2': 1.0235085236021706, 'eps': 0.4763813141258606, 'horizon': 5, 'discount': 0.8419769920592135}. Best is trial 55 with value: 244.48419672566837.[0m
[32m[I 2023-05-15 00:24:48,361][0m Trial 139 finished with value: 1095.8544394351143 and parameters: {'c1': 0.051838235933456045, 'c2': 0.9118951291527323, 'eps': 1.4351275516907975, 'horizon': 2, 'discount': 0.6720773978778461}. Best is trial 55 with value: 244.48419672566837.[0m
[32m[I 2023-05-15 00:25:14,226][0m Trial 140 finished with value: 337.4469100572775 and parameters: {'c1': 2.337922332152278, 'c2': 1.6325768623886407, 'eps': 1.66422489539323, 'horizon': 4, 'discount': 0.996601274542165}. Best is trial 55 with value: 244.48419672566837.[0m
[32m[I 2023-05-15 00:25:54,444][0m Trial 141 finished with value: 244.85212842842952 and parameters: {'c1': 2.819888604044924, 'c2': 1.6080485482239166, 'eps': 1.3524664119168543, 'horizon': 5, 'discount': 0.7782104349271279}. Best is trial 55 with value: 244.48419672566837.[0m
[32m[I 2023-05-15 00:26:09,250][0m Trial 142 finished with value: 1690.1294146249952 and parameters: {'c1': 1.5255572694506259, 'c2': 2.6832094427016617, 'eps': 2.093457229416338, 'horizon': 3, 'discount': 0.6246245247798936}. Best is trial 55 with value: 244.48419672566837.[0m
[32m[I 2023-05-15 00:26:24,315][0m Trial 143 finished with value: 1489.752251481464 and parameters: {'c1': 2.19874906796996, 'c2': 2.2076432295564743, 'eps': 2.5340944706188253, 'horizon': 3, 'discount': 0.8088528370932402}. Best is trial 55 with value: 244.48419672566837.[0m
[32m[I 2023-05-15 00:26:32,044][0m Trial 144 finished with value: 266.83023674347555 and parameters: {'c1': 2.8775537489491425, 'c2': 0.9449430372918262, 'eps': 2.6743550121413118, 'horizon': 2, 'discount': 0.8827599559830489}. Best is trial 55 with value: 244.48419672566837.[0m
