Best trial: 246. Best value: 244.315:  29%|██▉       | 289/1000 [1:47:29<5:57:10, 30.14s/it]Best trial: 246. Best value: 244.315:  29%|██▉       | 289/1000 [1:47:29<5:57:10, 30.14s/it]Best trial: 246. Best value: 244.315:  29%|██▉       | 290/1000 [1:47:29<5:36:56, 28.47s/it]                                                                                            Best trial: 246. Best value: 244.315:  29%|██▉       | 290/1000 [1:47:36<5:36:56, 28.47s/it]Best trial: 246. Best value: 244.315:  29%|██▉       | 290/1000 [1:47:36<5:36:56, 28.47s/it]Best trial: 246. Best value: 244.315:  29%|██▉       | 291/1000 [1:47:36<4:21:35, 22.14s/it]                                                                                            Best trial: 246. Best value: 244.315:  29%|██▉       | 291/1000 [1:48:14<4:21:35, 22.14s/it]Best trial: 246. Best value: 244.315:  29%|██▉       | 291/1000 [1:48:14<4:21:35, 22.14s/it]Best trial: 246. Best value: 244.315:  29%|██▉       | 292/1000 [1:48:14<5:17:30, 26.91s/it]                                                                                            Best trial: 246. Best value: 244.315:  29%|██▉       | 292/1000 [1:48:56<5:17:30, 26.91s/it]Best trial: 246. Best value: 244.315:  29%|██▉       | 292/1000 [1:48:56<5:17:30, 26.91s/it]Best trial: 246. Best value: 244.315:  29%|██▉       | 293/1000 [1:48:56<6:10:41, 31.46s/it]                                                                                            Best trial: 246. Best value: 244.315:  29%|██▉       | 293/1000 [1:49:38<6:10:41, 31.46s/it]Best trial: 246. Best value: 244.315:  29%|██▉       | 293/1000 [1:49:38<6:10:41, 31.46s/it]Best trial: 246. Best value: 244.315:  29%|██▉       | 294/1000 [1:49:38<6:45:40, 34.48s/it]                                                                                            Best trial: 246. Best value: 244.315:  29%|██▉       | 294/1000 [1:49:52<6:45:40, 34.48s/it]Best trial: 246. Best value: 244.315:  29%|██▉       | 294/1000 [1:49:52<6:45:40, 34.48s/it]Best trial: 246. Best value: 244.315:  30%|██▉       | 295/1000 [1:49:52<5:33:55, 28.42s/it]                                                                                            Best trial: 246. Best value: 244.315:  30%|██▉       | 295/1000 [1:50:06<5:33:55, 28.42s/it]Best trial: 246. Best value: 244.315:  30%|██▉       | 295/1000 [1:50:06<5:33:55, 28.42s/it]Best trial: 246. Best value: 244.315:  30%|██▉       | 296/1000 [1:50:06<4:43:03, 24.12s/it]                                                                                            Best trial: 246. Best value: 244.315:  30%|██▉       | 296/1000 [1:50:19<4:43:03, 24.12s/it]Best trial: 246. Best value: 244.315:  30%|██▉       | 296/1000 [1:50:19<4:43:03, 24.12s/it]Best trial: 246. Best value: 244.315:  30%|██▉       | 297/1000 [1:50:19<4:03:31, 20.78s/it]                                                                                            Best trial: 246. Best value: 244.315:  30%|██▉       | 297/1000 [1:50:32<4:03:31, 20.78s/it]Best trial: 246. Best value: 244.315:  30%|██▉       | 297/1000 [1:50:32<4:03:31, 20.78s/it]Best trial: 246. Best value: 244.315:  30%|██▉       | 298/1000 [1:50:32<3:34:11, 18.31s/it]                                                                                            Best trial: 246. Best value: 244.315:  30%|██▉       | 298/1000 [1:50:55<3:34:11, 18.31s/it]Best trial: 246. Best value: 244.315:  30%|██▉       | 298/1000 [1:50:55<3:34:11, 18.31s/it]Best trial: 246. Best value: 244.315:  30%|██▉       | 299/1000 [1:50:55<3:51:05, 19.78s/it]                                                                                            Best trial: 246. Best value: 244.315:  30%|██▉       | 299/1000 [1:51:09<3:51:05, 19.78s/it]Best trial: 246. Best value: 244.315:  30%|██▉       | 299/1000 [1:51:09<3:51:05, 19.78s/it]Best trial: 246. Best value: 244.315:  30%|███       | 300/1000 [1:51:09<3:30:25, 18.04s/it]                                                                                            Best trial: 246. Best value: 244.315:  30%|███       | 300/1000 [1:51:24<3:30:25, 18.04s/it]Best trial: 246. Best value: 244.315:  30%|███       | 300/1000 [1:51:24<3:30:25, 18.04s/it]Best trial: 246. Best value: 244.315:  30%|███       | 301/1000 [1:51:24<3:18:38, 17.05s/it]                                                                                            Best trial: 246. Best value: 244.315:  30%|███       | 301/1000 [1:51:45<3:18:38, 17.05s/it]Best trial: 246. Best value: 244.315:  30%|███       | 301/1000 [1:51:45<3:18:38, 17.05s/it]Best trial: 246. Best value: 244.315:  30%|███       | 302/1000 [1:51:45<3:34:58, 18.48s/it]                                                                                            Best trial: 246. Best value: 244.315:  30%|███       | 302/1000 [1:51:59<3:34:58, 18.48s/it]Best trial: 246. Best value: 244.315:  30%|███       | 302/1000 [1:51:59<3:34:58, 18.48s/it]Best trial: 246. Best value: 244.315:  30%|███       | 303/1000 [1:51:59<3:17:30, 17.00s/it]                                                                                            Best trial: 246. Best value: 244.315:  30%|███       | 303/1000 [1:52:24<3:17:30, 17.00s/it]Best trial: 246. Best value: 244.315:  30%|███       | 303/1000 [1:52:24<3:17:30, 17.00s/it]Best trial: 246. Best value: 244.315:  30%|███       | 304/1000 [1:52:24<3:44:25, 19.35s/it]                                                                                            Best trial: 246. Best value: 244.315:  30%|███       | 304/1000 [1:52:31<3:44:25, 19.35s/it]Best trial: 246. Best value: 244.315:  30%|███       | 304/1000 [1:52:31<3:44:25, 19.35s/it]Best trial: 246. Best value: 244.315:  30%|███       | 305/1000 [1:52:31<3:03:45, 15.86s/it]                                                                                            Best trial: 246. Best value: 244.315:  30%|███       | 305/1000 [1:52:47<3:03:45, 15.86s/it]Best trial: 246. Best value: 244.315:  30%|███       | 305/1000 [1:52:47<3:03:45, 15.86s/it]Best trial: 246. Best value: 244.315:  31%|███       | 306/1000 [1:52:47<3:01:01, 15.65s/it]                                                                                            Best trial: 246. Best value: 244.315:  31%|███       | 306/1000 [1:53:02<3:01:01, 15.65s/it]Best trial: 246. Best value: 244.315:  31%|███       | 306/1000 [1:53:02<3:01:01, 15.65s/it]Best trial: 246. Best value: 244.315:  31%|███       | 307/1000 [1:53:02<3:01:05, 15.68s/it]                                                                                            Best trial: 246. Best value: 244.315:  31%|███       | 307/1000 [1:53:26<3:01:05, 15.68s/it]Best trial: 246. Best value: 244.315:  31%|███       | 307/1000 [1:53:26<3:01:05, 15.68s/it]Best trial: 246. Best value: 244.315:  31%|███       | 308/1000 [1:53:26<3:28:14, 18.06s/it]                                                                                            Best trial: 246. Best value: 244.315:  31%|███       | 308/1000 [1:53:35<3:28:14, 18.06s/it]Best trial: 246. Best value: 244.315:  31%|███       | 308/1000 [1:53:35<3:28:14, 18.06s/it]Best trial: 246. Best value: 244.315:  31%|███       | 309/1000 [1:53:35<2:55:29, 15.24s/it]                                                                                            Best trial: 246. Best value: 244.315:  31%|███       | 309/1000 [1:54:00<2:55:29, 15.24s/it]Best trial: 246. Best value: 244.315:  31%|███       | 309/1000 [1:54:00<2:55:29, 15.24s/it]Best trial: 246. Best value: 244.315:  31%|███       | 310/1000 [1:54:00<3:31:14, 18.37s/it]                                                                                            Best trial: 246. Best value: 244.315:  31%|███       | 310/1000 [1:54:08<3:31:14, 18.37s/it]Best trial: 246. Best value: 244.315:  31%|███       | 310/1000 [1:54:08<3:31:14, 18.37s/it]Best trial: 246. Best value: 244.315:  31%|███       | 311/1000 [1:54:08<2:55:42, 15.30s/it]                                                                                            Best trial: 246. Best value: 244.315:  31%|███       | 311/1000 [1:54:49<2:55:42, 15.30s/it]Best trial: 246. Best value: 244.315:  31%|███       | 311/1000 [1:54:49<2:55:42, 15.30s/it]Best trial: 246. Best value: 244.315:  31%|███       | 312/1000 [1:54:49<4:22:19, 22.88s/it]                                                                                            Best trial: 246. Best value: 244.315:  31%|███       | 312/1000 [1:55:02<4:22:19, 22.88s/it]Best trial: 246. Best value: 244.315:  31%|███       | 312/1000 [1:55:02<4:22:19, 22.88s/it]Best trial: 246. Best value: 244.315:  31%|███▏      | 313/1000 [1:55:02<3:47:34, 19.88s/it]                                                                                            Best trial: 246. Best value: 244.315:  31%|███▏      | 313/1000 [1:55:43<3:47:34, 19.88s/it]Best trial: 246. Best value: 244.315:  31%|███▏      | 313/1000 [1:55:43<3:47:34, 19.88s/it]Best trial: 246. Best value: 244.315:  31%|███▏      | 314/1000 [1:55:43<4:59:47, 26.22s/it]                                                                                            Best trial: 246. Best value: 244.315:  31%|███▏      | 314/1000 [1:56:23<4:59:47, 26.22s/it]Best trial: 246. Best value: 244.315:  31%|███▏      | 314/1000 [1:56:23<4:59:47, 26.22s/it]Best trial: 246. Best value: 244.315:  32%|███▏      | 315/1000 [1:56:23<5:48:18, 30.51s/it]                                                                                            Best trial: 246. Best value: 244.315:  32%|███▏      | 315/1000 [1:56:48<5:48:18, 30.51s/it]Best trial: 246. Best value: 244.315:  32%|███▏      | 315/1000 [1:56:48<5:48:18, 30.51s/it]Best trial: 246. Best value: 244.315:  32%|███▏      | 316/1000 [1:56:48<5:26:37, 28.65s/it]                                                                                            Best trial: 246. Best value: 244.315:  32%|███▏      | 316/1000 [1:57:29<5:26:37, 28.65s/it]Best trial: 246. Best value: 244.315:  32%|███▏      | 316/1000 [1:57:29<5:26:37, 28.65s/it]Best trial: 246. Best value: 244.315:  32%|███▏      | 317/1000 [1:57:29<6:10:48, 32.57s/it]                                                                                            Best trial: 246. Best value: 244.315:  32%|███▏      | 317/1000 [1:57:37<6:10:48, 32.57s/it]Best trial: 246. Best value: 244.315:  32%|███▏      | 317/1000 [1:57:37<6:10:48, 32.57s/it]Best trial: 246. Best value: 244.315:  32%|███▏      | 318/1000 [1:57:37<4:44:11, 25.00s/it]                                                                                            [32m[I 2023-05-15 01:20:12,335][0m Trial 289 finished with value: 827.7562978002271 and parameters: {'c1': 1.866619372825586, 'c2': 1.2646564642928972, 'eps': 1.180951900427798, 'horizon': 4, 'discount': 0.7301339453219039}. Best is trial 246 with value: 244.31507276371707.[0m
[32m[I 2023-05-15 01:20:19,688][0m Trial 290 finished with value: 580.6088537669698 and parameters: {'c1': 2.5353615744149516, 'c2': 0.5305655833208829, 'eps': 2.121594800776507, 'horizon': 2, 'discount': 0.6397318078479605}. Best is trial 246 with value: 244.31507276371707.[0m
[32m[I 2023-05-15 01:20:57,726][0m Trial 291 finished with value: 545.6402224319669 and parameters: {'c1': 0.15251420370936852, 'c2': 1.7106840365140226, 'eps': 0.8938232554350747, 'horizon': 5, 'discount': 0.6874816868167167}. Best is trial 246 with value: 244.31507276371707.[0m
[32m[I 2023-05-15 01:21:39,804][0m Trial 292 finished with value: 1839.9105406315919 and parameters: {'c1': 2.933207526899529, 'c2': 2.209634594837897, 'eps': 2.292982540309606, 'horizon': 5, 'discount': 0.7177854554274359}. Best is trial 246 with value: 244.31507276371707.[0m
[32m[I 2023-05-15 01:22:21,319][0m Trial 293 finished with value: 701.5615100285959 and parameters: {'c1': 1.7595293420592353, 'c2': 0.6127870230482686, 'eps': 2.978569058023544, 'horizon': 5, 'discount': 0.9390974681790767}. Best is trial 246 with value: 244.31507276371707.[0m
[32m[I 2023-05-15 01:22:35,604][0m Trial 294 finished with value: 1242.1954344845792 and parameters: {'c1': 0.9745207817517431, 'c2': 2.5491759071860773, 'eps': 0.1294046258163493, 'horizon': 3, 'discount': 0.6518653199452648}. Best is trial 246 with value: 244.31507276371707.[0m
[32m[I 2023-05-15 01:22:49,711][0m Trial 295 finished with value: 941.657211793716 and parameters: {'c1': 2.6148568410124575, 'c2': 1.3833457536819376, 'eps': 1.1033224112502071, 'horizon': 3, 'discount': 0.6151840150494708}. Best is trial 246 with value: 244.31507276371707.[0m
[32m[I 2023-05-15 01:23:02,701][0m Trial 296 finished with value: 1100.045110655548 and parameters: {'c1': 0.4165002209277525, 'c2': 1.135993870547149, 'eps': 1.2614296229139443, 'horizon': 3, 'discount': 0.6711403130840634}. Best is trial 246 with value: 244.31507276371707.[0m
[32m[I 2023-05-15 01:23:15,227][0m Trial 297 finished with value: 797.3190107618763 and parameters: {'c1': 1.426022237395983, 'c2': 0.30084639131137425, 'eps': 2.9432823187006645, 'horizon': 3, 'discount': 0.6874111471953059}. Best is trial 246 with value: 244.31507276371707.[0m
[32m[I 2023-05-15 01:23:38,443][0m Trial 298 finished with value: 1198.3492040574781 and parameters: {'c1': 1.037272970550839, 'c2': 2.4025266041435924, 'eps': 0.6951725110225527, 'horizon': 4, 'discount': 0.6413647378744239}. Best is trial 246 with value: 244.31507276371707.[0m
[32m[I 2023-05-15 01:23:52,413][0m Trial 299 finished with value: 1089.8411493572737 and parameters: {'c1': 2.755606979993776, 'c2': 2.2112420327141873, 'eps': 2.271460629459689, 'horizon': 3, 'discount': 0.7499020079199836}. Best is trial 246 with value: 244.31507276371707.[0m
[32m[I 2023-05-15 01:24:07,165][0m Trial 300 finished with value: 1189.762662376379 and parameters: {'c1': 2.756030562325405, 'c2': 1.6165423045792149, 'eps': 1.4599315628950316, 'horizon': 3, 'discount': 0.9309813251082878}. Best is trial 246 with value: 244.31507276371707.[0m
[32m[I 2023-05-15 01:24:28,975][0m Trial 301 finished with value: 407.5620285899502 and parameters: {'c1': 0.5243419306705909, 'c2': 0.9868209030318373, 'eps': 0.8145149032545543, 'horizon': 4, 'discount': 0.6284047508174837}. Best is trial 246 with value: 244.31507276371707.[0m
[32m[I 2023-05-15 01:24:42,533][0m Trial 302 finished with value: 1475.3669218217503 and parameters: {'c1': 1.8259946074946984, 'c2': 0.935245895479683, 'eps': 2.3580088046635046, 'horizon': 3, 'discount': 0.8866438034767941}. Best is trial 246 with value: 244.31507276371707.[0m
[32m[I 2023-05-15 01:25:07,348][0m Trial 303 finished with value: 629.489174404889 and parameters: {'c1': 1.9343026016943734, 'c2': 0.5796724377939513, 'eps': 2.727478256464236, 'horizon': 4, 'discount': 0.9732592160347628}. Best is trial 246 with value: 244.31507276371707.[0m
[32m[I 2023-05-15 01:25:15,084][0m Trial 304 finished with value: 1256.1188112783364 and parameters: {'c1': 2.125238708536016, 'c2': 1.466649385947679, 'eps': 2.501794098679373, 'horizon': 2, 'discount': 0.7711248503420477}. Best is trial 246 with value: 244.31507276371707.[0m
[32m[I 2023-05-15 01:25:30,239][0m Trial 305 finished with value: 613.5262678213727 and parameters: {'c1': 0.8729588101954227, 'c2': 2.8945970909765277, 'eps': 1.663536063625318, 'horizon': 3, 'discount': 0.9587393775609433}. Best is trial 246 with value: 244.31507276371707.[0m
[32m[I 2023-05-15 01:25:45,985][0m Trial 306 finished with value: 1242.5357424970734 and parameters: {'c1': 0.8886982295873939, 'c2': 2.5732846968234693, 'eps': 1.7657817544709924, 'horizon': 3, 'discount': 0.6660039925331042}. Best is trial 246 with value: 244.31507276371707.[0m
[32m[I 2023-05-15 01:26:09,586][0m Trial 307 finished with value: 1128.2377098228492 and parameters: {'c1': 0.4696781376121695, 'c2': 1.7239489940655033, 'eps': 1.93675803381864, 'horizon': 4, 'discount': 0.8256424575006649}. Best is trial 246 with value: 244.31507276371707.[0m
[32m[I 2023-05-15 01:26:18,250][0m Trial 308 finished with value: 1198.3494018276222 and parameters: {'c1': 2.571230542593107, 'c2': 2.871117943840201, 'eps': 0.5058950713365977, 'horizon': 2, 'discount': 0.8443529730773253}. Best is trial 246 with value: 244.31507276371707.[0m
[32m[I 2023-05-15 01:26:43,926][0m Trial 309 finished with value: 517.1146285653721 and parameters: {'c1': 2.5212912372037826, 'c2': 2.6328692040466786, 'eps': 1.1597338125705627, 'horizon': 4, 'discount': 0.8900305143050358}. Best is trial 246 with value: 244.31507276371707.[0m
[32m[I 2023-05-15 01:26:52,069][0m Trial 310 finished with value: 829.7730725642032 and parameters: {'c1': 1.5950167885901, 'c2': 2.7584163046479504, 'eps': 2.6233435579923663, 'horizon': 2, 'discount': 0.9640788492262866}. Best is trial 246 with value: 244.31507276371707.[0m
[32m[I 2023-05-15 01:27:32,620][0m Trial 311 finished with value: 1082.6349861356919 and parameters: {'c1': 0.6931425734413569, 'c2': 1.7102045091877474, 'eps': 0.8006886516735476, 'horizon': 5, 'discount': 0.7951417377287366}. Best is trial 246 with value: 244.31507276371707.[0m
[32m[I 2023-05-15 01:27:45,495][0m Trial 312 finished with value: 514.299131173898 and parameters: {'c1': 1.0231893802837653, 'c2': 0.3702979461523359, 'eps': 1.2223365516809932, 'horizon': 3, 'discount': 0.7462932659772529}. Best is trial 246 with value: 244.31507276371707.[0m
[32m[I 2023-05-15 01:28:26,523][0m Trial 313 finished with value: 789.9401995998041 and parameters: {'c1': 1.0309302780518954, 'c2': 1.9029102699513758, 'eps': 0.312772429468998, 'horizon': 5, 'discount': 0.779341916575638}. Best is trial 246 with value: 244.31507276371707.[0m
[32m[I 2023-05-15 01:29:07,033][0m Trial 314 finished with value: 488.2054144563731 and parameters: {'c1': 1.6846757146395395, 'c2': 0.5003266901805236, 'eps': 1.3314974297720144, 'horizon': 5, 'discount': 0.7129602809283963}. Best is trial 246 with value: 244.31507276371707.[0m
[32m[I 2023-05-15 01:29:31,352][0m Trial 315 finished with value: 1455.6969960485728 and parameters: {'c1': 1.3905134453268402, 'c2': 2.96008329413037, 'eps': 2.8514817194795814, 'horizon': 4, 'discount': 0.9138455240969878}. Best is trial 246 with value: 244.31507276371707.[0m
[32m[I 2023-05-15 01:30:13,081][0m Trial 316 finished with value: 576.1370034786939 and parameters: {'c1': 0.05881421022725508, 'c2': 2.2852476195062366, 'eps': 1.5718490904709188, 'horizon': 5, 'discount': 0.9379773714647024}. Best is trial 246 with value: 244.31507276371707.[0m
[32m[I 2023-05-15 01:30:20,416][0m Trial 317 finished with value: 1225.2812289220947 and parameters: {'c1': 2.7910396420981662, 'c2': 2.0890712116280032, 'eps': 1.8839549613512294, 'horizon': 2, 'discount': 0.827817845638295}. Best is trial 246 with value: 244.31507276371707.[0m
