Best trial: 246. Best value: 244.315:  57%|█████▋    | 571/1000 [3:33:25<2:49:45, 23.74s/it]Best trial: 246. Best value: 244.315:  57%|█████▋    | 571/1000 [3:33:25<2:49:45, 23.74s/it]Best trial: 246. Best value: 244.315:  57%|█████▋    | 572/1000 [3:33:25<2:13:28, 18.71s/it]                                                                                            Best trial: 246. Best value: 244.315:  57%|█████▋    | 572/1000 [3:33:33<2:13:28, 18.71s/it]Best trial: 246. Best value: 244.315:  57%|█████▋    | 572/1000 [3:33:33<2:13:28, 18.71s/it]Best trial: 246. Best value: 244.315:  57%|█████▋    | 573/1000 [3:33:33<1:49:39, 15.41s/it]                                                                                            Best trial: 246. Best value: 244.315:  57%|█████▋    | 573/1000 [3:33:47<1:49:39, 15.41s/it]Best trial: 246. Best value: 244.315:  57%|█████▋    | 573/1000 [3:33:47<1:49:39, 15.41s/it]Best trial: 246. Best value: 244.315:  57%|█████▋    | 574/1000 [3:33:47<1:46:08, 14.95s/it]                                                                                            Best trial: 246. Best value: 244.315:  57%|█████▋    | 574/1000 [3:34:01<1:46:08, 14.95s/it]Best trial: 246. Best value: 244.315:  57%|█████▋    | 574/1000 [3:34:01<1:46:08, 14.95s/it]Best trial: 246. Best value: 244.315:  57%|█████▊    | 575/1000 [3:34:01<1:45:05, 14.84s/it]                                                                                            Best trial: 246. Best value: 244.315:  57%|█████▊    | 575/1000 [3:34:15<1:45:05, 14.84s/it]Best trial: 246. Best value: 244.315:  57%|█████▊    | 575/1000 [3:34:15<1:45:05, 14.84s/it]Best trial: 246. Best value: 244.315:  58%|█████▊    | 576/1000 [3:34:15<1:43:21, 14.63s/it]                                                                                            Best trial: 246. Best value: 244.315:  58%|█████▊    | 576/1000 [3:34:57<1:43:21, 14.63s/it]Best trial: 246. Best value: 244.315:  58%|█████▊    | 576/1000 [3:34:57<1:43:21, 14.63s/it]Best trial: 246. Best value: 244.315:  58%|█████▊    | 577/1000 [3:34:57<2:41:11, 22.86s/it]                                                                                            Best trial: 246. Best value: 244.315:  58%|█████▊    | 577/1000 [3:35:10<2:41:11, 22.86s/it]Best trial: 246. Best value: 244.315:  58%|█████▊    | 577/1000 [3:35:10<2:41:11, 22.86s/it]Best trial: 246. Best value: 244.315:  58%|█████▊    | 578/1000 [3:35:10<2:19:40, 19.86s/it]                                                                                            Best trial: 246. Best value: 244.315:  58%|█████▊    | 578/1000 [3:35:49<2:19:40, 19.86s/it]Best trial: 246. Best value: 244.315:  58%|█████▊    | 578/1000 [3:35:49<2:19:40, 19.86s/it]Best trial: 246. Best value: 244.315:  58%|█████▊    | 579/1000 [3:35:49<2:59:07, 25.53s/it]                                                                                            Best trial: 246. Best value: 244.315:  58%|█████▊    | 579/1000 [3:35:56<2:59:07, 25.53s/it]Best trial: 246. Best value: 244.315:  58%|█████▊    | 579/1000 [3:35:56<2:59:07, 25.53s/it]Best trial: 246. Best value: 244.315:  58%|█████▊    | 580/1000 [3:35:56<2:20:02, 20.01s/it]                                                                                            Best trial: 246. Best value: 244.315:  58%|█████▊    | 580/1000 [3:36:10<2:20:02, 20.01s/it]Best trial: 246. Best value: 244.315:  58%|█████▊    | 580/1000 [3:36:10<2:20:02, 20.01s/it]Best trial: 246. Best value: 244.315:  58%|█████▊    | 581/1000 [3:36:10<2:07:41, 18.29s/it]                                                                                            Best trial: 246. Best value: 244.315:  58%|█████▊    | 581/1000 [3:36:51<2:07:41, 18.29s/it]Best trial: 246. Best value: 244.315:  58%|█████▊    | 581/1000 [3:36:51<2:07:41, 18.29s/it]Best trial: 246. Best value: 244.315:  58%|█████▊    | 582/1000 [3:36:51<2:53:07, 24.85s/it]                                                                                            Best trial: 246. Best value: 244.315:  58%|█████▊    | 582/1000 [3:37:04<2:53:07, 24.85s/it]Best trial: 246. Best value: 244.315:  58%|█████▊    | 582/1000 [3:37:04<2:53:07, 24.85s/it]Best trial: 246. Best value: 244.315:  58%|█████▊    | 583/1000 [3:37:04<2:29:31, 21.51s/it]                                                                                            Best trial: 246. Best value: 244.315:  58%|█████▊    | 583/1000 [3:37:48<2:29:31, 21.51s/it]Best trial: 246. Best value: 244.315:  58%|█████▊    | 583/1000 [3:37:48<2:29:31, 21.51s/it]Best trial: 246. Best value: 244.315:  58%|█████▊    | 584/1000 [3:37:48<3:15:20, 28.17s/it]                                                                                            Best trial: 246. Best value: 244.315:  58%|█████▊    | 584/1000 [3:37:55<3:15:20, 28.17s/it]Best trial: 246. Best value: 244.315:  58%|█████▊    | 584/1000 [3:37:55<3:15:20, 28.17s/it]Best trial: 246. Best value: 244.315:  58%|█████▊    | 585/1000 [3:37:55<2:31:21, 21.88s/it]                                                                                            Best trial: 246. Best value: 244.315:  58%|█████▊    | 585/1000 [3:38:19<2:31:21, 21.88s/it]Best trial: 246. Best value: 244.315:  58%|█████▊    | 585/1000 [3:38:19<2:31:21, 21.88s/it]Best trial: 246. Best value: 244.315:  59%|█████▊    | 586/1000 [3:38:19<2:34:42, 22.42s/it]                                                                                            Best trial: 246. Best value: 244.315:  59%|█████▊    | 586/1000 [3:38:43<2:34:42, 22.42s/it]Best trial: 246. Best value: 244.315:  59%|█████▊    | 586/1000 [3:38:43<2:34:42, 22.42s/it]Best trial: 246. Best value: 244.315:  59%|█████▊    | 587/1000 [3:38:43<2:36:42, 22.77s/it]                                                                                            Best trial: 246. Best value: 244.315:  59%|█████▊    | 587/1000 [3:38:50<2:36:42, 22.77s/it]Best trial: 246. Best value: 244.315:  59%|█████▊    | 587/1000 [3:38:50<2:36:42, 22.77s/it]Best trial: 246. Best value: 244.315:  59%|█████▉    | 588/1000 [3:38:50<2:05:06, 18.22s/it]                                                                                            Best trial: 246. Best value: 244.315:  59%|█████▉    | 588/1000 [3:39:04<2:05:06, 18.22s/it]Best trial: 246. Best value: 244.315:  59%|█████▉    | 588/1000 [3:39:04<2:05:06, 18.22s/it]Best trial: 246. Best value: 244.315:  59%|█████▉    | 589/1000 [3:39:04<1:56:10, 16.96s/it]                                                                                            Best trial: 246. Best value: 244.315:  59%|█████▉    | 589/1000 [3:39:11<1:56:10, 16.96s/it]Best trial: 246. Best value: 244.315:  59%|█████▉    | 589/1000 [3:39:11<1:56:10, 16.96s/it]Best trial: 246. Best value: 244.315:  59%|█████▉    | 590/1000 [3:39:11<1:35:42, 14.00s/it]                                                                                            Best trial: 246. Best value: 244.315:  59%|█████▉    | 590/1000 [3:39:34<1:35:42, 14.00s/it]Best trial: 246. Best value: 244.315:  59%|█████▉    | 590/1000 [3:39:34<1:35:42, 14.00s/it]Best trial: 246. Best value: 244.315:  59%|█████▉    | 591/1000 [3:39:34<1:53:01, 16.58s/it]                                                                                            Best trial: 246. Best value: 244.315:  59%|█████▉    | 591/1000 [3:39:41<1:53:01, 16.58s/it]Best trial: 246. Best value: 244.315:  59%|█████▉    | 591/1000 [3:39:41<1:53:01, 16.58s/it]Best trial: 246. Best value: 244.315:  59%|█████▉    | 592/1000 [3:39:41<1:33:56, 13.82s/it]                                                                                            Best trial: 246. Best value: 244.315:  59%|█████▉    | 592/1000 [3:40:22<1:33:56, 13.82s/it]Best trial: 246. Best value: 244.315:  59%|█████▉    | 592/1000 [3:40:22<1:33:56, 13.82s/it]Best trial: 246. Best value: 244.315:  59%|█████▉    | 593/1000 [3:40:22<2:28:13, 21.85s/it]                                                                                            Best trial: 246. Best value: 244.315:  59%|█████▉    | 593/1000 [3:41:00<2:28:13, 21.85s/it]Best trial: 246. Best value: 244.315:  59%|█████▉    | 593/1000 [3:41:00<2:28:13, 21.85s/it]Best trial: 246. Best value: 244.315:  59%|█████▉    | 594/1000 [3:41:00<3:01:35, 26.84s/it]                                                                                            Best trial: 246. Best value: 244.315:  59%|█████▉    | 594/1000 [3:41:40<3:01:35, 26.84s/it]Best trial: 246. Best value: 244.315:  59%|█████▉    | 594/1000 [3:41:40<3:01:35, 26.84s/it]Best trial: 246. Best value: 244.315:  60%|█████▉    | 595/1000 [3:41:40<3:26:23, 30.58s/it]                                                                                            Best trial: 246. Best value: 244.315:  60%|█████▉    | 595/1000 [3:41:53<3:26:23, 30.58s/it]Best trial: 246. Best value: 244.315:  60%|█████▉    | 595/1000 [3:41:53<3:26:23, 30.58s/it]Best trial: 246. Best value: 244.315:  60%|█████▉    | 596/1000 [3:41:53<2:51:50, 25.52s/it]                                                                                            Best trial: 246. Best value: 244.315:  60%|█████▉    | 596/1000 [3:42:17<2:51:50, 25.52s/it]Best trial: 246. Best value: 244.315:  60%|█████▉    | 596/1000 [3:42:17<2:51:50, 25.52s/it]Best trial: 246. Best value: 244.315:  60%|█████▉    | 597/1000 [3:42:17<2:48:21, 25.07s/it]                                                                                            Best trial: 246. Best value: 244.315:  60%|█████▉    | 597/1000 [3:42:31<2:48:21, 25.07s/it]Best trial: 246. Best value: 244.315:  60%|█████▉    | 597/1000 [3:42:31<2:48:21, 25.07s/it]Best trial: 246. Best value: 244.315:  60%|█████▉    | 598/1000 [3:42:31<2:25:44, 21.75s/it]                                                                                            Best trial: 246. Best value: 244.315:  60%|█████▉    | 598/1000 [3:42:45<2:25:44, 21.75s/it]Best trial: 246. Best value: 244.315:  60%|█████▉    | 598/1000 [3:42:45<2:25:44, 21.75s/it]Best trial: 246. Best value: 244.315:  60%|█████▉    | 599/1000 [3:42:45<2:09:51, 19.43s/it]                                                                                            [32m[I 2023-05-15 03:06:08,708][0m Trial 571 finished with value: 1288.5851239067651 and parameters: {'c1': 0.28037810271335917, 'c2': 1.140691546150678, 'eps': 1.8588558931564703, 'horizon': 2, 'discount': 0.6543219049766459}. Best is trial 246 with value: 244.31507276371707.[0m
[32m[I 2023-05-15 03:06:16,411][0m Trial 572 finished with value: 843.3200294061779 and parameters: {'c1': 1.9361069438488518, 'c2': 1.8542044319126751, 'eps': 1.301430466830772, 'horizon': 2, 'discount': 0.6636953061539266}. Best is trial 246 with value: 244.31507276371707.[0m
[32m[I 2023-05-15 03:06:30,291][0m Trial 573 finished with value: 292.744075322247 and parameters: {'c1': 2.061073266904148, 'c2': 0.6519201633688247, 'eps': 0.6727176063135454, 'horizon': 3, 'discount': 0.7265695559618093}. Best is trial 246 with value: 244.31507276371707.[0m
[32m[I 2023-05-15 03:06:44,865][0m Trial 574 finished with value: 1348.347186624624 and parameters: {'c1': 2.304857989759033, 'c2': 1.0590840079483814, 'eps': 2.365207134126337, 'horizon': 3, 'discount': 0.7603566449097842}. Best is trial 246 with value: 244.31507276371707.[0m
[32m[I 2023-05-15 03:06:58,999][0m Trial 575 finished with value: 402.79144954475237 and parameters: {'c1': 2.1439526810383684, 'c2': 2.9593024034019404, 'eps': 2.4142817380099335, 'horizon': 3, 'discount': 0.6291675789972001}. Best is trial 246 with value: 244.31507276371707.[0m
[32m[I 2023-05-15 03:07:41,084][0m Trial 576 finished with value: 1340.5560865470823 and parameters: {'c1': 2.4609431707865466, 'c2': 2.7893445195239654, 'eps': 1.0972634882836403, 'horizon': 5, 'discount': 0.7603268473936365}. Best is trial 246 with value: 244.31507276371707.[0m
[32m[I 2023-05-15 03:07:53,935][0m Trial 577 finished with value: 998.9206152250667 and parameters: {'c1': 1.3503065111128107, 'c2': 0.6695967881339907, 'eps': 2.7748096888015996, 'horizon': 3, 'discount': 0.6779809647292049}. Best is trial 246 with value: 244.31507276371707.[0m
[32m[I 2023-05-15 03:08:32,686][0m Trial 578 finished with value: 1086.033431963123 and parameters: {'c1': 0.5940715623316427, 'c2': 1.0352804138340983, 'eps': 2.8674225002498352, 'horizon': 5, 'discount': 0.7849183524098488}. Best is trial 246 with value: 244.31507276371707.[0m
[32m[I 2023-05-15 03:08:39,813][0m Trial 579 finished with value: 330.1746186194619 and parameters: {'c1': 2.3623113918643126, 'c2': 1.4495233372325864, 'eps': 1.8099036898138214, 'horizon': 2, 'discount': 0.7818094696259794}. Best is trial 246 with value: 244.31507276371707.[0m
[32m[I 2023-05-15 03:08:54,081][0m Trial 580 finished with value: 2064.2509563809717 and parameters: {'c1': 2.908825885708647, 'c2': 0.3609468650071399, 'eps': 1.6343743849448777, 'horizon': 3, 'discount': 0.9707444734154669}. Best is trial 246 with value: 244.31507276371707.[0m
[32m[I 2023-05-15 03:09:34,253][0m Trial 581 finished with value: 944.0384924949783 and parameters: {'c1': 1.2615994736115286, 'c2': 0.9534857244755713, 'eps': 0.5547796164497577, 'horizon': 5, 'discount': 0.7945413743877263}. Best is trial 246 with value: 244.31507276371707.[0m
[32m[I 2023-05-15 03:09:47,977][0m Trial 582 finished with value: 1231.9605038954924 and parameters: {'c1': 1.028539878039276, 'c2': 0.614601000531777, 'eps': 2.5539028854707713, 'horizon': 3, 'discount': 0.6673923515463127}. Best is trial 246 with value: 244.31507276371707.[0m
[32m[I 2023-05-15 03:10:31,692][0m Trial 583 finished with value: 1174.3963195892172 and parameters: {'c1': 1.7556047027664208, 'c2': 2.017266228612308, 'eps': 1.1142360563834925, 'horizon': 5, 'discount': 0.6725619509428705}. Best is trial 246 with value: 244.31507276371707.[0m
[32m[I 2023-05-15 03:10:38,900][0m Trial 584 finished with value: 941.5146514051927 and parameters: {'c1': 0.27277076502136, 'c2': 1.7653931166964205, 'eps': 0.8268359939314474, 'horizon': 2, 'discount': 0.888105510907474}. Best is trial 246 with value: 244.31507276371707.[0m
[32m[I 2023-05-15 03:11:02,579][0m Trial 585 finished with value: 877.6080058680654 and parameters: {'c1': 0.4561005570840003, 'c2': 1.1675682614003635, 'eps': 1.5974458939422185, 'horizon': 4, 'discount': 0.7307740932467541}. Best is trial 246 with value: 244.31507276371707.[0m
[32m[I 2023-05-15 03:11:26,148][0m Trial 586 finished with value: 882.2117383018451 and parameters: {'c1': 2.2415029578119112, 'c2': 1.6424788801755623, 'eps': 1.2234731250720154, 'horizon': 4, 'discount': 0.6277612933598785}. Best is trial 246 with value: 244.31507276371707.[0m
[32m[I 2023-05-15 03:11:33,760][0m Trial 587 finished with value: 1188.1534070987868 and parameters: {'c1': 2.4592291524024414, 'c2': 1.1416774958341702, 'eps': 1.8243923367117503, 'horizon': 2, 'discount': 0.6957078789100334}. Best is trial 246 with value: 244.31507276371707.[0m
[32m[I 2023-05-15 03:11:47,777][0m Trial 588 finished with value: 427.6147039411735 and parameters: {'c1': 2.699552275456411, 'c2': 0.24338658387773704, 'eps': 1.257042230329398, 'horizon': 3, 'discount': 0.7573008210162181}. Best is trial 246 with value: 244.31507276371707.[0m
[32m[I 2023-05-15 03:11:54,890][0m Trial 589 finished with value: 391.90365751861793 and parameters: {'c1': 2.356895642044522, 'c2': 0.07159503241622578, 'eps': 2.76988448493341, 'horizon': 2, 'discount': 0.8014880231161373}. Best is trial 246 with value: 244.31507276371707.[0m
[32m[I 2023-05-15 03:12:17,478][0m Trial 590 finished with value: 1172.0012470993704 and parameters: {'c1': 1.4306181089519527, 'c2': 2.1079036969828877, 'eps': 1.0903532047678044, 'horizon': 4, 'discount': 0.8493394522153241}. Best is trial 246 with value: 244.31507276371707.[0m
[32m[I 2023-05-15 03:12:24,842][0m Trial 591 finished with value: 624.9399107356116 and parameters: {'c1': 2.1268048754198934, 'c2': 0.9194954296952224, 'eps': 1.884613435318215, 'horizon': 2, 'discount': 0.658287386483973}. Best is trial 246 with value: 244.31507276371707.[0m
[32m[I 2023-05-15 03:13:05,442][0m Trial 592 finished with value: 1334.042740597362 and parameters: {'c1': 2.057629071391068, 'c2': 0.5155502296580887, 'eps': 0.8172642121437457, 'horizon': 5, 'discount': 0.7670201234039472}. Best is trial 246 with value: 244.31507276371707.[0m
[32m[I 2023-05-15 03:13:43,911][0m Trial 593 finished with value: 1365.8868610623304 and parameters: {'c1': 0.4584459820179567, 'c2': 0.8709550005738064, 'eps': 1.228462331314252, 'horizon': 5, 'discount': 0.7016726445155401}. Best is trial 246 with value: 244.31507276371707.[0m
[32m[I 2023-05-15 03:14:23,214][0m Trial 594 finished with value: 1242.2745588179428 and parameters: {'c1': 0.17113021018621577, 'c2': 0.7717578190187667, 'eps': 1.0538402460497789, 'horizon': 5, 'discount': 0.8701998521620959}. Best is trial 246 with value: 244.31507276371707.[0m
[32m[I 2023-05-15 03:14:36,942][0m Trial 595 finished with value: 1192.3859118587718 and parameters: {'c1': 2.097597605971795, 'c2': 1.5742433517932317, 'eps': 0.1828605911140878, 'horizon': 3, 'discount': 0.6409615832975354}. Best is trial 246 with value: 244.31507276371707.[0m
[32m[I 2023-05-15 03:15:00,940][0m Trial 596 finished with value: 1275.3585115002236 and parameters: {'c1': 0.025958199288979578, 'c2': 2.1383206819585943, 'eps': 2.723369368704241, 'horizon': 4, 'discount': 0.6522035671017435}. Best is trial 246 with value: 244.31507276371707.[0m
[32m[I 2023-05-15 03:15:14,964][0m Trial 597 finished with value: 1457.6393201229396 and parameters: {'c1': 0.6099400385022631, 'c2': 1.923494832492847, 'eps': 1.7393156907291014, 'horizon': 3, 'discount': 0.9148564879404311}. Best is trial 246 with value: 244.31507276371707.[0m
[32m[I 2023-05-15 03:15:28,974][0m Trial 598 finished with value: 1445.6025515462175 and parameters: {'c1': 1.423650943697862, 'c2': 2.750637938328249, 'eps': 2.6562495126651453, 'horizon': 3, 'discount': 0.6915720619900624}. Best is trial 246 with value: 244.31507276371707.[0m
