Best trial: 246. Best value: 244.315:  37%|███▋      | 374/1000 [2:18:09<4:45:09, 27.33s/it]Best trial: 246. Best value: 244.315:  37%|███▋      | 374/1000 [2:18:09<4:45:09, 27.33s/it]Best trial: 246. Best value: 244.315:  38%|███▊      | 375/1000 [2:18:09<4:32:52, 26.20s/it]                                                                                            Best trial: 246. Best value: 244.315:  38%|███▊      | 375/1000 [2:18:23<4:32:52, 26.20s/it]Best trial: 246. Best value: 244.315:  38%|███▊      | 375/1000 [2:18:23<4:32:52, 26.20s/it]Best trial: 246. Best value: 244.315:  38%|███▊      | 376/1000 [2:18:23<3:53:44, 22.48s/it]                                                                                            Best trial: 246. Best value: 244.315:  38%|███▊      | 376/1000 [2:18:30<3:53:44, 22.48s/it]Best trial: 246. Best value: 244.315:  38%|███▊      | 376/1000 [2:18:30<3:53:44, 22.48s/it]Best trial: 246. Best value: 244.315:  38%|███▊      | 377/1000 [2:18:30<3:04:29, 17.77s/it]                                                                                            Best trial: 246. Best value: 244.315:  38%|███▊      | 377/1000 [2:18:37<3:04:29, 17.77s/it]Best trial: 246. Best value: 244.315:  38%|███▊      | 377/1000 [2:18:37<3:04:29, 17.77s/it]Best trial: 246. Best value: 244.315:  38%|███▊      | 378/1000 [2:18:37<2:32:23, 14.70s/it]                                                                                            Best trial: 246. Best value: 244.315:  38%|███▊      | 378/1000 [2:19:20<2:32:23, 14.70s/it]Best trial: 246. Best value: 244.315:  38%|███▊      | 378/1000 [2:19:20<2:32:23, 14.70s/it]Best trial: 246. Best value: 244.315:  38%|███▊      | 379/1000 [2:19:20<3:59:24, 23.13s/it]                                                                                            Best trial: 246. Best value: 244.315:  38%|███▊      | 379/1000 [2:20:01<3:59:24, 23.13s/it]Best trial: 246. Best value: 244.315:  38%|███▊      | 379/1000 [2:20:01<3:59:24, 23.13s/it]Best trial: 246. Best value: 244.315:  38%|███▊      | 380/1000 [2:20:01<4:52:47, 28.33s/it]                                                                                            Best trial: 246. Best value: 244.315:  38%|███▊      | 380/1000 [2:20:14<4:52:47, 28.33s/it]Best trial: 246. Best value: 244.315:  38%|███▊      | 380/1000 [2:20:14<4:52:47, 28.33s/it]Best trial: 246. Best value: 244.315:  38%|███▊      | 381/1000 [2:20:14<4:07:06, 23.95s/it]                                                                                            Best trial: 246. Best value: 244.315:  38%|███▊      | 381/1000 [2:20:29<4:07:06, 23.95s/it]Best trial: 246. Best value: 244.315:  38%|███▊      | 381/1000 [2:20:29<4:07:06, 23.95s/it]Best trial: 246. Best value: 244.315:  38%|███▊      | 382/1000 [2:20:29<3:38:01, 21.17s/it]                                                                                            Best trial: 246. Best value: 244.315:  38%|███▊      | 382/1000 [2:21:07<3:38:01, 21.17s/it]Best trial: 246. Best value: 244.315:  38%|███▊      | 382/1000 [2:21:07<3:38:01, 21.17s/it]Best trial: 246. Best value: 244.315:  38%|███▊      | 383/1000 [2:21:07<4:29:20, 26.19s/it]                                                                                            Best trial: 246. Best value: 244.315:  38%|███▊      | 383/1000 [2:21:29<4:29:20, 26.19s/it]Best trial: 246. Best value: 244.315:  38%|███▊      | 383/1000 [2:21:29<4:29:20, 26.19s/it]Best trial: 246. Best value: 244.315:  38%|███▊      | 384/1000 [2:21:29<4:16:21, 24.97s/it]                                                                                            Best trial: 246. Best value: 244.315:  38%|███▊      | 384/1000 [2:21:43<4:16:21, 24.97s/it]Best trial: 246. Best value: 244.315:  38%|███▊      | 384/1000 [2:21:43<4:16:21, 24.97s/it]Best trial: 246. Best value: 244.315:  38%|███▊      | 385/1000 [2:21:43<3:43:09, 21.77s/it]                                                                                            Best trial: 246. Best value: 244.315:  38%|███▊      | 385/1000 [2:22:07<3:43:09, 21.77s/it]Best trial: 246. Best value: 244.315:  38%|███▊      | 385/1000 [2:22:07<3:43:09, 21.77s/it]Best trial: 246. Best value: 244.315:  39%|███▊      | 386/1000 [2:22:07<3:48:39, 22.34s/it]                                                                                            Best trial: 246. Best value: 244.315:  39%|███▊      | 386/1000 [2:22:50<3:48:39, 22.34s/it]Best trial: 246. Best value: 244.315:  39%|███▊      | 386/1000 [2:22:50<3:48:39, 22.34s/it]Best trial: 246. Best value: 244.315:  39%|███▊      | 387/1000 [2:22:50<4:50:32, 28.44s/it]                                                                                            Best trial: 246. Best value: 244.315:  39%|███▊      | 387/1000 [2:22:57<4:50:32, 28.44s/it]Best trial: 246. Best value: 244.315:  39%|███▊      | 387/1000 [2:22:57<4:50:32, 28.44s/it]Best trial: 246. Best value: 244.315:  39%|███▉      | 388/1000 [2:22:57<3:46:17, 22.19s/it]                                                                                            Best trial: 246. Best value: 244.315:  39%|███▉      | 388/1000 [2:23:11<3:46:17, 22.19s/it]Best trial: 246. Best value: 244.315:  39%|███▉      | 388/1000 [2:23:11<3:46:17, 22.19s/it]Best trial: 246. Best value: 244.315:  39%|███▉      | 389/1000 [2:23:11<3:19:32, 19.60s/it]                                                                                            Best trial: 246. Best value: 244.315:  39%|███▉      | 389/1000 [2:23:51<3:19:32, 19.60s/it]Best trial: 246. Best value: 244.315:  39%|███▉      | 389/1000 [2:23:51<3:19:32, 19.60s/it]Best trial: 246. Best value: 244.315:  39%|███▉      | 390/1000 [2:23:51<4:22:30, 25.82s/it]                                                                                            Best trial: 246. Best value: 244.315:  39%|███▉      | 390/1000 [2:23:59<4:22:30, 25.82s/it]Best trial: 246. Best value: 244.315:  39%|███▉      | 390/1000 [2:23:59<4:22:30, 25.82s/it]Best trial: 246. Best value: 244.315:  39%|███▉      | 391/1000 [2:23:59<3:27:25, 20.44s/it]                                                                                            Best trial: 246. Best value: 244.315:  39%|███▉      | 391/1000 [2:24:22<3:27:25, 20.44s/it]Best trial: 246. Best value: 244.315:  39%|███▉      | 391/1000 [2:24:22<3:27:25, 20.44s/it]Best trial: 246. Best value: 244.315:  39%|███▉      | 392/1000 [2:24:22<3:35:44, 21.29s/it]                                                                                            Best trial: 246. Best value: 244.315:  39%|███▉      | 392/1000 [2:25:01<3:35:44, 21.29s/it]Best trial: 246. Best value: 244.315:  39%|███▉      | 392/1000 [2:25:01<3:35:44, 21.29s/it]Best trial: 246. Best value: 244.315:  39%|███▉      | 393/1000 [2:25:01<4:28:30, 26.54s/it]                                                                                            Best trial: 246. Best value: 244.315:  39%|███▉      | 393/1000 [2:25:40<4:28:30, 26.54s/it]Best trial: 246. Best value: 244.315:  39%|███▉      | 393/1000 [2:25:40<4:28:30, 26.54s/it]Best trial: 246. Best value: 244.315:  39%|███▉      | 394/1000 [2:25:40<5:04:48, 30.18s/it]                                                                                            Best trial: 246. Best value: 244.315:  39%|███▉      | 394/1000 [2:26:22<5:04:48, 30.18s/it]Best trial: 246. Best value: 244.315:  39%|███▉      | 394/1000 [2:26:22<5:04:48, 30.18s/it]Best trial: 246. Best value: 244.315:  40%|███▉      | 395/1000 [2:26:22<5:41:03, 33.82s/it]                                                                                            Best trial: 246. Best value: 244.315:  40%|███▉      | 395/1000 [2:26:35<5:41:03, 33.82s/it]Best trial: 246. Best value: 244.315:  40%|███▉      | 395/1000 [2:26:35<5:41:03, 33.82s/it]Best trial: 246. Best value: 244.315:  40%|███▉      | 396/1000 [2:26:35<4:37:07, 27.53s/it]                                                                                            Best trial: 246. Best value: 244.315:  40%|███▉      | 396/1000 [2:27:18<4:37:07, 27.53s/it]Best trial: 246. Best value: 244.315:  40%|███▉      | 396/1000 [2:27:18<4:37:07, 27.53s/it]Best trial: 246. Best value: 244.315:  40%|███▉      | 397/1000 [2:27:18<5:22:48, 32.12s/it]                                                                                            Best trial: 246. Best value: 244.315:  40%|███▉      | 397/1000 [2:27:57<5:22:48, 32.12s/it]Best trial: 246. Best value: 244.315:  40%|███▉      | 397/1000 [2:27:57<5:22:48, 32.12s/it]Best trial: 246. Best value: 244.315:  40%|███▉      | 398/1000 [2:27:57<5:43:32, 34.24s/it]                                                                                            Best trial: 246. Best value: 244.315:  40%|███▉      | 398/1000 [2:28:04<5:43:32, 34.24s/it]Best trial: 246. Best value: 244.315:  40%|███▉      | 398/1000 [2:28:04<5:43:32, 34.24s/it]Best trial: 246. Best value: 244.315:  40%|███▉      | 399/1000 [2:28:04<4:22:38, 26.22s/it]                                                                                            Best trial: 246. Best value: 244.315:  40%|███▉      | 399/1000 [2:28:29<4:22:38, 26.22s/it]Best trial: 246. Best value: 244.315:  40%|███▉      | 399/1000 [2:28:29<4:22:38, 26.22s/it]Best trial: 246. Best value: 244.315:  40%|████      | 400/1000 [2:28:29<4:15:49, 25.58s/it]                                                                                            Best trial: 246. Best value: 244.315:  40%|████      | 400/1000 [2:29:10<4:15:49, 25.58s/it]Best trial: 246. Best value: 244.315:  40%|████      | 400/1000 [2:29:10<4:15:49, 25.58s/it]Best trial: 246. Best value: 244.315:  40%|████      | 401/1000 [2:29:10<5:02:26, 30.30s/it]                                                                                            Best trial: 246. Best value: 244.315:  40%|████      | 401/1000 [2:29:17<5:02:26, 30.30s/it]Best trial: 246. Best value: 244.315:  40%|████      | 401/1000 [2:29:17<5:02:26, 30.30s/it]Best trial: 246. Best value: 244.315:  40%|████      | 402/1000 [2:29:17<3:53:02, 23.38s/it]                                                                                            [32m[I 2023-05-15 01:50:52,759][0m Trial 374 finished with value: 987.851282155855 and parameters: {'c1': 2.3664769578089353, 'c2': 0.5320440078948953, 'eps': 1.5831757511007871, 'horizon': 4, 'discount': 0.9355421209950827}. Best is trial 246 with value: 244.31507276371707.[0m
[32m[I 2023-05-15 01:51:06,553][0m Trial 375 finished with value: 901.719816968553 and parameters: {'c1': 0.9812989857014274, 'c2': 1.331841063938153, 'eps': 0.14338821038298197, 'horizon': 3, 'discount': 0.9811492088532108}. Best is trial 246 with value: 244.31507276371707.[0m
[32m[I 2023-05-15 01:51:13,337][0m Trial 376 finished with value: 727.8527434305943 and parameters: {'c1': 1.054229498482377, 'c2': 0.23818759082197294, 'eps': 0.18117633365502467, 'horizon': 2, 'discount': 0.7164048457322966}. Best is trial 246 with value: 244.31507276371707.[0m
[32m[I 2023-05-15 01:51:20,878][0m Trial 377 finished with value: 1395.1010802894668 and parameters: {'c1': 0.08830634929677328, 'c2': 1.4547804518690213, 'eps': 1.4903006616865984, 'horizon': 2, 'discount': 0.9110926722466323}. Best is trial 246 with value: 244.31507276371707.[0m
[32m[I 2023-05-15 01:52:03,683][0m Trial 378 finished with value: 970.7223337801375 and parameters: {'c1': 2.1213976076657586, 'c2': 2.350609507017877, 'eps': 2.0162675205990634, 'horizon': 5, 'discount': 0.7986235443725516}. Best is trial 246 with value: 244.31507276371707.[0m
[32m[I 2023-05-15 01:52:44,157][0m Trial 379 finished with value: 301.2832034981359 and parameters: {'c1': 2.701129556353773, 'c2': 0.033572013935176725, 'eps': 0.1382006170845817, 'horizon': 5, 'discount': 0.7501436972392672}. Best is trial 246 with value: 244.31507276371707.[0m
[32m[I 2023-05-15 01:52:57,884][0m Trial 380 finished with value: 367.0052185773753 and parameters: {'c1': 1.7160144026072506, 'c2': 2.565136391174647, 'eps': 1.424670247194885, 'horizon': 3, 'discount': 0.8566147416272898}. Best is trial 246 with value: 244.31507276371707.[0m
[32m[I 2023-05-15 01:53:12,557][0m Trial 381 finished with value: 1539.9877435623187 and parameters: {'c1': 0.14633736835872457, 'c2': 2.5564665380600697, 'eps': 0.8455726778402838, 'horizon': 3, 'discount': 0.9342066596197907}. Best is trial 246 with value: 244.31507276371707.[0m
[32m[I 2023-05-15 01:53:50,471][0m Trial 382 finished with value: 978.2902462078916 and parameters: {'c1': 2.8263277903973902, 'c2': 0.3447334367652709, 'eps': 1.1683355561038742, 'horizon': 5, 'discount': 0.6182647318820239}. Best is trial 246 with value: 244.31507276371707.[0m
[32m[I 2023-05-15 01:54:12,587][0m Trial 383 finished with value: 559.1232290413103 and parameters: {'c1': 0.44117222645967213, 'c2': 1.2948446941598957, 'eps': 2.5962535151255817, 'horizon': 4, 'discount': 0.75208784215631}. Best is trial 246 with value: 244.31507276371707.[0m
[32m[I 2023-05-15 01:54:26,899][0m Trial 384 finished with value: 1061.6548880108935 and parameters: {'c1': 0.725380504489209, 'c2': 2.7854051530357387, 'eps': 1.4807233233956696, 'horizon': 3, 'discount': 0.7426398745647561}. Best is trial 246 with value: 244.31507276371707.[0m
[32m[I 2023-05-15 01:54:50,577][0m Trial 385 finished with value: 840.892606255035 and parameters: {'c1': 0.773550165805552, 'c2': 2.701654593235946, 'eps': 2.197198502345039, 'horizon': 4, 'discount': 0.8406041405906948}. Best is trial 246 with value: 244.31507276371707.[0m
[32m[I 2023-05-15 01:55:33,237][0m Trial 386 finished with value: 1338.5141203942142 and parameters: {'c1': 2.2397495884267045, 'c2': 2.7295248320010805, 'eps': 1.3327884091619784, 'horizon': 5, 'discount': 0.740654928121815}. Best is trial 246 with value: 244.31507276371707.[0m
[32m[I 2023-05-15 01:55:40,831][0m Trial 387 finished with value: 1241.372601404828 and parameters: {'c1': 0.33188168916491656, 'c2': 1.9588889539446084, 'eps': 0.36291199549356845, 'horizon': 2, 'discount': 0.7581797527138783}. Best is trial 246 with value: 244.31507276371707.[0m
[32m[I 2023-05-15 01:55:54,381][0m Trial 388 finished with value: 1530.3584121022186 and parameters: {'c1': 0.22350273587545122, 'c2': 1.804715281487503, 'eps': 1.9280166999346158, 'horizon': 3, 'discount': 0.7407518402209077}. Best is trial 246 with value: 244.31507276371707.[0m
[32m[I 2023-05-15 01:56:34,727][0m Trial 389 finished with value: 246.64667964359666 and parameters: {'c1': 2.0519242201537145, 'c2': 0.6054830808668957, 'eps': 1.0518005683600211, 'horizon': 5, 'discount': 0.7276109675063025}. Best is trial 246 with value: 244.31507276371707.[0m
[32m[I 2023-05-15 01:56:42,598][0m Trial 390 finished with value: 498.83669743903135 and parameters: {'c1': 0.3524456733581084, 'c2': 1.2117019139470417, 'eps': 0.34857345045238763, 'horizon': 2, 'discount': 0.9922185105544357}. Best is trial 246 with value: 244.31507276371707.[0m
[32m[I 2023-05-15 01:57:05,885][0m Trial 391 finished with value: 939.9412570048424 and parameters: {'c1': 2.7626917844394963, 'c2': 1.0718965986225184, 'eps': 1.3881578711575713, 'horizon': 4, 'discount': 0.829697080251917}. Best is trial 246 with value: 244.31507276371707.[0m
[32m[I 2023-05-15 01:57:44,676][0m Trial 392 finished with value: 399.14081183782224 and parameters: {'c1': 0.2144243319836443, 'c2': 0.5052235210083417, 'eps': 1.6153014549744404, 'horizon': 5, 'discount': 0.6956863226530892}. Best is trial 246 with value: 244.31507276371707.[0m
[32m[I 2023-05-15 01:58:23,343][0m Trial 393 finished with value: 1261.059128387551 and parameters: {'c1': 0.9778938644700075, 'c2': 0.7990418740156912, 'eps': 2.8159565169556786, 'horizon': 5, 'discount': 0.7342653298004429}. Best is trial 246 with value: 244.31507276371707.[0m
[32m[I 2023-05-15 01:59:05,675][0m Trial 394 finished with value: 1000.6661525957247 and parameters: {'c1': 2.3636034385022984, 'c2': 2.3633853309973167, 'eps': 1.847585387452455, 'horizon': 5, 'discount': 0.7670599038781472}. Best is trial 246 with value: 244.31507276371707.[0m
[32m[I 2023-05-15 01:59:18,512][0m Trial 395 finished with value: 461.46189725271694 and parameters: {'c1': 1.177549567327534, 'c2': 0.5640444578007033, 'eps': 0.8073031171689021, 'horizon': 3, 'discount': 0.7813378087411641}. Best is trial 246 with value: 244.31507276371707.[0m
[32m[I 2023-05-15 02:00:01,345][0m Trial 396 finished with value: 869.6344860482232 and parameters: {'c1': 0.30179181021077595, 'c2': 1.8984418322679502, 'eps': 2.288409635038319, 'horizon': 5, 'discount': 0.6154316167891557}. Best is trial 246 with value: 244.31507276371707.[0m
[32m[I 2023-05-15 02:00:40,532][0m Trial 397 finished with value: 959.98860577033 and parameters: {'c1': 2.526445557306042, 'c2': 1.670043956710111, 'eps': 1.8767776931069768, 'horizon': 5, 'discount': 0.8683336464476727}. Best is trial 246 with value: 244.31507276371707.[0m
[32m[I 2023-05-15 02:00:48,039][0m Trial 398 finished with value: 667.3917951738314 and parameters: {'c1': 1.6403032566761744, 'c2': 2.369739832575627, 'eps': 1.9188811332212488, 'horizon': 2, 'discount': 0.7981601628905686}. Best is trial 246 with value: 244.31507276371707.[0m
[32m[I 2023-05-15 02:01:12,135][0m Trial 399 finished with value: 409.04212831352595 and parameters: {'c1': 2.705117383957046, 'c2': 1.135464218374481, 'eps': 2.8060354720554437, 'horizon': 4, 'discount': 0.6435510301205591}. Best is trial 246 with value: 244.31507276371707.[0m
[32m[I 2023-05-15 02:01:53,427][0m Trial 400 finished with value: 1194.2400793010772 and parameters: {'c1': 1.5714573328577046, 'c2': 2.8957027938549817, 'eps': 0.8555666766190017, 'horizon': 5, 'discount': 0.9247976948501875}. Best is trial 246 with value: 244.31507276371707.[0m
[32m[I 2023-05-15 02:02:00,675][0m Trial 401 finished with value: 1069.0016288107138 and parameters: {'c1': 2.377526013597741, 'c2': 0.14241558473188032, 'eps': 2.000497355122718, 'horizon': 2, 'discount': 0.979496835187059}. Best is trial 246 with value: 244.31507276371707.[0m
