Best trial: 55. Best value: 244.484:   6%|▌         | 58/1000 [19:44<5:56:18, 22.69s/it]Best trial: 55. Best value: 244.484:   6%|▌         | 58/1000 [19:44<5:56:18, 22.69s/it]Best trial: 55. Best value: 244.484:   6%|▌         | 59/1000 [19:44<7:22:26, 28.21s/it]                                                                                        Best trial: 55. Best value: 244.484:   6%|▌         | 59/1000 [20:07<7:22:26, 28.21s/it]Best trial: 55. Best value: 244.484:   6%|▌         | 59/1000 [20:07<7:22:26, 28.21s/it]Best trial: 55. Best value: 244.484:   6%|▌         | 60/1000 [20:07<6:55:18, 26.51s/it]                                                                                        Best trial: 55. Best value: 244.484:   6%|▌         | 60/1000 [20:20<6:55:18, 26.51s/it]Best trial: 55. Best value: 244.484:   6%|▌         | 60/1000 [20:20<6:55:18, 26.51s/it]Best trial: 55. Best value: 244.484:   6%|▌         | 61/1000 [20:20<5:53:49, 22.61s/it]                                                                                        Best trial: 55. Best value: 244.484:   6%|▌         | 61/1000 [20:34<5:53:49, 22.61s/it]Best trial: 55. Best value: 244.484:   6%|▌         | 61/1000 [20:34<5:53:49, 22.61s/it]Best trial: 55. Best value: 244.484:   6%|▌         | 62/1000 [20:34<5:11:25, 19.92s/it]                                                                                        Best trial: 55. Best value: 244.484:   6%|▌         | 62/1000 [21:15<5:11:25, 19.92s/it]Best trial: 55. Best value: 244.484:   6%|▌         | 62/1000 [21:15<5:11:25, 19.92s/it]Best trial: 55. Best value: 244.484:   6%|▋         | 63/1000 [21:15<6:52:22, 26.41s/it]                                                                                        Best trial: 55. Best value: 244.484:   6%|▋         | 63/1000 [21:40<6:52:22, 26.41s/it]Best trial: 55. Best value: 244.484:   6%|▋         | 63/1000 [21:40<6:52:22, 26.41s/it]Best trial: 55. Best value: 244.484:   6%|▋         | 64/1000 [21:40<6:42:57, 25.83s/it]                                                                                        Best trial: 55. Best value: 244.484:   6%|▋         | 64/1000 [22:04<6:42:57, 25.83s/it]Best trial: 55. Best value: 244.484:   6%|▋         | 64/1000 [22:04<6:42:57, 25.83s/it]Best trial: 55. Best value: 244.484:   6%|▋         | 65/1000 [22:04<6:34:34, 25.32s/it]                                                                                        Best trial: 55. Best value: 244.484:   6%|▋         | 65/1000 [22:11<6:34:34, 25.32s/it]Best trial: 55. Best value: 244.484:   6%|▋         | 65/1000 [22:11<6:34:34, 25.32s/it]Best trial: 55. Best value: 244.484:   7%|▋         | 66/1000 [22:11<5:10:12, 19.93s/it]                                                                                        Best trial: 55. Best value: 244.484:   7%|▋         | 66/1000 [22:25<5:10:12, 19.93s/it]Best trial: 55. Best value: 244.484:   7%|▋         | 66/1000 [22:25<5:10:12, 19.93s/it]Best trial: 55. Best value: 244.484:   7%|▋         | 67/1000 [22:25<4:41:34, 18.11s/it]                                                                                        Best trial: 55. Best value: 244.484:   7%|▋         | 67/1000 [22:39<4:41:34, 18.11s/it]Best trial: 55. Best value: 244.484:   7%|▋         | 67/1000 [22:39<4:41:34, 18.11s/it]Best trial: 55. Best value: 244.484:   7%|▋         | 68/1000 [22:39<4:23:14, 16.95s/it]                                                                                        Best trial: 55. Best value: 244.484:   7%|▋         | 68/1000 [23:20<4:23:14, 16.95s/it]Best trial: 55. Best value: 244.484:   7%|▋         | 68/1000 [23:20<4:23:14, 16.95s/it]Best trial: 55. Best value: 244.484:   7%|▋         | 69/1000 [23:20<6:14:17, 24.12s/it]                                                                                        Best trial: 55. Best value: 244.484:   7%|▋         | 69/1000 [23:45<6:14:17, 24.12s/it]Best trial: 55. Best value: 244.484:   7%|▋         | 69/1000 [23:45<6:14:17, 24.12s/it]Best trial: 55. Best value: 244.484:   7%|▋         | 70/1000 [23:45<6:18:42, 24.43s/it]                                                                                        Best trial: 55. Best value: 244.484:   7%|▋         | 70/1000 [24:25<6:18:42, 24.43s/it]Best trial: 55. Best value: 244.484:   7%|▋         | 70/1000 [24:25<6:18:42, 24.43s/it]Best trial: 55. Best value: 244.484:   7%|▋         | 71/1000 [24:25<7:30:58, 29.13s/it]                                                                                        Best trial: 55. Best value: 244.484:   7%|▋         | 71/1000 [25:07<7:30:58, 29.13s/it]Best trial: 55. Best value: 244.484:   7%|▋         | 71/1000 [25:07<7:30:58, 29.13s/it]Best trial: 55. Best value: 244.484:   7%|▋         | 72/1000 [25:07<8:29:16, 32.93s/it]                                                                                        Best trial: 55. Best value: 244.484:   7%|▋         | 72/1000 [25:48<8:29:16, 32.93s/it]Best trial: 55. Best value: 244.484:   7%|▋         | 72/1000 [25:48<8:29:16, 32.93s/it]Best trial: 55. Best value: 244.484:   7%|▋         | 73/1000 [25:48<9:04:15, 35.23s/it]                                                                                        Best trial: 55. Best value: 244.484:   7%|▋         | 73/1000 [26:01<9:04:15, 35.23s/it]Best trial: 55. Best value: 244.484:   7%|▋         | 73/1000 [26:01<9:04:15, 35.23s/it]Best trial: 55. Best value: 244.484:   7%|▋         | 74/1000 [26:01<7:23:25, 28.73s/it]                                                                                        Best trial: 55. Best value: 244.484:   7%|▋         | 74/1000 [26:15<7:23:25, 28.73s/it]Best trial: 55. Best value: 244.484:   7%|▋         | 74/1000 [26:15<7:23:25, 28.73s/it]Best trial: 55. Best value: 244.484:   8%|▊         | 75/1000 [26:15<6:11:56, 24.13s/it]                                                                                        Best trial: 55. Best value: 244.484:   8%|▊         | 75/1000 [26:54<6:11:56, 24.13s/it]Best trial: 55. Best value: 244.484:   8%|▊         | 75/1000 [26:54<6:11:56, 24.13s/it]Best trial: 55. Best value: 244.484:   8%|▊         | 76/1000 [26:54<7:22:28, 28.73s/it]                                                                                        Best trial: 55. Best value: 244.484:   8%|▊         | 76/1000 [27:37<7:22:28, 28.73s/it]Best trial: 55. Best value: 244.484:   8%|▊         | 76/1000 [27:37<7:22:28, 28.73s/it]Best trial: 55. Best value: 244.484:   8%|▊         | 77/1000 [27:37<8:25:53, 32.89s/it]                                                                                        Best trial: 55. Best value: 244.484:   8%|▊         | 77/1000 [27:45<8:25:53, 32.89s/it]Best trial: 55. Best value: 244.484:   8%|▊         | 77/1000 [27:45<8:25:53, 32.89s/it]Best trial: 55. Best value: 244.484:   8%|▊         | 78/1000 [27:45<6:30:04, 25.38s/it]                                                                                        Best trial: 55. Best value: 244.484:   8%|▊         | 78/1000 [27:59<6:30:04, 25.38s/it]Best trial: 55. Best value: 244.484:   8%|▊         | 78/1000 [27:59<6:30:04, 25.38s/it]Best trial: 55. Best value: 244.484:   8%|▊         | 79/1000 [27:59<5:39:08, 22.09s/it]                                                                                        Best trial: 55. Best value: 244.484:   8%|▊         | 79/1000 [28:07<5:39:08, 22.09s/it]Best trial: 55. Best value: 244.484:   8%|▊         | 79/1000 [28:07<5:39:08, 22.09s/it]Best trial: 55. Best value: 244.484:   8%|▊         | 80/1000 [28:07<4:31:19, 17.70s/it]                                                                                        Best trial: 55. Best value: 244.484:   8%|▊         | 80/1000 [28:31<4:31:19, 17.70s/it]Best trial: 55. Best value: 244.484:   8%|▊         | 80/1000 [28:31<4:31:19, 17.70s/it]Best trial: 55. Best value: 244.484:   8%|▊         | 81/1000 [28:31<5:03:48, 19.83s/it]                                                                                        Best trial: 55. Best value: 244.484:   8%|▊         | 81/1000 [28:39<5:03:48, 19.83s/it]Best trial: 55. Best value: 244.484:   8%|▊         | 81/1000 [28:39<5:03:48, 19.83s/it]Best trial: 55. Best value: 244.484:   8%|▊         | 82/1000 [28:39<4:08:04, 16.21s/it]                                                                                        Best trial: 55. Best value: 244.484:   8%|▊         | 82/1000 [28:46<4:08:04, 16.21s/it]Best trial: 55. Best value: 244.484:   8%|▊         | 82/1000 [28:46<4:08:04, 16.21s/it]Best trial: 55. Best value: 244.484:   8%|▊         | 83/1000 [28:46<3:24:13, 13.36s/it]                                                                                        Best trial: 55. Best value: 244.484:   8%|▊         | 83/1000 [28:54<3:24:13, 13.36s/it]Best trial: 55. Best value: 244.484:   8%|▊         | 83/1000 [28:54<3:24:13, 13.36s/it]Best trial: 55. Best value: 244.484:   8%|▊         | 84/1000 [28:54<2:58:22, 11.68s/it]                                                                                        Best trial: 55. Best value: 244.484:   8%|▊         | 84/1000 [29:01<2:58:22, 11.68s/it]Best trial: 55. Best value: 244.484:   8%|▊         | 84/1000 [29:01<2:58:22, 11.68s/it]Best trial: 55. Best value: 244.484:   8%|▊         | 85/1000 [29:01<2:37:58, 10.36s/it]                                                                                        Best trial: 55. Best value: 244.484:   8%|▊         | 85/1000 [29:41<2:37:58, 10.36s/it]Best trial: 55. Best value: 244.484:   8%|▊         | 85/1000 [29:41<2:37:58, 10.36s/it]Best trial: 55. Best value: 244.484:   9%|▊         | 86/1000 [29:41<4:52:38, 19.21s/it]                                                                                        Best trial: 55. Best value: 244.484:   9%|▊         | 86/1000 [30:20<4:52:38, 19.21s/it]Best trial: 55. Best value: 244.484:   9%|▊         | 86/1000 [30:20<4:52:38, 19.21s/it]Best trial: 55. Best value: 244.484:   9%|▊         | 87/1000 [30:20<6:25:29, 25.33s/it]                                                                                        [32m[I 2023-05-14 23:52:27,679][0m Trial 58 finished with value: 585.7744491263792 and parameters: {'c1': 2.4941256143489516, 'c2': 1.1266552822414304, 'eps': 0.4402004684074807, 'horizon': 5, 'discount': 0.848459470392363}. Best is trial 55 with value: 244.48419672566837.[0m
[32m[I 2023-05-14 23:52:50,219][0m Trial 59 finished with value: 321.47366374931147 and parameters: {'c1': 1.5914165335787653, 'c2': 0.3750820964158704, 'eps': 2.186856853882553, 'horizon': 4, 'discount': 0.996352232888537}. Best is trial 55 with value: 244.48419672566837.[0m
[32m[I 2023-05-14 23:53:03,727][0m Trial 60 finished with value: 1003.8396359243263 and parameters: {'c1': 1.146890161120576, 'c2': 0.03417717740426929, 'eps': 1.9732934212980158, 'horizon': 3, 'discount': 0.8885126509371806}. Best is trial 55 with value: 244.48419672566837.[0m
[32m[I 2023-05-14 23:53:17,373][0m Trial 61 finished with value: 1087.6007918118053 and parameters: {'c1': 1.8393362863940586, 'c2': 0.07935831337399046, 'eps': 1.701741496222477, 'horizon': 3, 'discount': 0.7611602867865551}. Best is trial 55 with value: 244.48419672566837.[0m
[32m[I 2023-05-14 23:53:58,914][0m Trial 62 finished with value: 2146.026888459385 and parameters: {'c1': 2.12064215696377, 'c2': 2.4059144363465634, 'eps': 1.525774246624991, 'horizon': 5, 'discount': 0.9548939575332319}. Best is trial 55 with value: 244.48419672566837.[0m
[32m[I 2023-05-14 23:54:23,403][0m Trial 63 finished with value: 1501.0898288432268 and parameters: {'c1': 1.3337162934459874, 'c2': 2.7886012055256484, 'eps': 0.7864065934740128, 'horizon': 4, 'discount': 0.7663623892561383}. Best is trial 55 with value: 244.48419672566837.[0m
[32m[I 2023-05-14 23:54:47,532][0m Trial 64 finished with value: 1213.9737652765575 and parameters: {'c1': 2.8542326660970154, 'c2': 0.6334989094143564, 'eps': 2.809444666757298, 'horizon': 4, 'discount': 0.678743339336024}. Best is trial 55 with value: 244.48419672566837.[0m
[32m[I 2023-05-14 23:54:54,877][0m Trial 65 finished with value: 994.1661119631885 and parameters: {'c1': 1.7947061987184432, 'c2': 1.140654824109795, 'eps': 1.9192276847751537, 'horizon': 2, 'discount': 0.702908976465367}. Best is trial 55 with value: 244.48419672566837.[0m
[32m[I 2023-05-14 23:55:08,736][0m Trial 66 finished with value: 1198.5748750644507 and parameters: {'c1': 1.6644898305390619, 'c2': 0.9826986573917414, 'eps': 1.5467144896402991, 'horizon': 3, 'discount': 0.687550941937415}. Best is trial 55 with value: 244.48419672566837.[0m
[32m[I 2023-05-14 23:55:22,976][0m Trial 67 finished with value: 1298.1802194503084 and parameters: {'c1': 1.1791582159478469, 'c2': 2.2762465356555746, 'eps': 1.4311453983916118, 'horizon': 3, 'discount': 0.709103584480097}. Best is trial 55 with value: 244.48419672566837.[0m
[32m[I 2023-05-14 23:56:03,839][0m Trial 68 finished with value: 1293.610494474101 and parameters: {'c1': 2.7741124976397824, 'c2': 2.659286086662795, 'eps': 1.512076622992469, 'horizon': 5, 'discount': 0.6336979286419363}. Best is trial 55 with value: 244.48419672566837.[0m
[32m[I 2023-05-14 23:56:28,997][0m Trial 69 finished with value: 1517.34717182749 and parameters: {'c1': 0.540134466389327, 'c2': 2.744787169167993, 'eps': 1.3015591614795992, 'horizon': 4, 'discount': 0.9383429968975812}. Best is trial 55 with value: 244.48419672566837.[0m
[32m[I 2023-05-14 23:57:09,075][0m Trial 70 finished with value: 1295.1844872400588 and parameters: {'c1': 2.4611927596295358, 'c2': 0.9781595610565044, 'eps': 0.15835582635069892, 'horizon': 5, 'discount': 0.7209664700931127}. Best is trial 55 with value: 244.48419672566837.[0m
[32m[I 2023-05-14 23:57:50,872][0m Trial 71 finished with value: 807.0148706651631 and parameters: {'c1': 1.0589773651330203, 'c2': 2.926535987806348, 'eps': 0.14707589852610334, 'horizon': 5, 'discount': 0.8990244686357157}. Best is trial 55 with value: 244.48419672566837.[0m
[32m[I 2023-05-14 23:58:31,464][0m Trial 72 finished with value: 1153.6792061379213 and parameters: {'c1': 2.0114668027447538, 'c2': 1.782993472010674, 'eps': 2.7196098637907213, 'horizon': 5, 'discount': 0.6547077585837822}. Best is trial 55 with value: 244.48419672566837.[0m
[32m[I 2023-05-14 23:58:45,040][0m Trial 73 finished with value: 779.8329936293892 and parameters: {'c1': 2.3076613830567463, 'c2': 0.3020942881304407, 'eps': 1.482762254550552, 'horizon': 3, 'discount': 0.6872698477099416}. Best is trial 55 with value: 244.48419672566837.[0m
[32m[I 2023-05-14 23:58:58,421][0m Trial 74 finished with value: 1176.0410176732362 and parameters: {'c1': 1.5038233547861095, 'c2': 0.6994173133496718, 'eps': 1.9885371190541883, 'horizon': 3, 'discount': 0.989710972861358}. Best is trial 55 with value: 244.48419672566837.[0m
[32m[I 2023-05-14 23:59:37,900][0m Trial 75 finished with value: 270.6923603504884 and parameters: {'c1': 0.24573913632466093, 'c2': 0.3003330227819705, 'eps': 2.2567131269772154, 'horizon': 5, 'discount': 0.6824451610020079}. Best is trial 55 with value: 244.48419672566837.[0m
[32m[I 2023-05-15 00:00:20,475][0m Trial 76 finished with value: 880.2720547357253 and parameters: {'c1': 2.6406431963178054, 'c2': 1.5078646334941617, 'eps': 0.2808176476253713, 'horizon': 5, 'discount': 0.7753216047331157}. Best is trial 55 with value: 244.48419672566837.[0m
[32m[I 2023-05-15 00:00:28,359][0m Trial 77 finished with value: 553.6643069858574 and parameters: {'c1': 0.7472399586529608, 'c2': 2.1988438871824876, 'eps': 0.6850543286479156, 'horizon': 2, 'discount': 0.9492416541823999}. Best is trial 55 with value: 244.48419672566837.[0m
[32m[I 2023-05-15 00:00:42,774][0m Trial 78 finished with value: 1135.6258580431027 and parameters: {'c1': 2.7645121228587812, 'c2': 2.6930482538934455, 'eps': 2.540671612352402, 'horizon': 3, 'discount': 0.9332411549935181}. Best is trial 55 with value: 244.48419672566837.[0m
[32m[I 2023-05-15 00:00:50,207][0m Trial 79 finished with value: 1423.2728745520003 and parameters: {'c1': 0.7307512347590088, 'c2': 1.398016951214601, 'eps': 2.1864496835714506, 'horizon': 2, 'discount': 0.6992700244854517}. Best is trial 55 with value: 244.48419672566837.[0m
[32m[I 2023-05-15 00:01:15,033][0m Trial 80 finished with value: 1504.684138284453 and parameters: {'c1': 1.975528965852375, 'c2': 0.6285281772090524, 'eps': 2.0669874734152853, 'horizon': 4, 'discount': 0.9335835771429473}. Best is trial 55 with value: 244.48419672566837.[0m
[32m[I 2023-05-15 00:01:22,799][0m Trial 81 finished with value: 1192.2393173497794 and parameters: {'c1': 0.07036530400543217, 'c2': 1.5810137462215725, 'eps': 0.7533327946601741, 'horizon': 2, 'discount': 0.7892482205115795}. Best is trial 55 with value: 244.48419672566837.[0m
[32m[I 2023-05-15 00:01:29,510][0m Trial 82 finished with value: 754.6056315230016 and parameters: {'c1': 0.9732511685334654, 'c2': 0.2982313938435386, 'eps': 2.035998777293552, 'horizon': 2, 'discount': 0.7299605888687974}. Best is trial 55 with value: 244.48419672566837.[0m
[32m[I 2023-05-15 00:01:37,278][0m Trial 83 finished with value: 669.8922121702817 and parameters: {'c1': 2.051796131249585, 'c2': 1.305009160834139, 'eps': 2.0564634287983026, 'horizon': 2, 'discount': 0.8375652670235777}. Best is trial 55 with value: 244.48419672566837.[0m
[32m[I 2023-05-15 00:01:44,543][0m Trial 84 finished with value: 559.9694216909899 and parameters: {'c1': 0.2999238141528656, 'c2': 1.0234937142949168, 'eps': 2.997138971477157, 'horizon': 2, 'discount': 0.9952973002143756}. Best is trial 55 with value: 244.48419672566837.[0m
[32m[I 2023-05-15 00:02:24,410][0m Trial 85 finished with value: 1113.4275050253082 and parameters: {'c1': 1.323816005841616, 'c2': 1.7474512197953729, 'eps': 0.5405246536508028, 'horizon': 5, 'discount': 0.6885123163864925}. Best is trial 55 with value: 244.48419672566837.[0m
[32m[I 2023-05-15 00:03:04,029][0m Trial 86 finished with value: 1220.9342093057467 and parameters: {'c1': 1.7574486402597929, 'c2': 1.6981187636989978, 'eps': 2.423756756698064, 'horizon': 5, 'discount': 0.637306105842543}. Best is trial 55 with value: 244.48419672566837.[0m
