Best trial: 246. Best value: 244.315:  71%|███████   | 712/1000 [4:24:53<2:04:06, 25.86s/it]Best trial: 246. Best value: 244.315:  71%|███████   | 712/1000 [4:24:53<2:04:06, 25.86s/it]Best trial: 246. Best value: 244.315:  71%|███████▏  | 713/1000 [4:24:53<1:37:50, 20.45s/it]                                                                                            Best trial: 246. Best value: 244.315:  71%|███████▏  | 713/1000 [4:25:06<1:37:50, 20.45s/it]Best trial: 246. Best value: 244.315:  71%|███████▏  | 713/1000 [4:25:07<1:37:50, 20.45s/it]Best trial: 246. Best value: 244.315:  71%|███████▏  | 714/1000 [4:25:07<1:27:41, 18.40s/it]                                                                                            Best trial: 246. Best value: 244.315:  71%|███████▏  | 714/1000 [4:25:48<1:27:41, 18.40s/it]Best trial: 246. Best value: 244.315:  71%|███████▏  | 714/1000 [4:25:48<1:27:41, 18.40s/it]Best trial: 246. Best value: 244.315:  72%|███████▏  | 715/1000 [4:25:48<1:59:47, 25.22s/it]                                                                                            Best trial: 246. Best value: 244.315:  72%|███████▏  | 715/1000 [4:26:09<1:59:47, 25.22s/it]Best trial: 246. Best value: 244.315:  72%|███████▏  | 715/1000 [4:26:09<1:59:47, 25.22s/it]Best trial: 246. Best value: 244.315:  72%|███████▏  | 716/1000 [4:26:09<1:54:31, 24.20s/it]                                                                                            Best trial: 246. Best value: 244.315:  72%|███████▏  | 716/1000 [4:26:23<1:54:31, 24.20s/it]Best trial: 246. Best value: 244.315:  72%|███████▏  | 716/1000 [4:26:23<1:54:31, 24.20s/it]Best trial: 246. Best value: 244.315:  72%|███████▏  | 717/1000 [4:26:23<1:39:29, 21.09s/it]                                                                                            Best trial: 246. Best value: 244.315:  72%|███████▏  | 717/1000 [4:26:31<1:39:29, 21.09s/it]Best trial: 246. Best value: 244.315:  72%|███████▏  | 717/1000 [4:26:31<1:39:29, 21.09s/it]Best trial: 246. Best value: 244.315:  72%|███████▏  | 718/1000 [4:26:31<1:19:43, 16.96s/it]                                                                                            Best trial: 246. Best value: 244.315:  72%|███████▏  | 718/1000 [4:26:55<1:19:43, 16.96s/it]Best trial: 246. Best value: 244.315:  72%|███████▏  | 718/1000 [4:26:55<1:19:43, 16.96s/it]Best trial: 246. Best value: 244.315:  72%|███████▏  | 719/1000 [4:26:55<1:29:27, 19.10s/it]                                                                                            Best trial: 246. Best value: 244.315:  72%|███████▏  | 719/1000 [4:27:08<1:29:27, 19.10s/it]Best trial: 246. Best value: 244.315:  72%|███████▏  | 719/1000 [4:27:08<1:29:27, 19.10s/it]Best trial: 246. Best value: 244.315:  72%|███████▏  | 720/1000 [4:27:08<1:20:47, 17.31s/it]                                                                                            Best trial: 246. Best value: 244.315:  72%|███████▏  | 720/1000 [4:27:15<1:20:47, 17.31s/it]Best trial: 246. Best value: 244.315:  72%|███████▏  | 720/1000 [4:27:15<1:20:47, 17.31s/it]Best trial: 246. Best value: 244.315:  72%|███████▏  | 721/1000 [4:27:15<1:06:30, 14.30s/it]                                                                                            Best trial: 246. Best value: 244.315:  72%|███████▏  | 721/1000 [4:27:37<1:06:30, 14.30s/it]Best trial: 246. Best value: 244.315:  72%|███████▏  | 721/1000 [4:27:37<1:06:30, 14.30s/it]Best trial: 246. Best value: 244.315:  72%|███████▏  | 722/1000 [4:27:37<1:16:57, 16.61s/it]                                                                                            Best trial: 246. Best value: 244.315:  72%|███████▏  | 722/1000 [4:28:01<1:16:57, 16.61s/it]Best trial: 246. Best value: 244.315:  72%|███████▏  | 722/1000 [4:28:01<1:16:57, 16.61s/it]Best trial: 246. Best value: 244.315:  72%|███████▏  | 723/1000 [4:28:01<1:27:01, 18.85s/it]                                                                                            Best trial: 246. Best value: 244.315:  72%|███████▏  | 723/1000 [4:28:08<1:27:01, 18.85s/it]Best trial: 246. Best value: 244.315:  72%|███████▏  | 723/1000 [4:28:08<1:27:01, 18.85s/it]Best trial: 246. Best value: 244.315:  72%|███████▏  | 724/1000 [4:28:08<1:10:26, 15.31s/it]                                                                                            Best trial: 246. Best value: 244.315:  72%|███████▏  | 724/1000 [4:28:15<1:10:26, 15.31s/it]Best trial: 246. Best value: 244.315:  72%|███████▏  | 724/1000 [4:28:15<1:10:26, 15.31s/it]Best trial: 246. Best value: 244.315:  72%|███████▎  | 725/1000 [4:28:15<58:55, 12.86s/it]                                                                                            Best trial: 246. Best value: 244.315:  72%|███████▎  | 725/1000 [4:28:23<58:55, 12.86s/it]Best trial: 246. Best value: 244.315:  72%|███████▎  | 725/1000 [4:28:23<58:55, 12.86s/it]Best trial: 246. Best value: 244.315:  73%|███████▎  | 726/1000 [4:28:23<51:20, 11.24s/it]                                                                                          Best trial: 246. Best value: 244.315:  73%|███████▎  | 726/1000 [4:28:31<51:20, 11.24s/it]Best trial: 246. Best value: 244.315:  73%|███████▎  | 726/1000 [4:28:31<51:20, 11.24s/it]Best trial: 246. Best value: 244.315:  73%|███████▎  | 727/1000 [4:28:31<46:45, 10.28s/it]                                                                                          Best trial: 246. Best value: 244.315:  73%|███████▎  | 727/1000 [4:28:45<46:45, 10.28s/it]Best trial: 246. Best value: 244.315:  73%|███████▎  | 727/1000 [4:28:45<46:45, 10.28s/it]Best trial: 246. Best value: 244.315:  73%|███████▎  | 728/1000 [4:28:45<51:12, 11.30s/it]                                                                                          Best trial: 246. Best value: 244.315:  73%|███████▎  | 728/1000 [4:29:10<51:12, 11.30s/it]Best trial: 246. Best value: 244.315:  73%|███████▎  | 728/1000 [4:29:10<51:12, 11.30s/it]Best trial: 246. Best value: 244.315:  73%|███████▎  | 729/1000 [4:29:10<1:10:10, 15.54s/it]                                                                                            Best trial: 246. Best value: 244.315:  73%|███████▎  | 729/1000 [4:29:18<1:10:10, 15.54s/it]Best trial: 246. Best value: 244.315:  73%|███████▎  | 729/1000 [4:29:18<1:10:10, 15.54s/it]Best trial: 246. Best value: 244.315:  73%|███████▎  | 730/1000 [4:29:18<59:39, 13.26s/it]                                                                                            Best trial: 246. Best value: 244.315:  73%|███████▎  | 730/1000 [4:29:26<59:39, 13.26s/it]Best trial: 246. Best value: 244.315:  73%|███████▎  | 730/1000 [4:29:26<59:39, 13.26s/it]Best trial: 246. Best value: 244.315:  73%|███████▎  | 731/1000 [4:29:26<51:58, 11.59s/it]                                                                                          Best trial: 246. Best value: 244.315:  73%|███████▎  | 731/1000 [4:29:51<51:58, 11.59s/it]Best trial: 246. Best value: 244.315:  73%|███████▎  | 731/1000 [4:29:51<51:58, 11.59s/it]Best trial: 246. Best value: 244.315:  73%|███████▎  | 732/1000 [4:29:51<1:09:45, 15.62s/it]                                                                                            Best trial: 246. Best value: 244.315:  73%|███████▎  | 732/1000 [4:30:04<1:09:45, 15.62s/it]Best trial: 246. Best value: 244.315:  73%|███████▎  | 732/1000 [4:30:04<1:09:45, 15.62s/it]Best trial: 246. Best value: 244.315:  73%|███████▎  | 733/1000 [4:30:04<1:06:46, 15.00s/it]                                                                                            Best trial: 246. Best value: 244.315:  73%|███████▎  | 733/1000 [4:30:28<1:06:46, 15.00s/it]Best trial: 246. Best value: 244.315:  73%|███████▎  | 733/1000 [4:30:28<1:06:46, 15.00s/it]Best trial: 246. Best value: 244.315:  73%|███████▎  | 734/1000 [4:30:28<1:17:38, 17.51s/it]                                                                                            Best trial: 246. Best value: 244.315:  73%|███████▎  | 734/1000 [4:30:34<1:17:38, 17.51s/it]Best trial: 246. Best value: 244.315:  73%|███████▎  | 734/1000 [4:30:34<1:17:38, 17.51s/it]Best trial: 246. Best value: 244.315:  74%|███████▎  | 735/1000 [4:30:34<1:03:14, 14.32s/it]                                                                                            Best trial: 246. Best value: 244.315:  74%|███████▎  | 735/1000 [4:30:42<1:03:14, 14.32s/it]Best trial: 246. Best value: 244.315:  74%|███████▎  | 735/1000 [4:30:42<1:03:14, 14.32s/it]Best trial: 246. Best value: 244.315:  74%|███████▎  | 736/1000 [4:30:42<53:48, 12.23s/it]                                                                                            Best trial: 246. Best value: 244.315:  74%|███████▎  | 736/1000 [4:30:50<53:48, 12.23s/it]Best trial: 246. Best value: 244.315:  74%|███████▎  | 736/1000 [4:30:50<53:48, 12.23s/it]Best trial: 246. Best value: 244.315:  74%|███████▎  | 737/1000 [4:30:50<48:09, 10.99s/it]                                                                                          Best trial: 246. Best value: 244.315:  74%|███████▎  | 737/1000 [4:31:30<48:09, 10.99s/it]Best trial: 246. Best value: 244.315:  74%|███████▎  | 737/1000 [4:31:30<48:09, 10.99s/it]Best trial: 246. Best value: 244.315:  74%|███████▍  | 738/1000 [4:31:30<1:25:55, 19.68s/it]                                                                                            Best trial: 246. Best value: 244.315:  74%|███████▍  | 738/1000 [4:31:53<1:25:55, 19.68s/it]Best trial: 246. Best value: 244.315:  74%|███████▍  | 738/1000 [4:31:53<1:25:55, 19.68s/it]Best trial: 246. Best value: 244.315:  74%|███████▍  | 739/1000 [4:31:53<1:30:11, 20.73s/it]                                                                                            Best trial: 246. Best value: 244.315:  74%|███████▍  | 739/1000 [4:32:16<1:30:11, 20.73s/it]Best trial: 246. Best value: 244.315:  74%|███████▍  | 739/1000 [4:32:16<1:30:11, 20.73s/it]Best trial: 246. Best value: 244.315:  74%|███████▍  | 740/1000 [4:32:16<1:32:26, 21.33s/it]                                                                                            [32m[I 2023-05-15 03:57:36,528][0m Trial 712 finished with value: 904.1195054359739 and parameters: {'c1': 1.9514844303832404, 'c2': 2.0565995679557303, 'eps': 0.9430824789699199, 'horizon': 2, 'discount': 0.9327442535265651}. Best is trial 246 with value: 244.31507276371707.[0m
[32m[I 2023-05-15 03:57:50,129][0m Trial 713 finished with value: 677.1682977945856 and parameters: {'c1': 0.8214820163681215, 'c2': 1.6258967491604965, 'eps': 1.354698722833617, 'horizon': 3, 'discount': 0.8438859371879966}. Best is trial 246 with value: 244.31507276371707.[0m
[32m[I 2023-05-15 03:58:31,269][0m Trial 714 finished with value: 1280.2588194014845 and parameters: {'c1': 2.449365427544149, 'c2': 2.6788032681302685, 'eps': 0.6807281862320393, 'horizon': 5, 'discount': 0.6069655068625576}. Best is trial 246 with value: 244.31507276371707.[0m
[32m[I 2023-05-15 03:58:53,077][0m Trial 715 finished with value: 1538.5707343463596 and parameters: {'c1': 0.9836216419595777, 'c2': 0.6353038696153771, 'eps': 2.5281485599844227, 'horizon': 4, 'discount': 0.748948235104047}. Best is trial 246 with value: 244.31507276371707.[0m
[32m[I 2023-05-15 03:59:06,930][0m Trial 716 finished with value: 1623.8944676473066 and parameters: {'c1': 1.1434004770653203, 'c2': 2.928166397897751, 'eps': 0.11125573637121955, 'horizon': 3, 'discount': 0.627933595223135}. Best is trial 246 with value: 244.31507276371707.[0m
[32m[I 2023-05-15 03:59:14,255][0m Trial 717 finished with value: 1211.2758785392994 and parameters: {'c1': 1.4706526504857274, 'c2': 0.7833163522101686, 'eps': 0.9954885441275272, 'horizon': 2, 'discount': 0.9060270899622589}. Best is trial 246 with value: 244.31507276371707.[0m
[32m[I 2023-05-15 03:59:38,343][0m Trial 718 finished with value: 744.7036331659351 and parameters: {'c1': 0.524199929985992, 'c2': 1.226562643265786, 'eps': 0.9441131284762082, 'horizon': 4, 'discount': 0.6729558167742675}. Best is trial 246 with value: 244.31507276371707.[0m
[32m[I 2023-05-15 03:59:51,486][0m Trial 719 finished with value: 481.56540730808314 and parameters: {'c1': 2.1890723194741737, 'c2': 0.8458284985462643, 'eps': 1.7825786826288714, 'horizon': 3, 'discount': 0.7329190063991241}. Best is trial 246 with value: 244.31507276371707.[0m
[32m[I 2023-05-15 03:59:58,761][0m Trial 720 finished with value: 1533.1686619475715 and parameters: {'c1': 2.377640932449059, 'c2': 0.46182805596929155, 'eps': 0.983828988156527, 'horizon': 2, 'discount': 0.9418382416414366}. Best is trial 246 with value: 244.31507276371707.[0m
[32m[I 2023-05-15 04:00:20,752][0m Trial 721 finished with value: 777.0777780308528 and parameters: {'c1': 0.24553028370769547, 'c2': 0.7153914772261578, 'eps': 1.7705070769273277, 'horizon': 4, 'discount': 0.6642248755146368}. Best is trial 246 with value: 244.31507276371707.[0m
[32m[I 2023-05-15 04:00:44,836][0m Trial 722 finished with value: 665.3230126893513 and parameters: {'c1': 0.747881888178959, 'c2': 1.5307228283478134, 'eps': 1.743192621684393, 'horizon': 4, 'discount': 0.6324785711214534}. Best is trial 246 with value: 244.31507276371707.[0m
[32m[I 2023-05-15 04:00:51,895][0m Trial 723 finished with value: 1190.8941222085018 and parameters: {'c1': 1.0727194150004236, 'c2': 0.8951842355699893, 'eps': 2.553603886360782, 'horizon': 2, 'discount': 0.904569233779803}. Best is trial 246 with value: 244.31507276371707.[0m
[32m[I 2023-05-15 04:00:59,024][0m Trial 724 finished with value: 1275.662023812224 and parameters: {'c1': 2.638110871395017, 'c2': 0.34554064299010234, 'eps': 2.836217620894505, 'horizon': 2, 'discount': 0.9733859463904693}. Best is trial 246 with value: 244.31507276371707.[0m
[32m[I 2023-05-15 04:01:06,498][0m Trial 725 finished with value: 716.0415752571703 and parameters: {'c1': 2.3875912217830706, 'c2': 1.0281832597290632, 'eps': 2.1432340772264915, 'horizon': 2, 'discount': 0.7176297328438259}. Best is trial 246 with value: 244.31507276371707.[0m
[32m[I 2023-05-15 04:01:14,521][0m Trial 726 finished with value: 1211.3845667681196 and parameters: {'c1': 0.5946532071711061, 'c2': 2.737206589862144, 'eps': 1.0144820687512546, 'horizon': 2, 'discount': 0.7587191893526792}. Best is trial 246 with value: 244.31507276371707.[0m
[32m[I 2023-05-15 04:01:28,197][0m Trial 727 finished with value: 1093.6367895725007 and parameters: {'c1': 0.37992312140791307, 'c2': 1.6311854121164568, 'eps': 1.1425472808954402, 'horizon': 3, 'discount': 0.7066896364609381}. Best is trial 246 with value: 244.31507276371707.[0m
[32m[I 2023-05-15 04:01:53,627][0m Trial 728 finished with value: 1193.2581986153075 and parameters: {'c1': 1.402604332310497, 'c2': 2.586662855168392, 'eps': 2.4197123375781286, 'horizon': 4, 'discount': 0.676989572468092}. Best is trial 246 with value: 244.31507276371707.[0m
[32m[I 2023-05-15 04:02:01,567][0m Trial 729 finished with value: 391.12404370884957 and parameters: {'c1': 1.3198994584743329, 'c2': 2.205541089747398, 'eps': 1.385744582739325, 'horizon': 2, 'discount': 0.8262444206691176}. Best is trial 246 with value: 244.31507276371707.[0m
[32m[I 2023-05-15 04:02:09,277][0m Trial 730 finished with value: 1628.9128256765302 and parameters: {'c1': 1.3371030166172417, 'c2': 2.374790945007608, 'eps': 2.4588709446998984, 'horizon': 2, 'discount': 0.7143189539415035}. Best is trial 246 with value: 244.31507276371707.[0m
[32m[I 2023-05-15 04:02:34,286][0m Trial 731 finished with value: 1381.3141716477267 and parameters: {'c1': 2.8444734648724737, 'c2': 0.5287623274554728, 'eps': 1.2808612969555533, 'horizon': 4, 'discount': 0.9484824542427499}. Best is trial 246 with value: 244.31507276371707.[0m
[32m[I 2023-05-15 04:02:47,858][0m Trial 732 finished with value: 951.1695655339884 and parameters: {'c1': 0.16282352280044587, 'c2': 1.0055334960437545, 'eps': 1.2283187819979757, 'horizon': 3, 'discount': 0.8957465403592404}. Best is trial 246 with value: 244.31507276371707.[0m
[32m[I 2023-05-15 04:03:11,222][0m Trial 733 finished with value: 1186.6651028911563 and parameters: {'c1': 1.3790598527907107, 'c2': 1.2063299603812472, 'eps': 1.6336152534864612, 'horizon': 4, 'discount': 0.6564510247498754}. Best is trial 246 with value: 244.31507276371707.[0m
[32m[I 2023-05-15 04:03:18,091][0m Trial 734 finished with value: 273.50982493602686 and parameters: {'c1': 0.4924536535544717, 'c2': 0.03615149170295917, 'eps': 1.5514613497530485, 'horizon': 2, 'discount': 0.7168502932757121}. Best is trial 246 with value: 244.31507276371707.[0m
[32m[I 2023-05-15 04:03:25,448][0m Trial 735 finished with value: 427.29508954933567 and parameters: {'c1': 1.1502232211010148, 'c2': 2.5327449034817673, 'eps': 2.0065166349388903, 'horizon': 2, 'discount': 0.6162682367874731}. Best is trial 246 with value: 244.31507276371707.[0m
[32m[I 2023-05-15 04:03:33,528][0m Trial 736 finished with value: 1233.1836036658435 and parameters: {'c1': 1.8848810255872488, 'c2': 2.8533971762803962, 'eps': 1.7219701834626668, 'horizon': 2, 'discount': 0.8688380416669617}. Best is trial 246 with value: 244.31507276371707.[0m
[32m[I 2023-05-15 04:04:13,486][0m Trial 737 finished with value: 1165.19324064792 and parameters: {'c1': 0.16018811810828382, 'c2': 2.5251516883539282, 'eps': 1.9530946727100797, 'horizon': 5, 'discount': 0.8225817082576299}. Best is trial 246 with value: 244.31507276371707.[0m
[32m[I 2023-05-15 04:04:36,682][0m Trial 738 finished with value: 653.1135504455062 and parameters: {'c1': 1.037325710608679, 'c2': 1.966241465232653, 'eps': 2.67953590982815, 'horizon': 4, 'discount': 0.8781319839689148}. Best is trial 246 with value: 244.31507276371707.[0m
[32m[I 2023-05-15 04:04:59,417][0m Trial 739 finished with value: 275.62610223950713 and parameters: {'c1': 0.9206976971351604, 'c2': 0.01400281090148603, 'eps': 2.202931435762958, 'horizon': 4, 'discount': 0.6707034660089438}. Best is trial 246 with value: 244.31507276371707.[0m
