Best trial: 246. Best value: 244.315:  54%|█████▍    | 542/1000 [3:22:28<3:04:28, 24.17s/it]Best trial: 246. Best value: 244.315:  54%|█████▍    | 542/1000 [3:22:28<3:04:28, 24.17s/it]Best trial: 246. Best value: 244.315:  54%|█████▍    | 543/1000 [3:22:28<2:26:24, 19.22s/it]                                                                                            Best trial: 246. Best value: 244.315:  54%|█████▍    | 543/1000 [3:22:53<2:26:24, 19.22s/it]Best trial: 246. Best value: 244.315:  54%|█████▍    | 543/1000 [3:22:53<2:26:24, 19.22s/it]Best trial: 246. Best value: 244.315:  54%|█████▍    | 544/1000 [3:22:53<2:38:37, 20.87s/it]                                                                                            Best trial: 246. Best value: 244.315:  54%|█████▍    | 544/1000 [3:23:36<2:38:37, 20.87s/it]Best trial: 246. Best value: 244.315:  54%|█████▍    | 544/1000 [3:23:36<2:38:37, 20.87s/it]Best trial: 246. Best value: 244.315:  55%|█████▍    | 545/1000 [3:23:36<3:27:57, 27.42s/it]                                                                                            Best trial: 246. Best value: 244.315:  55%|█████▍    | 545/1000 [3:24:01<3:27:57, 27.42s/it]Best trial: 246. Best value: 244.315:  55%|█████▍    | 545/1000 [3:24:01<3:27:57, 27.42s/it]Best trial: 246. Best value: 244.315:  55%|█████▍    | 546/1000 [3:24:01<3:22:55, 26.82s/it]                                                                                            Best trial: 246. Best value: 244.315:  55%|█████▍    | 546/1000 [3:24:27<3:22:55, 26.82s/it]Best trial: 246. Best value: 244.315:  55%|█████▍    | 546/1000 [3:24:27<3:22:55, 26.82s/it]Best trial: 246. Best value: 244.315:  55%|█████▍    | 547/1000 [3:24:27<3:20:22, 26.54s/it]                                                                                            Best trial: 246. Best value: 244.315:  55%|█████▍    | 547/1000 [3:24:53<3:20:22, 26.54s/it]Best trial: 246. Best value: 244.315:  55%|█████▍    | 547/1000 [3:24:53<3:20:22, 26.54s/it]Best trial: 246. Best value: 244.315:  55%|█████▍    | 548/1000 [3:24:53<3:19:33, 26.49s/it]                                                                                            Best trial: 246. Best value: 244.315:  55%|█████▍    | 548/1000 [3:25:19<3:19:33, 26.49s/it]Best trial: 246. Best value: 244.315:  55%|█████▍    | 548/1000 [3:25:19<3:19:33, 26.49s/it]Best trial: 246. Best value: 244.315:  55%|█████▍    | 549/1000 [3:25:19<3:16:59, 26.21s/it]                                                                                            Best trial: 246. Best value: 244.315:  55%|█████▍    | 549/1000 [3:25:32<3:16:59, 26.21s/it]Best trial: 246. Best value: 244.315:  55%|█████▍    | 549/1000 [3:25:32<3:16:59, 26.21s/it]Best trial: 246. Best value: 244.315:  55%|█████▌    | 550/1000 [3:25:32<2:48:27, 22.46s/it]                                                                                            Best trial: 246. Best value: 244.315:  55%|█████▌    | 550/1000 [3:26:14<2:48:27, 22.46s/it]Best trial: 246. Best value: 244.315:  55%|█████▌    | 550/1000 [3:26:14<2:48:27, 22.46s/it]Best trial: 246. Best value: 244.315:  55%|█████▌    | 551/1000 [3:26:14<3:30:51, 28.18s/it]                                                                                            Best trial: 246. Best value: 244.315:  55%|█████▌    | 551/1000 [3:26:21<3:30:51, 28.18s/it]Best trial: 246. Best value: 244.315:  55%|█████▌    | 551/1000 [3:26:21<3:30:51, 28.18s/it]Best trial: 246. Best value: 244.315:  55%|█████▌    | 552/1000 [3:26:21<2:43:50, 21.94s/it]                                                                                            Best trial: 246. Best value: 244.315:  55%|█████▌    | 552/1000 [3:27:02<2:43:50, 21.94s/it]Best trial: 246. Best value: 244.315:  55%|█████▌    | 552/1000 [3:27:02<2:43:50, 21.94s/it]Best trial: 246. Best value: 244.315:  55%|█████▌    | 553/1000 [3:27:02<3:25:16, 27.55s/it]                                                                                            Best trial: 246. Best value: 244.315:  55%|█████▌    | 553/1000 [3:27:09<3:25:16, 27.55s/it]Best trial: 246. Best value: 244.315:  55%|█████▌    | 553/1000 [3:27:09<3:25:16, 27.55s/it]Best trial: 246. Best value: 244.315:  55%|█████▌    | 554/1000 [3:27:09<2:39:41, 21.48s/it]                                                                                            Best trial: 246. Best value: 244.315:  55%|█████▌    | 554/1000 [3:27:49<2:39:41, 21.48s/it]Best trial: 246. Best value: 244.315:  55%|█████▌    | 554/1000 [3:27:49<2:39:41, 21.48s/it]Best trial: 246. Best value: 244.315:  56%|█████▌    | 555/1000 [3:27:49<3:19:49, 26.94s/it]                                                                                            Best trial: 246. Best value: 244.315:  56%|█████▌    | 555/1000 [3:28:02<3:19:49, 26.94s/it]Best trial: 246. Best value: 244.315:  56%|█████▌    | 555/1000 [3:28:02<3:19:49, 26.94s/it]Best trial: 246. Best value: 244.315:  56%|█████▌    | 556/1000 [3:28:02<2:49:09, 22.86s/it]                                                                                            Best trial: 246. Best value: 244.315:  56%|█████▌    | 556/1000 [3:28:25<2:49:09, 22.86s/it]Best trial: 246. Best value: 244.315:  56%|█████▌    | 556/1000 [3:28:25<2:49:09, 22.86s/it]Best trial: 246. Best value: 244.315:  56%|█████▌    | 557/1000 [3:28:25<2:49:19, 22.93s/it]                                                                                            Best trial: 246. Best value: 244.315:  56%|█████▌    | 557/1000 [3:28:49<2:49:19, 22.93s/it]Best trial: 246. Best value: 244.315:  56%|█████▌    | 557/1000 [3:28:49<2:49:19, 22.93s/it]Best trial: 246. Best value: 244.315:  56%|█████▌    | 558/1000 [3:28:49<2:50:52, 23.19s/it]                                                                                            Best trial: 246. Best value: 244.315:  56%|█████▌    | 558/1000 [3:29:04<2:50:52, 23.19s/it]Best trial: 246. Best value: 244.315:  56%|█████▌    | 558/1000 [3:29:04<2:50:52, 23.19s/it]Best trial: 246. Best value: 244.315:  56%|█████▌    | 559/1000 [3:29:04<2:31:30, 20.61s/it]                                                                                            Best trial: 246. Best value: 244.315:  56%|█████▌    | 559/1000 [3:29:18<2:31:30, 20.61s/it]Best trial: 246. Best value: 244.315:  56%|█████▌    | 559/1000 [3:29:18<2:31:30, 20.61s/it]Best trial: 246. Best value: 244.315:  56%|█████▌    | 560/1000 [3:29:18<2:16:26, 18.61s/it]                                                                                            Best trial: 246. Best value: 244.315:  56%|█████▌    | 560/1000 [3:29:33<2:16:26, 18.61s/it]Best trial: 246. Best value: 244.315:  56%|█████▌    | 560/1000 [3:29:33<2:16:26, 18.61s/it]Best trial: 246. Best value: 244.315:  56%|█████▌    | 561/1000 [3:29:33<2:08:05, 17.51s/it]                                                                                            Best trial: 246. Best value: 244.315:  56%|█████▌    | 561/1000 [3:29:40<2:08:05, 17.51s/it]Best trial: 246. Best value: 244.315:  56%|█████▌    | 561/1000 [3:29:40<2:08:05, 17.51s/it]Best trial: 246. Best value: 244.315:  56%|█████▌    | 562/1000 [3:29:40<1:45:15, 14.42s/it]                                                                                            Best trial: 246. Best value: 244.315:  56%|█████▌    | 562/1000 [3:29:47<1:45:15, 14.42s/it]Best trial: 246. Best value: 244.315:  56%|█████▌    | 562/1000 [3:29:47<1:45:15, 14.42s/it]Best trial: 246. Best value: 244.315:  56%|█████▋    | 563/1000 [3:29:47<1:29:41, 12.31s/it]                                                                                            Best trial: 246. Best value: 244.315:  56%|█████▋    | 563/1000 [3:29:55<1:29:41, 12.31s/it]Best trial: 246. Best value: 244.315:  56%|█████▋    | 563/1000 [3:29:55<1:29:41, 12.31s/it]Best trial: 246. Best value: 244.315:  56%|█████▋    | 564/1000 [3:29:55<1:18:19, 10.78s/it]                                                                                            Best trial: 246. Best value: 244.315:  56%|█████▋    | 564/1000 [3:30:35<1:18:19, 10.78s/it]Best trial: 246. Best value: 244.315:  56%|█████▋    | 564/1000 [3:30:35<1:18:19, 10.78s/it]Best trial: 246. Best value: 244.315:  56%|█████▋    | 565/1000 [3:30:35<2:23:13, 19.76s/it]                                                                                            Best trial: 246. Best value: 244.315:  56%|█████▋    | 565/1000 [3:31:16<2:23:13, 19.76s/it]Best trial: 246. Best value: 244.315:  56%|█████▋    | 565/1000 [3:31:16<2:23:13, 19.76s/it]Best trial: 246. Best value: 244.315:  57%|█████▋    | 566/1000 [3:31:16<3:08:21, 26.04s/it]                                                                                            Best trial: 246. Best value: 244.315:  57%|█████▋    | 566/1000 [3:31:40<3:08:21, 26.04s/it]Best trial: 246. Best value: 244.315:  57%|█████▋    | 566/1000 [3:31:40<3:08:21, 26.04s/it]Best trial: 246. Best value: 244.315:  57%|█████▋    | 567/1000 [3:31:40<3:04:06, 25.51s/it]                                                                                            Best trial: 246. Best value: 244.315:  57%|█████▋    | 567/1000 [3:32:05<3:04:06, 25.51s/it]Best trial: 246. Best value: 244.315:  57%|█████▋    | 567/1000 [3:32:05<3:04:06, 25.51s/it]Best trial: 246. Best value: 244.315:  57%|█████▋    | 568/1000 [3:32:05<3:01:33, 25.22s/it]                                                                                            Best trial: 246. Best value: 244.315:  57%|█████▋    | 568/1000 [3:32:42<3:01:33, 25.22s/it]Best trial: 246. Best value: 244.315:  57%|█████▋    | 568/1000 [3:32:42<3:01:33, 25.22s/it]Best trial: 246. Best value: 244.315:  57%|█████▋    | 569/1000 [3:32:42<3:26:26, 28.74s/it]                                                                                            Best trial: 246. Best value: 244.315:  57%|█████▋    | 569/1000 [3:32:56<3:26:26, 28.74s/it]Best trial: 246. Best value: 244.315:  57%|█████▋    | 569/1000 [3:32:56<3:26:26, 28.74s/it]Best trial: 246. Best value: 244.315:  57%|█████▋    | 570/1000 [3:32:56<2:54:22, 24.33s/it]                                                                                            Best trial: 246. Best value: 244.315:  57%|█████▋    | 570/1000 [3:33:18<2:54:22, 24.33s/it]Best trial: 246. Best value: 244.315:  57%|█████▋    | 570/1000 [3:33:18<2:54:22, 24.33s/it]Best trial: 246. Best value: 244.315:  57%|█████▋    | 571/1000 [3:33:18<2:49:45, 23.74s/it]                                                                                            [32m[I 2023-05-15 02:55:11,718][0m Trial 542 finished with value: 2362.8325843296707 and parameters: {'c1': 1.5991975258898983, 'c2': 2.6782036205562116, 'eps': 1.7562972531220071, 'horizon': 2, 'discount': 0.8248813688182776}. Best is trial 246 with value: 244.31507276371707.[0m
[32m[I 2023-05-15 02:55:36,436][0m Trial 543 finished with value: 1039.5973322562843 and parameters: {'c1': 2.541113177729987, 'c2': 2.950021201478787, 'eps': 0.3015542882251448, 'horizon': 4, 'discount': 0.8917064790010347}. Best is trial 246 with value: 244.31507276371707.[0m
[32m[I 2023-05-15 02:56:19,144][0m Trial 544 finished with value: 1200.5305240484904 and parameters: {'c1': 0.058866237212738204, 'c2': 2.4666659401901567, 'eps': 0.9092011856945307, 'horizon': 5, 'discount': 0.673893908262329}. Best is trial 246 with value: 244.31507276371707.[0m
[32m[I 2023-05-15 02:56:44,556][0m Trial 545 finished with value: 756.61849852517 and parameters: {'c1': 2.3069305411504066, 'c2': 2.343168737518961, 'eps': 1.863042802080181, 'horizon': 4, 'discount': 0.9287957782497608}. Best is trial 246 with value: 244.31507276371707.[0m
[32m[I 2023-05-15 02:57:10,443][0m Trial 546 finished with value: 1136.0624138071764 and parameters: {'c1': 0.7231681935170522, 'c2': 2.141227909138505, 'eps': 2.9760960372617564, 'horizon': 4, 'discount': 0.990726693488901}. Best is trial 246 with value: 244.31507276371707.[0m
[32m[I 2023-05-15 02:57:36,821][0m Trial 547 finished with value: 770.2039692686898 and parameters: {'c1': 1.4665015878899634, 'c2': 2.7396087405600937, 'eps': 0.9333565835637722, 'horizon': 4, 'discount': 0.9730954099817712}. Best is trial 246 with value: 244.31507276371707.[0m
[32m[I 2023-05-15 02:58:02,368][0m Trial 548 finished with value: 742.2375383579481 and parameters: {'c1': 2.641748117790537, 'c2': 0.4873769968498153, 'eps': 2.261761653881773, 'horizon': 4, 'discount': 0.8272895827335397}. Best is trial 246 with value: 244.31507276371707.[0m
[32m[I 2023-05-15 02:58:16,087][0m Trial 549 finished with value: 1277.1386923863283 and parameters: {'c1': 2.6457366715820276, 'c2': 1.1452243020265058, 'eps': 1.321193732058627, 'horizon': 3, 'discount': 0.829792991263123}. Best is trial 246 with value: 244.31507276371707.[0m
[32m[I 2023-05-15 02:58:57,599][0m Trial 550 finished with value: 936.5949107869326 and parameters: {'c1': 1.0917117889868537, 'c2': 1.7165635195401292, 'eps': 1.8365221429534944, 'horizon': 5, 'discount': 0.8786656555791732}. Best is trial 246 with value: 244.31507276371707.[0m
[32m[I 2023-05-15 02:59:04,995][0m Trial 551 finished with value: 1226.4288543673504 and parameters: {'c1': 1.53730072042776, 'c2': 1.268055690180129, 'eps': 1.0173101833477072, 'horizon': 2, 'discount': 0.7662454414461606}. Best is trial 246 with value: 244.31507276371707.[0m
[32m[I 2023-05-15 02:59:45,639][0m Trial 552 finished with value: 675.9731857717807 and parameters: {'c1': 0.7284380763107144, 'c2': 2.3790472810514673, 'eps': 1.3647946401899724, 'horizon': 5, 'discount': 0.883614102238752}. Best is trial 246 with value: 244.31507276371707.[0m
[32m[I 2023-05-15 02:59:52,962][0m Trial 553 finished with value: 1322.7723556325204 and parameters: {'c1': 1.1118504192278316, 'c2': 1.5132915329207395, 'eps': 0.8167782473223225, 'horizon': 2, 'discount': 0.8634381671629432}. Best is trial 246 with value: 244.31507276371707.[0m
[32m[I 2023-05-15 03:00:32,640][0m Trial 554 finished with value: 536.1542264054264 and parameters: {'c1': 1.2319479382221132, 'c2': 1.3415741943652906, 'eps': 2.6934359539093444, 'horizon': 5, 'discount': 0.6098849418566801}. Best is trial 246 with value: 244.31507276371707.[0m
[32m[I 2023-05-15 03:00:45,970][0m Trial 555 finished with value: 772.1061164272736 and parameters: {'c1': 2.2923413347565704, 'c2': 0.4475520719383046, 'eps': 2.499994136508612, 'horizon': 3, 'discount': 0.8736584800984502}. Best is trial 246 with value: 244.31507276371707.[0m
[32m[I 2023-05-15 03:01:09,075][0m Trial 556 finished with value: 1194.537664154956 and parameters: {'c1': 2.361841845634487, 'c2': 1.019847862327788, 'eps': 0.7803752726310995, 'horizon': 4, 'discount': 0.9904292083036983}. Best is trial 246 with value: 244.31507276371707.[0m
[32m[I 2023-05-15 03:01:32,881][0m Trial 557 finished with value: 1068.9985648411441 and parameters: {'c1': 1.691705558064357, 'c2': 1.3868774093115435, 'eps': 0.9813552558583619, 'horizon': 4, 'discount': 0.8807186577624699}. Best is trial 246 with value: 244.31507276371707.[0m
[32m[I 2023-05-15 03:01:47,475][0m Trial 558 finished with value: 726.88205556292 and parameters: {'c1': 0.533910798572885, 'c2': 2.501975103343474, 'eps': 0.22564208326515875, 'horizon': 3, 'discount': 0.8956628975749489}. Best is trial 246 with value: 244.31507276371707.[0m
[32m[I 2023-05-15 03:02:01,395][0m Trial 559 finished with value: 1015.7448932838048 and parameters: {'c1': 0.6599618151538945, 'c2': 2.2109544644197605, 'eps': 2.767831063787795, 'horizon': 3, 'discount': 0.6991170064669667}. Best is trial 246 with value: 244.31507276371707.[0m
[32m[I 2023-05-15 03:02:16,338][0m Trial 560 finished with value: 944.2057102170659 and parameters: {'c1': 2.5399644524479337, 'c2': 2.894291556862871, 'eps': 0.34261956623121603, 'horizon': 3, 'discount': 0.9128759272935746}. Best is trial 246 with value: 244.31507276371707.[0m
[32m[I 2023-05-15 03:02:23,552][0m Trial 561 finished with value: 958.00823040977 and parameters: {'c1': 1.7395544857228407, 'c2': 0.7046253303587962, 'eps': 2.671734383448395, 'horizon': 2, 'discount': 0.8099622874151986}. Best is trial 246 with value: 244.31507276371707.[0m
[32m[I 2023-05-15 03:02:30,955][0m Trial 562 finished with value: 1668.2605788740518 and parameters: {'c1': 2.534372793822521, 'c2': 1.3727213277398524, 'eps': 2.3683324479668753, 'horizon': 2, 'discount': 0.95691163465829}. Best is trial 246 with value: 244.31507276371707.[0m
[32m[I 2023-05-15 03:02:38,149][0m Trial 563 finished with value: 872.9636254149032 and parameters: {'c1': 1.9307303155740176, 'c2': 1.394706364244343, 'eps': 0.8318258027438881, 'horizon': 2, 'discount': 0.8805102888067007}. Best is trial 246 with value: 244.31507276371707.[0m
[32m[I 2023-05-15 03:03:18,854][0m Trial 564 finished with value: 812.6911864161523 and parameters: {'c1': 2.244860615526432, 'c2': 2.39677480922453, 'eps': 1.7424250891211777, 'horizon': 5, 'discount': 0.8160942213471717}. Best is trial 246 with value: 244.31507276371707.[0m
[32m[I 2023-05-15 03:03:59,554][0m Trial 565 finished with value: 1369.704977392244 and parameters: {'c1': 1.4402508326698404, 'c2': 1.9346774318261684, 'eps': 1.2773134632563772, 'horizon': 5, 'discount': 0.7840625839888443}. Best is trial 246 with value: 244.31507276371707.[0m
[32m[I 2023-05-15 03:04:23,834][0m Trial 566 finished with value: 1213.4470821457946 and parameters: {'c1': 1.5955384006806206, 'c2': 1.596286106347609, 'eps': 2.3719901637480563, 'horizon': 4, 'discount': 0.6046423302527345}. Best is trial 246 with value: 244.31507276371707.[0m
[32m[I 2023-05-15 03:04:48,364][0m Trial 567 finished with value: 707.2150391420149 and parameters: {'c1': 0.16061155353862644, 'c2': 2.0566750017454534, 'eps': 0.9528570690218839, 'horizon': 4, 'discount': 0.9351929696434353}. Best is trial 246 with value: 244.31507276371707.[0m
[32m[I 2023-05-15 03:05:25,324][0m Trial 568 finished with value: 977.8261941785795 and parameters: {'c1': 0.2469597953381094, 'c2': 2.0607421587925847, 'eps': 0.267601735745134, 'horizon': 5, 'discount': 0.8863063077744748}. Best is trial 246 with value: 244.31507276371707.[0m
[32m[I 2023-05-15 03:05:39,371][0m Trial 569 finished with value: 1062.917625829259 and parameters: {'c1': 2.959238601644703, 'c2': 0.6238622815824463, 'eps': 0.24950217147459924, 'horizon': 3, 'discount': 0.8087684737047156}. Best is trial 246 with value: 244.31507276371707.[0m
[32m[I 2023-05-15 03:06:01,735][0m Trial 570 finished with value: 607.5868652410442 and parameters: {'c1': 0.42413650607543985, 'c2': 0.2757180729416965, 'eps': 2.6465718645532674, 'horizon': 4, 'discount': 0.8677632593322497}. Best is trial 246 with value: 244.31507276371707.[0m
